#
# A fatal error has been detected by the Java Runtime Environment:
#
#  SIGSEGV (0xb) at pc=0x00007f72e444ac5c, pid=7319, tid=7574
#
# JRE version: OpenJDK Runtime Environment (11.0.8+10) (build 11.0.8+10-post-Ubuntu-0ubuntu118.04.1)
# Java VM: OpenJDK 64-Bit Server VM (11.0.8+10-post-Ubuntu-0ubuntu118.04.1, mixed mode, sharing, tiered, compressed oops, g1 gc, linux-amd64)
# Problematic frame:
# J 1029 c2 cs451.layers.TransportLayer.receive(Lcs451/utils/Packet;)V (69 bytes) @ 0x00007f72e444ac5c [0x00007f72e4448240+0x0000000000002a1c]
#
# Core dump will be written. Default location: Core dumps may be processed with "/usr/share/apport/apport %p %s %c %d %P %E" (or dumping to /home/dcl/Documents/project/CS451-2020-project/core.7319)
#
# If you would like to submit a bug report, please visit:
#   https://bugs.launchpad.net/ubuntu/+source/openjdk-lts
#

---------------  S U M M A R Y ------------

Command Line: /home/dcl/Documents/project/CS451-2020-project/template_java/bin/da_proc.jar --id 1 --hosts /tmp/tmpnvz9rz_8 --barrier localhost:10000 --signal localhost:11000 --output /home/dcl/Documents/project/CS451-2020-project/template_java/outputs/proc01.output /tmp/tmpgnxgetfv

Host: Intel(R) Core(TM) i7-9750H CPU @ 2.60GHz, 6 cores, 3G, Ubuntu 18.04.5 LTS
Time: Thu Nov 12 19:10:06 2020 CET elapsed time: 42 seconds (0d 0h 0m 42s)

---------------  T H R E A D  ---------------

Current thread (0x00007f72f425b000):  JavaThread "CUSTOM_handler_receiver_thread" [_thread_in_Java, id=7574, stack(0x00007f72cd2ce000,0x00007f72cd3cf000)]

Stack: [0x00007f72cd2ce000,0x00007f72cd3cf000],  sp=0x00007f72cd3cd7d0,  free space=1021k
Native frames: (J=compiled Java code, A=aot compiled Java code, j=interpreted, Vv=VM code, C=native code)
J 1029 c2 cs451.layers.TransportLayer.receive(Lcs451/utils/Packet;)V (69 bytes) @ 0x00007f72e444ac5c [0x00007f72e4448240+0x0000000000002a1c]
j  cs451.layers.GroundLayer.handleReceivedPacketThreadFunction()V+28
j  cs451.layers.GroundLayer.lambda$start$1()V+0
j  cs451.layers.GroundLayer$$Lambda$28.run()V+0
j  java.lang.Thread.run()V+11 java.base@11.0.8
v  ~StubRoutines::call_stub
V  [libjvm.so+0x84eb09]
V  [libjvm.so+0x84cc4d]
V  [libjvm.so+0x8f6c9c]
V  [libjvm.so+0xd8996f]
V  [libjvm.so+0xd860bf]
V  [libjvm.so+0xbd632e]


siginfo: si_signo: 11 (SIGSEGV), si_code: 1 (SEGV_MAPERR), si_addr: 0x000000000000000c

Register to memory mapping:

RAX=0x0000000000000001 is an unknown value
RBX=0x00000000c58875c0 points into unknown readable memory: 25 00 00 00 00 00 00 00
RCX=0x00000000c4000000 points into unknown readable memory: 01 00 00 00 00 00 00 00
RDX=0x00000000c6f603e8 points into unknown readable memory: 05 00 00 00 00 00 00 00
RSP=0x00007f72cd3cd7d0 is pointing into the stack for thread: 0x00007f72f425b000
RBP=0x0 is NULL
RSI=0x0000000059c3e5d7 is an unknown value
RDI=0x0000000000200000 is an unknown value
R8 =0x0000000000000558 is an unknown value
R9 =0x0 is NULL
R10=0x00000000c58875c0 points into unknown readable memory: 25 00 00 00 00 00 00 00
R11=0x0 is NULL
R12=0x0 is NULL
R13=0x0000000000002b02 is an unknown value
R14=0x00000000c5887568 is an oop: cs451.utils.Packet 
{0x00000000c5887568} - klass: 'cs451/utils/Packet'
R15=0x00007f72f425b000 is a thread


Registers:
RAX=0x0000000000000001, RBX=0x00000000c58875c0, RCX=0x00000000c4000000, RDX=0x00000000c6f603e8
RSP=0x00007f72cd3cd7d0, RBP=0x0000000000000000, RSI=0x0000000059c3e5d7, RDI=0x0000000000200000
R8 =0x0000000000000558, R9 =0x0000000000000000, R10=0x00000000c58875c0, R11=0x0000000000000000
R12=0x0000000000000000, R13=0x0000000000002b02, R14=0x00000000c5887568, R15=0x00007f72f425b000
RIP=0x00007f72e444ac5c, EFLAGS=0x0000000000010246, CSGSFS=0x002b000000000033, ERR=0x0000000000000004
  TRAPNO=0x000000000000000e

Top of Stack: (sp=0x00007f72cd3cd7d0)
0x00007f72cd3cd7d0:   00000000c4e74d90 0000000000000007
0x00007f72cd3cd7e0:   0000000000000003 00000000c6f60370
0x00007f72cd3cd7f0:   59c3bc14c4e74dc0 00000000c4e74dc0
0x00007f72cd3cd800:   c4e74fe8c4e74ce0 00000000c6e02908 

Instructions: (pc=0x00007f72e444ac5c)
0x00007f72e444ab5c:   0b 12 43 0f b6 74 0b 11 03 ce 8b f1 c1 e6 05 2b
0x00007f72e444ab6c:   f1 03 f0 44 8b ce 41 c1 e1 05 44 2b ce 45 03 cd
0x00007f72e444ab7c:   41 8b f1 c1 e6 05 41 2b f1 83 c3 04 3b da 7c b4
0x00007f72e444ab8c:   4d 8b b7 08 01 00 00 41 85 06 3b df 7c 86 3b dd
0x00007f72e444ab9c:   7d 31 41 0f b6 4c 1b 10 45 8b d1 41 c1 e2 05 45
0x00007f72e444abac:   2b d1 44 03 d1 ff c3 3b dd 7d 05 45 8b ca eb e2
0x00007f72e444abbc:   66 41 0f 7e e3 45 89 53 10 66 48 0f 7e c3 e9 04
0x00007f72e444abcc:   e7 ff ff 45 8b d1 eb e8 4c 8b df 41 ba 01 00 00
0x00007f72e444abdc:   00 e9 77 ef ff ff 4c 8b cf bb 01 00 00 00 e9 ce
0x00007f72e444abec:   de ff ff 8b e9 ff cd 41 3b ed 0f 83 a6 2a 00 00
0x00007f72e444abfc:   41 c6 44 08 0f 2d 8b cd e9 4c e0 ff ff 44 8b 55
0x00007f72e444ac0c:   08 41 81 fa 91 16 01 08 0f 85 3e 35 00 00 4c 8b
0x00007f72e444ac1c:   d5 4d 8b f2 4d 8b 52 10 4d 3b c2 0f 85 c7 2d 00
0x00007f72e444ac2c:   00 4d 8b d6 45 8b 52 1c 41 8b da 41 3b d2 0f 84
0x00007f72e444ac3c:   02 01 00 00 41 0f be 6a 14 44 3b cd 0f 85 06 31
0x00007f72e444ac4c:   00 00 45 85 c9 0f 85 21 31 00 00 66 45 0f 7e d3
0x00007f72e444ac5c:   41 8b 4b 0c 45 8b 5a 0c 45 8b 53 0c 41 3b ca 0f
0x00007f72e444ac6c:   85 ab 2d 00 00 4d 8b d3 49 8d 73 10 66 45 0f 7e
0x00007f72e444ac7c:   d2 66 45 0f 7e d3 49 8d 7b 10 85 c9 0f 84 a3 00
0x00007f72e444ac8c:   00 00 8b c1 83 e0 0f 83 e1 f0 0f 84 4b 00 00 00
0x00007f72e444ac9c:   48 8d 3c 0f 48 8d 34 0e 48 f7 d9 f3 0f 6f 0c 0f
0x00007f72e444acac:   f3 0f 6f 14 0e 66 0f ef ca 66 0f 38 17 c9 0f 85
0x00007f72e444acbc:   78 00 00 00 48 83 c1 10 75 e1 85 c0 0f 84 63 00
0x00007f72e444accc:   00 00 f3 0f 6f 4c 07 f0 f3 0f 6f 54 06 f0 66 0f
0x00007f72e444acdc:   ef ca 66 0f 38 17 c9 75 53 eb 4a 8b c8 83 e1 fc
0x00007f72e444acec:   74 19 48 8d 3c 0f 48 8d 34 0e 48 f7 d9 8b 1c 0f
0x00007f72e444acfc:   3b 1c 0e 75 37 48 83 c1 04 75 f2 a9 02 00 00 00
0x00007f72e444ad0c:   74 12 0f b7 1f 0f b7 0e 3b d9 75 20 48 8d 7f 02
0x00007f72e444ad1c:   48 8d 76 02 a9 01 00 00 00 74 0a 0f b6 1f 0f b6
0x00007f72e444ad2c:   0e 3b d9 75 07 b8 01 00 00 00 eb 02 33 c0 85 c0
0x00007f72e444ad3c:   0f 84 dc 2c 00 00 4d 8b d6 41 8b 6a 0c 45 8b d5
0x00007f72e444ad4c:   44 3b d5 0f 84 ad d7 ff ff be 4d ff ff ff 4c 8b 


Stack slot to memory mapping:
stack at sp + 0 slots: 0x00000000c4e74d90 is an oop: cs451.layers.TransportLayer 
{0x00000000c4e74d90} - klass: 'cs451/layers/TransportLayer'
stack at sp + 1 slots: 0x0000000000000007 is an unknown value
stack at sp + 2 slots: 0x0000000000000003 is an unknown value
stack at sp + 3 slots: 0x00000000c6f60370 is an oop: cs451.utils.Packet 
{0x00000000c6f60370} - klass: 'cs451/utils/Packet'
stack at sp + 4 slots: 0x59c3bc14c4e74dc0 is an unknown value
stack at sp + 5 slots: 0x00000000c4e74dc0 points into unknown readable memory: 15 b0 25 f4 72 7f 00 00
stack at sp + 6 slots: 0xc4e74fe8c4e74ce0 is an unknown value
stack at sp + 7 slots: 0x00000000c6e02908 is an oop: cs451.utils.Message 
{0x00000000c6e02908} - klass: 'cs451/utils/Message'



---------------  P R O C E S S  ---------------

Threads class SMR info:
_java_thread_list=0x00007f7260023670, length=17, elements={
0x00007f72f4016800, 0x00007f72f412a800, 0x00007f72f412c800, 0x00007f72f4134000,
0x00007f72f4136000, 0x00007f72f4138000, 0x00007f72f413a000, 0x00007f72f4174800,
0x00007f72f417a000, 0x00007f72f4231800, 0x00007f72f4243800, 0x00007f72f424c000,
0x00007f72f424d800, 0x00007f72f4251000, 0x00007f72f4252000, 0x00007f72f4259000,
0x00007f72f425b000
}

Java Threads: ( => current thread )
  0x00007f72f4016800 JavaThread "CUSTOM_main_sender_thread" [_thread_blocked, id=7322, stack(0x00007f72fc3b5000,0x00007f72fc4b6000)]
  0x00007f72f412a800 JavaThread "Reference Handler" daemon [_thread_blocked, id=7403, stack(0x00007f72d4d1f000,0x00007f72d4e20000)]
  0x00007f72f412c800 JavaThread "Finalizer" daemon [_thread_blocked, id=7418, stack(0x00007f72d4c1e000,0x00007f72d4d1f000)]
  0x00007f72f4134000 JavaThread "Signal Dispatcher" daemon [_thread_blocked, id=7438, stack(0x00007f72d47ed000,0x00007f72d48ee000)]
  0x00007f72f4136000 JavaThread "C2 CompilerThread0" daemon [_thread_blocked, id=7450, stack(0x00007f72d46ec000,0x00007f72d47ed000)]
  0x00007f72f4138000 JavaThread "C1 CompilerThread0" daemon [_thread_blocked, id=7457, stack(0x00007f72d45eb000,0x00007f72d46ec000)]
  0x00007f72f413a000 JavaThread "Sweeper thread" daemon [_thread_blocked, id=7461, stack(0x00007f72d44ea000,0x00007f72d45eb000)]
  0x00007f72f4174800 JavaThread "Service Thread" daemon [_thread_blocked, id=7486, stack(0x00007f72d43e9000,0x00007f72d44ea000)]
  0x00007f72f417a000 JavaThread "Common-Cleaner" daemon [_thread_blocked, id=7488, stack(0x00007f72d41e6000,0x00007f72d42e7000)]
  0x00007f72f4231800 JavaThread "CUSTOM_gc_process_timer" [_thread_blocked, id=7537, stack(0x00007f72d40e5000,0x00007f72d41e6000)]
  0x00007f72f4243800 JavaThread "Timer-1" [_thread_blocked, id=7549, stack(0x00007f72cd8d4000,0x00007f72cd9d5000)]
  0x00007f72f424c000 JavaThread "Timer-2" [_thread_blocked, id=7556, stack(0x00007f72cd7d3000,0x00007f72cd8d4000)]
  0x00007f72f424d800 JavaThread "CUSTOM_ping_sender_timer" [_thread_blocked, id=7558, stack(0x00007f72cd6d2000,0x00007f72cd7d3000)]
  0x00007f72f4251000 JavaThread "CUSTOM_resending_transport_14_timer" [_thread_in_native, id=7564, stack(0x00007f72cd5d1000,0x00007f72cd6d2000)]
  0x00007f72f4252000 JavaThread "CUSTOM__sender_thread" [_thread_blocked, id=7567, stack(0x00007f72cd4d0000,0x00007f72cd5d1000)]
  0x00007f72f4259000 JavaThread "CUSTOM_udp_receiver_thread" [_thread_in_native, id=7573, stack(0x00007f72cd3cf000,0x00007f72cd4d0000)]
=>0x00007f72f425b000 JavaThread "CUSTOM_handler_receiver_thread" [_thread_in_Java, id=7574, stack(0x00007f72cd2ce000,0x00007f72cd3cf000)]

Other Threads:
  0x00007f72f4127800 VMThread "VM Thread" [stack: 0x00007f72d4e22000,0x00007f72d4f22000] [id=7381]
  0x00007f72f4177000 WatcherThread [stack: 0x00007f72d42e9000,0x00007f72d43e9000] [id=7487]
  0x00007f72f402f000 GCTaskThread "GC Thread#0" [stack: 0x00007f72f8393000,0x00007f72f8493000] [id=7341]
  0x00007f72c0029000 GCTaskThread "GC Thread#1" [stack: 0x00007f72cd1ce000,0x00007f72cd2ce000] [id=7623]
  0x00007f72c002a800 GCTaskThread "GC Thread#2" [stack: 0x00007f72cd0cc000,0x00007f72cd1cc000] [id=7628]
  0x00007f72c002c000 GCTaskThread "GC Thread#3" [stack: 0x00007f72ccfca000,0x00007f72cd0ca000] [id=7633]
  0x00007f72c002e000 GCTaskThread "GC Thread#4" [stack: 0x00007f72ccec8000,0x00007f72ccfc8000] [id=7636]
  0x00007f72c002f800 GCTaskThread "GC Thread#5" [stack: 0x00007f72ccdc6000,0x00007f72ccec6000] [id=7637]
  0x00007f72f404a800 ConcurrentGCThread "G1 Main Marker" [stack: 0x00007f72d6030000,0x00007f72d6130000] [id=7345]
  0x00007f72f404c800 ConcurrentGCThread "G1 Conc#0" [stack: 0x00007f72d5f2e000,0x00007f72d602e000] [id=7350]
  0x00007f72d0001000 ConcurrentGCThread "G1 Conc#1" [stack: 0x00007f72cccc4000,0x00007f72ccdc4000] [id=7642]
  0x00007f72f4098000 ConcurrentGCThread "G1 Refine#0" [stack: 0x00007f72d5826000,0x00007f72d5926000] [id=7355]
  0x00007f72f409a000 ConcurrentGCThread "G1 Young RemSet Sampling" [stack: 0x00007f72d5724000,0x00007f72d5824000] [id=7364]

Threads with active compile tasks:

VM state:not at safepoint (normal execution)

VM Mutex/Monitor currently owned by a thread: None

Heap address: 0x00000000c2600000, size: 986 MB, Compressed Oops mode: 32-bit
Narrow klass base: 0x0000000800000000, Narrow klass shift: 3
Compressed class space size: 1073741824 Address: 0x0000000840000000

Heap:
 garbage-first heap   total 90112K, used 70040K [0x00000000c2600000, 0x0000000100000000)
  region size 1024K, 18 young (18432K), 2 survivors (2048K)
 Metaspace       used 2890K, capacity 5551K, committed 5632K, reserved 1056768K
  class space    used 349K, capacity 711K, committed 768K, reserved 1048576K
Heap Regions: E=young(eden), S=young(survivor), O=old, HS=humongous(starts), HC=humongous(continues), CS=collection set, F=free, A=archive, TAMS=top-at-mark-start (previous, next)
|   0|0x00000000c2600000, 0x00000000c2700000, 0x00000000c2700000|100%|HS|  |TAMS 0x00000000c2700000, 0x00000000c2600000| Complete 
|   1|0x00000000c2700000, 0x00000000c2800000, 0x00000000c2800000|100%|HC|  |TAMS 0x00000000c2800000, 0x00000000c2700000| Complete 
|   2|0x00000000c2800000, 0x00000000c2900000, 0x00000000c2900000|100%|HC|  |TAMS 0x00000000c2900000, 0x00000000c2800000| Complete 
|   3|0x00000000c2900000, 0x00000000c2a00000, 0x00000000c2a00000|100%|HC|  |TAMS 0x00000000c2a00000, 0x00000000c2900000| Complete 
|   4|0x00000000c2a00000, 0x00000000c2b00000, 0x00000000c2b00000|100%|HC|  |TAMS 0x00000000c2b00000, 0x00000000c2a00000| Complete 
|   5|0x00000000c2b00000, 0x00000000c2c00000, 0x00000000c2c00000|100%|HC|  |TAMS 0x00000000c2c00000, 0x00000000c2b00000| Complete 
|   6|0x00000000c2c00000, 0x00000000c2d00000, 0x00000000c2d00000|100%|HC|  |TAMS 0x00000000c2d00000, 0x00000000c2c00000| Complete 
|   7|0x00000000c2d00000, 0x00000000c2e00000, 0x00000000c2e00000|100%|HC|  |TAMS 0x00000000c2e00000, 0x00000000c2d00000| Complete 
|   8|0x00000000c2e00000, 0x00000000c2f00000, 0x00000000c2f00000|100%|HS|  |TAMS 0x00000000c2f00000, 0x00000000c2e00000| Complete 
|   9|0x00000000c2f00000, 0x00000000c3000000, 0x00000000c3000000|100%|HC|  |TAMS 0x00000000c3000000, 0x00000000c2f00000| Complete 
|  10|0x00000000c3000000, 0x00000000c3100000, 0x00000000c3100000|100%|HC|  |TAMS 0x00000000c3100000, 0x00000000c3000000| Complete 
|  11|0x00000000c3100000, 0x00000000c3200000, 0x00000000c3200000|100%|HC|  |TAMS 0x00000000c3200000, 0x00000000c3100000| Complete 
|  12|0x00000000c3200000, 0x00000000c3300000, 0x00000000c3300000|100%|HC|  |TAMS 0x00000000c3300000, 0x00000000c3200000| Complete 
|  13|0x00000000c3300000, 0x00000000c3400000, 0x00000000c3400000|100%|HC|  |TAMS 0x00000000c3400000, 0x00000000c3300000| Complete 
|  14|0x00000000c3400000, 0x00000000c3500000, 0x00000000c3500000|100%|HC|  |TAMS 0x00000000c3500000, 0x00000000c3400000| Complete 
|  15|0x00000000c3500000, 0x00000000c3600000, 0x00000000c3600000|100%|HC|  |TAMS 0x00000000c3600000, 0x00000000c3500000| Complete 
|  16|0x00000000c3600000, 0x00000000c3700000, 0x00000000c3700000|100%|HC|  |TAMS 0x00000000c3700000, 0x00000000c3600000| Complete 
|  17|0x00000000c3700000, 0x00000000c3800000, 0x00000000c3800000|100%|HS|  |TAMS 0x00000000c3800000, 0x00000000c3700000| Complete 
|  18|0x00000000c3800000, 0x00000000c3900000, 0x00000000c3900000|100%|HC|  |TAMS 0x00000000c3900000, 0x00000000c3800000| Complete 
|  19|0x00000000c3900000, 0x00000000c3a00000, 0x00000000c3a00000|100%|HC|  |TAMS 0x00000000c3a00000, 0x00000000c3900000| Complete 
|  20|0x00000000c3a00000, 0x00000000c3b00000, 0x00000000c3b00000|100%|HC|  |TAMS 0x00000000c3b00000, 0x00000000c3a00000| Complete 
|  21|0x00000000c3b00000, 0x00000000c3c00000, 0x00000000c3c00000|100%|HC|  |TAMS 0x00000000c3c00000, 0x00000000c3b00000| Complete 
|  22|0x00000000c3c00000, 0x00000000c3d00000, 0x00000000c3d00000|100%|HC|  |TAMS 0x00000000c3d00000, 0x00000000c3c00000| Complete 
|  23|0x00000000c3d00000, 0x00000000c3e00000, 0x00000000c3e00000|100%|HC|  |TAMS 0x00000000c3e00000, 0x00000000c3d00000| Complete 
|  24|0x00000000c3e00000, 0x00000000c3f00000, 0x00000000c3f00000|100%|HC|  |TAMS 0x00000000c3f00000, 0x00000000c3e00000| Complete 
|  25|0x00000000c3f00000, 0x00000000c4000000, 0x00000000c4000000|100%|HC|  |TAMS 0x00000000c4000000, 0x00000000c3f00000| Complete 
|  26|0x00000000c4000000, 0x00000000c4100000, 0x00000000c4100000|100%|HS|  |TAMS 0x00000000c4100000, 0x00000000c4000000| Complete 
|  27|0x00000000c4100000, 0x00000000c4200000, 0x00000000c4200000|100%|HC|  |TAMS 0x00000000c4200000, 0x00000000c4100000| Complete 
|  28|0x00000000c4200000, 0x00000000c4300000, 0x00000000c4300000|100%|HC|  |TAMS 0x00000000c4300000, 0x00000000c4200000| Complete 
|  29|0x00000000c4300000, 0x00000000c4400000, 0x00000000c4400000|100%|HC|  |TAMS 0x00000000c4400000, 0x00000000c4300000| Complete 
|  30|0x00000000c4400000, 0x00000000c4500000, 0x00000000c4500000|100%|HC|  |TAMS 0x00000000c4500000, 0x00000000c4400000| Complete 
|  31|0x00000000c4500000, 0x00000000c4600000, 0x00000000c4600000|100%|HC|  |TAMS 0x00000000c4600000, 0x00000000c4500000| Complete 
|  32|0x00000000c4600000, 0x00000000c4700000, 0x00000000c4700000|100%|HC|  |TAMS 0x00000000c4700000, 0x00000000c4600000| Complete 
|  33|0x00000000c4700000, 0x00000000c4800000, 0x00000000c4800000|100%|HC|  |TAMS 0x00000000c4800000, 0x00000000c4700000| Complete 
|  34|0x00000000c4800000, 0x00000000c4900000, 0x00000000c4900000|100%|HC|  |TAMS 0x00000000c4900000, 0x00000000c4800000| Complete 
|  35|0x00000000c4900000, 0x00000000c4a00000, 0x00000000c4a00000|100%|HS|  |TAMS 0x00000000c4a00000, 0x00000000c4900000| Complete 
|  36|0x00000000c4a00000, 0x00000000c4b00000, 0x00000000c4b00000|100%|HC|  |TAMS 0x00000000c4b00000, 0x00000000c4a00000| Complete 
|  37|0x00000000c4b00000, 0x00000000c4c00000, 0x00000000c4c00000|100%|HC|  |TAMS 0x00000000c4c00000, 0x00000000c4b00000| Complete 
|  38|0x00000000c4c00000, 0x00000000c4d00000, 0x00000000c4d00000|100%|HC|  |TAMS 0x00000000c4d00000, 0x00000000c4c00000| Complete 
|  39|0x00000000c4d00000, 0x00000000c4e00000, 0x00000000c4e00000|100%|HC|  |TAMS 0x00000000c4e00000, 0x00000000c4d00000| Complete 
|  40|0x00000000c4e00000, 0x00000000c4f00000, 0x00000000c4f00000|100%| O|  |TAMS 0x00000000c4f00000, 0x00000000c4e00000| Untracked 
|  41|0x00000000c4f00000, 0x00000000c5000000, 0x00000000c5000000|100%| O|  |TAMS 0x00000000c5000000, 0x00000000c4f00000| Untracked 
|  42|0x00000000c5000000, 0x00000000c5100000, 0x00000000c5100000|100%| O|  |TAMS 0x00000000c5100000, 0x00000000c5000000| Untracked 
|  43|0x00000000c5100000, 0x00000000c5200000, 0x00000000c5200000|100%| O|  |TAMS 0x00000000c5200000, 0x00000000c5100000| Untracked 
|  44|0x00000000c5200000, 0x00000000c5300000, 0x00000000c5300000|100%| O|  |TAMS 0x00000000c5300000, 0x00000000c5200000| Untracked 
|  45|0x00000000c5300000, 0x00000000c5400000, 0x00000000c5400000|100%| O|  |TAMS 0x00000000c5400000, 0x00000000c5300000| Untracked 
|  46|0x00000000c5400000, 0x00000000c5500000, 0x00000000c5500000|100%| O|  |TAMS 0x00000000c5500000, 0x00000000c5400000| Untracked 
|  47|0x00000000c5500000, 0x00000000c5600000, 0x00000000c5600000|100%| O|  |TAMS 0x00000000c5600000, 0x00000000c5500000| Untracked 
|  48|0x00000000c5600000, 0x00000000c5700000, 0x00000000c5700000|100%| O|  |TAMS 0x00000000c5700000, 0x00000000c5600000| Untracked 
|  49|0x00000000c5700000, 0x00000000c5800000, 0x00000000c5800000|100%| O|  |TAMS 0x00000000c5800000, 0x00000000c5700000| Untracked 
|  50|0x00000000c5800000, 0x00000000c5900000, 0x00000000c5900000|100%| O|  |TAMS 0x00000000c58d8c00, 0x00000000c5800000| Untracked 
|  51|0x00000000c5900000, 0x00000000c5967600, 0x00000000c5a00000| 40%| O|  |TAMS 0x00000000c5900000, 0x00000000c5900000| Untracked 
|  52|0x00000000c5a00000, 0x00000000c5a00000, 0x00000000c5b00000|  0%| F|  |TAMS 0x00000000c5a00000, 0x00000000c5a00000| Untracked 
|  53|0x00000000c5b00000, 0x00000000c5b00000, 0x00000000c5c00000|  0%| F|  |TAMS 0x00000000c5b00000, 0x00000000c5b00000| Untracked 
|  54|0x00000000c5c00000, 0x00000000c5c00000, 0x00000000c5d00000|  0%| F|  |TAMS 0x00000000c5c00000, 0x00000000c5c00000| Untracked 
|  55|0x00000000c5d00000, 0x00000000c5d00000, 0x00000000c5e00000|  0%| F|  |TAMS 0x00000000c5d00000, 0x00000000c5d00000| Untracked 
|  56|0x00000000c5e00000, 0x00000000c5e00000, 0x00000000c5f00000|  0%| F|  |TAMS 0x00000000c5e00000, 0x00000000c5e00000| Untracked 
|  57|0x00000000c5f00000, 0x00000000c5f00000, 0x00000000c6000000|  0%| F|  |TAMS 0x00000000c5f00000, 0x00000000c5f00000| Untracked 
|  58|0x00000000c6000000, 0x00000000c6000000, 0x00000000c6100000|  0%| F|  |TAMS 0x00000000c6000000, 0x00000000c6000000| Untracked 
|  59|0x00000000c6100000, 0x00000000c6100000, 0x00000000c6200000|  0%| F|  |TAMS 0x00000000c6100000, 0x00000000c6100000| Untracked 
|  60|0x00000000c6200000, 0x00000000c6200000, 0x00000000c6300000|  0%| F|  |TAMS 0x00000000c6200000, 0x00000000c6200000| Untracked 
|  61|0x00000000c6300000, 0x00000000c6300000, 0x00000000c6400000|  0%| F|  |TAMS 0x00000000c6300000, 0x00000000c6300000| Untracked 
|  62|0x00000000c6400000, 0x00000000c6400000, 0x00000000c6500000|  0%| F|  |TAMS 0x00000000c6400000, 0x00000000c6400000| Untracked 
|  63|0x00000000c6500000, 0x00000000c6500000, 0x00000000c6600000|  0%| F|  |TAMS 0x00000000c6500000, 0x00000000c6500000| Untracked 
|  64|0x00000000c6600000, 0x00000000c66fea80, 0x00000000c6700000| 99%| S|CS|TAMS 0x00000000c6600000, 0x00000000c6600000| Complete 
|  65|0x00000000c6700000, 0x00000000c6700000, 0x00000000c6800000|  0%| F|  |TAMS 0x00000000c6700000, 0x00000000c6700000| Untracked 
|  66|0x00000000c6800000, 0x00000000c6800000, 0x00000000c6900000|  0%| F|  |TAMS 0x00000000c6800000, 0x00000000c6800000| Untracked 
|  67|0x00000000c6900000, 0x00000000c6a00000, 0x00000000c6a00000|100%| S|CS|TAMS 0x00000000c6900000, 0x00000000c6900000| Complete 
|  68|0x00000000c6a00000, 0x00000000c6a00000, 0x00000000c6b00000|  0%| F|  |TAMS 0x00000000c6a00000, 0x00000000c6a00000| Untracked 
|  69|0x00000000c6b00000, 0x00000000c6b00000, 0x00000000c6c00000|  0%| F|  |TAMS 0x00000000c6b00000, 0x00000000c6b00000| Untracked 
|  70|0x00000000c6c00000, 0x00000000c6c00000, 0x00000000c6d00000|  0%| F|  |TAMS 0x00000000c6c00000, 0x00000000c6c00000| Untracked 
|  71|0x00000000c6d00000, 0x00000000c6d00000, 0x00000000c6e00000|  0%| F|  |TAMS 0x00000000c6d00000, 0x00000000c6d00000| Untracked 
|  72|0x00000000c6e00000, 0x00000000c6e6a600, 0x00000000c6f00000| 41%| E|  |TAMS 0x00000000c6e00000, 0x00000000c6e00000| Complete 
|  73|0x00000000c6f00000, 0x00000000c7000000, 0x00000000c7000000|100%| E|CS|TAMS 0x00000000c6f00000, 0x00000000c6f00000| Complete 
|  74|0x00000000c7000000, 0x00000000c7100000, 0x00000000c7100000|100%| E|CS|TAMS 0x00000000c7000000, 0x00000000c7000000| Complete 
|  75|0x00000000c7100000, 0x00000000c7200000, 0x00000000c7200000|100%| E|CS|TAMS 0x00000000c7100000, 0x00000000c7100000| Complete 
|  76|0x00000000c7200000, 0x00000000c7300000, 0x00000000c7300000|100%| E|CS|TAMS 0x00000000c7200000, 0x00000000c7200000| Complete 
|  77|0x00000000c7300000, 0x00000000c7400000, 0x00000000c7400000|100%| E|CS|TAMS 0x00000000c7300000, 0x00000000c7300000| Complete 
|  78|0x00000000c7400000, 0x00000000c7500000, 0x00000000c7500000|100%| E|CS|TAMS 0x00000000c7400000, 0x00000000c7400000| Complete 
|  79|0x00000000c7500000, 0x00000000c7600000, 0x00000000c7600000|100%| E|CS|TAMS 0x00000000c7500000, 0x00000000c7500000| Complete 
|  80|0x00000000c7600000, 0x00000000c7700000, 0x00000000c7700000|100%| E|CS|TAMS 0x00000000c7600000, 0x00000000c7600000| Complete 
|  81|0x00000000c7700000, 0x00000000c7800000, 0x00000000c7800000|100%| E|CS|TAMS 0x00000000c7700000, 0x00000000c7700000| Complete 
|  82|0x00000000c7800000, 0x00000000c7900000, 0x00000000c7900000|100%| E|CS|TAMS 0x00000000c7800000, 0x00000000c7800000| Complete 
|  83|0x00000000c7900000, 0x00000000c7a00000, 0x00000000c7a00000|100%| E|CS|TAMS 0x00000000c7900000, 0x00000000c7900000| Complete 
|  84|0x00000000c7a00000, 0x00000000c7b00000, 0x00000000c7b00000|100%| E|CS|TAMS 0x00000000c7a00000, 0x00000000c7a00000| Complete 
|  85|0x00000000c7b00000, 0x00000000c7c00000, 0x00000000c7c00000|100%| E|CS|TAMS 0x00000000c7b00000, 0x00000000c7b00000| Complete 
|  86|0x00000000c7c00000, 0x00000000c7d00000, 0x00000000c7d00000|100%| E|CS|TAMS 0x00000000c7c00000, 0x00000000c7c00000| Complete 
|  87|0x00000000c7d00000, 0x00000000c7e00000, 0x00000000c7e00000|100%| E|CS|TAMS 0x00000000c7d00000, 0x00000000c7d00000| Complete 

Card table byte_map: [0x00007f72dc225000,0x00007f72dc412000] _byte_map_base: 0x00007f72dbc12000

Marking Bits (Prev, Next): (CMBitMap*) 0x00007f72f4045ad8, (CMBitMap*) 0x00007f72f4045b10
 Prev Bits: [0x00007f72d7098000, 0x00007f72d8000000)
 Next Bits: [0x00007f72d6130000, 0x00007f72d7098000)

Polling page: 0x00007f72fc4ca000

Metaspace:

Usage:
  Non-class:      4.73 MB capacity,     2.48 MB ( 53%) used,     2.21 MB ( 47%) free+waste,    32.88 KB ( <1%) overhead. 
      Class:    711.00 KB capacity,   349.17 KB ( 49%) used,   343.58 KB ( 48%) free+waste,    18.25 KB (  3%) overhead. 
       Both:      5.42 MB capacity,     2.82 MB ( 52%) used,     2.55 MB ( 47%) free+waste,    51.12 KB ( <1%) overhead. 

Virtual space:
  Non-class space:        8.00 MB reserved,       4.75 MB ( 59%) committed 
      Class space:        1.00 GB reserved,     768.00 KB ( <1%) committed 
             Both:        1.01 GB reserved,       5.50 MB ( <1%) committed 

Chunk freelists:
   Non-Class:  0 bytes
       Class:  0 bytes
        Both:  0 bytes

MaxMetaspaceSize: unlimited
CompressedClassSpaceSize: 1.00 GB

CodeHeap 'non-profiled nmethods': size=120032Kb used=579Kb max_used=579Kb free=119452Kb
 bounds [0x00007f72e43ca000, 0x00007f72e463a000, 0x00007f72eb902000]
CodeHeap 'profiled nmethods': size=120032Kb used=1811Kb max_used=1811Kb free=118220Kb
 bounds [0x00007f72dce92000, 0x00007f72dd102000, 0x00007f72e43ca000]
CodeHeap 'non-nmethods': size=5696Kb used=1099Kb max_used=1139Kb free=4597Kb
 bounds [0x00007f72dc902000, 0x00007f72dcb72000, 0x00007f72dce92000]
 total_blobs=1492 nmethods=1055 adapters=351
 compilation: enabled
              stopped_count=0, restarted_count=0
 full_count=0

Compilation events (20 events):
Event: 33.889 Thread 0x00007f72f4138000 1067       3       java.lang.StackStreamFactory$StackFrameTraverser$StackFrameBuffer::at (10 bytes)
Event: 33.889 Thread 0x00007f72f4138000 nmethod 1067 0x00007f72dd052710 code [0x00007f72dd0528e0, 0x00007f72dd052cb0]
Event: 33.889 Thread 0x00007f72f4138000 1068       3       java.lang.StackStreamFactory$AbstractStackWalker::hasNext (13 bytes)
Event: 33.889 Thread 0x00007f72f4138000 nmethod 1068 0x00007f72dd052e10 code [0x00007f72dd052fc0, 0x00007f72dd053160]
Event: 33.889 Thread 0x00007f72f4138000 1070       3       java.lang.StackStreamFactory$FrameBuffer::get (58 bytes)
Event: 33.890 Thread 0x00007f72f4138000 nmethod 1070 0x00007f72dd053210 code [0x00007f72dd0534c0, 0x00007f72dd054060]
Event: 33.890 Thread 0x00007f72f4138000 1065       3       java.lang.Math::floorDiv (31 bytes)
Event: 33.890 Thread 0x00007f72f4138000 nmethod 1065 0x00007f72dd054410 code [0x00007f72dd0545c0, 0x00007f72dd054770]
Event: 33.898 Thread 0x00007f72f4136000 1066       4       java.lang.Class::getName (18 bytes)
Event: 33.898 Thread 0x00007f72f4136000 nmethod 1066 0x00007f72e445a710 code [0x00007f72e445a8a0, 0x00007f72e445a948]
Event: 35.878 Thread 0x00007f72f4138000 1073       3       java.util.regex.Pattern$Branch::match (66 bytes)
Event: 35.878 Thread 0x00007f72f4138000 nmethod 1073 0x00007f72dd054810 code [0x00007f72dd054a00, 0x00007f72dd054ed0]
Event: 35.878 Thread 0x00007f72f4138000 1071       3       java.util.regex.Matcher::start (22 bytes)
Event: 35.878 Thread 0x00007f72f4138000 nmethod 1071 0x00007f72dd055090 code [0x00007f72dd055260, 0x00007f72dd055420]
Event: 35.878 Thread 0x00007f72f4138000 1072       3       java.lang.StackStreamFactory$AbstractStackWalker::checkState (163 bytes)
Event: 35.879 Thread 0x00007f72f4138000 nmethod 1072 0x00007f72dd055510 code [0x00007f72dd055800, 0x00007f72dd0565c0]
Event: 39.878 Thread 0x00007f72f4138000 1075       3       java.util.stream.Sink$ChainedReference::cancellationRequested (10 bytes)
Event: 39.878 Thread 0x00007f72f4138000 nmethod 1075 0x00007f72dd056a90 code [0x00007f72dd056c40, 0x00007f72dd056e20]
Event: 39.878 Thread 0x00007f72f4138000 1074       1       java.time.ZoneOffset::getTotalSeconds (5 bytes)
Event: 39.878 Thread 0x00007f72f4138000 nmethod 1074 0x00007f72e445aa10 code [0x00007f72e445abc0, 0x00007f72e445ac90]

GC Heap History (20 events):
Event: 15.959 GC heap before
{Heap before GC invocations=14 (full 0):
 garbage-first heap   total 90112K, used 63719K [0x00000000c2600000, 0x0000000100000000)
  region size 1024K, 17 young (17408K), 2 survivors (2048K)
 Metaspace       used 2869K, capacity 5546K, committed 5632K, reserved 1056768K
  class space    used 349K, capacity 711K, committed 768K, reserved 1048576K
}
Event: 15.984 GC heap after
{Heap after GC invocations=15 (full 0):
 garbage-first heap   total 90112K, used 49407K [0x00000000c2600000, 0x0000000100000000)
  region size 1024K, 3 young (3072K), 3 survivors (3072K)
 Metaspace       used 2869K, capacity 5546K, committed 5632K, reserved 1056768K
  class space    used 349K, capacity 711K, committed 768K, reserved 1048576K
}
Event: 18.350 GC heap before
{Heap before GC invocations=16 (full 0):
 garbage-first heap   total 90112K, used 65791K [0x00000000c2600000, 0x0000000100000000)
  region size 1024K, 19 young (19456K), 3 survivors (3072K)
 Metaspace       used 2873K, capacity 5550K, committed 5632K, reserved 1056768K
  class space    used 349K, capacity 711K, committed 768K, reserved 1048576K
}
Event: 18.357 GC heap after
{Heap after GC invocations=17 (full 0):
 garbage-first heap   total 90112K, used 50060K [0x00000000c2600000, 0x0000000100000000)
  region size 1024K, 2 young (2048K), 2 survivors (2048K)
 Metaspace       used 2873K, capacity 5550K, committed 5632K, reserved 1056768K
  class space    used 349K, capacity 711K, committed 768K, reserved 1048576K
}
Event: 20.762 GC heap before
{Heap before GC invocations=17 (full 0):
 garbage-first heap   total 90112K, used 69516K [0x00000000c2600000, 0x0000000100000000)
  region size 1024K, 21 young (21504K), 2 survivors (2048K)
 Metaspace       used 2874K, capacity 5550K, committed 5632K, reserved 1056768K
  class space    used 349K, capacity 711K, committed 768K, reserved 1048576K
}
Event: 20.853 GC heap after
{Heap after GC invocations=18 (full 0):
 garbage-first heap   total 90112K, used 50926K [0x00000000c2600000, 0x0000000100000000)
  region size 1024K, 2 young (2048K), 2 survivors (2048K)
 Metaspace       used 2874K, capacity 5550K, committed 5632K, reserved 1056768K
  class space    used 349K, capacity 711K, committed 768K, reserved 1048576K
}
Event: 23.505 GC heap before
{Heap before GC invocations=19 (full 0):
 garbage-first heap   total 90112K, used 70382K [0x00000000c2600000, 0x0000000100000000)
  region size 1024K, 21 young (21504K), 2 survivors (2048K)
 Metaspace       used 2875K, capacity 5550K, committed 5632K, reserved 1056768K
  class space    used 349K, capacity 711K, committed 768K, reserved 1048576K
}
Event: 23.530 GC heap after
{Heap after GC invocations=20 (full 0):
 garbage-first heap   total 90112K, used 51544K [0x00000000c2600000, 0x0000000100000000)
  region size 1024K, 3 young (3072K), 3 survivors (3072K)
 Metaspace       used 2875K, capacity 5550K, committed 5632K, reserved 1056768K
  class space    used 349K, capacity 711K, committed 768K, reserved 1048576K
}
Event: 26.195 GC heap before
{Heap before GC invocations=20 (full 0):
 garbage-first heap   total 90112K, used 71000K [0x00000000c2600000, 0x0000000100000000)
  region size 1024K, 22 young (22528K), 3 survivors (3072K)
 Metaspace       used 2877K, capacity 5551K, committed 5632K, reserved 1056768K
  class space    used 349K, capacity 711K, committed 768K, reserved 1048576K
}
Event: 26.214 GC heap after
{Heap after GC invocations=21 (full 0):
 garbage-first heap   total 90112K, used 52032K [0x00000000c2600000, 0x0000000100000000)
  region size 1024K, 2 young (2048K), 2 survivors (2048K)
 Metaspace       used 2877K, capacity 5551K, committed 5632K, reserved 1056768K
  class space    used 349K, capacity 711K, committed 768K, reserved 1048576K
}
Event: 29.044 GC heap before
{Heap before GC invocations=22 (full 0):
 garbage-first heap   total 90112K, used 72512K [0x00000000c2600000, 0x0000000100000000)
  region size 1024K, 22 young (22528K), 2 survivors (2048K)
 Metaspace       used 2878K, capacity 5551K, committed 5632K, reserved 1056768K
  class space    used 349K, capacity 711K, committed 768K, reserved 1048576K
}
Event: 29.058 GC heap after
{Heap after GC invocations=23 (full 0):
 garbage-first heap   total 90112K, used 52705K [0x00000000c2600000, 0x0000000100000000)
  region size 1024K, 2 young (2048K), 2 survivors (2048K)
 Metaspace       used 2878K, capacity 5551K, committed 5632K, reserved 1056768K
  class space    used 349K, capacity 711K, committed 768K, reserved 1048576K
}
Event: 31.962 GC heap before
{Heap before GC invocations=23 (full 0):
 garbage-first heap   total 90112K, used 73185K [0x00000000c2600000, 0x0000000100000000)
  region size 1024K, 22 young (22528K), 2 survivors (2048K)
 Metaspace       used 2881K, capacity 5551K, committed 5632K, reserved 1056768K
  class space    used 349K, capacity 711K, committed 768K, reserved 1048576K
}
Event: 31.974 GC heap after
{Heap after GC invocations=24 (full 0):
 garbage-first heap   total 90112K, used 53220K [0x00000000c2600000, 0x0000000100000000)
  region size 1024K, 2 young (2048K), 2 survivors (2048K)
 Metaspace       used 2881K, capacity 5551K, committed 5632K, reserved 1056768K
  class space    used 349K, capacity 711K, committed 768K, reserved 1048576K
}
Event: 34.677 GC heap before
{Heap before GC invocations=25 (full 0):
 garbage-first heap   total 90112K, used 73700K [0x00000000c2600000, 0x0000000100000000)
  region size 1024K, 22 young (22528K), 2 survivors (2048K)
 Metaspace       used 2888K, capacity 5551K, committed 5632K, reserved 1056768K
  class space    used 349K, capacity 711K, committed 768K, reserved 1048576K
}
Event: 34.701 GC heap after
{Heap after GC invocations=26 (full 0):
 garbage-first heap   total 90112K, used 53604K [0x00000000c2600000, 0x0000000100000000)
  region size 1024K, 2 young (2048K), 2 survivors (2048K)
 Metaspace       used 2888K, capacity 5551K, committed 5632K, reserved 1056768K
  class space    used 349K, capacity 711K, committed 768K, reserved 1048576K
}
Event: 37.517 GC heap before
{Heap before GC invocations=26 (full 0):
 garbage-first heap   total 90112K, used 74084K [0x00000000c2600000, 0x0000000100000000)
  region size 1024K, 22 young (22528K), 2 survivors (2048K)
 Metaspace       used 2890K, capacity 5551K, committed 5632K, reserved 1056768K
  class space    used 349K, capacity 711K, committed 768K, reserved 1048576K
}
Event: 37.549 GC heap after
{Heap after GC invocations=27 (full 0):
 garbage-first heap   total 90112K, used 54177K [0x00000000c2600000, 0x0000000100000000)
  region size 1024K, 3 young (3072K), 3 survivors (3072K)
 Metaspace       used 2890K, capacity 5551K, committed 5632K, reserved 1056768K
  class space    used 349K, capacity 711K, committed 768K, reserved 1048576K
}
Event: 40.468 GC heap before
{Heap before GC invocations=28 (full 0):
 garbage-first heap   total 90112K, used 74657K [0x00000000c2600000, 0x0000000100000000)
  region size 1024K, 23 young (23552K), 3 survivors (3072K)
 Metaspace       used 2890K, capacity 5551K, committed 5632K, reserved 1056768K
  class space    used 349K, capacity 711K, committed 768K, reserved 1048576K
}
Event: 40.495 GC heap after
{Heap after GC invocations=29 (full 0):
 garbage-first heap   total 90112K, used 54680K [0x00000000c2600000, 0x0000000100000000)
  region size 1024K, 2 young (2048K), 2 survivors (2048K)
 Metaspace       used 2890K, capacity 5551K, committed 5632K, reserved 1056768K
  class space    used 349K, capacity 711K, committed 768K, reserved 1048576K
}

Deoptimization events (20 events):
Event: 22.329 Thread 0x00007f72f425b000 Uncommon trap: trap_request=0xffffffc6 fr.pc=0x00007f72e4437e00 relative=0x00000000000002a0
Event: 22.329 Thread 0x00007f72f425b000 Uncommon trap: reason=bimorphic_or_optimized_type_check action=maybe_recompile pc=0x00007f72e4437e00 method=java.util.HashMap.getNode(ILjava/lang/Object;)Ljava/util/HashMap$Node; @ 126 c2
Event: 22.329 Thread 0x00007f72f425b000 DEOPT PACKING pc=0x00007f72e4437e00 sp=0x00007f72cd3cd790
Event: 22.329 Thread 0x00007f72f425b000 DEOPT UNPACKING pc=0x00007f72dc92799f sp=0x00007f72cd3cd648 mode 2
Event: 23.302 Thread 0x00007f72f425b000 Uncommon trap: trap_request=0xffffffc6 fr.pc=0x00007f72e4437e00 relative=0x00000000000002a0
Event: 23.302 Thread 0x00007f72f425b000 Uncommon trap: reason=bimorphic_or_optimized_type_check action=maybe_recompile pc=0x00007f72e4437e00 method=java.util.HashMap.getNode(ILjava/lang/Object;)Ljava/util/HashMap$Node; @ 126 c2
Event: 23.302 Thread 0x00007f72f425b000 DEOPT PACKING pc=0x00007f72e4437e00 sp=0x00007f72cd3cd790
Event: 23.302 Thread 0x00007f72f425b000 DEOPT UNPACKING pc=0x00007f72dc92799f sp=0x00007f72cd3cd648 mode 2
Event: 23.463 Thread 0x00007f72f425b000 Uncommon trap: trap_request=0xffffffc6 fr.pc=0x00007f72e4437e00 relative=0x00000000000002a0
Event: 23.463 Thread 0x00007f72f425b000 Uncommon trap: reason=bimorphic_or_optimized_type_check action=maybe_recompile pc=0x00007f72e4437e00 method=java.util.HashMap.getNode(ILjava/lang/Object;)Ljava/util/HashMap$Node; @ 126 c2
Event: 23.463 Thread 0x00007f72f425b000 DEOPT PACKING pc=0x00007f72e4437e00 sp=0x00007f72cd3cd790
Event: 23.463 Thread 0x00007f72f425b000 DEOPT UNPACKING pc=0x00007f72dc92799f sp=0x00007f72cd3cd648 mode 2
Event: 23.589 Thread 0x00007f72f425b000 Uncommon trap: trap_request=0xffffffc6 fr.pc=0x00007f72e442bba0 relative=0x00000000000002c0
Event: 23.589 Thread 0x00007f72f425b000 Uncommon trap: reason=bimorphic_or_optimized_type_check action=maybe_recompile pc=0x00007f72e442bba0 method=java.util.HashMap.getNode(ILjava/lang/Object;)Ljava/util/HashMap$Node; @ 126 c2
Event: 23.589 Thread 0x00007f72f425b000 DEOPT PACKING pc=0x00007f72e442bba0 sp=0x00007f72cd3cd700
Event: 23.589 Thread 0x00007f72f425b000 DEOPT UNPACKING pc=0x00007f72dc92799f sp=0x00007f72cd3cd630 mode 2
Event: 25.030 Thread 0x00007f72f425b000 Uncommon trap: trap_request=0xffffffc6 fr.pc=0x00007f72e4437010 relative=0x0000000000000230
Event: 25.030 Thread 0x00007f72f425b000 Uncommon trap: reason=bimorphic_or_optimized_type_check action=maybe_recompile pc=0x00007f72e4437010 method=java.util.HashMap.getNode(ILjava/lang/Object;)Ljava/util/HashMap$Node; @ 126 c2
Event: 25.030 Thread 0x00007f72f425b000 DEOPT PACKING pc=0x00007f72e4437010 sp=0x00007f72cd3cd710
Event: 25.030 Thread 0x00007f72f425b000 DEOPT UNPACKING pc=0x00007f72dc92799f sp=0x00007f72cd3cd698 mode 2

Classes redefined (0 events):
No events

Internal exceptions (20 events):
Event: 1.320 Thread 0x00007f72f4016800 Exception <a 'java/lang/NoSuchMethodError'{0x00000000c60286b8}: 'java.lang.Object java.lang.invoke.DirectMethodHandle$Holder.invokeStatic(java.lang.Object, java.lang.Object, java.lang.Object, java.lang.Object, java.lang.Object, java.lang.Object, java.lang.Object, java.lang.Object, java.lang.Object, java.lang.Object, java.lang.Object, java.lang.Object, java.lang.Object, java.lang.Object, java.lang.Object, java.lang.Object)'> (0x00000000c60286b8) thrown at [./src/hotspot/share/interpreter/linkResolver.cpp, l
Event: 1.321 Thread 0x00007f72f4016800 Exception <a 'java/lang/NoSuchMethodError'{0x00000000c6036318}: 'java.lang.Object java.lang.invoke.DirectMethodHandle$Holder.invokeSpecial(java.lang.Object, java.lang.Object, int, int, int, java.lang.Object, int)'> (0x00000000c6036318) thrown at [./src/hotspot/share/interpreter/linkResolver.cpp, line 773]
Event: 1.321 Thread 0x00007f72f4016800 Exception <a 'java/lang/NoSuchMethodError'{0x00000000c6039400}: 'java.lang.Object java.lang.invoke.DelegatingMethodHandle$Holder.reinvoke_L(java.lang.Object, int, int, int, java.lang.Object, int)'> (0x00000000c6039400) thrown at [./src/hotspot/share/interpreter/linkResolver.cpp, line 773]
Event: 1.322 Thread 0x00007f72f4016800 Exception <a 'java/lang/NoSuchMethodError'{0x00000000c603d250}: 'java.lang.Object java.lang.invoke.DirectMethodHandle$Holder.invokeStatic(java.lang.Object, java.lang.Object, java.lang.Object, java.lang.Object, int)'> (0x00000000c603d250) thrown at [./src/hotspot/share/interpreter/linkResolver.cpp, line 773]
Event: 1.393 Thread 0x00007f72f4016800 Exception <a 'java/lang/NoSuchMethodError'{0x00000000c60b6fd0}: 'java.lang.Object java.lang.invoke.DirectMethodHandle$Holder.invokeStatic(java.lang.Object, java.lang.Object, java.lang.Object, java.lang.Object, java.lang.Object, java.lang.Object, java.lang.Object, java.lang.Object, java.lang.Object, java.lang.Object, java.lang.Object, java.lang.Object, java.lang.Object, int)'> (0x00000000c60b6fd0) thrown at [./src/hotspot/share/interpreter/linkResolver.cpp, line 773]
Event: 1.407 Thread 0x00007f72f4016800 Exception <a 'java/lang/NoSuchMethodError'{0x00000000c60c35c8}: 'java.lang.Object java.lang.invoke.DirectMethodHandle$Holder.invokeStatic(java.lang.Object, java.lang.Object, java.lang.Object, java.lang.Object, java.lang.Object, java.lang.Object, java.lang.Object, java.lang.Object, java.lang.Object, java.lang.Object, java.lang.Object, java.lang.Object, java.lang.Object, int, int)'> (0x00000000c60c35c8) thrown at [./src/hotspot/share/interpreter/linkResolver.cpp, line 773]
Event: 1.409 Thread 0x00007f72f4016800 Exception <a 'java/lang/NoSuchMethodError'{0x00000000c60d0150}: 'java.lang.Object java.lang.invoke.DirectMethodHandle$Holder.invokeStatic(java.lang.Object, java.lang.Object, java.lang.Object, java.lang.Object, java.lang.Object, java.lang.Object, java.lang.Object, java.lang.Object, java.lang.Object, java.lang.Object, java.lang.Object, java.lang.Object, java.lang.Object, int, int, java.lang.Object)'> (0x00000000c60d0150) thrown at [./src/hotspot/share/interpreter/linkResolver.cpp, line 773]
Event: 1.410 Thread 0x00007f72f4016800 Exception <a 'java/lang/NoSuchMethodError'{0x00000000c60dd5e8}: 'java.lang.Object java.lang.invoke.Invokers$Holder.linkToTargetMethod(java.lang.Object, int, java.lang.Object)'> (0x00000000c60dd5e8) thrown at [./src/hotspot/share/interpreter/linkResolver.cpp, line 773]
Event: 3.525 Thread 0x00007f72f4016800 Exception <a 'java/lang/NoSuchMethodError'{0x00000000c5fa1068}: 'int java.lang.invoke.DirectMethodHandle$Holder.invokeSpecialIFC(java.lang.Object, java.lang.Object, int)'> (0x00000000c5fa1068) thrown at [./src/hotspot/share/interpreter/linkResolver.cpp, line 773]
Event: 3.685 Thread 0x00007f72f4016800 Exception <a 'java/lang/NoSuchMethodError'{0x00000000c5e285b0}: 'void java.lang.invoke.DirectMethodHandle$Holder.invokeSpecial(java.lang.Object, java.lang.Object)'> (0x00000000c5e285b0) thrown at [./src/hotspot/share/interpreter/linkResolver.cpp, line 773]
Event: 5.223 Thread 0x00007f72f4016800 Exception <a 'java/lang/NoSuchMethodError'{0x00000000c623a8d8}: 'java.lang.Object java.lang.invoke.DirectMethodHandle$Holder.invokeStatic(java.lang.Object, java.lang.Object, java.lang.Object, java.lang.Object, java.lang.Object, java.lang.Object, java.lang.Object, java.lang.Object, java.lang.Object, java.lang.Object, java.lang.Object, int)'> (0x00000000c623a8d8) thrown at [./src/hotspot/share/interpreter/linkResolver.cpp, line 773]
Event: 5.225 Thread 0x00007f72f4016800 Exception <a 'java/lang/NoSuchMethodError'{0x00000000c62589b8}: 'java.lang.Object java.lang.invoke.DirectMethodHandle$Holder.invokeStatic(java.lang.Object, java.lang.Object, java.lang.Object, java.lang.Object, java.lang.Object, java.lang.Object, java.lang.Object, java.lang.Object, java.lang.Object, java.lang.Object, java.lang.Object, int, int)'> (0x00000000c62589b8) thrown at [./src/hotspot/share/interpreter/linkResolver.cpp, line 773]
Event: 5.326 Thread 0x00007f72f4016800 Exception <a 'java/lang/NoSuchMethodError'{0x00000000c6111770}: 'java.lang.Object java.lang.invoke.DirectMethodHandle$Holder.invokeStatic(java.lang.Object, java.lang.Object, java.lang.Object, java.lang.Object, java.lang.Object, java.lang.Object, java.lang.Object, java.lang.Object, java.lang.Object, java.lang.Object, java.lang.Object, int, int, java.lang.Object)'> (0x00000000c6111770) thrown at [./src/hotspot/share/interpreter/linkResolver.cpp, line 773]
Event: 5.541 Thread 0x00007f72f4016800 Exception <a 'java/lang/NoSuchMethodError'{0x00000000c637b4b8}: 'java.lang.Object java.lang.invoke.DirectMethodHandle$Holder.invokeStatic(java.lang.Object, java.lang.Object, java.lang.Object, java.lang.Object, java.lang.Object, java.lang.Object, java.lang.Object, java.lang.Object, java.lang.Object, java.lang.Object, java.lang.Object, int, int, java.lang.Object, java.lang.Object)'> (0x00000000c637b4b8) thrown at [./src/hotspot/share/interpreter/linkResolver.cpp, line 773]
Event: 6.158 Thread 0x00007f72f424d800 Exception <a 'java/lang/NoSuchMethodError'{0x00000000c63e5c30}: 'java.lang.Object java.lang.invoke.DirectMethodHandle$Holder.invokeSpecial(java.lang.Object, java.lang.Object, long, java.lang.Object)'> (0x00000000c63e5c30) thrown at [./src/hotspot/share/interpreter/linkResolver.cpp, line 773]
Event: 6.167 Thread 0x00007f72f4252000 Exception <a 'java/lang/NoSuchMethodError'{0x00000000c63fded8}: 'java.lang.Object java.lang.invoke.DirectMethodHandle$Holder.invokeSpecial(java.lang.Object, java.lang.Object, long, java.lang.Object)'> (0x00000000c63fded8) thrown at [./src/hotspot/share/interpreter/linkResolver.cpp, line 773]
Event: 6.354 Thread 0x00007f72f424d800 Exception <a 'java/lang/NoSuchMethodError'{0x00000000c63e8828}: 'java.lang.Object java.lang.invoke.Invokers$Holder.linkToTargetMethod(long, java.lang.Object, java.lang.Object)'> (0x00000000c63e8828) thrown at [./src/hotspot/share/interpreter/linkResolver.cpp, line 773]
Event: 6.789 Thread 0x00007f72f4231800 Exception <a 'java/lang/NoSuchMethodError'{0x00000000c61096e8}: 'java.lang.Object java.lang.invoke.DirectMethodHandle$Holder.invokeStatic(java.lang.Object, int, java.lang.Object)'> (0x00000000c61096e8) thrown at [./src/hotspot/share/interpreter/linkResolver.cpp, line 773]
Event: 7.537 Thread 0x00007f72f4231800 Exception <a 'java/lang/ClassNotFoundException'{0x00000000c5d2f780}: sun/util/logging/resources/spi/loggingProvider> (0x00000000c5d2f780) thrown at [./src/hotspot/share/classfile/systemDictionary.cpp, line 231]
Event: 42.601 Thread 0x00007f72f425b000 Implicit null exception at 0x00007f72e444ac5c to 0x0000000000000000

Events (20 events):
Event: 26.315 Executing VM operation: CGC_Operation
Event: 26.342 Executing VM operation: CGC_Operation done
Event: 29.042 Executing VM operation: G1CollectForAllocation
Event: 29.059 Executing VM operation: G1CollectForAllocation done
Event: 31.961 Executing VM operation: G1CollectForAllocation
Event: 31.974 Executing VM operation: G1CollectForAllocation done
Event: 32.021 Executing VM operation: CGC_Operation
Event: 32.095 Executing VM operation: CGC_Operation done
Event: 32.125 Executing VM operation: CGC_Operation
Event: 32.126 Executing VM operation: CGC_Operation done
Event: 34.677 Executing VM operation: G1CollectForAllocation
Event: 34.701 Executing VM operation: G1CollectForAllocation done
Event: 37.517 Executing VM operation: G1CollectForAllocation
Event: 37.550 Executing VM operation: G1CollectForAllocation done
Event: 37.743 Executing VM operation: CGC_Operation
Event: 37.795 Executing VM operation: CGC_Operation done
Event: 37.861 Executing VM operation: CGC_Operation
Event: 37.861 Executing VM operation: CGC_Operation done
Event: 40.466 Executing VM operation: G1CollectForAllocation
Event: 40.495 Executing VM operation: G1CollectForAllocation done


Dynamic libraries:
c2600000-c7e00000 rw-p 00000000 00:00 0 
c7e00000-100000000 ---p 00000000 00:00 0 
800000000-800002000 rwxp 00001000 08:01 1181904                          /usr/lib/jvm/java-11-openjdk-amd64/lib/server/classes.jsa
800002000-8003b9000 rw-p 00003000 08:01 1181904                          /usr/lib/jvm/java-11-openjdk-amd64/lib/server/classes.jsa
8003b9000-800a81000 r--p 003ba000 08:01 1181904                          /usr/lib/jvm/java-11-openjdk-amd64/lib/server/classes.jsa
800a81000-800a82000 rw-p 00a82000 08:01 1181904                          /usr/lib/jvm/java-11-openjdk-amd64/lib/server/classes.jsa
800a82000-80108f000 r--p 00a83000 08:01 1181904                          /usr/lib/jvm/java-11-openjdk-amd64/lib/server/classes.jsa
840000000-8400c0000 rw-p 00000000 00:00 0 
8400c0000-880000000 ---p 00000000 00:00 0 
56040e043000-56040e044000 r-xp 00000000 08:01 661163                     /usr/lib/jvm/java-11-openjdk-amd64/bin/java
56040e244000-56040e245000 r--p 00001000 08:01 661163                     /usr/lib/jvm/java-11-openjdk-amd64/bin/java
56040e245000-56040e246000 rw-p 00002000 08:01 661163                     /usr/lib/jvm/java-11-openjdk-amd64/bin/java
56040ef27000-56040ef48000 rw-p 00000000 00:00 0                          [heap]
7f725c000000-7f725c021000 rw-p 00000000 00:00 0 
7f725c021000-7f7260000000 ---p 00000000 00:00 0 
7f7260000000-7f7260155000 rw-p 00000000 00:00 0 
7f7260155000-7f7264000000 ---p 00000000 00:00 0 
7f7264000000-7f7264021000 rw-p 00000000 00:00 0 
7f7264021000-7f7268000000 ---p 00000000 00:00 0 
7f7268000000-7f7268021000 rw-p 00000000 00:00 0 
7f7268021000-7f726c000000 ---p 00000000 00:00 0 
7f726c000000-7f726c021000 rw-p 00000000 00:00 0 
7f726c021000-7f7270000000 ---p 00000000 00:00 0 
7f7270000000-7f7270021000 rw-p 00000000 00:00 0 
7f7270021000-7f7274000000 ---p 00000000 00:00 0 
7f7274000000-7f7274021000 rw-p 00000000 00:00 0 
7f7274021000-7f7278000000 ---p 00000000 00:00 0 
7f7278000000-7f7278021000 rw-p 00000000 00:00 0 
7f7278021000-7f727c000000 ---p 00000000 00:00 0 
7f727c000000-7f727c021000 rw-p 00000000 00:00 0 
7f727c021000-7f7280000000 ---p 00000000 00:00 0 
7f7280000000-7f7280021000 rw-p 00000000 00:00 0 
7f7280021000-7f7284000000 ---p 00000000 00:00 0 
7f7284000000-7f7284021000 rw-p 00000000 00:00 0 
7f7284021000-7f7288000000 ---p 00000000 00:00 0 
7f7288000000-7f7288021000 rw-p 00000000 00:00 0 
7f7288021000-7f728c000000 ---p 00000000 00:00 0 
7f728c000000-7f728c021000 rw-p 00000000 00:00 0 
7f728c021000-7f7290000000 ---p 00000000 00:00 0 
7f7290000000-7f7290021000 rw-p 00000000 00:00 0 
7f7290021000-7f7294000000 ---p 00000000 00:00 0 
7f7294000000-7f7294021000 rw-p 00000000 00:00 0 
7f7294021000-7f7298000000 ---p 00000000 00:00 0 
7f7298000000-7f72980aa000 rw-p 00000000 00:00 0 
7f72980aa000-7f729c000000 ---p 00000000 00:00 0 
7f729c000000-7f729c021000 rw-p 00000000 00:00 0 
7f729c021000-7f72a0000000 ---p 00000000 00:00 0 
7f72a0000000-7f72a0021000 rw-p 00000000 00:00 0 
7f72a0021000-7f72a4000000 ---p 00000000 00:00 0 
7f72a4000000-7f72a42ec000 rw-p 00000000 00:00 0 
7f72a42ec000-7f72a8000000 ---p 00000000 00:00 0 
7f72a8000000-7f72a8021000 rw-p 00000000 00:00 0 
7f72a8021000-7f72ac000000 ---p 00000000 00:00 0 
7f72ac000000-7f72ac021000 rw-p 00000000 00:00 0 
7f72ac021000-7f72b0000000 ---p 00000000 00:00 0 
7f72b0000000-7f72b16c2000 rw-p 00000000 00:00 0 
7f72b16c2000-7f72b4000000 ---p 00000000 00:00 0 
7f72b4000000-7f72b4021000 rw-p 00000000 00:00 0 
7f72b4021000-7f72b8000000 ---p 00000000 00:00 0 
7f72b8000000-7f72b8021000 rw-p 00000000 00:00 0 
7f72b8021000-7f72bc000000 ---p 00000000 00:00 0 
7f72bc000000-7f72bc021000 rw-p 00000000 00:00 0 
7f72bc021000-7f72c0000000 ---p 00000000 00:00 0 
7f72c0000000-7f72c0085000 rw-p 00000000 00:00 0 
7f72c0085000-7f72c4000000 ---p 00000000 00:00 0 
7f72c4000000-7f72c4021000 rw-p 00000000 00:00 0 
7f72c4021000-7f72c8000000 ---p 00000000 00:00 0 
7f72c8000000-7f72c8021000 rw-p 00000000 00:00 0 
7f72c8021000-7f72cc000000 ---p 00000000 00:00 0 
7f72ccbc1000-7f72ccbc5000 ---p 00000000 00:00 0 
7f72ccbc5000-7f72cccc2000 rw-p 00000000 00:00 0 
7f72cccc2000-7f72cccc3000 ---p 00000000 00:00 0 
7f72cccc3000-7f72ccdc4000 rw-p 00000000 00:00 0 
7f72ccdc4000-7f72ccdc5000 ---p 00000000 00:00 0 
7f72ccdc5000-7f72ccec6000 rw-p 00000000 00:00 0 
7f72ccec6000-7f72ccec7000 ---p 00000000 00:00 0 
7f72ccec7000-7f72ccfc8000 rw-p 00000000 00:00 0 
7f72ccfc8000-7f72ccfc9000 ---p 00000000 00:00 0 
7f72ccfc9000-7f72cd0ca000 rw-p 00000000 00:00 0 
7f72cd0ca000-7f72cd0cb000 ---p 00000000 00:00 0 
7f72cd0cb000-7f72cd1cc000 rw-p 00000000 00:00 0 
7f72cd1cc000-7f72cd1cd000 ---p 00000000 00:00 0 
7f72cd1cd000-7f72cd2ce000 rw-p 00000000 00:00 0 
7f72cd2ce000-7f72cd2d2000 ---p 00000000 00:00 0 
7f72cd2d2000-7f72cd3cf000 rw-p 00000000 00:00 0 
7f72cd3cf000-7f72cd3d3000 ---p 00000000 00:00 0 
7f72cd3d3000-7f72cd4d0000 rw-p 00000000 00:00 0 
7f72cd4d0000-7f72cd4d4000 ---p 00000000 00:00 0 
7f72cd4d4000-7f72cd5d1000 rw-p 00000000 00:00 0 
7f72cd5d1000-7f72cd5d5000 ---p 00000000 00:00 0 
7f72cd5d5000-7f72cd6d2000 rw-p 00000000 00:00 0 
7f72cd6d2000-7f72cd6d6000 ---p 00000000 00:00 0 
7f72cd6d6000-7f72cd7d3000 rw-p 00000000 00:00 0 
7f72cd7d3000-7f72cd7d7000 ---p 00000000 00:00 0 
7f72cd7d7000-7f72cd8d4000 rw-p 00000000 00:00 0 
7f72cd8d4000-7f72cd8d8000 ---p 00000000 00:00 0 
7f72cd8d8000-7f72cd9d5000 rw-p 00000000 00:00 0 
7f72cd9d5000-7f72cd9d7000 r-xp 00000000 08:01 1049876                    /usr/lib/jvm/java-11-openjdk-amd64/lib/libextnet.so
7f72cd9d7000-7f72cdbd6000 ---p 00002000 08:01 1049876                    /usr/lib/jvm/java-11-openjdk-amd64/lib/libextnet.so
7f72cdbd6000-7f72cdbd7000 r--p 00001000 08:01 1049876                    /usr/lib/jvm/java-11-openjdk-amd64/lib/libextnet.so
7f72cdbd7000-7f72cdbd8000 rw-p 00002000 08:01 1049876                    /usr/lib/jvm/java-11-openjdk-amd64/lib/libextnet.so
7f72cdbd8000-7f72cdbee000 r-xp 00000000 08:01 1050087                    /usr/lib/jvm/java-11-openjdk-amd64/lib/libnet.so
7f72cdbee000-7f72cdded000 ---p 00016000 08:01 1050087                    /usr/lib/jvm/java-11-openjdk-amd64/lib/libnet.so
7f72cdded000-7f72cddee000 r--p 00015000 08:01 1050087                    /usr/lib/jvm/java-11-openjdk-amd64/lib/libnet.so
7f72cddee000-7f72cddef000 rw-p 00016000 08:01 1050087                    /usr/lib/jvm/java-11-openjdk-amd64/lib/libnet.so
7f72cddef000-7f72cddff000 r-xp 00000000 08:01 1050098                    /usr/lib/jvm/java-11-openjdk-amd64/lib/libnio.so
7f72cddff000-7f72cdffe000 ---p 00010000 08:01 1050098                    /usr/lib/jvm/java-11-openjdk-amd64/lib/libnio.so
7f72cdffe000-7f72cdfff000 r--p 0000f000 08:01 1050098                    /usr/lib/jvm/java-11-openjdk-amd64/lib/libnio.so
7f72cdfff000-7f72ce000000 rw-p 00010000 08:01 1050098                    /usr/lib/jvm/java-11-openjdk-amd64/lib/libnio.so
7f72ce000000-7f72d0000000 rw-p 00000000 00:00 0 
7f72d0000000-7f72d0021000 rw-p 00000000 00:00 0 
7f72d0021000-7f72d4000000 ---p 00000000 00:00 0 
7f72d40e5000-7f72d40e9000 ---p 00000000 00:00 0 
7f72d40e9000-7f72d41e6000 rw-p 00000000 00:00 0 
7f72d41e6000-7f72d41ea000 ---p 00000000 00:00 0 
7f72d41ea000-7f72d42e7000 rw-p 00000000 00:00 0 
7f72d42e7000-7f72d42e8000 ---p 00000000 00:00 0 
7f72d42e8000-7f72d43e9000 rw-p 00000000 00:00 0 
7f72d43e9000-7f72d43ed000 ---p 00000000 00:00 0 
7f72d43ed000-7f72d44ea000 rw-p 00000000 00:00 0 
7f72d44ea000-7f72d44ee000 ---p 00000000 00:00 0 
7f72d44ee000-7f72d45eb000 rw-p 00000000 00:00 0 
7f72d45eb000-7f72d45ef000 ---p 00000000 00:00 0 
7f72d45ef000-7f72d46ec000 rw-p 00000000 00:00 0 
7f72d46ec000-7f72d46f0000 ---p 00000000 00:00 0 
7f72d46f0000-7f72d47ed000 rw-p 00000000 00:00 0 
7f72d47ed000-7f72d47f1000 ---p 00000000 00:00 0 
7f72d47f1000-7f72d48ee000 rw-p 00000000 00:00 0 
7f72d48ee000-7f72d4c1e000 r--p 00000000 08:01 2360321                    /usr/lib/locale/locale-archive
7f72d4c1e000-7f72d4c22000 ---p 00000000 00:00 0 
7f72d4c22000-7f72d4d1f000 rw-p 00000000 00:00 0 
7f72d4d1f000-7f72d4d23000 ---p 00000000 00:00 0 
7f72d4d23000-7f72d4e20000 rw-p 00000000 00:00 0 
7f72d4e20000-7f72d4e21000 ---p 00000000 00:00 0 
7f72d4e21000-7f72d53e2000 rw-p 00000000 00:00 0 
7f72d53e2000-7f72d5722000 ---p 00000000 00:00 0 
7f72d5722000-7f72d5723000 ---p 00000000 00:00 0 
7f72d5723000-7f72d5824000 rw-p 00000000 00:00 0 
7f72d5824000-7f72d5825000 ---p 00000000 00:00 0 
7f72d5825000-7f72d5f2c000 rw-p 00000000 00:00 0 
7f72d5f2c000-7f72d5f2d000 ---p 00000000 00:00 0 
7f72d5f2d000-7f72d602e000 rw-p 00000000 00:00 0 
7f72d602e000-7f72d602f000 ---p 00000000 00:00 0 
7f72d602f000-7f72d6290000 rw-p 00000000 00:00 0 
7f72d6290000-7f72d7098000 ---p 00000000 00:00 0 
7f72d7098000-7f72d71f8000 rw-p 00000000 00:00 0 
7f72d71f8000-7f72d8000000 ---p 00000000 00:00 0 
7f72d8000000-7f72d8021000 rw-p 00000000 00:00 0 
7f72d8021000-7f72dc000000 ---p 00000000 00:00 0 
7f72dc038000-7f72dc064000 rw-p 00000000 00:00 0 
7f72dc064000-7f72dc225000 ---p 00000000 00:00 0 
7f72dc225000-7f72dc251000 rw-p 00000000 00:00 0 
7f72dc251000-7f72dc412000 ---p 00000000 00:00 0 
7f72dc412000-7f72dc43e000 rw-p 00000000 00:00 0 
7f72dc43e000-7f72dc5ff000 ---p 00000000 00:00 0 
7f72dc5ff000-7f72dc902000 rw-p 00000000 00:00 0 
7f72dc902000-7f72dcb72000 rwxp 00000000 00:00 0 
7f72dcb72000-7f72dce92000 ---p 00000000 00:00 0 
7f72dce92000-7f72dd102000 rwxp 00000000 00:00 0 
7f72dd102000-7f72e43ca000 ---p 00000000 00:00 0 
7f72e43ca000-7f72e463a000 rwxp 00000000 00:00 0 
7f72e463a000-7f72eb902000 ---p 00000000 00:00 0 
7f72eb902000-7f72f4000000 r--s 00000000 08:01 1050240                    /usr/lib/jvm/java-11-openjdk-amd64/lib/modules
7f72f4000000-7f72f4273000 rw-p 00000000 00:00 0 
7f72f4273000-7f72f8000000 ---p 00000000 00:00 0 
7f72f800d000-7f72f8391000 rw-p 00000000 00:00 0 
7f72f8391000-7f72f8392000 ---p 00000000 00:00 0 
7f72f8392000-7f72f8498000 rw-p 00000000 00:00 0 
7f72f8498000-7f72f857e000 ---p 00000000 00:00 0 
7f72f857e000-7f72f8583000 rw-p 00000000 00:00 0 
7f72f8583000-7f72f8669000 ---p 00000000 00:00 0 
7f72f8669000-7f72f8670000 r-xp 00000000 08:01 1050223                    /usr/lib/jvm/java-11-openjdk-amd64/lib/libzip.so
7f72f8670000-7f72f886f000 ---p 00007000 08:01 1050223                    /usr/lib/jvm/java-11-openjdk-amd64/lib/libzip.so
7f72f886f000-7f72f8870000 r--p 00006000 08:01 1050223                    /usr/lib/jvm/java-11-openjdk-amd64/lib/libzip.so
7f72f8870000-7f72f8871000 rw-p 00007000 08:01 1050223                    /usr/lib/jvm/java-11-openjdk-amd64/lib/libzip.so
7f72f8871000-7f72f887c000 r-xp 00000000 08:01 1835055                    /lib/x86_64-linux-gnu/libnss_files-2.27.so
7f72f887c000-7f72f8a7b000 ---p 0000b000 08:01 1835055                    /lib/x86_64-linux-gnu/libnss_files-2.27.so
7f72f8a7b000-7f72f8a7c000 r--p 0000a000 08:01 1835055                    /lib/x86_64-linux-gnu/libnss_files-2.27.so
7f72f8a7c000-7f72f8a7d000 rw-p 0000b000 08:01 1835055                    /lib/x86_64-linux-gnu/libnss_files-2.27.so
7f72f8a7d000-7f72f8a83000 rw-p 00000000 00:00 0 
7f72f8a83000-7f72f8a9a000 r-xp 00000000 08:01 1835052                    /lib/x86_64-linux-gnu/libnsl-2.27.so
7f72f8a9a000-7f72f8c99000 ---p 00017000 08:01 1835052                    /lib/x86_64-linux-gnu/libnsl-2.27.so
7f72f8c99000-7f72f8c9a000 r--p 00016000 08:01 1835052                    /lib/x86_64-linux-gnu/libnsl-2.27.so
7f72f8c9a000-7f72f8c9b000 rw-p 00017000 08:01 1835052                    /lib/x86_64-linux-gnu/libnsl-2.27.so
7f72f8c9b000-7f72f8c9d000 rw-p 00000000 00:00 0 
7f72f8c9d000-7f72f8ca8000 r-xp 00000000 08:01 1835057                    /lib/x86_64-linux-gnu/libnss_nis-2.27.so
7f72f8ca8000-7f72f8ea7000 ---p 0000b000 08:01 1835057                    /lib/x86_64-linux-gnu/libnss_nis-2.27.so
7f72f8ea7000-7f72f8ea8000 r--p 0000a000 08:01 1835057                    /lib/x86_64-linux-gnu/libnss_nis-2.27.so
7f72f8ea8000-7f72f8ea9000 rw-p 0000b000 08:01 1835057                    /lib/x86_64-linux-gnu/libnss_nis-2.27.so
7f72f8ea9000-7f72f8eb1000 r-xp 00000000 08:01 1835053                    /lib/x86_64-linux-gnu/libnss_compat-2.27.so
7f72f8eb1000-7f72f90b1000 ---p 00008000 08:01 1835053                    /lib/x86_64-linux-gnu/libnss_compat-2.27.so
7f72f90b1000-7f72f90b2000 r--p 00008000 08:01 1835053                    /lib/x86_64-linux-gnu/libnss_compat-2.27.so
7f72f90b2000-7f72f90b3000 rw-p 00009000 08:01 1835053                    /lib/x86_64-linux-gnu/libnss_compat-2.27.so
7f72f90b3000-7f72f90b8000 r-xp 00000000 08:01 1049932                    /usr/lib/jvm/java-11-openjdk-amd64/lib/libjimage.so
7f72f90b8000-7f72f92b7000 ---p 00005000 08:01 1049932                    /usr/lib/jvm/java-11-openjdk-amd64/lib/libjimage.so
7f72f92b7000-7f72f92b8000 r--p 00004000 08:01 1049932                    /usr/lib/jvm/java-11-openjdk-amd64/lib/libjimage.so
7f72f92b8000-7f72f92b9000 rw-p 00005000 08:01 1049932                    /usr/lib/jvm/java-11-openjdk-amd64/lib/libjimage.so
7f72f92b9000-7f72f92e2000 r-xp 00000000 08:01 1049899                    /usr/lib/jvm/java-11-openjdk-amd64/lib/libjava.so
7f72f92e2000-7f72f94e2000 ---p 00029000 08:01 1049899                    /usr/lib/jvm/java-11-openjdk-amd64/lib/libjava.so
7f72f94e2000-7f72f94e3000 r--p 00029000 08:01 1049899                    /usr/lib/jvm/java-11-openjdk-amd64/lib/libjava.so
7f72f94e3000-7f72f94e4000 rw-p 0002a000 08:01 1049899                    /usr/lib/jvm/java-11-openjdk-amd64/lib/libjava.so
7f72f94e4000-7f72f94e5000 rw-p 00000000 00:00 0 
7f72f94e5000-7f72f94f2000 r-xp 00000000 08:01 1050221                    /usr/lib/jvm/java-11-openjdk-amd64/lib/libverify.so
7f72f94f2000-7f72f96f1000 ---p 0000d000 08:01 1050221                    /usr/lib/jvm/java-11-openjdk-amd64/lib/libverify.so
7f72f96f1000-7f72f96f3000 r--p 0000c000 08:01 1050221                    /usr/lib/jvm/java-11-openjdk-amd64/lib/libverify.so
7f72f96f3000-7f72f96f4000 rw-p 0000e000 08:01 1050221                    /usr/lib/jvm/java-11-openjdk-amd64/lib/libverify.so
7f72f96f4000-7f72f96fb000 r-xp 00000000 08:01 1840227                    /lib/x86_64-linux-gnu/librt-2.27.so
7f72f96fb000-7f72f98fa000 ---p 00007000 08:01 1840227                    /lib/x86_64-linux-gnu/librt-2.27.so
7f72f98fa000-7f72f98fb000 r--p 00006000 08:01 1840227                    /lib/x86_64-linux-gnu/librt-2.27.so
7f72f98fb000-7f72f98fc000 rw-p 00007000 08:01 1840227                    /lib/x86_64-linux-gnu/librt-2.27.so
7f72f98fc000-7f72f9913000 r-xp 00000000 08:01 1835013                    /lib/x86_64-linux-gnu/libgcc_s.so.1
7f72f9913000-7f72f9b12000 ---p 00017000 08:01 1835013                    /lib/x86_64-linux-gnu/libgcc_s.so.1
7f72f9b12000-7f72f9b13000 r--p 00016000 08:01 1835013                    /lib/x86_64-linux-gnu/libgcc_s.so.1
7f72f9b13000-7f72f9b14000 rw-p 00017000 08:01 1835013                    /lib/x86_64-linux-gnu/libgcc_s.so.1
7f72f9b14000-7f72f9cb1000 r-xp 00000000 08:01 1835049                    /lib/x86_64-linux-gnu/libm-2.27.so
7f72f9cb1000-7f72f9eb0000 ---p 0019d000 08:01 1835049                    /lib/x86_64-linux-gnu/libm-2.27.so
7f72f9eb0000-7f72f9eb1000 r--p 0019c000 08:01 1835049                    /lib/x86_64-linux-gnu/libm-2.27.so
7f72f9eb1000-7f72f9eb2000 rw-p 0019d000 08:01 1835049                    /lib/x86_64-linux-gnu/libm-2.27.so
7f72f9eb2000-7f72fa02b000 r-xp 00000000 08:01 2360550                    /usr/lib/x86_64-linux-gnu/libstdc++.so.6.0.25
7f72fa02b000-7f72fa22b000 ---p 00179000 08:01 2360550                    /usr/lib/x86_64-linux-gnu/libstdc++.so.6.0.25
7f72fa22b000-7f72fa235000 r--p 00179000 08:01 2360550                    /usr/lib/x86_64-linux-gnu/libstdc++.so.6.0.25
7f72fa235000-7f72fa237000 rw-p 00183000 08:01 2360550                    /usr/lib/x86_64-linux-gnu/libstdc++.so.6.0.25
7f72fa237000-7f72fa23b000 rw-p 00000000 00:00 0 
7f72fa23b000-7f72fb319000 r-xp 00000000 08:01 1181144                    /usr/lib/jvm/java-11-openjdk-amd64/lib/server/libjvm.so
7f72fb319000-7f72fb518000 ---p 010de000 08:01 1181144                    /usr/lib/jvm/java-11-openjdk-amd64/lib/server/libjvm.so
7f72fb518000-7f72fb5d5000 r--p 010dd000 08:01 1181144                    /usr/lib/jvm/java-11-openjdk-amd64/lib/server/libjvm.so
7f72fb5d5000-7f72fb60e000 rw-p 0119a000 08:01 1181144                    /usr/lib/jvm/java-11-openjdk-amd64/lib/server/libjvm.so
7f72fb60e000-7f72fb665000 rw-p 00000000 00:00 0 
7f72fb665000-7f72fb67f000 r-xp 00000000 08:01 1840183                    /lib/x86_64-linux-gnu/libpthread-2.27.so
7f72fb67f000-7f72fb87e000 ---p 0001a000 08:01 1840183                    /lib/x86_64-linux-gnu/libpthread-2.27.so
7f72fb87e000-7f72fb87f000 r--p 00019000 08:01 1840183                    /lib/x86_64-linux-gnu/libpthread-2.27.so
7f72fb87f000-7f72fb880000 rw-p 0001a000 08:01 1840183                    /lib/x86_64-linux-gnu/libpthread-2.27.so
7f72fb880000-7f72fb884000 rw-p 00000000 00:00 0 
7f72fb884000-7f72fb887000 r-xp 00000000 08:01 1835048                    /lib/x86_64-linux-gnu/libdl-2.27.so
7f72fb887000-7f72fba86000 ---p 00003000 08:01 1835048                    /lib/x86_64-linux-gnu/libdl-2.27.so
7f72fba86000-7f72fba87000 r--p 00002000 08:01 1835048                    /lib/x86_64-linux-gnu/libdl-2.27.so
7f72fba87000-7f72fba88000 rw-p 00003000 08:01 1835048                    /lib/x86_64-linux-gnu/libdl-2.27.so
7f72fba88000-7f72fbaa4000 r-xp 00000000 08:01 1840663                    /lib/x86_64-linux-gnu/libz.so.1.2.11
7f72fbaa4000-7f72fbca3000 ---p 0001c000 08:01 1840663                    /lib/x86_64-linux-gnu/libz.so.1.2.11
7f72fbca3000-7f72fbca4000 r--p 0001b000 08:01 1840663                    /lib/x86_64-linux-gnu/libz.so.1.2.11
7f72fbca4000-7f72fbca5000 rw-p 0001c000 08:01 1840663                    /lib/x86_64-linux-gnu/libz.so.1.2.11
7f72fbca5000-7f72fbe8c000 r-xp 00000000 08:01 1835045                    /lib/x86_64-linux-gnu/libc-2.27.so
7f72fbe8c000-7f72fc08c000 ---p 001e7000 08:01 1835045                    /lib/x86_64-linux-gnu/libc-2.27.so
7f72fc08c000-7f72fc090000 r--p 001e7000 08:01 1835045                    /lib/x86_64-linux-gnu/libc-2.27.so
7f72fc090000-7f72fc092000 rw-p 001eb000 08:01 1835045                    /lib/x86_64-linux-gnu/libc-2.27.so
7f72fc092000-7f72fc096000 rw-p 00000000 00:00 0 
7f72fc096000-7f72fc0a6000 r-xp 00000000 08:01 1049770                    /usr/lib/jvm/java-11-openjdk-amd64/lib/jli/libjli.so
7f72fc0a6000-7f72fc2a5000 ---p 00010000 08:01 1049770                    /usr/lib/jvm/java-11-openjdk-amd64/lib/jli/libjli.so
7f72fc2a5000-7f72fc2a6000 r--p 0000f000 08:01 1049770                    /usr/lib/jvm/java-11-openjdk-amd64/lib/jli/libjli.so
7f72fc2a6000-7f72fc2a7000 rw-p 00010000 08:01 1049770                    /usr/lib/jvm/java-11-openjdk-amd64/lib/jli/libjli.so
7f72fc2a7000-7f72fc2ce000 r-xp 00000000 08:01 1835021                    /lib/x86_64-linux-gnu/ld-2.27.so
7f72fc30e000-7f72fc3ae000 rw-p 00000000 00:00 0 
7f72fc3ae000-7f72fc3b5000 ---p 00000000 00:00 0 
7f72fc3b5000-7f72fc3b9000 ---p 00000000 00:00 0 
7f72fc3b9000-7f72fc4b8000 rw-p 00000000 00:00 0 
7f72fc4c0000-7f72fc4c2000 r--s 00007000 08:01 2628883                    /usr/share/java/java-atk-wrapper.jar
7f72fc4c2000-7f72fc4ca000 rw-s 00000000 08:01 2633462                    /tmp/hsperfdata_dcl/7319
7f72fc4ca000-7f72fc4cb000 ---p 00000000 00:00 0 
7f72fc4cb000-7f72fc4cc000 r--p 00000000 00:00 0 
7f72fc4cc000-7f72fc4ce000 rw-p 00000000 00:00 0 
7f72fc4ce000-7f72fc4cf000 r--p 00027000 08:01 1835021                    /lib/x86_64-linux-gnu/ld-2.27.so
7f72fc4cf000-7f72fc4d0000 rw-p 00028000 08:01 1835021                    /lib/x86_64-linux-gnu/ld-2.27.so
7f72fc4d0000-7f72fc4d1000 rw-p 00000000 00:00 0 
7ffd99213000-7ffd99234000 rw-p 00000000 00:00 0                          [stack]
7ffd99388000-7ffd9938b000 r--p 00000000 00:00 0                          [vvar]
7ffd9938b000-7ffd9938d000 r-xp 00000000 00:00 0                          [vdso]
ffffffffff600000-ffffffffff601000 r-xp 00000000 00:00 0                  [vsyscall]


VM Arguments:
java_command: /home/dcl/Documents/project/CS451-2020-project/template_java/bin/da_proc.jar --id 1 --hosts /tmp/tmpnvz9rz_8 --barrier localhost:10000 --signal localhost:11000 --output /home/dcl/Documents/project/CS451-2020-project/template_java/outputs/proc01.output /tmp/tmpgnxgetfv
java_class_path (initial): /home/dcl/Documents/project/CS451-2020-project/template_java/bin/da_proc.jar
Launcher Type: SUN_STANDARD

[Global flags]
     intx CICompilerCount                          = 3                                         {product} {ergonomic}
     uint ConcGCThreads                            = 2                                         {product} {ergonomic}
     uint G1ConcRefinementThreads                  = 6                                         {product} {ergonomic}
   size_t G1HeapRegionSize                         = 1048576                                   {product} {ergonomic}
    uintx GCDrainStackTargetSize                   = 64                                        {product} {ergonomic}
   size_t InitialHeapSize                          = 65011712                                  {product} {ergonomic}
   size_t MarkStackSize                            = 4194304                                   {product} {ergonomic}
   size_t MaxHeapSize                              = 1033895936                                {product} {ergonomic}
   size_t MaxNewSize                               = 619708416                                 {product} {ergonomic}
   size_t MinHeapDeltaBytes                        = 1048576                                   {product} {ergonomic}
    uintx NonNMethodCodeHeapSize                   = 5830732                                {pd product} {ergonomic}
    uintx NonProfiledCodeHeapSize                  = 122913754                              {pd product} {ergonomic}
    uintx ProfiledCodeHeapSize                     = 122913754                              {pd product} {ergonomic}
    uintx ReservedCodeCacheSize                    = 251658240                              {pd product} {ergonomic}
     bool SegmentedCodeCache                       = true                                      {product} {ergonomic}
     bool UseCompressedClassPointers               = true                                 {lp64_product} {ergonomic}
     bool UseCompressedOops                        = true                                 {lp64_product} {ergonomic}
     bool UseG1GC                                  = true                                      {product} {ergonomic}

Logging:
Log output configuration:
 #0: stdout all=warning uptime,level,tags
 #1: stderr all=off uptime,level,tags

Environment Variables:
PATH=/usr/local/sbin:/usr/local/bin:/usr/sbin:/usr/bin:/sbin:/bin:/usr/games:/usr/local/games:/snap/bin
SHELL=/bin/bash
DISPLAY=:0.0
LANG=en_US.UTF-8

Signal Handlers:
SIGSEGV: [libjvm.so+0xdf9610], sa_mask[0]=11111111011111111101111111111110, sa_flags=SA_RESTART|SA_SIGINFO
SIGBUS: [libjvm.so+0xdf9610], sa_mask[0]=11111111011111111101111111111110, sa_flags=SA_RESTART|SA_SIGINFO
SIGFPE: [libjvm.so+0xdf9610], sa_mask[0]=11111111011111111101111111111110, sa_flags=SA_RESTART|SA_SIGINFO
SIGPIPE: [libjvm.so+0xbcc360], sa_mask[0]=11111111011111111101111111111110, sa_flags=SA_RESTART|SA_SIGINFO
SIGXFSZ: [libjvm.so+0xbcc360], sa_mask[0]=11111111011111111101111111111110, sa_flags=SA_RESTART|SA_SIGINFO
SIGILL: [libjvm.so+0xdf9610], sa_mask[0]=11111111011111111101111111111110, sa_flags=SA_RESTART|SA_SIGINFO
SIGUSR2: [libjvm.so+0xbcc200], sa_mask[0]=00000000000000000000000000000000, sa_flags=SA_RESTART|SA_SIGINFO
SIGHUP: [libjvm.so+0xbcc560], sa_mask[0]=11111111011111111101111111111110, sa_flags=SA_RESTART|SA_SIGINFO
SIGINT: [libjvm.so+0xbcc560], sa_mask[0]=11111111011111111101111111111110, sa_flags=SA_RESTART|SA_SIGINFO
SIGTERM: [libjvm.so+0xbcc560], sa_mask[0]=11111111011111111101111111111110, sa_flags=SA_RESTART|SA_SIGINFO
SIGQUIT: [libjvm.so+0xbcc560], sa_mask[0]=11111111011111111101111111111110, sa_flags=SA_RESTART|SA_SIGINFO


---------------  S Y S T E M  ---------------

OS:DISTRIB_ID=Ubuntu
DISTRIB_RELEASE=18.04
DISTRIB_CODENAME=bionic
DISTRIB_DESCRIPTION="Ubuntu 18.04.5 LTS"
uname:Linux 4.15.0-117-generic #118-Ubuntu SMP Fri Sep 4 20:02:41 UTC 2020 x86_64
OS uptime: 0 days 0:40 hours
libc:glibc 2.27 NPTL 2.27 
rlimit (soft/hard): STACK 8192k/infinity , CORE 0k/infinity , NPROC 15599/15599 , NOFILE 1048576/1048576 , AS infinity/infinity , CPU infinity/infinity , DATA infinity/infinity , FSIZE infinity/infinity , MEMLOCK 16384k/16384k
load average:16.69 9.36 4.41

/proc/meminfo:
MemTotal:        4038492 kB
MemFree:          732812 kB
MemAvailable:    1318832 kB
Buffers:           44244 kB
Cached:           722960 kB
SwapCached:            0 kB
Active:          2667032 kB
Inactive:         471320 kB
Active(anon):    2371880 kB
Inactive(anon):     1336 kB
Active(file):     295152 kB
Inactive(file):   469984 kB
Unevictable:           0 kB
Mlocked:               0 kB
SwapTotal:       2097148 kB
SwapFree:        2097148 kB
Dirty:               252 kB
Writeback:             0 kB
AnonPages:       2371104 kB
Mapped:           181464 kB
Shmem:              2072 kB
Slab:              75720 kB
SReclaimable:      47708 kB
SUnreclaim:        28012 kB
KernelStack:       12448 kB
PageTables:        30032 kB
NFS_Unstable:          0 kB
Bounce:                0 kB
WritebackTmp:          0 kB
CommitLimit:     4116392 kB
Committed_AS:    4882320 kB
VmallocTotal:   34359738367 kB
VmallocUsed:           0 kB
VmallocChunk:          0 kB
HardwareCorrupted:     0 kB
AnonHugePages:         0 kB
ShmemHugePages:        0 kB
ShmemPmdMapped:        0 kB
CmaTotal:              0 kB
CmaFree:               0 kB
HugePages_Total:       0
HugePages_Free:        0
HugePages_Rsvd:        0
HugePages_Surp:        0
Hugepagesize:       2048 kB
DirectMap4k:      118720 kB
DirectMap2M:     4075520 kB

/sys/kernel/mm/transparent_hugepage/enabled:
always [madvise] never

/sys/kernel/mm/transparent_hugepage/defrag (defrag/compaction efforts parameter):
always defer defer+madvise [madvise] never


/proc/sys/kernel/threads-max (system-wide limit on the number of threads):
31199


/proc/sys/vm/max_map_count (maximum number of memory map areas a process may have):
65530


/proc/sys/kernel/pid_max (system-wide limit on number of process identifiers):
32768



container (cgroup) information:
container_type: cgroupv1
cpu_cpuset_cpus: 0-5
cpu_memory_nodes: 0
active_processor_count: 6
cpu_quota: -1
cpu_period: 100000
cpu_shares: -1
memory_limit_in_bytes: -1
memory_and_swap_limit_in_bytes: -2
memory_soft_limit_in_bytes: -1
memory_usage_in_bytes: 3214311424
memory_max_usage_in_bytes: 0

KVM virtualization detected
Steal ticks since vm start: 0
Steal ticks percentage since vm start:  0.000

CPU:total 6 (initial active 6) (6 cores per cpu, 1 threads per core) family 6 model 158 stepping 10, cmov, cx8, fxsr, mmx, sse, sse2, sse3, ssse3, sse4.1, sse4.2, tsc, tscinvbit
CPU Model and flags from /proc/cpuinfo:
model name	: Intel(R) Core(TM) i7-9750H CPU @ 2.60GHz
flags		: fpu vme de pse tsc msr pae mce cx8 apic sep mtrr pge mca cmov pat pse36 clflush mmx fxsr sse sse2 ht syscall nx rdtscp lm constant_tsc rep_good nopl xtopology nonstop_tsc cpuid tsc_known_freq pni ssse3 pcid sse4_1 sse4_2 hypervisor lahf_lm invpcid_single pti fsgsbase invpcid md_clear flush_l1d arch_capabilities

Memory: 4k page, physical 4038492k(732564k free), swap 2097148k(2097148k free)

vm_info: OpenJDK 64-Bit Server VM (11.0.8+10-post-Ubuntu-0ubuntu118.04.1) for linux-amd64 JRE (11.0.8+10-post-Ubuntu-0ubuntu118.04.1), built on Jul 15 2020 20:45:24 by "unknown" with gcc 7.5.0

END.
