#
# A fatal error has been detected by the Java Runtime Environment:
#
#  SIGSEGV (0xb) at pc=0x00007f8ad4448ccb, pid=3245, tid=3327
#
# JRE version: OpenJDK Runtime Environment (11.0.8+10) (build 11.0.8+10-post-Ubuntu-0ubuntu118.04.1)
# Java VM: OpenJDK 64-Bit Server VM (11.0.8+10-post-Ubuntu-0ubuntu118.04.1, mixed mode, sharing, tiered, compressed oops, g1 gc, linux-amd64)
# Problematic frame:
# J 1002 c2 cs451.layers.TransportLayer.receive(Lcs451/utils/Packet;)V (69 bytes) @ 0x00007f8ad4448ccb [0x00007f8ad44458a0+0x000000000000342b]
#
# Core dump will be written. Default location: Core dumps may be processed with "/usr/share/apport/apport %p %s %c %d %P %E" (or dumping to /home/dcl/Documents/project/CS451-2020-project/core.3245)
#
# If you would like to submit a bug report, please visit:
#   https://bugs.launchpad.net/ubuntu/+source/openjdk-lts
#

---------------  S U M M A R Y ------------

Command Line: /home/dcl/Documents/project/CS451-2020-project/template_java/bin/da_proc.jar --id 1 --hosts /tmp/tmpk22ci_0t --barrier localhost:10000 --signal localhost:11000 --output /home/dcl/Documents/project/CS451-2020-project/template_java/outputs/proc01.output /tmp/tmpx6qcmb65

Host: Intel(R) Core(TM) i7-9750H CPU @ 2.60GHz, 6 cores, 3G, Ubuntu 18.04.5 LTS
Time: Thu Nov 12 18:45:27 2020 CET elapsed time: 11 seconds (0d 0h 0m 11s)

---------------  T H R E A D  ---------------

Current thread (0x00007f8ae42a4000):  JavaThread "CUSTOM_handler_receiver_thread" [_thread_in_Java, id=3327, stack(0x00007f8a96ec9000,0x00007f8a96fca000)]

Stack: [0x00007f8a96ec9000,0x00007f8a96fca000],  sp=0x00007f8a96fc87c0,  free space=1021k
Native frames: (J=compiled Java code, A=aot compiled Java code, j=interpreted, Vv=VM code, C=native code)
J 1002 c2 cs451.layers.TransportLayer.receive(Lcs451/utils/Packet;)V (69 bytes) @ 0x00007f8ad4448ccb [0x00007f8ad44458a0+0x000000000000342b]
j  cs451.layers.GroundLayer.handleReceivedPacketThreadFunction()V+28
j  cs451.layers.GroundLayer.lambda$start$1()V+0
j  cs451.layers.GroundLayer$$Lambda$28.run()V+0
j  java.lang.Thread.run()V+11 java.base@11.0.8
v  ~StubRoutines::call_stub
V  [libjvm.so+0x84eb09]
V  [libjvm.so+0x84cc4d]
V  [libjvm.so+0x8f6c9c]
V  [libjvm.so+0xd8996f]
V  [libjvm.so+0xd860bf]
V  [libjvm.so+0xbd632e]


siginfo: si_signo: 11 (SIGSEGV), si_code: 1 (SEGV_MAPERR), si_addr: 0x000000000000000c

Register to memory mapping:

RAX=0x0000000000000009 is an unknown value
RBX=0x0000000000000001 is an unknown value
RCX=0x00000000c4300000 points into unknown readable memory: 01 00 00 00 00 00 00 00
RDX=
[error occurred during error reporting (printing register info), id 0xb, SIGSEGV (0xb) at pc=0x00007f8aec74e89d]

Registers:
RAX=0x0000000000000009, RBX=0x0000000000000001, RCX=0x00000000c4300000, RDX=0x00000000ca2da890
RSP=0x00007f8a96fc87c0, RBP=0x0000000000000000, RSI=0x0000000059c415d1, RDI=0x00000000c9d25908
R8 =0x000000000000355a, R9 =0x0000000000000000, R10=0x00000000c9d25908, R11=0x0000000000000000
R12=0x0000000000000000, R13=0x0000000000002afa, R14=0x00000000c9d258b0, R15=0x00007f8ae42a4000
RIP=0x00007f8ad4448ccb, EFLAGS=0x0000000000010246, CSGSFS=0x002b000000000033, ERR=0x0000000000000004
  TRAPNO=0x000000000000000e

Top of Stack: (sp=0x00007f8a96fc87c0)
0x00007f8a96fc87c0:   00000000c42f8320 0000000000000007
0x00007f8a96fc87d0:   0000000000000003 00000000c53e3798
0x00007f8a96fc87e0:   00000000ca2da810 59c44c15c53e3798
0x00007f8a96fc87f0:   0000000100000000 00000000c51b4a98 

Instructions: (pc=0x00007f8ad4448ccb)
0x00007f8ad4448bcb:   85 c0 0f 84 f7 38 00 00 8b 6a 0c 44 3b c5 0f 84
0x00007f8ad4448bdb:   64 e5 ff ff be 4d ff ff ff 4c 8b 54 24 20 4c 89
0x00007f8ad4448beb:   14 24 44 8b 54 24 30 44 89 54 24 08 4c 8b 54 24
0x00007f8ad4448bfb:   38 4c 89 54 24 10 44 8b 54 24 34 44 89 54 24 18
0x00007f8ad4448c0b:   44 89 4c 24 38 44 89 44 24 3c 66 90 e8 e4 ec 4d
0x00007f8ad4448c1b:   f8 44 8b 5d 08 41 81 fb 4f 16 01 08 0f 85 23 42
0x00007f8ad4448c2b:   00 00 4c 8b d5 4d 8b f2 4d 3b 42 10 74 66 66 41
0x00007f8ad4448c3b:   0f 7e c2 41 8b 6a 18 85 ed 0f 84 27 09 00 00 45
0x00007f8ad4448c4b:   8b 42 08 41 81 f8 54 bb 05 00 0f 84 85 35 00 00
0x00007f8ad4448c5b:   45 33 d2 44 8b 45 0c 44 3b 44 24 2c 0f 85 da 07
0x00007f8ad4448c6b:   00 00 44 8b 5d 10 49 8b d3 48 3b 54 24 20 0f 85
0x00007f8ad4448c7b:   43 09 00 00 4c 8b 34 24 4c 8b 6c 24 08 8b 4c 24
0x00007f8ad4448c8b:   10 44 8b 44 24 28 48 8b 7c 24 18 8b 5c 24 14 e9
0x00007f8ad4448c9b:   0e d3 ff ff 45 8b 52 1c 41 8b fa 41 3b d2 0f 84
0x00007f8ad4448cab:   02 01 00 00 41 0f be 6a 14 44 3b cd 0f 85 57 3d
0x00007f8ad4448cbb:   00 00 45 85 c9 0f 85 96 3d 00 00 66 45 0f 7e d3
0x00007f8ad4448ccb:   41 8b 4b 0c 45 8b 5a 0c 45 8b 53 0c 41 3b ca 0f
0x00007f8ad4448cdb:   85 10 3b 00 00 4d 8b d3 49 8d 73 10 66 45 0f 7e
0x00007f8ad4448ceb:   d2 66 45 0f 7e d3 49 8d 7b 10 85 c9 0f 84 a3 00
0x00007f8ad4448cfb:   00 00 8b c1 83 e0 0f 83 e1 f0 0f 84 4b 00 00 00
0x00007f8ad4448d0b:   48 8d 3c 0f 48 8d 34 0e 48 f7 d9 f3 0f 6f 14 0f
0x00007f8ad4448d1b:   f3 0f 6f 0c 0e 66 0f ef d1 66 0f 38 17 d2 0f 85
0x00007f8ad4448d2b:   78 00 00 00 48 83 c1 10 75 e1 85 c0 0f 84 63 00
0x00007f8ad4448d3b:   00 00 f3 0f 6f 54 07 f0 f3 0f 6f 4c 06 f0 66 0f
0x00007f8ad4448d4b:   ef d1 66 0f 38 17 d2 75 53 eb 4a 8b c8 83 e1 fc
0x00007f8ad4448d5b:   74 19 48 8d 3c 0f 48 8d 34 0e 48 f7 d9 8b 1c 0f
0x00007f8ad4448d6b:   3b 1c 0e 75 37 48 83 c1 04 75 f2 a9 02 00 00 00
0x00007f8ad4448d7b:   74 12 0f b7 1f 0f b7 0e 3b d9 75 20 48 8d 7f 02
0x00007f8ad4448d8b:   48 8d 76 02 a9 01 00 00 00 74 0a 0f b6 1f 0f b6
0x00007f8ad4448d9b:   0e 3b d9 75 07 b8 01 00 00 00 eb 02 33 c0 85 c0
0x00007f8ad4448dab:   0f 84 41 3a 00 00 4d 8b d6 41 8b 6a 0c 45 8b dd
0x00007f8ad4448dbb:   44 3b dd 0f 84 aa d1 ff ff be 4d ff ff ff 4c 8b 


Stack slot to memory mapping:
stack at sp + 0 slots: 0x00000000c42f8320 is an oop: cs451.layers.TransportLayer 
{0x00000000c42f8320} - klass: 'cs451/layers/TransportLayer'
stack at sp + 1 slots: 0x0000000000000007 is an unknown value
stack at sp + 2 slots: 0x0000000000000003 is an unknown value
stack at sp + 3 slots: 0x00000000c53e3798 points into unknown readable memory: 0d 40 2a e4 8a 7f 00 00
stack at sp + 4 slots: 0x00000000ca2da810 is an oop: cs451.utils.Packet 
{0x00000000ca2da810} - klass: 'cs451/utils/Packet'
stack at sp + 5 slots: 0x59c44c15c53e3798 is an unknown value
stack at sp + 6 slots: 0x0000000100000000 is an unknown value
stack at sp + 7 slots: 0x00000000c51b4a98 points into unknown readable memory: 0d 00 00 00 00 00 00 00



---------------  P R O C E S S  ---------------

Threads class SMR info:
_java_thread_list=0x00007f8a6c036050, length=17, elements={
0x00007f8ae4016800, 0x00007f8ae412a800, 0x00007f8ae412c800, 0x00007f8ae4134000,
0x00007f8ae4136000, 0x00007f8ae4138000, 0x00007f8ae413a000, 0x00007f8ae4185000,
0x00007f8ae418a800, 0x00007f8ae427a000, 0x00007f8ae428c000, 0x00007f8ae4294800,
0x00007f8ae4297800, 0x00007f8ae4299800, 0x00007f8ae429b000, 0x00007f8ae42a2000,
0x00007f8ae42a4000
}

Java Threads: ( => current thread )
  0x00007f8ae4016800 JavaThread "CUSTOM_main_sender_thread" [_thread_blocked, id=3248, stack(0x00007f8aee0d6000,0x00007f8aee1d7000)]
  0x00007f8ae412a800 JavaThread "Reference Handler" daemon [_thread_blocked, id=3267, stack(0x00007f8acc177000,0x00007f8acc278000)]
  0x00007f8ae412c800 JavaThread "Finalizer" daemon [_thread_blocked, id=3270, stack(0x00007f8acc076000,0x00007f8acc177000)]
  0x00007f8ae4134000 JavaThread "Signal Dispatcher" daemon [_thread_blocked, id=3275, stack(0x00007f8ac4467000,0x00007f8ac4568000)]
  0x00007f8ae4136000 JavaThread "C2 CompilerThread0" daemon [_thread_blocked, id=3276, stack(0x00007f8ac4366000,0x00007f8ac4467000)]
  0x00007f8ae4138000 JavaThread "C1 CompilerThread0" daemon [_thread_blocked, id=3277, stack(0x00007f8ac4265000,0x00007f8ac4366000)]
  0x00007f8ae413a000 JavaThread "Sweeper thread" daemon [_thread_blocked, id=3279, stack(0x00007f8ac4164000,0x00007f8ac4265000)]
  0x00007f8ae4185000 JavaThread "Service Thread" daemon [_thread_blocked, id=3288, stack(0x00007f8ac4063000,0x00007f8ac4164000)]
  0x00007f8ae418a800 JavaThread "Common-Cleaner" daemon [_thread_blocked, id=3292, stack(0x00007f8a97dfd000,0x00007f8a97efe000)]
  0x00007f8ae427a000 JavaThread "CUSTOM_gc_process_timer" [_thread_blocked, id=3317, stack(0x00007f8a978d4000,0x00007f8a979d5000)]
  0x00007f8ae428c000 JavaThread "Timer-1" [_thread_blocked, id=3319, stack(0x00007f8a975d0000,0x00007f8a976d1000)]
  0x00007f8ae4294800 JavaThread "Timer-2" [_thread_blocked, id=3320, stack(0x00007f8a974cf000,0x00007f8a975d0000)]
  0x00007f8ae4297800 JavaThread "CUSTOM_ping_sender_timer" [_thread_blocked, id=3321, stack(0x00007f8a973ce000,0x00007f8a974cf000)]
  0x00007f8ae4299800 JavaThread "CUSTOM_resending_transport_4_timer" [_thread_in_native, id=3322, stack(0x00007f8a972cd000,0x00007f8a973ce000)]
  0x00007f8ae429b000 JavaThread "CUSTOM__sender_thread" [_thread_blocked, id=3324, stack(0x00007f8a970cb000,0x00007f8a971cc000)]
  0x00007f8ae42a2000 JavaThread "CUSTOM_udp_receiver_thread" [_thread_in_native, id=3325, stack(0x00007f8a96fca000,0x00007f8a970cb000)]
=>0x00007f8ae42a4000 JavaThread "CUSTOM_handler_receiver_thread" [_thread_in_Java, id=3327, stack(0x00007f8a96ec9000,0x00007f8a96fca000)]

Other Threads:
  0x00007f8ae4127800 VMThread "VM Thread" [stack: 0x00007f8acc27a000,0x00007f8acc37a000] [id=3266]
  0x00007f8ae4187800 WatcherThread [stack: 0x00007f8a97f00000,0x00007f8a98000000] [id=3289]
  0x00007f8ae402f000 GCTaskThread "GC Thread#0" [stack: 0x00007f8aea0b4000,0x00007f8aea1b4000] [id=3251]
  0x00007f8ab4091000 GCTaskThread "GC Thread#1" [stack: 0x00007f8a96dc9000,0x00007f8a96ec9000] [id=3334]
  0x00007f8ab4092800 GCTaskThread "GC Thread#2" [stack: 0x00007f8a96cc7000,0x00007f8a96dc7000] [id=3335]
  0x00007f8ab4094000 GCTaskThread "GC Thread#3" [stack: 0x00007f8a96973000,0x00007f8a96a73000] [id=3336]
  0x00007f8ab4095800 GCTaskThread "GC Thread#4" [stack: 0x00007f8a96871000,0x00007f8a96971000] [id=3337]
  0x00007f8ab4097000 GCTaskThread "GC Thread#5" [stack: 0x00007f8a9676f000,0x00007f8a9686f000] [id=3338]
  0x00007f8ae404a800 ConcurrentGCThread "G1 Main Marker" [stack: 0x00007f8ae847d000,0x00007f8ae857d000] [id=3252]
  0x00007f8ae404c800 ConcurrentGCThread "G1 Conc#0" [stack: 0x00007f8ae837b000,0x00007f8ae847b000] [id=3253]
  0x00007f8ac0001000 ConcurrentGCThread "G1 Conc#1" [stack: 0x00007f8a96bc5000,0x00007f8a96cc5000] [id=3339]
  0x00007f8ae4098000 ConcurrentGCThread "G1 Refine#0" [stack: 0x00007f8acc4ff000,0x00007f8acc5ff000] [id=3255]
  0x00007f8ae409a000 ConcurrentGCThread "G1 Young RemSet Sampling" [stack: 0x00007f8acc3fd000,0x00007f8acc4fd000] [id=3256]

Threads with active compile tasks:

VM state:not at safepoint (normal execution)

VM Mutex/Monitor currently owned by a thread: None

Heap address: 0x00000000c2600000, size: 986 MB, Compressed Oops mode: 32-bit
Narrow klass base: 0x0000000800000000, Narrow klass shift: 3
Compressed class space size: 1073741824 Address: 0x0000000840000000

Heap:
 garbage-first heap   total 148480K, used 99727K [0x00000000c2600000, 0x0000000100000000)
  region size 1024K, 25 young (25600K), 4 survivors (4096K)
 Metaspace       used 2869K, capacity 5546K, committed 5632K, reserved 1056768K
  class space    used 350K, capacity 711K, committed 768K, reserved 1048576K
Heap Regions: E=young(eden), S=young(survivor), O=old, HS=humongous(starts), HC=humongous(continues), CS=collection set, F=free, A=archive, TAMS=top-at-mark-start (previous, next)
|   0|0x00000000c2600000, 0x00000000c2700000, 0x00000000c2700000|100%|HS|  |TAMS 0x00000000c2700000, 0x00000000c2600000| Complete 
|   1|0x00000000c2700000, 0x00000000c2800000, 0x00000000c2800000|100%|HC|  |TAMS 0x00000000c2800000, 0x00000000c2700000| Complete 
|   2|0x00000000c2800000, 0x00000000c2900000, 0x00000000c2900000|100%|HC|  |TAMS 0x00000000c2900000, 0x00000000c2800000| Complete 
|   3|0x00000000c2900000, 0x00000000c2a00000, 0x00000000c2a00000|100%|HC|  |TAMS 0x00000000c2a00000, 0x00000000c2900000| Complete 
|   4|0x00000000c2a00000, 0x00000000c2b00000, 0x00000000c2b00000|100%|HC|  |TAMS 0x00000000c2b00000, 0x00000000c2a00000| Complete 
|   5|0x00000000c2b00000, 0x00000000c2c00000, 0x00000000c2c00000|100%|HC|  |TAMS 0x00000000c2c00000, 0x00000000c2b00000| Complete 
|   6|0x00000000c2c00000, 0x00000000c2d00000, 0x00000000c2d00000|100%|HC|  |TAMS 0x00000000c2d00000, 0x00000000c2c00000| Complete 
|   7|0x00000000c2d00000, 0x00000000c2e00000, 0x00000000c2e00000|100%|HC|  |TAMS 0x00000000c2e00000, 0x00000000c2d00000| Complete 
|   8|0x00000000c2e00000, 0x00000000c2f00000, 0x00000000c2f00000|100%|HS|  |TAMS 0x00000000c2f00000, 0x00000000c2e00000| Complete 
|   9|0x00000000c2f00000, 0x00000000c3000000, 0x00000000c3000000|100%|HC|  |TAMS 0x00000000c3000000, 0x00000000c2f00000| Complete 
|  10|0x00000000c3000000, 0x00000000c3100000, 0x00000000c3100000|100%|HC|  |TAMS 0x00000000c3100000, 0x00000000c3000000| Complete 
|  11|0x00000000c3100000, 0x00000000c3200000, 0x00000000c3200000|100%|HC|  |TAMS 0x00000000c3200000, 0x00000000c3100000| Complete 
|  12|0x00000000c3200000, 0x00000000c3300000, 0x00000000c3300000|100%|HC|  |TAMS 0x00000000c3300000, 0x00000000c3200000| Complete 
|  13|0x00000000c3300000, 0x00000000c3400000, 0x00000000c3400000|100%|HC|  |TAMS 0x00000000c3400000, 0x00000000c3300000| Complete 
|  14|0x00000000c3400000, 0x00000000c3500000, 0x00000000c3500000|100%|HC|  |TAMS 0x00000000c3500000, 0x00000000c3400000| Complete 
|  15|0x00000000c3500000, 0x00000000c3600000, 0x00000000c3600000|100%|HC|  |TAMS 0x00000000c3600000, 0x00000000c3500000| Complete 
|  16|0x00000000c3600000, 0x00000000c3700000, 0x00000000c3700000|100%|HC|  |TAMS 0x00000000c3700000, 0x00000000c3600000| Complete 
|  17|0x00000000c3700000, 0x00000000c3800000, 0x00000000c3800000|100%|HS|  |TAMS 0x00000000c3800000, 0x00000000c3700000| Complete 
|  18|0x00000000c3800000, 0x00000000c3900000, 0x00000000c3900000|100%|HC|  |TAMS 0x00000000c3900000, 0x00000000c3800000| Complete 
|  19|0x00000000c3900000, 0x00000000c3a00000, 0x00000000c3a00000|100%|HC|  |TAMS 0x00000000c3a00000, 0x00000000c3900000| Complete 
|  20|0x00000000c3a00000, 0x00000000c3b00000, 0x00000000c3b00000|100%|HC|  |TAMS 0x00000000c3b00000, 0x00000000c3a00000| Complete 
|  21|0x00000000c3b00000, 0x00000000c3c00000, 0x00000000c3c00000|100%|HC|  |TAMS 0x00000000c3c00000, 0x00000000c3b00000| Complete 
|  22|0x00000000c3c00000, 0x00000000c3d00000, 0x00000000c3d00000|100%|HC|  |TAMS 0x00000000c3d00000, 0x00000000c3c00000| Complete 
|  23|0x00000000c3d00000, 0x00000000c3e00000, 0x00000000c3e00000|100%|HC|  |TAMS 0x00000000c3e00000, 0x00000000c3d00000| Complete 
|  24|0x00000000c3e00000, 0x00000000c3f00000, 0x00000000c3f00000|100%|HC|  |TAMS 0x00000000c3f00000, 0x00000000c3e00000| Complete 
|  25|0x00000000c3f00000, 0x00000000c4000000, 0x00000000c4000000|100%|HC|  |TAMS 0x00000000c4000000, 0x00000000c3f00000| Complete 
|  26|0x00000000c4000000, 0x00000000c4100000, 0x00000000c4100000|100%| O|  |TAMS 0x00000000c4100000, 0x00000000c4000000| Untracked 
|  27|0x00000000c4100000, 0x00000000c4200000, 0x00000000c4200000|100%| O|  |TAMS 0x00000000c4200000, 0x00000000c4100000| Untracked 
|  28|0x00000000c4200000, 0x00000000c4300000, 0x00000000c4300000|100%| O|  |TAMS 0x00000000c4300000, 0x00000000c4200000| Untracked 
|  29|0x00000000c4300000, 0x00000000c4400000, 0x00000000c4400000|100%|HS|  |TAMS 0x00000000c4400000, 0x00000000c4300000| Complete 
|  30|0x00000000c4400000, 0x00000000c4500000, 0x00000000c4500000|100%|HC|  |TAMS 0x00000000c4500000, 0x00000000c4400000| Complete 
|  31|0x00000000c4500000, 0x00000000c4600000, 0x00000000c4600000|100%|HC|  |TAMS 0x00000000c4600000, 0x00000000c4500000| Complete 
|  32|0x00000000c4600000, 0x00000000c4700000, 0x00000000c4700000|100%|HC|  |TAMS 0x00000000c4700000, 0x00000000c4600000| Complete 
|  33|0x00000000c4700000, 0x00000000c4800000, 0x00000000c4800000|100%|HC|  |TAMS 0x00000000c4800000, 0x00000000c4700000| Complete 
|  34|0x00000000c4800000, 0x00000000c4900000, 0x00000000c4900000|100%|HC|  |TAMS 0x00000000c4900000, 0x00000000c4800000| Complete 
|  35|0x00000000c4900000, 0x00000000c4a00000, 0x00000000c4a00000|100%|HC|  |TAMS 0x00000000c4a00000, 0x00000000c4900000| Complete 
|  36|0x00000000c4a00000, 0x00000000c4b00000, 0x00000000c4b00000|100%|HC|  |TAMS 0x00000000c4b00000, 0x00000000c4a00000| Complete 
|  37|0x00000000c4b00000, 0x00000000c4c00000, 0x00000000c4c00000|100%|HC|  |TAMS 0x00000000c4c00000, 0x00000000c4b00000| Complete 
|  38|0x00000000c4c00000, 0x00000000c4d00000, 0x00000000c4d00000|100%|HS|  |TAMS 0x00000000c4d00000, 0x00000000c4c00000| Complete 
|  39|0x00000000c4d00000, 0x00000000c4e00000, 0x00000000c4e00000|100%|HC|  |TAMS 0x00000000c4e00000, 0x00000000c4d00000| Complete 
|  40|0x00000000c4e00000, 0x00000000c4f00000, 0x00000000c4f00000|100%|HC|  |TAMS 0x00000000c4f00000, 0x00000000c4e00000| Complete 
|  41|0x00000000c4f00000, 0x00000000c5000000, 0x00000000c5000000|100%|HC|  |TAMS 0x00000000c5000000, 0x00000000c4f00000| Complete 
|  42|0x00000000c5000000, 0x00000000c5100000, 0x00000000c5100000|100%|HC|  |TAMS 0x00000000c5100000, 0x00000000c5000000| Complete 
|  43|0x00000000c5100000, 0x00000000c5200000, 0x00000000c5200000|100%| O|  |TAMS 0x00000000c5200000, 0x00000000c5100000| Untracked 
|  44|0x00000000c5200000, 0x00000000c5300000, 0x00000000c5300000|100%| O|  |TAMS 0x00000000c5300000, 0x00000000c5200000| Untracked 
|  45|0x00000000c5300000, 0x00000000c5400000, 0x00000000c5400000|100%| O|  |TAMS 0x00000000c5400000, 0x00000000c5300000| Untracked 
|  46|0x00000000c5400000, 0x00000000c5500000, 0x00000000c5500000|100%|HS|  |TAMS 0x00000000c5500000, 0x00000000c5400000| Complete 
|  47|0x00000000c5500000, 0x00000000c5600000, 0x00000000c5600000|100%|HC|  |TAMS 0x00000000c5600000, 0x00000000c5500000| Complete 
|  48|0x00000000c5600000, 0x00000000c5700000, 0x00000000c5700000|100%|HC|  |TAMS 0x00000000c5700000, 0x00000000c5600000| Complete 
|  49|0x00000000c5700000, 0x00000000c5800000, 0x00000000c5800000|100%|HC|  |TAMS 0x00000000c5800000, 0x00000000c5700000| Complete 
|  50|0x00000000c5800000, 0x00000000c5900000, 0x00000000c5900000|100%|HC|  |TAMS 0x00000000c5900000, 0x00000000c5800000| Complete 
|  51|0x00000000c5900000, 0x00000000c5a00000, 0x00000000c5a00000|100%|HC|  |TAMS 0x00000000c5a00000, 0x00000000c5900000| Complete 
|  52|0x00000000c5a00000, 0x00000000c5b00000, 0x00000000c5b00000|100%|HC|  |TAMS 0x00000000c5b00000, 0x00000000c5a00000| Complete 
|  53|0x00000000c5b00000, 0x00000000c5c00000, 0x00000000c5c00000|100%|HC|  |TAMS 0x00000000c5c00000, 0x00000000c5b00000| Complete 
|  54|0x00000000c5c00000, 0x00000000c5d00000, 0x00000000c5d00000|100%|HC|  |TAMS 0x00000000c5d00000, 0x00000000c5c00000| Complete 
|  55|0x00000000c5d00000, 0x00000000c5e00000, 0x00000000c5e00000|100%| O|  |TAMS 0x00000000c5e00000, 0x00000000c5d00000| Untracked 
|  56|0x00000000c5e00000, 0x00000000c5f00000, 0x00000000c5f00000|100%| O|  |TAMS 0x00000000c5f00000, 0x00000000c5e00000| Untracked 
|  57|0x00000000c5f00000, 0x00000000c6000000, 0x00000000c6000000|100%| O|  |TAMS 0x00000000c6000000, 0x00000000c5f00000| Untracked 
|  58|0x00000000c6000000, 0x00000000c6050a00, 0x00000000c6100000| 31%| O|  |TAMS 0x00000000c6050a00, 0x00000000c6000000| Untracked 
|  59|0x00000000c6100000, 0x00000000c6200000, 0x00000000c6200000|100%| O|  |TAMS 0x00000000c6200000, 0x00000000c6100000| Untracked 
|  60|0x00000000c6200000, 0x00000000c6200000, 0x00000000c6300000|  0%| F|  |TAMS 0x00000000c6200000, 0x00000000c6200000| Untracked 
|  61|0x00000000c6300000, 0x00000000c6300000, 0x00000000c6400000|  0%| F|  |TAMS 0x00000000c6300000, 0x00000000c6300000| Untracked 
|  62|0x00000000c6400000, 0x00000000c6500000, 0x00000000c6500000|100%|HS|  |TAMS 0x00000000c6500000, 0x00000000c6400000| Complete 
|  63|0x00000000c6500000, 0x00000000c6600000, 0x00000000c6600000|100%|HC|  |TAMS 0x00000000c6600000, 0x00000000c6500000| Complete 
|  64|0x00000000c6600000, 0x00000000c6700000, 0x00000000c6700000|100%|HC|  |TAMS 0x00000000c6700000, 0x00000000c6600000| Complete 
|  65|0x00000000c6700000, 0x00000000c6800000, 0x00000000c6800000|100%|HC|  |TAMS 0x00000000c6800000, 0x00000000c6700000| Complete 
|  66|0x00000000c6800000, 0x00000000c6900000, 0x00000000c6900000|100%|HC|  |TAMS 0x00000000c6900000, 0x00000000c6800000| Complete 
|  67|0x00000000c6900000, 0x00000000c6a00000, 0x00000000c6a00000|100%|HS|  |TAMS 0x00000000c6a00000, 0x00000000c6900000| Complete 
|  68|0x00000000c6a00000, 0x00000000c6b00000, 0x00000000c6b00000|100%|HC|  |TAMS 0x00000000c6b00000, 0x00000000c6a00000| Complete 
|  69|0x00000000c6b00000, 0x00000000c6c00000, 0x00000000c6c00000|100%|HC|  |TAMS 0x00000000c6c00000, 0x00000000c6b00000| Complete 
|  70|0x00000000c6c00000, 0x00000000c6d00000, 0x00000000c6d00000|100%|HC|  |TAMS 0x00000000c6d00000, 0x00000000c6c00000| Complete 
|  71|0x00000000c6d00000, 0x00000000c6e00000, 0x00000000c6e00000|100%|HC|  |TAMS 0x00000000c6e00000, 0x00000000c6d00000| Complete 
|  72|0x00000000c6e00000, 0x00000000c6f00000, 0x00000000c6f00000|100%|HS|  |TAMS 0x00000000c6f00000, 0x00000000c6e00000| Complete 
|  73|0x00000000c6f00000, 0x00000000c7000000, 0x00000000c7000000|100%|HC|  |TAMS 0x00000000c7000000, 0x00000000c6f00000| Complete 
|  74|0x00000000c7000000, 0x00000000c7100000, 0x00000000c7100000|100%|HC|  |TAMS 0x00000000c7100000, 0x00000000c7000000| Complete 
|  75|0x00000000c7100000, 0x00000000c7200000, 0x00000000c7200000|100%|HC|  |TAMS 0x00000000c7200000, 0x00000000c7100000| Complete 
|  76|0x00000000c7200000, 0x00000000c7300000, 0x00000000c7300000|100%|HC|  |TAMS 0x00000000c7300000, 0x00000000c7200000| Complete 
|  77|0x00000000c7300000, 0x00000000c7300000, 0x00000000c7400000|  0%| F|  |TAMS 0x00000000c7300000, 0x00000000c7300000| Untracked 
|  78|0x00000000c7400000, 0x00000000c7400000, 0x00000000c7500000|  0%| F|  |TAMS 0x00000000c7400000, 0x00000000c7400000| Untracked 
|  79|0x00000000c7500000, 0x00000000c7500000, 0x00000000c7600000|  0%| F|  |TAMS 0x00000000c7500000, 0x00000000c7500000| Untracked 
|  80|0x00000000c7600000, 0x00000000c7600000, 0x00000000c7700000|  0%| F|  |TAMS 0x00000000c7600000, 0x00000000c7600000| Untracked 
|  81|0x00000000c7700000, 0x00000000c7700000, 0x00000000c7800000|  0%| F|  |TAMS 0x00000000c7700000, 0x00000000c7700000| Untracked 
|  82|0x00000000c7800000, 0x00000000c7800000, 0x00000000c7900000|  0%| F|  |TAMS 0x00000000c7800000, 0x00000000c7800000| Untracked 
|  83|0x00000000c7900000, 0x00000000c7900000, 0x00000000c7a00000|  0%| F|  |TAMS 0x00000000c7900000, 0x00000000c7900000| Untracked 
|  84|0x00000000c7a00000, 0x00000000c7a00000, 0x00000000c7b00000|  0%| F|  |TAMS 0x00000000c7a00000, 0x00000000c7a00000| Untracked 
|  85|0x00000000c7b00000, 0x00000000c7b00000, 0x00000000c7c00000|  0%| F|  |TAMS 0x00000000c7b00000, 0x00000000c7b00000| Untracked 
|  86|0x00000000c7c00000, 0x00000000c7c00000, 0x00000000c7d00000|  0%| F|  |TAMS 0x00000000c7c00000, 0x00000000c7c00000| Untracked 
|  87|0x00000000c7d00000, 0x00000000c7d00000, 0x00000000c7e00000|  0%| F|  |TAMS 0x00000000c7d00000, 0x00000000c7d00000| Untracked 
|  88|0x00000000c7e00000, 0x00000000c7e00000, 0x00000000c7f00000|  0%| F|  |TAMS 0x00000000c7e00000, 0x00000000c7e00000| Untracked 
|  89|0x00000000c7f00000, 0x00000000c7f00000, 0x00000000c8000000|  0%| F|  |TAMS 0x00000000c7f00000, 0x00000000c7f00000| Untracked 
|  90|0x00000000c8000000, 0x00000000c8000000, 0x00000000c8100000|  0%| F|  |TAMS 0x00000000c8000000, 0x00000000c8000000| Untracked 
|  91|0x00000000c8100000, 0x00000000c8100000, 0x00000000c8200000|  0%| F|  |TAMS 0x00000000c8100000, 0x00000000c8100000| Untracked 
|  92|0x00000000c8200000, 0x00000000c8200000, 0x00000000c8300000|  0%| F|  |TAMS 0x00000000c8200000, 0x00000000c8200000| Untracked 
|  93|0x00000000c8300000, 0x00000000c8300000, 0x00000000c8400000|  0%| F|  |TAMS 0x00000000c8300000, 0x00000000c8300000| Untracked 
|  94|0x00000000c8400000, 0x00000000c8400000, 0x00000000c8500000|  0%| F|  |TAMS 0x00000000c8400000, 0x00000000c8400000| Untracked 
|  95|0x00000000c8500000, 0x00000000c8500000, 0x00000000c8600000|  0%| F|  |TAMS 0x00000000c8500000, 0x00000000c8500000| Untracked 
|  96|0x00000000c8600000, 0x00000000c8600000, 0x00000000c8700000|  0%| F|  |TAMS 0x00000000c8600000, 0x00000000c8600000| Untracked 
|  97|0x00000000c8700000, 0x00000000c8700000, 0x00000000c8800000|  0%| F|  |TAMS 0x00000000c8700000, 0x00000000c8700000| Untracked 
|  98|0x00000000c8800000, 0x00000000c8800000, 0x00000000c8900000|  0%| F|  |TAMS 0x00000000c8800000, 0x00000000c8800000| Untracked 
|  99|0x00000000c8900000, 0x00000000c8900000, 0x00000000c8a00000|  0%| F|  |TAMS 0x00000000c8900000, 0x00000000c8900000| Untracked 
| 100|0x00000000c8a00000, 0x00000000c8a00000, 0x00000000c8b00000|  0%| F|  |TAMS 0x00000000c8a00000, 0x00000000c8a00000| Untracked 
| 101|0x00000000c8b00000, 0x00000000c8b00000, 0x00000000c8c00000|  0%| F|  |TAMS 0x00000000c8b00000, 0x00000000c8b00000| Untracked 
| 102|0x00000000c8c00000, 0x00000000c8c00000, 0x00000000c8d00000|  0%| F|  |TAMS 0x00000000c8c00000, 0x00000000c8c00000| Untracked 
| 103|0x00000000c8d00000, 0x00000000c8d00000, 0x00000000c8e00000|  0%| F|  |TAMS 0x00000000c8d00000, 0x00000000c8d00000| Untracked 
| 104|0x00000000c8e00000, 0x00000000c8e00000, 0x00000000c8f00000|  0%| F|  |TAMS 0x00000000c8e00000, 0x00000000c8e00000| Untracked 
| 105|0x00000000c8f00000, 0x00000000c8f00000, 0x00000000c9000000|  0%| F|  |TAMS 0x00000000c8f00000, 0x00000000c8f00000| Untracked 
| 106|0x00000000c9000000, 0x00000000c9000000, 0x00000000c9100000|  0%| F|  |TAMS 0x00000000c9000000, 0x00000000c9000000| Untracked 
| 107|0x00000000c9100000, 0x00000000c9100000, 0x00000000c9200000|  0%| F|  |TAMS 0x00000000c9100000, 0x00000000c9100000| Untracked 
| 108|0x00000000c9200000, 0x00000000c9200000, 0x00000000c9300000|  0%| F|  |TAMS 0x00000000c9200000, 0x00000000c9200000| Untracked 
| 109|0x00000000c9300000, 0x00000000c9300000, 0x00000000c9400000|  0%| F|  |TAMS 0x00000000c9300000, 0x00000000c9300000| Untracked 
| 110|0x00000000c9400000, 0x00000000c9400000, 0x00000000c9500000|  0%| F|  |TAMS 0x00000000c9400000, 0x00000000c9400000| Untracked 
| 111|0x00000000c9500000, 0x00000000c9500000, 0x00000000c9600000|  0%| F|  |TAMS 0x00000000c9500000, 0x00000000c9500000| Untracked 
| 112|0x00000000c9600000, 0x00000000c9600000, 0x00000000c9700000|  0%| F|  |TAMS 0x00000000c9600000, 0x00000000c9600000| Untracked 
| 113|0x00000000c9700000, 0x00000000c9700000, 0x00000000c9800000|  0%| F|  |TAMS 0x00000000c9700000, 0x00000000c9700000| Untracked 
| 114|0x00000000c9800000, 0x00000000c9800000, 0x00000000c9900000|  0%| F|  |TAMS 0x00000000c9800000, 0x00000000c9800000| Untracked 
| 115|0x00000000c9900000, 0x00000000c9900000, 0x00000000c9a00000|  0%| F|  |TAMS 0x00000000c9900000, 0x00000000c9900000| Untracked 
| 116|0x00000000c9a00000, 0x00000000c9a00000, 0x00000000c9b00000|  0%| F|  |TAMS 0x00000000c9a00000, 0x00000000c9a00000| Untracked 
| 117|0x00000000c9b00000, 0x00000000c9b13350, 0x00000000c9c00000|  7%| S|CS|TAMS 0x00000000c9b00000, 0x00000000c9b00000| Complete 
| 118|0x00000000c9c00000, 0x00000000c9d00000, 0x00000000c9d00000|100%| S|CS|TAMS 0x00000000c9c00000, 0x00000000c9c00000| Complete 
| 119|0x00000000c9d00000, 0x00000000c9e00000, 0x00000000c9e00000|100%| S|CS|TAMS 0x00000000c9d00000, 0x00000000c9d00000| Complete 
| 120|0x00000000c9e00000, 0x00000000c9f00000, 0x00000000c9f00000|100%| S|CS|TAMS 0x00000000c9e00000, 0x00000000c9e00000| Complete 
| 121|0x00000000c9f00000, 0x00000000c9f00000, 0x00000000ca000000|  0%| F|  |TAMS 0x00000000c9f00000, 0x00000000c9f00000| Untracked 
| 122|0x00000000ca000000, 0x00000000ca000000, 0x00000000ca100000|  0%| F|  |TAMS 0x00000000ca000000, 0x00000000ca000000| Untracked 
| 123|0x00000000ca100000, 0x00000000ca100000, 0x00000000ca200000|  0%| F|  |TAMS 0x00000000ca100000, 0x00000000ca100000| Untracked 
| 124|0x00000000ca200000, 0x00000000ca2e42b8, 0x00000000ca300000| 89%| E|  |TAMS 0x00000000ca200000, 0x00000000ca200000| Complete 
| 125|0x00000000ca300000, 0x00000000ca400000, 0x00000000ca400000|100%| E|CS|TAMS 0x00000000ca300000, 0x00000000ca300000| Complete 
| 126|0x00000000ca400000, 0x00000000ca500000, 0x00000000ca500000|100%| E|CS|TAMS 0x00000000ca400000, 0x00000000ca400000| Complete 
| 127|0x00000000ca500000, 0x00000000ca600000, 0x00000000ca600000|100%| E|CS|TAMS 0x00000000ca500000, 0x00000000ca500000| Complete 
| 128|0x00000000ca600000, 0x00000000ca700000, 0x00000000ca700000|100%| E|CS|TAMS 0x00000000ca600000, 0x00000000ca600000| Complete 
| 129|0x00000000ca700000, 0x00000000ca800000, 0x00000000ca800000|100%| E|CS|TAMS 0x00000000ca700000, 0x00000000ca700000| Complete 
| 130|0x00000000ca800000, 0x00000000ca900000, 0x00000000ca900000|100%| E|CS|TAMS 0x00000000ca800000, 0x00000000ca800000| Complete 
| 131|0x00000000ca900000, 0x00000000caa00000, 0x00000000caa00000|100%| E|CS|TAMS 0x00000000ca900000, 0x00000000ca900000| Complete 
| 132|0x00000000caa00000, 0x00000000cab00000, 0x00000000cab00000|100%| E|CS|TAMS 0x00000000caa00000, 0x00000000caa00000| Complete 
| 133|0x00000000cab00000, 0x00000000cac00000, 0x00000000cac00000|100%| E|CS|TAMS 0x00000000cab00000, 0x00000000cab00000| Complete 
| 134|0x00000000cac00000, 0x00000000cad00000, 0x00000000cad00000|100%| E|CS|TAMS 0x00000000cac00000, 0x00000000cac00000| Complete 
| 135|0x00000000cad00000, 0x00000000cae00000, 0x00000000cae00000|100%| E|CS|TAMS 0x00000000cad00000, 0x00000000cad00000| Complete 
| 136|0x00000000cae00000, 0x00000000caf00000, 0x00000000caf00000|100%| E|CS|TAMS 0x00000000cae00000, 0x00000000cae00000| Complete 
| 137|0x00000000caf00000, 0x00000000cb000000, 0x00000000cb000000|100%| E|CS|TAMS 0x00000000caf00000, 0x00000000caf00000| Complete 
| 138|0x00000000cb000000, 0x00000000cb100000, 0x00000000cb100000|100%| E|CS|TAMS 0x00000000cb000000, 0x00000000cb000000| Complete 
| 139|0x00000000cb100000, 0x00000000cb200000, 0x00000000cb200000|100%| E|CS|TAMS 0x00000000cb100000, 0x00000000cb100000| Complete 
| 140|0x00000000cb200000, 0x00000000cb300000, 0x00000000cb300000|100%| E|CS|TAMS 0x00000000cb200000, 0x00000000cb200000| Complete 
| 141|0x00000000cb300000, 0x00000000cb400000, 0x00000000cb400000|100%| E|CS|TAMS 0x00000000cb300000, 0x00000000cb300000| Complete 
| 142|0x00000000cb400000, 0x00000000cb500000, 0x00000000cb500000|100%| E|CS|TAMS 0x00000000cb400000, 0x00000000cb400000| Complete 
| 143|0x00000000cb500000, 0x00000000cb600000, 0x00000000cb600000|100%| E|CS|TAMS 0x00000000cb500000, 0x00000000cb500000| Complete 
| 144|0x00000000cb600000, 0x00000000cb700000, 0x00000000cb700000|100%| E|CS|TAMS 0x00000000cb600000, 0x00000000cb600000| Complete 

Card table byte_map: [0x00007f8ae96d2000,0x00007f8ae98bf000] _byte_map_base: 0x00007f8ae90bf000

Marking Bits (Prev, Next): (CMBitMap*) 0x00007f8ae4045ad8, (CMBitMap*) 0x00007f8ae4045b10
 Prev Bits: [0x00007f8ae857d000, 0x00007f8ae94e5000)
 Next Bits: [0x00007f8ac7098000, 0x00007f8ac8000000)

Polling page: 0x00007f8aee1eb000

Metaspace:

Usage:
  Non-class:      4.72 MB capacity,     2.46 MB ( 52%) used,     2.23 MB ( 47%) free+waste,    32.75 KB ( <1%) overhead. 
      Class:    711.00 KB capacity,   350.16 KB ( 49%) used,   342.59 KB ( 48%) free+waste,    18.25 KB (  3%) overhead. 
       Both:      5.42 MB capacity,     2.80 MB ( 52%) used,     2.56 MB ( 47%) free+waste,    51.00 KB ( <1%) overhead. 

Virtual space:
  Non-class space:        8.00 MB reserved,       4.75 MB ( 59%) committed 
      Class space:        1.00 GB reserved,     768.00 KB ( <1%) committed 
             Both:        1.01 GB reserved,       5.50 MB ( <1%) committed 

Chunk freelists:
   Non-Class:  0 bytes
       Class:  0 bytes
        Both:  0 bytes

MaxMetaspaceSize: unlimited
CompressedClassSpaceSize: 1.00 GB

CodeHeap 'non-profiled nmethods': size=120032Kb used=583Kb max_used=583Kb free=119448Kb
 bounds [0x00007f8ad43ca000, 0x00007f8ad463a000, 0x00007f8adb902000]
CodeHeap 'profiled nmethods': size=120032Kb used=1782Kb max_used=1782Kb free=118249Kb
 bounds [0x00007f8acce92000, 0x00007f8acd102000, 0x00007f8ad43ca000]
CodeHeap 'non-nmethods': size=5696Kb used=1100Kb max_used=1139Kb free=4595Kb
 bounds [0x00007f8acc902000, 0x00007f8accb72000, 0x00007f8acce92000]
 total_blobs=1493 nmethods=1056 adapters=351
 compilation: enabled
              stopped_count=0, restarted_count=0
 full_count=0

Compilation events (20 events):
Event: 10.640 Thread 0x00007f8ae4138000 1048   !   3       java.util.concurrent.LinkedBlockingQueue::take (91 bytes)
Event: 10.640 Thread 0x00007f8ae4136000 1051       4       java.util.concurrent.LinkedBlockingQueue::dequeue (32 bytes)
Event: 10.642 Thread 0x00007f8ae4138000 nmethod 1048 0x00007f8acd049310 code [0x00007f8acd0496a0, 0x00007f8acd04ada0]
Event: 10.642 Thread 0x00007f8ae4138000 1049       3       java.util.concurrent.locks.ReentrantLock::lockInterruptibly (9 bytes)
Event: 10.642 Thread 0x00007f8ae4138000 nmethod 1049 0x00007f8acd04b810 code [0x00007f8acd04ba20, 0x00007f8acd04beb0]
Event: 10.642 Thread 0x00007f8ae4138000 1050       3       java.util.concurrent.locks.AbstractQueuedSynchronizer::acquireInterruptibly (28 bytes)
Event: 10.642 Thread 0x00007f8ae4138000 nmethod 1050 0x00007f8acd04c090 code [0x00007f8acd04c280, 0x00007f8acd04c6b0]
Event: 10.642 Thread 0x00007f8ae4136000 nmethod 1051 0x00007f8ad4458910 code [0x00007f8ad4458aa0, 0x00007f8ad4458cf8]
Event: 10.642 Thread 0x00007f8ae4136000 1052       4       java.util.concurrent.atomic.AtomicInteger::getAndDecrement (12 bytes)
Event: 10.651 Thread 0x00007f8ae4136000 nmethod 1052 0x00007f8ad4458d90 code [0x00007f8ad4458f20, 0x00007f8ad4458f98]
Event: 10.655 Thread 0x00007f8ae4136000 1053       4       java.util.concurrent.locks.ReentrantLock$NonfairSync::tryAcquire (6 bytes)
Event: 10.655 Thread 0x00007f8ae4138000 1055       3       java.util.concurrent.locks.AbstractQueuedSynchronizer::enq (37 bytes)
Event: 10.656 Thread 0x00007f8ae4136000 nmethod 1053 0x00007f8ad4459010 code [0x00007f8ad44591c0, 0x00007f8ad44593b8]
Event: 10.656 Thread 0x00007f8ae4136000 1054       4       java.util.concurrent.locks.ReentrantLock$Sync::nonfairTryAcquire (67 bytes)
Event: 10.657 Thread 0x00007f8ae4138000 nmethod 1055 0x00007f8acd04c810 code [0x00007f8acd04cc40, 0x00007f8acd04eb40]
Event: 10.658 Thread 0x00007f8ae4136000 nmethod 1054 0x00007f8ad4459490 code [0x00007f8ad4459640, 0x00007f8ad4459838]
Event: 10.901 Thread 0x00007f8ae4136000 1056   !   4       java.util.concurrent.LinkedBlockingQueue::take (91 bytes)
Event: 10.955 Thread 0x00007f8ae4136000 nmethod 1056 0x00007f8ad4459910 code [0x00007f8ad4459bc0, 0x00007f8ad445b168]
Event: 10.998 Thread 0x00007f8ae4138000 1057       3       cs451.layers.PingLayer::receive (11 bytes)
Event: 10.999 Thread 0x00007f8ae4138000 nmethod 1057 0x00007f8acd04f590 code [0x00007f8acd04f740, 0x00007f8acd04f900]

GC Heap History (20 events):
Event: 2.668 GC heap before
{Heap before GC invocations=5 (full 0):
 garbage-first heap   total 68608K, used 65536K [0x00000000c2600000, 0x0000000100000000)
  region size 1024K, 3 young (3072K), 1 survivors (1024K)
 Metaspace       used 2558K, capacity 5436K, committed 5632K, reserved 1056768K
  class space    used 307K, capacity 675K, committed 768K, reserved 1048576K
}
Event: 2.687 GC heap after
{Heap after GC invocations=6 (full 0):
 garbage-first heap   total 68608K, used 64181K [0x00000000c2600000, 0x0000000100000000)
  region size 1024K, 1 young (1024K), 1 survivors (1024K)
 Metaspace       used 2558K, capacity 5436K, committed 5632K, reserved 1056768K
  class space    used 307K, capacity 675K, committed 768K, reserved 1048576K
}
Event: 2.988 GC heap before
{Heap before GC invocations=7 (full 0):
 garbage-first heap   total 68608K, used 65205K [0x00000000c2600000, 0x0000000100000000)
  region size 1024K, 3 young (3072K), 1 survivors (1024K)
 Metaspace       used 2561K, capacity 5412K, committed 5632K, reserved 1056768K
  class space    used 304K, capacity 667K, committed 768K, reserved 1048576K
}
Event: 2.993 GC heap after
{Heap after GC invocations=8 (full 0):
 garbage-first heap   total 68608K, used 64491K [0x00000000c2600000, 0x0000000100000000)
  region size 1024K, 1 young (1024K), 1 survivors (1024K)
 Metaspace       used 2561K, capacity 5412K, committed 5632K, reserved 1056768K
  class space    used 304K, capacity 667K, committed 768K, reserved 1048576K
}
Event: 3.449 GC heap before
{Heap before GC invocations=9 (full 0):
 garbage-first heap   total 78848K, used 76779K [0x00000000c2600000, 0x0000000100000000)
  region size 1024K, 3 young (3072K), 1 survivors (1024K)
 Metaspace       used 2563K, capacity 5412K, committed 5632K, reserved 1056768K
  class space    used 304K, capacity 667K, committed 768K, reserved 1048576K
}
Event: 3.452 GC heap after
{Heap after GC invocations=10 (full 0):
 garbage-first heap   total 78848K, used 74940K [0x00000000c2600000, 0x0000000100000000)
  region size 1024K, 1 young (1024K), 1 survivors (1024K)
 Metaspace       used 2563K, capacity 5412K, committed 5632K, reserved 1056768K
  class space    used 304K, capacity 667K, committed 768K, reserved 1048576K
}
Event: 3.601 GC heap before
{Heap before GC invocations=10 (full 0):
 garbage-first heap   total 78848K, used 76988K [0x00000000c2600000, 0x0000000100000000)
  region size 1024K, 3 young (3072K), 1 survivors (1024K)
 Metaspace       used 2568K, capacity 5412K, committed 5632K, reserved 1056768K
  class space    used 304K, capacity 667K, committed 768K, reserved 1048576K
}
Event: 3.610 GC heap after
{Heap after GC invocations=11 (full 0):
 garbage-first heap   total 78848K, used 75127K [0x00000000c2600000, 0x0000000100000000)
  region size 1024K, 1 young (1024K), 1 survivors (1024K)
 Metaspace       used 2568K, capacity 5412K, committed 5632K, reserved 1056768K
  class space    used 304K, capacity 667K, committed 768K, reserved 1048576K
}
Event: 4.088 GC heap before
{Heap before GC invocations=12 (full 0):
 garbage-first heap   total 78848K, used 77175K [0x00000000c2600000, 0x0000000100000000)
  region size 1024K, 3 young (3072K), 1 survivors (1024K)
 Metaspace       used 2590K, capacity 5418K, committed 5632K, reserved 1056768K
  class space    used 307K, capacity 669K, committed 768K, reserved 1048576K
}
Event: 4.129 GC heap after
{Heap after GC invocations=13 (full 0):
 garbage-first heap   total 95232K, used 75389K [0x00000000c2600000, 0x0000000100000000)
  region size 1024K, 1 young (1024K), 1 survivors (1024K)
 Metaspace       used 2590K, capacity 5418K, committed 5632K, reserved 1056768K
  class space    used 307K, capacity 669K, committed 768K, reserved 1048576K
}
Event: 5.025 GC heap before
{Heap before GC invocations=13 (full 0):
 garbage-first heap   total 95232K, used 79485K [0x00000000c2600000, 0x0000000100000000)
  region size 1024K, 5 young (5120K), 1 survivors (1024K)
 Metaspace       used 2809K, capacity 5488K, committed 5632K, reserved 1056768K
  class space    used 340K, capacity 692K, committed 768K, reserved 1048576K
}
Event: 5.059 GC heap after
{Heap after GC invocations=14 (full 0):
 garbage-first heap   total 95232K, used 76103K [0x00000000c2600000, 0x0000000100000000)
  region size 1024K, 1 young (1024K), 1 survivors (1024K)
 Metaspace       used 2809K, capacity 5488K, committed 5632K, reserved 1056768K
  class space    used 340K, capacity 692K, committed 768K, reserved 1048576K
}
Event: 5.348 GC heap before
{Heap before GC invocations=15 (full 0):
 garbage-first heap   total 95232K, used 79175K [0x00000000c2600000, 0x0000000100000000)
  region size 1024K, 4 young (4096K), 1 survivors (1024K)
 Metaspace       used 2809K, capacity 5488K, committed 5632K, reserved 1056768K
  class space    used 340K, capacity 692K, committed 768K, reserved 1048576K
}
Event: 5.365 GC heap after
{Heap after GC invocations=16 (full 0):
 garbage-first heap   total 95232K, used 76336K [0x00000000c2600000, 0x0000000100000000)
  region size 1024K, 1 young (1024K), 1 survivors (1024K)
 Metaspace       used 2809K, capacity 5488K, committed 5632K, reserved 1056768K
  class space    used 340K, capacity 692K, committed 768K, reserved 1048576K
}
Event: 5.665 GC heap before
{Heap before GC invocations=16 (full 0):
 garbage-first heap   total 95232K, used 79408K [0x00000000c2600000, 0x0000000100000000)
  region size 1024K, 4 young (4096K), 1 survivors (1024K)
 Metaspace       used 2810K, capacity 5488K, committed 5632K, reserved 1056768K
  class space    used 340K, capacity 692K, committed 768K, reserved 1048576K
}
Event: 5.680 GC heap after
{Heap after GC invocations=17 (full 0):
 garbage-first heap   total 95232K, used 76370K [0x00000000c2600000, 0x0000000100000000)
  region size 1024K, 1 young (1024K), 1 survivors (1024K)
 Metaspace       used 2810K, capacity 5488K, committed 5632K, reserved 1056768K
  class space    used 340K, capacity 692K, committed 768K, reserved 1048576K
}
Event: 5.925 GC heap before
{Heap before GC invocations=18 (full 0):
 garbage-first heap   total 95232K, used 79442K [0x00000000c2600000, 0x0000000100000000)
  region size 1024K, 4 young (4096K), 1 survivors (1024K)
 Metaspace       used 2815K, capacity 5488K, committed 5632K, reserved 1056768K
  class space    used 340K, capacity 692K, committed 768K, reserved 1048576K
}
Event: 5.942 GC heap after
{Heap after GC invocations=19 (full 0):
 garbage-first heap   total 148480K, used 77088K [0x00000000c2600000, 0x0000000100000000)
  region size 1024K, 1 young (1024K), 1 survivors (1024K)
 Metaspace       used 2815K, capacity 5488K, committed 5632K, reserved 1056768K
  class space    used 340K, capacity 692K, committed 768K, reserved 1048576K
}
Event: 10.334 GC heap before
{Heap before GC invocations=19 (full 0):
 garbage-first heap   total 148480K, used 101664K [0x00000000c2600000, 0x0000000100000000)
  region size 1024K, 25 young (25600K), 1 survivors (1024K)
 Metaspace       used 2863K, capacity 5546K, committed 5632K, reserved 1056768K
  class space    used 350K, capacity 711K, committed 768K, reserved 1048576K
}
Event: 10.361 GC heap after
{Heap after GC invocations=20 (full 0):
 garbage-first heap   total 148480K, used 79247K [0x00000000c2600000, 0x0000000100000000)
  region size 1024K, 4 young (4096K), 4 survivors (4096K)
 Metaspace       used 2863K, capacity 5546K, committed 5632K, reserved 1056768K
  class space    used 350K, capacity 711K, committed 768K, reserved 1048576K
}

Deoptimization events (20 events):
Event: 5.758 Thread 0x00007f8ae42a4000 Uncommon trap: trap_request=0xffffffc6 fr.pc=0x00007f8ad4419ca0 relative=0x00000000000002c0
Event: 5.758 Thread 0x00007f8ae42a4000 Uncommon trap: reason=bimorphic_or_optimized_type_check action=maybe_recompile pc=0x00007f8ad4419ca0 method=java.util.HashMap.getNode(ILjava/lang/Object;)Ljava/util/HashMap$Node; @ 126 c2
Event: 5.758 Thread 0x00007f8ae42a4000 DEOPT PACKING pc=0x00007f8ad4419ca0 sp=0x00007f8a96fc8570
Event: 5.758 Thread 0x00007f8ae42a4000 DEOPT UNPACKING pc=0x00007f8acc92799f sp=0x00007f8a96fc84b0 mode 2
Event: 5.758 Thread 0x00007f8ae42a4000 Uncommon trap: trap_request=0xffffffc6 fr.pc=0x00007f8ad440cd80 relative=0x0000000000000220
Event: 5.758 Thread 0x00007f8ae42a4000 Uncommon trap: reason=bimorphic_or_optimized_type_check action=maybe_recompile pc=0x00007f8ad440cd80 method=java.util.HashMap.getNode(ILjava/lang/Object;)Ljava/util/HashMap$Node; @ 126 c2
Event: 5.758 Thread 0x00007f8ae42a4000 DEOPT PACKING pc=0x00007f8ad440cd80 sp=0x00007f8a96fc8510
Event: 5.758 Thread 0x00007f8ae42a4000 DEOPT UNPACKING pc=0x00007f8acc92799f sp=0x00007f8a96fc84b0 mode 2
Event: 7.285 Thread 0x00007f8ae4297800 Uncommon trap: trap_request=0xffffff4d fr.pc=0x00007f8ad4424bec relative=0x00000000000001ac
Event: 7.285 Thread 0x00007f8ae4297800 Uncommon trap: reason=unstable_if action=reinterpret pc=0x00007f8ad4424bec method=java.util.LinkedList$ListItr.<init>(Ljava/util/LinkedList;I)V @ 26 c2
Event: 7.285 Thread 0x00007f8ae4297800 DEOPT PACKING pc=0x00007f8ad4424bec sp=0x00007f8a974cd7a0
Event: 7.291 Thread 0x00007f8ae4297800 DEOPT UNPACKING pc=0x00007f8acc92799f sp=0x00007f8a974cd620 mode 2
Event: 8.196 Thread 0x00007f8ae4299800 DEOPT PACKING pc=0x00007f8acd032319 sp=0x00007f8a973cc500
Event: 8.196 Thread 0x00007f8ae4299800 DEOPT UNPACKING pc=0x00007f8acc9277ab sp=0x00007f8a973cb9d8 mode 0
Event: 9.538 Thread 0x00007f8ae4299800 DEOPT PACKING pc=0x00007f8acd039900 sp=0x00007f8a973cc6b0
Event: 9.538 Thread 0x00007f8ae4299800 DEOPT UNPACKING pc=0x00007f8acc9277ab sp=0x00007f8a973cbce0 mode 0
Event: 10.637 Thread 0x00007f8ae429b000 Uncommon trap: trap_request=0xffffff4d fr.pc=0x00007f8ad441b434 relative=0x0000000000000774
Event: 10.637 Thread 0x00007f8ae429b000 Uncommon trap: reason=unstable_if action=reinterpret pc=0x00007f8ad441b434 method=java.util.concurrent.locks.AbstractQueuedSynchronizer.acquireInterruptibly(I)V @ 19 c2
Event: 10.637 Thread 0x00007f8ae429b000 DEOPT PACKING pc=0x00007f8ad441b434 sp=0x00007f8a971ca860
Event: 10.638 Thread 0x00007f8ae429b000 DEOPT UNPACKING pc=0x00007f8acc92799f sp=0x00007f8a971ca750 mode 2

Classes redefined (0 events):
No events

Internal exceptions (20 events):
Event: 0.394 Thread 0x00007f8ae4016800 Exception <a 'java/lang/NoSuchMethodError'{0x00000000c6041f60}: 'java.lang.Object java.lang.invoke.DirectMethodHandle$Holder.invokeStatic(java.lang.Object, java.lang.Object, java.lang.Object, java.lang.Object, java.lang.Object, java.lang.Object, java.lang.Object, java.lang.Object, java.lang.Object, java.lang.Object, java.lang.Object, java.lang.Object, java.lang.Object, java.lang.Object, java.lang.Object, java.lang.Object)'> (0x00000000c6041f60) thrown at [./src/hotspot/share/interpreter/linkResolver.cpp, l
Event: 0.400 Thread 0x00007f8ae4016800 Exception <a 'java/lang/NoSuchMethodError'{0x00000000c604fbc0}: 'java.lang.Object java.lang.invoke.DirectMethodHandle$Holder.invokeSpecial(java.lang.Object, java.lang.Object, int, int, int, java.lang.Object, int)'> (0x00000000c604fbc0) thrown at [./src/hotspot/share/interpreter/linkResolver.cpp, line 773]
Event: 0.400 Thread 0x00007f8ae4016800 Exception <a 'java/lang/NoSuchMethodError'{0x00000000c6052ca8}: 'java.lang.Object java.lang.invoke.DelegatingMethodHandle$Holder.reinvoke_L(java.lang.Object, int, int, int, java.lang.Object, int)'> (0x00000000c6052ca8) thrown at [./src/hotspot/share/interpreter/linkResolver.cpp, line 773]
Event: 0.401 Thread 0x00007f8ae4016800 Exception <a 'java/lang/NoSuchMethodError'{0x00000000c6056af8}: 'java.lang.Object java.lang.invoke.DirectMethodHandle$Holder.invokeStatic(java.lang.Object, java.lang.Object, java.lang.Object, java.lang.Object, int)'> (0x00000000c6056af8) thrown at [./src/hotspot/share/interpreter/linkResolver.cpp, line 773]
Event: 0.422 Thread 0x00007f8ae4016800 Exception <a 'java/lang/NoSuchMethodError'{0x00000000c60d0198}: 'java.lang.Object java.lang.invoke.DirectMethodHandle$Holder.invokeStatic(java.lang.Object, java.lang.Object, java.lang.Object, java.lang.Object, java.lang.Object, java.lang.Object, java.lang.Object, java.lang.Object, java.lang.Object, java.lang.Object, java.lang.Object, java.lang.Object, java.lang.Object, int)'> (0x00000000c60d0198) thrown at [./src/hotspot/share/interpreter/linkResolver.cpp, line 773]
Event: 0.427 Thread 0x00007f8ae4016800 Exception <a 'java/lang/NoSuchMethodError'{0x00000000c60dc790}: 'java.lang.Object java.lang.invoke.DirectMethodHandle$Holder.invokeStatic(java.lang.Object, java.lang.Object, java.lang.Object, java.lang.Object, java.lang.Object, java.lang.Object, java.lang.Object, java.lang.Object, java.lang.Object, java.lang.Object, java.lang.Object, java.lang.Object, java.lang.Object, int, int)'> (0x00000000c60dc790) thrown at [./src/hotspot/share/interpreter/linkResolver.cpp, line 773]
Event: 0.429 Thread 0x00007f8ae4016800 Exception <a 'java/lang/NoSuchMethodError'{0x00000000c60e9568}: 'java.lang.Object java.lang.invoke.DirectMethodHandle$Holder.invokeStatic(java.lang.Object, java.lang.Object, java.lang.Object, java.lang.Object, java.lang.Object, java.lang.Object, java.lang.Object, java.lang.Object, java.lang.Object, java.lang.Object, java.lang.Object, java.lang.Object, java.lang.Object, int, int, java.lang.Object)'> (0x00000000c60e9568) thrown at [./src/hotspot/share/interpreter/linkResolver.cpp, line 773]
Event: 0.430 Thread 0x00007f8ae4016800 Exception <a 'java/lang/NoSuchMethodError'{0x00000000c60f6a00}: 'java.lang.Object java.lang.invoke.Invokers$Holder.linkToTargetMethod(java.lang.Object, int, java.lang.Object)'> (0x00000000c60f6a00) thrown at [./src/hotspot/share/interpreter/linkResolver.cpp, line 773]
Event: 1.792 Thread 0x00007f8ae4016800 Exception <a 'java/lang/NoSuchMethodError'{0x00000000c5fba1a8}: 'int java.lang.invoke.DirectMethodHandle$Holder.invokeSpecialIFC(java.lang.Object, java.lang.Object, int)'> (0x00000000c5fba1a8) thrown at [./src/hotspot/share/interpreter/linkResolver.cpp, line 773]
Event: 1.860 Thread 0x00007f8ae4016800 Exception <a 'java/lang/NoSuchMethodError'{0x00000000c5926418}: 'void java.lang.invoke.DirectMethodHandle$Holder.invokeSpecial(java.lang.Object, java.lang.Object)'> (0x00000000c5926418) thrown at [./src/hotspot/share/interpreter/linkResolver.cpp, line 773]
Event: 2.136 Thread 0x00007f8ae4016800 Exception <a 'java/lang/NoSuchMethodError'{0x00000000c63aa798}: 'java.lang.Object java.lang.invoke.DirectMethodHandle$Holder.invokeStatic(java.lang.Object, java.lang.Object, java.lang.Object, java.lang.Object, java.lang.Object, java.lang.Object, java.lang.Object, java.lang.Object, java.lang.Object, java.lang.Object, java.lang.Object, int)'> (0x00000000c63aa798) thrown at [./src/hotspot/share/interpreter/linkResolver.cpp, line 773]
Event: 2.137 Thread 0x00007f8ae4016800 Exception <a 'java/lang/NoSuchMethodError'{0x00000000c63c8ae0}: 'java.lang.Object java.lang.invoke.DirectMethodHandle$Holder.invokeStatic(java.lang.Object, java.lang.Object, java.lang.Object, java.lang.Object, java.lang.Object, java.lang.Object, java.lang.Object, java.lang.Object, java.lang.Object, java.lang.Object, java.lang.Object, int, int)'> (0x00000000c63c8ae0) thrown at [./src/hotspot/share/interpreter/linkResolver.cpp, line 773]
Event: 2.213 Thread 0x00007f8ae4016800 Exception <a 'java/lang/NoSuchMethodError'{0x00000000c6206a00}: 'java.lang.Object java.lang.invoke.DirectMethodHandle$Holder.invokeStatic(java.lang.Object, java.lang.Object, java.lang.Object, java.lang.Object, java.lang.Object, java.lang.Object, java.lang.Object, java.lang.Object, java.lang.Object, java.lang.Object, java.lang.Object, int, int, java.lang.Object)'> (0x00000000c6206a00) thrown at [./src/hotspot/share/interpreter/linkResolver.cpp, line 773]
Event: 2.244 Thread 0x00007f8ae4016800 Exception <a 'java/lang/NoSuchMethodError'{0x00000000c6226eb8}: 'java.lang.Object java.lang.invoke.DirectMethodHandle$Holder.invokeStatic(java.lang.Object, java.lang.Object, java.lang.Object, java.lang.Object, java.lang.Object, java.lang.Object, java.lang.Object, java.lang.Object, java.lang.Object, java.lang.Object, java.lang.Object, int, int, java.lang.Object, java.lang.Object)'> (0x00000000c6226eb8) thrown at [./src/hotspot/share/interpreter/linkResolver.cpp, line 773]
Event: 2.261 Thread 0x00007f8ae429b000 Exception <a 'java/lang/NoSuchMethodError'{0x00000000c62b8498}: 'java.lang.Object java.lang.invoke.DirectMethodHandle$Holder.invokeSpecial(java.lang.Object, java.lang.Object, long, java.lang.Object)'> (0x00000000c62b8498) thrown at [./src/hotspot/share/interpreter/linkResolver.cpp, line 773]
Event: 2.261 Thread 0x00007f8ae4297800 Exception <a 'java/lang/NoSuchMethodError'{0x00000000c629b350}: 'java.lang.Object java.lang.invoke.DirectMethodHandle$Holder.invokeSpecial(java.lang.Object, java.lang.Object, long, java.lang.Object)'> (0x00000000c629b350) thrown at [./src/hotspot/share/interpreter/linkResolver.cpp, line 773]
Event: 2.282 Thread 0x00007f8ae4297800 Exception <a 'java/lang/NoSuchMethodError'{0x00000000c629df48}: 'java.lang.Object java.lang.invoke.Invokers$Holder.linkToTargetMethod(long, java.lang.Object, java.lang.Object)'> (0x00000000c629df48) thrown at [./src/hotspot/share/interpreter/linkResolver.cpp, line 773]
Event: 4.499 Thread 0x00007f8ae427a000 Exception <a 'java/lang/NoSuchMethodError'{0x00000000c82f7f48}: 'java.lang.Object java.lang.invoke.DirectMethodHandle$Holder.invokeStatic(java.lang.Object, int, java.lang.Object)'> (0x00000000c82f7f48) thrown at [./src/hotspot/share/interpreter/linkResolver.cpp, line 773]
Event: 4.777 Thread 0x00007f8ae427a000 Exception <a 'java/lang/ClassNotFoundException'{0x00000000c81e8668}: sun/util/logging/resources/spi/loggingProvider> (0x00000000c81e8668) thrown at [./src/hotspot/share/classfile/systemDictionary.cpp, line 231]
Event: 11.615 Thread 0x00007f8ae42a4000 Implicit null exception at 0x00007f8ad4448ccb to 0x0000000000000000

Events (20 events):
Event: 7.197 Executing VM operation: RevokeBias done
Event: 7.212 Executing VM operation: RevokeBias
Event: 7.283 Executing VM operation: RevokeBias done
Event: 8.065 Executing VM operation: RevokeBias
Event: 8.065 Executing VM operation: RevokeBias done
Event: 9.523 Thread 0x00007f8a9803d000 Thread exited: 0x00007f8a9803d000
Event: 10.334 Executing VM operation: G1CollectForAllocation
Event: 10.361 Executing VM operation: G1CollectForAllocation done
Event: 10.404 Executing VM operation: CGC_Operation
Event: 10.407 Executing VM operation: CGC_Operation done
Event: 10.443 Executing VM operation: CGC_Operation
Event: 10.444 Executing VM operation: CGC_Operation done
Event: 11.239 Executing VM operation: RevokeBias
Event: 11.245 Executing VM operation: RevokeBias done
Event: 11.294 Executing VM operation: RevokeBias
Event: 11.295 Executing VM operation: RevokeBias done
Event: 11.345 Executing VM operation: RevokeBias
Event: 11.350 Executing VM operation: RevokeBias done
Event: 11.408 Executing VM operation: RevokeBias
Event: 11.408 Executing VM operation: RevokeBias done


Dynamic libraries:
c2600000-cb700000 rw-p 00000000 00:00 0 
cb700000-100000000 ---p 00000000 00:00 0 
800000000-800002000 rwxp 00001000 08:01 1181904                          /usr/lib/jvm/java-11-openjdk-amd64/lib/server/classes.jsa
800002000-8003b9000 rw-p 00003000 08:01 1181904                          /usr/lib/jvm/java-11-openjdk-amd64/lib/server/classes.jsa
8003b9000-800a81000 r--p 003ba000 08:01 1181904                          /usr/lib/jvm/java-11-openjdk-amd64/lib/server/classes.jsa
800a81000-800a82000 rw-p 00a82000 08:01 1181904                          /usr/lib/jvm/java-11-openjdk-amd64/lib/server/classes.jsa
800a82000-80108f000 r--p 00a83000 08:01 1181904                          /usr/lib/jvm/java-11-openjdk-amd64/lib/server/classes.jsa
840000000-8400c0000 rw-p 00000000 00:00 0 
8400c0000-880000000 ---p 00000000 00:00 0 
562370792000-562370793000 r-xp 00000000 08:01 661163                     /usr/lib/jvm/java-11-openjdk-amd64/bin/java
562370993000-562370994000 r--p 00001000 08:01 661163                     /usr/lib/jvm/java-11-openjdk-amd64/bin/java
562370994000-562370995000 rw-p 00002000 08:01 661163                     /usr/lib/jvm/java-11-openjdk-amd64/bin/java
562370cfd000-562370d1e000 rw-p 00000000 00:00 0                          [heap]
7f8a4c000000-7f8a4c021000 rw-p 00000000 00:00 0 
7f8a4c021000-7f8a50000000 ---p 00000000 00:00 0 
7f8a50000000-7f8a50021000 rw-p 00000000 00:00 0 
7f8a50021000-7f8a54000000 ---p 00000000 00:00 0 
7f8a54000000-7f8a54021000 rw-p 00000000 00:00 0 
7f8a54021000-7f8a58000000 ---p 00000000 00:00 0 
7f8a58000000-7f8a58021000 rw-p 00000000 00:00 0 
7f8a58021000-7f8a5c000000 ---p 00000000 00:00 0 
7f8a5c000000-7f8a5c021000 rw-p 00000000 00:00 0 
7f8a5c021000-7f8a60000000 ---p 00000000 00:00 0 
7f8a60000000-7f8a60021000 rw-p 00000000 00:00 0 
7f8a60021000-7f8a64000000 ---p 00000000 00:00 0 
7f8a64000000-7f8a64021000 rw-p 00000000 00:00 0 
7f8a64021000-7f8a68000000 ---p 00000000 00:00 0 
7f8a68000000-7f8a68022000 rw-p 00000000 00:00 0 
7f8a68022000-7f8a6c000000 ---p 00000000 00:00 0 
7f8a6c000000-7f8a6c153000 rw-p 00000000 00:00 0 
7f8a6c153000-7f8a70000000 ---p 00000000 00:00 0 
7f8a70000000-7f8a70021000 rw-p 00000000 00:00 0 
7f8a70021000-7f8a74000000 ---p 00000000 00:00 0 
7f8a74000000-7f8a74024000 rw-p 00000000 00:00 0 
7f8a74024000-7f8a78000000 ---p 00000000 00:00 0 
7f8a78000000-7f8a78021000 rw-p 00000000 00:00 0 
7f8a78021000-7f8a7c000000 ---p 00000000 00:00 0 
7f8a7c000000-7f8a7c021000 rw-p 00000000 00:00 0 
7f8a7c021000-7f8a80000000 ---p 00000000 00:00 0 
7f8a80000000-7f8a80021000 rw-p 00000000 00:00 0 
7f8a80021000-7f8a84000000 ---p 00000000 00:00 0 
7f8a84000000-7f8a84021000 rw-p 00000000 00:00 0 
7f8a84021000-7f8a88000000 ---p 00000000 00:00 0 
7f8a88000000-7f8a88021000 rw-p 00000000 00:00 0 
7f8a88021000-7f8a8c000000 ---p 00000000 00:00 0 
7f8a8c000000-7f8a8c021000 rw-p 00000000 00:00 0 
7f8a8c021000-7f8a90000000 ---p 00000000 00:00 0 
7f8a90000000-7f8a90021000 rw-p 00000000 00:00 0 
7f8a90021000-7f8a94000000 ---p 00000000 00:00 0 
7f8a9676d000-7f8a9676e000 ---p 00000000 00:00 0 
7f8a9676e000-7f8a9686f000 rw-p 00000000 00:00 0 
7f8a9686f000-7f8a96870000 ---p 00000000 00:00 0 
7f8a96870000-7f8a96971000 rw-p 00000000 00:00 0 
7f8a96971000-7f8a96972000 ---p 00000000 00:00 0 
7f8a96972000-7f8a96a73000 rw-p 00000000 00:00 0 
7f8a96bc3000-7f8a96bc4000 ---p 00000000 00:00 0 
7f8a96bc4000-7f8a96cc5000 rw-p 00000000 00:00 0 
7f8a96cc5000-7f8a96cc6000 ---p 00000000 00:00 0 
7f8a96cc6000-7f8a96dc7000 rw-p 00000000 00:00 0 
7f8a96dc7000-7f8a96dc8000 ---p 00000000 00:00 0 
7f8a96dc8000-7f8a96ec9000 rw-p 00000000 00:00 0 
7f8a96ec9000-7f8a96ecd000 ---p 00000000 00:00 0 
7f8a96ecd000-7f8a96fca000 rw-p 00000000 00:00 0 
7f8a96fca000-7f8a96fce000 ---p 00000000 00:00 0 
7f8a96fce000-7f8a970cb000 rw-p 00000000 00:00 0 
7f8a970cb000-7f8a970cf000 ---p 00000000 00:00 0 
7f8a970cf000-7f8a971cc000 rw-p 00000000 00:00 0 
7f8a971cc000-7f8a971d0000 ---p 00000000 00:00 0 
7f8a971d0000-7f8a972cd000 rw-p 00000000 00:00 0 
7f8a972cd000-7f8a972d1000 ---p 00000000 00:00 0 
7f8a972d1000-7f8a973ce000 rw-p 00000000 00:00 0 
7f8a973ce000-7f8a973d2000 ---p 00000000 00:00 0 
7f8a973d2000-7f8a974cf000 rw-p 00000000 00:00 0 
7f8a974cf000-7f8a974d3000 ---p 00000000 00:00 0 
7f8a974d3000-7f8a975d0000 rw-p 00000000 00:00 0 
7f8a975d0000-7f8a975d4000 ---p 00000000 00:00 0 
7f8a975d4000-7f8a976d1000 rw-p 00000000 00:00 0 
7f8a976d1000-7f8a976d3000 r-xp 00000000 08:01 1049876                    /usr/lib/jvm/java-11-openjdk-amd64/lib/libextnet.so
7f8a976d3000-7f8a978d2000 ---p 00002000 08:01 1049876                    /usr/lib/jvm/java-11-openjdk-amd64/lib/libextnet.so
7f8a978d2000-7f8a978d3000 r--p 00001000 08:01 1049876                    /usr/lib/jvm/java-11-openjdk-amd64/lib/libextnet.so
7f8a978d3000-7f8a978d4000 rw-p 00002000 08:01 1049876                    /usr/lib/jvm/java-11-openjdk-amd64/lib/libextnet.so
7f8a978d4000-7f8a978d8000 ---p 00000000 00:00 0 
7f8a978d8000-7f8a979d5000 rw-p 00000000 00:00 0 
7f8a979d5000-7f8a979eb000 r-xp 00000000 08:01 1050087                    /usr/lib/jvm/java-11-openjdk-amd64/lib/libnet.so
7f8a979eb000-7f8a97bea000 ---p 00016000 08:01 1050087                    /usr/lib/jvm/java-11-openjdk-amd64/lib/libnet.so
7f8a97bea000-7f8a97beb000 r--p 00015000 08:01 1050087                    /usr/lib/jvm/java-11-openjdk-amd64/lib/libnet.so
7f8a97beb000-7f8a97bec000 rw-p 00016000 08:01 1050087                    /usr/lib/jvm/java-11-openjdk-amd64/lib/libnet.so
7f8a97bec000-7f8a97bfc000 r-xp 00000000 08:01 1050098                    /usr/lib/jvm/java-11-openjdk-amd64/lib/libnio.so
7f8a97bfc000-7f8a97dfb000 ---p 00010000 08:01 1050098                    /usr/lib/jvm/java-11-openjdk-amd64/lib/libnio.so
7f8a97dfb000-7f8a97dfc000 r--p 0000f000 08:01 1050098                    /usr/lib/jvm/java-11-openjdk-amd64/lib/libnio.so
7f8a97dfc000-7f8a97dfd000 rw-p 00010000 08:01 1050098                    /usr/lib/jvm/java-11-openjdk-amd64/lib/libnio.so
7f8a97dfd000-7f8a97e01000 ---p 00000000 00:00 0 
7f8a97e01000-7f8a97efe000 rw-p 00000000 00:00 0 
7f8a97efe000-7f8a97eff000 ---p 00000000 00:00 0 
7f8a97eff000-7f8a98000000 rw-p 00000000 00:00 0 
7f8a98000000-7f8a982e6000 rw-p 00000000 00:00 0 
7f8a982e6000-7f8a9c000000 ---p 00000000 00:00 0 
7f8a9c000000-7f8a9c021000 rw-p 00000000 00:00 0 
7f8a9c021000-7f8aa0000000 ---p 00000000 00:00 0 
7f8aa0000000-7f8aa0021000 rw-p 00000000 00:00 0 
7f8aa0021000-7f8aa4000000 ---p 00000000 00:00 0 
7f8aa4000000-7f8aa5a58000 rw-p 00000000 00:00 0 
7f8aa5a58000-7f8aa8000000 ---p 00000000 00:00 0 
7f8aa8000000-7f8aa8021000 rw-p 00000000 00:00 0 
7f8aa8021000-7f8aac000000 ---p 00000000 00:00 0 
7f8aac000000-7f8aac021000 rw-p 00000000 00:00 0 
7f8aac021000-7f8ab0000000 ---p 00000000 00:00 0 
7f8ab0000000-7f8ab0021000 rw-p 00000000 00:00 0 
7f8ab0021000-7f8ab4000000 ---p 00000000 00:00 0 
7f8ab4000000-7f8ab40e0000 rw-p 00000000 00:00 0 
7f8ab40e0000-7f8ab8000000 ---p 00000000 00:00 0 
7f8ab8000000-7f8ab8021000 rw-p 00000000 00:00 0 
7f8ab8021000-7f8abc000000 ---p 00000000 00:00 0 
7f8abc000000-7f8abc021000 rw-p 00000000 00:00 0 
7f8abc021000-7f8ac0000000 ---p 00000000 00:00 0 
7f8ac0000000-7f8ac0021000 rw-p 00000000 00:00 0 
7f8ac0021000-7f8ac4000000 ---p 00000000 00:00 0 
7f8ac4063000-7f8ac4067000 ---p 00000000 00:00 0 
7f8ac4067000-7f8ac4164000 rw-p 00000000 00:00 0 
7f8ac4164000-7f8ac4168000 ---p 00000000 00:00 0 
7f8ac4168000-7f8ac4265000 rw-p 00000000 00:00 0 
7f8ac4265000-7f8ac4269000 ---p 00000000 00:00 0 
7f8ac4269000-7f8ac4366000 rw-p 00000000 00:00 0 
7f8ac4366000-7f8ac436a000 ---p 00000000 00:00 0 
7f8ac436a000-7f8ac4467000 rw-p 00000000 00:00 0 
7f8ac4467000-7f8ac446b000 ---p 00000000 00:00 0 
7f8ac446b000-7f8ac4568000 rw-p 00000000 00:00 0 
7f8ac4568000-7f8ac4898000 r--p 00000000 08:01 2360321                    /usr/lib/locale/locale-archive
7f8ac4898000-7f8ac4d58000 rw-p 00000000 00:00 0 
7f8ac4d58000-7f8ac5098000 ---p 00000000 00:00 0 
7f8ac5098000-7f8ac72dc000 rw-p 00000000 00:00 0 
7f8ac72dc000-7f8ac8000000 ---p 00000000 00:00 0 
7f8ac8000000-7f8ac8021000 rw-p 00000000 00:00 0 
7f8ac8021000-7f8acc000000 ---p 00000000 00:00 0 
7f8acc076000-7f8acc07a000 ---p 00000000 00:00 0 
7f8acc07a000-7f8acc177000 rw-p 00000000 00:00 0 
7f8acc177000-7f8acc17b000 ---p 00000000 00:00 0 
7f8acc17b000-7f8acc278000 rw-p 00000000 00:00 0 
7f8acc278000-7f8acc279000 ---p 00000000 00:00 0 
7f8acc279000-7f8acc3fb000 rw-p 00000000 00:00 0 
7f8acc3fb000-7f8acc3fc000 ---p 00000000 00:00 0 
7f8acc3fc000-7f8acc4fd000 rw-p 00000000 00:00 0 
7f8acc4fd000-7f8acc4fe000 ---p 00000000 00:00 0 
7f8acc4fe000-7f8acc902000 rw-p 00000000 00:00 0 
7f8acc902000-7f8accb72000 rwxp 00000000 00:00 0 
7f8accb72000-7f8acce92000 ---p 00000000 00:00 0 
7f8acce92000-7f8acd102000 rwxp 00000000 00:00 0 
7f8acd102000-7f8ad43ca000 ---p 00000000 00:00 0 
7f8ad43ca000-7f8ad463a000 rwxp 00000000 00:00 0 
7f8ad463a000-7f8adb902000 ---p 00000000 00:00 0 
7f8adb902000-7f8ae4000000 r--s 00000000 08:01 1050240                    /usr/lib/jvm/java-11-openjdk-amd64/lib/modules
7f8ae4000000-7f8ae42df000 rw-p 00000000 00:00 0 
7f8ae42df000-7f8ae8000000 ---p 00000000 00:00 0 
7f8ae8076000-7f8ae8379000 rw-p 00000000 00:00 0 
7f8ae8379000-7f8ae837a000 ---p 00000000 00:00 0 
7f8ae837a000-7f8ae847b000 rw-p 00000000 00:00 0 
7f8ae847b000-7f8ae847c000 ---p 00000000 00:00 0 
7f8ae847c000-7f8ae87c1000 rw-p 00000000 00:00 0 
7f8ae87c1000-7f8ae94e5000 ---p 00000000 00:00 0 
7f8ae94e5000-7f8ae952e000 rw-p 00000000 00:00 0 
7f8ae952e000-7f8ae96d2000 ---p 00000000 00:00 0 
7f8ae96d2000-7f8ae971b000 rw-p 00000000 00:00 0 
7f8ae971b000-7f8ae98bf000 ---p 00000000 00:00 0 
7f8ae98bf000-7f8ae9908000 rw-p 00000000 00:00 0 
7f8ae9908000-7f8ae9aac000 ---p 00000000 00:00 0 
7f8ae9aac000-7f8aea0b2000 rw-p 00000000 00:00 0 
7f8aea0b2000-7f8aea0b3000 ---p 00000000 00:00 0 
7f8aea0b3000-7f8aea1b9000 rw-p 00000000 00:00 0 
7f8aea1b9000-7f8aea29f000 ---p 00000000 00:00 0 
7f8aea29f000-7f8aea2a4000 rw-p 00000000 00:00 0 
7f8aea2a4000-7f8aea38a000 ---p 00000000 00:00 0 
7f8aea38a000-7f8aea391000 r-xp 00000000 08:01 1050223                    /usr/lib/jvm/java-11-openjdk-amd64/lib/libzip.so
7f8aea391000-7f8aea590000 ---p 00007000 08:01 1050223                    /usr/lib/jvm/java-11-openjdk-amd64/lib/libzip.so
7f8aea590000-7f8aea591000 r--p 00006000 08:01 1050223                    /usr/lib/jvm/java-11-openjdk-amd64/lib/libzip.so
7f8aea591000-7f8aea592000 rw-p 00007000 08:01 1050223                    /usr/lib/jvm/java-11-openjdk-amd64/lib/libzip.so
7f8aea592000-7f8aea59d000 r-xp 00000000 08:01 1835055                    /lib/x86_64-linux-gnu/libnss_files-2.27.so
7f8aea59d000-7f8aea79c000 ---p 0000b000 08:01 1835055                    /lib/x86_64-linux-gnu/libnss_files-2.27.so
7f8aea79c000-7f8aea79d000 r--p 0000a000 08:01 1835055                    /lib/x86_64-linux-gnu/libnss_files-2.27.so
7f8aea79d000-7f8aea79e000 rw-p 0000b000 08:01 1835055                    /lib/x86_64-linux-gnu/libnss_files-2.27.so
7f8aea79e000-7f8aea7a4000 rw-p 00000000 00:00 0 
7f8aea7a4000-7f8aea7bb000 r-xp 00000000 08:01 1835052                    /lib/x86_64-linux-gnu/libnsl-2.27.so
7f8aea7bb000-7f8aea9ba000 ---p 00017000 08:01 1835052                    /lib/x86_64-linux-gnu/libnsl-2.27.so
7f8aea9ba000-7f8aea9bb000 r--p 00016000 08:01 1835052                    /lib/x86_64-linux-gnu/libnsl-2.27.so
7f8aea9bb000-7f8aea9bc000 rw-p 00017000 08:01 1835052                    /lib/x86_64-linux-gnu/libnsl-2.27.so
7f8aea9bc000-7f8aea9be000 rw-p 00000000 00:00 0 
7f8aea9be000-7f8aea9c9000 r-xp 00000000 08:01 1835057                    /lib/x86_64-linux-gnu/libnss_nis-2.27.so
7f8aea9c9000-7f8aeabc8000 ---p 0000b000 08:01 1835057                    /lib/x86_64-linux-gnu/libnss_nis-2.27.so
7f8aeabc8000-7f8aeabc9000 r--p 0000a000 08:01 1835057                    /lib/x86_64-linux-gnu/libnss_nis-2.27.so
7f8aeabc9000-7f8aeabca000 rw-p 0000b000 08:01 1835057                    /lib/x86_64-linux-gnu/libnss_nis-2.27.so
7f8aeabca000-7f8aeabd2000 r-xp 00000000 08:01 1835053                    /lib/x86_64-linux-gnu/libnss_compat-2.27.so
7f8aeabd2000-7f8aeadd2000 ---p 00008000 08:01 1835053                    /lib/x86_64-linux-gnu/libnss_compat-2.27.so
7f8aeadd2000-7f8aeadd3000 r--p 00008000 08:01 1835053                    /lib/x86_64-linux-gnu/libnss_compat-2.27.so
7f8aeadd3000-7f8aeadd4000 rw-p 00009000 08:01 1835053                    /lib/x86_64-linux-gnu/libnss_compat-2.27.so
7f8aeadd4000-7f8aeadd9000 r-xp 00000000 08:01 1049932                    /usr/lib/jvm/java-11-openjdk-amd64/lib/libjimage.so
7f8aeadd9000-7f8aeafd8000 ---p 00005000 08:01 1049932                    /usr/lib/jvm/java-11-openjdk-amd64/lib/libjimage.so
7f8aeafd8000-7f8aeafd9000 r--p 00004000 08:01 1049932                    /usr/lib/jvm/java-11-openjdk-amd64/lib/libjimage.so
7f8aeafd9000-7f8aeafda000 rw-p 00005000 08:01 1049932                    /usr/lib/jvm/java-11-openjdk-amd64/lib/libjimage.so
7f8aeafda000-7f8aeb003000 r-xp 00000000 08:01 1049899                    /usr/lib/jvm/java-11-openjdk-amd64/lib/libjava.so
7f8aeb003000-7f8aeb203000 ---p 00029000 08:01 1049899                    /usr/lib/jvm/java-11-openjdk-amd64/lib/libjava.so
7f8aeb203000-7f8aeb204000 r--p 00029000 08:01 1049899                    /usr/lib/jvm/java-11-openjdk-amd64/lib/libjava.so
7f8aeb204000-7f8aeb205000 rw-p 0002a000 08:01 1049899                    /usr/lib/jvm/java-11-openjdk-amd64/lib/libjava.so
7f8aeb205000-7f8aeb206000 rw-p 00000000 00:00 0 
7f8aeb206000-7f8aeb213000 r-xp 00000000 08:01 1050221                    /usr/lib/jvm/java-11-openjdk-amd64/lib/libverify.so
7f8aeb213000-7f8aeb412000 ---p 0000d000 08:01 1050221                    /usr/lib/jvm/java-11-openjdk-amd64/lib/libverify.so
7f8aeb412000-7f8aeb414000 r--p 0000c000 08:01 1050221                    /usr/lib/jvm/java-11-openjdk-amd64/lib/libverify.so
7f8aeb414000-7f8aeb415000 rw-p 0000e000 08:01 1050221                    /usr/lib/jvm/java-11-openjdk-amd64/lib/libverify.so
7f8aeb415000-7f8aeb41c000 r-xp 00000000 08:01 1840227                    /lib/x86_64-linux-gnu/librt-2.27.so
7f8aeb41c000-7f8aeb61b000 ---p 00007000 08:01 1840227                    /lib/x86_64-linux-gnu/librt-2.27.so
7f8aeb61b000-7f8aeb61c000 r--p 00006000 08:01 1840227                    /lib/x86_64-linux-gnu/librt-2.27.so
7f8aeb61c000-7f8aeb61d000 rw-p 00007000 08:01 1840227                    /lib/x86_64-linux-gnu/librt-2.27.so
7f8aeb61d000-7f8aeb634000 r-xp 00000000 08:01 1835013                    /lib/x86_64-linux-gnu/libgcc_s.so.1
7f8aeb634000-7f8aeb833000 ---p 00017000 08:01 1835013                    /lib/x86_64-linux-gnu/libgcc_s.so.1
7f8aeb833000-7f8aeb834000 r--p 00016000 08:01 1835013                    /lib/x86_64-linux-gnu/libgcc_s.so.1
7f8aeb834000-7f8aeb835000 rw-p 00017000 08:01 1835013                    /lib/x86_64-linux-gnu/libgcc_s.so.1
7f8aeb835000-7f8aeb9d2000 r-xp 00000000 08:01 1835049                    /lib/x86_64-linux-gnu/libm-2.27.so
7f8aeb9d2000-7f8aebbd1000 ---p 0019d000 08:01 1835049                    /lib/x86_64-linux-gnu/libm-2.27.so
7f8aebbd1000-7f8aebbd2000 r--p 0019c000 08:01 1835049                    /lib/x86_64-linux-gnu/libm-2.27.so
7f8aebbd2000-7f8aebbd3000 rw-p 0019d000 08:01 1835049                    /lib/x86_64-linux-gnu/libm-2.27.so
7f8aebbd3000-7f8aebd4c000 r-xp 00000000 08:01 2360550                    /usr/lib/x86_64-linux-gnu/libstdc++.so.6.0.25
7f8aebd4c000-7f8aebf4c000 ---p 00179000 08:01 2360550                    /usr/lib/x86_64-linux-gnu/libstdc++.so.6.0.25
7f8aebf4c000-7f8aebf56000 r--p 00179000 08:01 2360550                    /usr/lib/x86_64-linux-gnu/libstdc++.so.6.0.25
7f8aebf56000-7f8aebf58000 rw-p 00183000 08:01 2360550                    /usr/lib/x86_64-linux-gnu/libstdc++.so.6.0.25
7f8aebf58000-7f8aebf5c000 rw-p 00000000 00:00 0 
7f8aebf5c000-7f8aed03a000 r-xp 00000000 08:01 1181144                    /usr/lib/jvm/java-11-openjdk-amd64/lib/server/libjvm.so
7f8aed03a000-7f8aed239000 ---p 010de000 08:01 1181144                    /usr/lib/jvm/java-11-openjdk-amd64/lib/server/libjvm.so
7f8aed239000-7f8aed2f6000 r--p 010dd000 08:01 1181144                    /usr/lib/jvm/java-11-openjdk-amd64/lib/server/libjvm.so
7f8aed2f6000-7f8aed32f000 rw-p 0119a000 08:01 1181144                    /usr/lib/jvm/java-11-openjdk-amd64/lib/server/libjvm.so
7f8aed32f000-7f8aed386000 rw-p 00000000 00:00 0 
7f8aed386000-7f8aed3a0000 r-xp 00000000 08:01 1840183                    /lib/x86_64-linux-gnu/libpthread-2.27.so
7f8aed3a0000-7f8aed59f000 ---p 0001a000 08:01 1840183                    /lib/x86_64-linux-gnu/libpthread-2.27.so
7f8aed59f000-7f8aed5a0000 r--p 00019000 08:01 1840183                    /lib/x86_64-linux-gnu/libpthread-2.27.so
7f8aed5a0000-7f8aed5a1000 rw-p 0001a000 08:01 1840183                    /lib/x86_64-linux-gnu/libpthread-2.27.so
7f8aed5a1000-7f8aed5a5000 rw-p 00000000 00:00 0 
7f8aed5a5000-7f8aed5a8000 r-xp 00000000 08:01 1835048                    /lib/x86_64-linux-gnu/libdl-2.27.so
7f8aed5a8000-7f8aed7a7000 ---p 00003000 08:01 1835048                    /lib/x86_64-linux-gnu/libdl-2.27.so
7f8aed7a7000-7f8aed7a8000 r--p 00002000 08:01 1835048                    /lib/x86_64-linux-gnu/libdl-2.27.so
7f8aed7a8000-7f8aed7a9000 rw-p 00003000 08:01 1835048                    /lib/x86_64-linux-gnu/libdl-2.27.so
7f8aed7a9000-7f8aed7c5000 r-xp 00000000 08:01 1840663                    /lib/x86_64-linux-gnu/libz.so.1.2.11
7f8aed7c5000-7f8aed9c4000 ---p 0001c000 08:01 1840663                    /lib/x86_64-linux-gnu/libz.so.1.2.11
7f8aed9c4000-7f8aed9c5000 r--p 0001b000 08:01 1840663                    /lib/x86_64-linux-gnu/libz.so.1.2.11
7f8aed9c5000-7f8aed9c6000 rw-p 0001c000 08:01 1840663                    /lib/x86_64-linux-gnu/libz.so.1.2.11
7f8aed9c6000-7f8aedbad000 r-xp 00000000 08:01 1835045                    /lib/x86_64-linux-gnu/libc-2.27.so
7f8aedbad000-7f8aeddad000 ---p 001e7000 08:01 1835045                    /lib/x86_64-linux-gnu/libc-2.27.so
7f8aeddad000-7f8aeddb1000 r--p 001e7000 08:01 1835045                    /lib/x86_64-linux-gnu/libc-2.27.so
7f8aeddb1000-7f8aeddb3000 rw-p 001eb000 08:01 1835045                    /lib/x86_64-linux-gnu/libc-2.27.so
7f8aeddb3000-7f8aeddb7000 rw-p 00000000 00:00 0 
7f8aeddb7000-7f8aeddc7000 r-xp 00000000 08:01 1049770                    /usr/lib/jvm/java-11-openjdk-amd64/lib/jli/libjli.so
7f8aeddc7000-7f8aedfc6000 ---p 00010000 08:01 1049770                    /usr/lib/jvm/java-11-openjdk-amd64/lib/jli/libjli.so
7f8aedfc6000-7f8aedfc7000 r--p 0000f000 08:01 1049770                    /usr/lib/jvm/java-11-openjdk-amd64/lib/jli/libjli.so
7f8aedfc7000-7f8aedfc8000 rw-p 00010000 08:01 1049770                    /usr/lib/jvm/java-11-openjdk-amd64/lib/jli/libjli.so
7f8aedfc8000-7f8aedfef000 r-xp 00000000 08:01 1835021                    /lib/x86_64-linux-gnu/ld-2.27.so
7f8aee02f000-7f8aee0cf000 rw-p 00000000 00:00 0 
7f8aee0cf000-7f8aee0d6000 ---p 00000000 00:00 0 
7f8aee0d6000-7f8aee0da000 ---p 00000000 00:00 0 
7f8aee0da000-7f8aee1d9000 rw-p 00000000 00:00 0 
7f8aee1e1000-7f8aee1e3000 r--s 00007000 08:01 2628883                    /usr/share/java/java-atk-wrapper.jar
7f8aee1e3000-7f8aee1eb000 rw-s 00000000 08:01 2633461                    /tmp/hsperfdata_dcl/3245
7f8aee1eb000-7f8aee1ec000 ---p 00000000 00:00 0 
7f8aee1ec000-7f8aee1ed000 r--p 00000000 00:00 0 
7f8aee1ed000-7f8aee1ef000 rw-p 00000000 00:00 0 
7f8aee1ef000-7f8aee1f0000 r--p 00027000 08:01 1835021                    /lib/x86_64-linux-gnu/ld-2.27.so
7f8aee1f0000-7f8aee1f1000 rw-p 00028000 08:01 1835021                    /lib/x86_64-linux-gnu/ld-2.27.so
7f8aee1f1000-7f8aee1f2000 rw-p 00000000 00:00 0 
7ffd7f55c000-7ffd7f57d000 rw-p 00000000 00:00 0                          [stack]
7ffd7f594000-7ffd7f597000 r--p 00000000 00:00 0                          [vvar]
7ffd7f597000-7ffd7f599000 r-xp 00000000 00:00 0                          [vdso]
ffffffffff600000-ffffffffff601000 r-xp 00000000 00:00 0                  [vsyscall]


VM Arguments:
java_command: /home/dcl/Documents/project/CS451-2020-project/template_java/bin/da_proc.jar --id 1 --hosts /tmp/tmpk22ci_0t --barrier localhost:10000 --signal localhost:11000 --output /home/dcl/Documents/project/CS451-2020-project/template_java/outputs/proc01.output /tmp/tmpx6qcmb65
java_class_path (initial): /home/dcl/Documents/project/CS451-2020-project/template_java/bin/da_proc.jar
Launcher Type: SUN_STANDARD

[Global flags]
     intx CICompilerCount                          = 3                                         {product} {ergonomic}
     uint ConcGCThreads                            = 2                                         {product} {ergonomic}
     uint G1ConcRefinementThreads                  = 6                                         {product} {ergonomic}
   size_t G1HeapRegionSize                         = 1048576                                   {product} {ergonomic}
    uintx GCDrainStackTargetSize                   = 64                                        {product} {ergonomic}
   size_t InitialHeapSize                          = 65011712                                  {product} {ergonomic}
   size_t MarkStackSize                            = 4194304                                   {product} {ergonomic}
   size_t MaxHeapSize                              = 1033895936                                {product} {ergonomic}
   size_t MaxNewSize                               = 619708416                                 {product} {ergonomic}
   size_t MinHeapDeltaBytes                        = 1048576                                   {product} {ergonomic}
    uintx NonNMethodCodeHeapSize                   = 5830732                                {pd product} {ergonomic}
    uintx NonProfiledCodeHeapSize                  = 122913754                              {pd product} {ergonomic}
    uintx ProfiledCodeHeapSize                     = 122913754                              {pd product} {ergonomic}
    uintx ReservedCodeCacheSize                    = 251658240                              {pd product} {ergonomic}
     bool SegmentedCodeCache                       = true                                      {product} {ergonomic}
     bool UseCompressedClassPointers               = true                                 {lp64_product} {ergonomic}
     bool UseCompressedOops                        = true                                 {lp64_product} {ergonomic}
     bool UseG1GC                                  = true                                      {product} {ergonomic}

Logging:
Log output configuration:
 #0: stdout all=warning uptime,level,tags
 #1: stderr all=off uptime,level,tags

Environment Variables:
PATH=/usr/local/sbin:/usr/local/bin:/usr/sbin:/usr/bin:/sbin:/bin:/usr/games:/usr/local/games:/snap/bin
SHELL=/bin/bash
DISPLAY=:0.0
LANG=en_US.UTF-8

Signal Handlers:
SIGSEGV: [libjvm.so+0xdf9610], sa_mask[0]=11111111011111111101111111111110, sa_flags=SA_RESTART|SA_SIGINFO
SIGBUS: [libjvm.so+0xdf9610], sa_mask[0]=11111111011111111101111111111110, sa_flags=SA_RESTART|SA_SIGINFO
SIGFPE: [libjvm.so+0xdf9610], sa_mask[0]=11111111011111111101111111111110, sa_flags=SA_RESTART|SA_SIGINFO
SIGPIPE: [libjvm.so+0xbcc360], sa_mask[0]=11111111011111111101111111111110, sa_flags=SA_RESTART|SA_SIGINFO
SIGXFSZ: [libjvm.so+0xbcc360], sa_mask[0]=11111111011111111101111111111110, sa_flags=SA_RESTART|SA_SIGINFO
SIGILL: [libjvm.so+0xdf9610], sa_mask[0]=11111111011111111101111111111110, sa_flags=SA_RESTART|SA_SIGINFO
SIGUSR2: [libjvm.so+0xbcc200], sa_mask[0]=00000000000000000000000000000000, sa_flags=SA_RESTART|SA_SIGINFO
SIGHUP: [libjvm.so+0xbcc560], sa_mask[0]=11111111011111111101111111111110, sa_flags=SA_RESTART|SA_SIGINFO
SIGINT: [libjvm.so+0xbcc560], sa_mask[0]=11111111011111111101111111111110, sa_flags=SA_RESTART|SA_SIGINFO
SIGTERM: [libjvm.so+0xbcc560], sa_mask[0]=11111111011111111101111111111110, sa_flags=SA_RESTART|SA_SIGINFO
SIGQUIT: [libjvm.so+0xbcc560], sa_mask[0]=11111111011111111101111111111110, sa_flags=SA_RESTART|SA_SIGINFO


---------------  S Y S T E M  ---------------

OS:DISTRIB_ID=Ubuntu
DISTRIB_RELEASE=18.04
DISTRIB_CODENAME=bionic
DISTRIB_DESCRIPTION="Ubuntu 18.04.5 LTS"
uname:Linux 4.15.0-117-generic #118-Ubuntu SMP Fri Sep 4 20:02:41 UTC 2020 x86_64
OS uptime: 0 days 0:15 hours
libc:glibc 2.27 NPTL 2.27 
rlimit (soft/hard): STACK 8192k/infinity , CORE 0k/infinity , NPROC 15599/15599 , NOFILE 1048576/1048576 , AS infinity/infinity , CPU infinity/infinity , DATA infinity/infinity , FSIZE infinity/infinity , MEMLOCK 16384k/16384k
load average:1.42 1.30 1.10

/proc/meminfo:
MemTotal:        4038492 kB
MemFree:         1568012 kB
MemAvailable:    2141988 kB
Buffers:           41856 kB
Cached:           713644 kB
SwapCached:            0 kB
Active:          1838016 kB
Inactive:         477240 kB
Active(anon):    1560488 kB
Inactive(anon):     1312 kB
Active(file):     277528 kB
Inactive(file):   475928 kB
Unevictable:           0 kB
Mlocked:               0 kB
SwapTotal:       2097148 kB
SwapFree:        2097148 kB
Dirty:               208 kB
Writeback:             0 kB
AnonPages:       1559824 kB
Mapped:           180072 kB
Shmem:              2048 kB
Slab:              72532 kB
SReclaimable:      46988 kB
SUnreclaim:        25544 kB
KernelStack:        8640 kB
PageTables:        25108 kB
NFS_Unstable:          0 kB
Bounce:                0 kB
WritebackTmp:          0 kB
CommitLimit:     4116392 kB
Committed_AS:    3741496 kB
VmallocTotal:   34359738367 kB
VmallocUsed:           0 kB
VmallocChunk:          0 kB
HardwareCorrupted:     0 kB
AnonHugePages:         0 kB
ShmemHugePages:        0 kB
ShmemPmdMapped:        0 kB
CmaTotal:              0 kB
CmaFree:               0 kB
HugePages_Total:       0
HugePages_Free:        0
HugePages_Rsvd:        0
HugePages_Surp:        0
Hugepagesize:       2048 kB
DirectMap4k:      118720 kB
DirectMap2M:     4075520 kB

/sys/kernel/mm/transparent_hugepage/enabled:
always [madvise] never

/sys/kernel/mm/transparent_hugepage/defrag (defrag/compaction efforts parameter):
always defer defer+madvise [madvise] never


/proc/sys/kernel/threads-max (system-wide limit on the number of threads):
31199


/proc/sys/vm/max_map_count (maximum number of memory map areas a process may have):
65530


/proc/sys/kernel/pid_max (system-wide limit on number of process identifiers):
32768



container (cgroup) information:
container_type: cgroupv1
cpu_cpuset_cpus: 0-5
cpu_memory_nodes: 0
active_processor_count: 6
cpu_quota: -1
cpu_period: 100000
cpu_shares: -1
memory_limit_in_bytes: -1
memory_and_swap_limit_in_bytes: -2
memory_soft_limit_in_bytes: -1
memory_usage_in_bytes: 2371219456
memory_max_usage_in_bytes: 0

KVM virtualization detected
Steal ticks since vm start: 0
Steal ticks percentage since vm start:  0.000

CPU:total 6 (initial active 6) (6 cores per cpu, 1 threads per core) family 6 model 158 stepping 10, cmov, cx8, fxsr, mmx, sse, sse2, sse3, ssse3, sse4.1, sse4.2, tsc, tscinvbit
CPU Model and flags from /proc/cpuinfo:
model name	: Intel(R) Core(TM) i7-9750H CPU @ 2.60GHz
flags		: fpu vme de pse tsc msr pae mce cx8 apic sep mtrr pge mca cmov pat pse36 clflush mmx fxsr sse sse2 ht syscall nx rdtscp lm constant_tsc rep_good nopl xtopology nonstop_tsc cpuid tsc_known_freq pni ssse3 pcid sse4_1 sse4_2 hypervisor lahf_lm invpcid_single pti fsgsbase invpcid md_clear flush_l1d arch_capabilities

Memory: 4k page, physical 4038492k(1568012k free), swap 2097148k(2097148k free)

vm_info: OpenJDK 64-Bit Server VM (11.0.8+10-post-Ubuntu-0ubuntu118.04.1) for linux-amd64 JRE (11.0.8+10-post-Ubuntu-0ubuntu118.04.1), built on Jul 15 2020 20:45:24 by "unknown" with gcc 7.5.0

END.
