#
# A fatal error has been detected by the Java Runtime Environment:
#
#  SIGSEGV (0xb) at pc=0x00007f456cb9f525, pid=8964, tid=9277
#
# JRE version: OpenJDK Runtime Environment (11.0.8+10) (build 11.0.8+10-post-Ubuntu-0ubuntu118.04.1)
# Java VM: OpenJDK 64-Bit Server VM (11.0.8+10-post-Ubuntu-0ubuntu118.04.1, mixed mode, sharing, tiered, compressed oops, g1 gc, linux-amd64)
# Problematic frame:
# V  [libjvm.so+0x771525]
#
# Core dump will be written. Default location: Core dumps may be processed with "/usr/share/apport/apport %p %s %c %d %P %E" (or dumping to /home/dcl/Documents/project/CS451-2020-project/core.8964)
#
# If you would like to submit a bug report, please visit:
#   https://bugs.launchpad.net/ubuntu/+source/openjdk-lts
#

---------------  S U M M A R Y ------------

Command Line: /home/dcl/Documents/project/CS451-2020-project/template_java/bin/da_proc.jar --id 9 --hosts /tmp/tmp3muuovf9 --barrier localhost:10000 --signal localhost:11000 --output /home/dcl/Documents/project/CS451-2020-project/template_java/outputs/proc09.output /tmp/tmp178kgrjj

Host: Intel(R) Core(TM) i7-9750H CPU @ 2.60GHz, 6 cores, 3G, Ubuntu 18.04.5 LTS
Time: Thu Nov 12 19:20:54 2020 CET elapsed time: 49 seconds (0d 0h 0m 49s)

---------------  T H R E A D  ---------------

Current thread (0x00007f4534002800):  GCTaskThread "GC Thread#2" [stack: 0x00007f450efda000,0x00007f450f0da000] [id=9277]

Stack: [0x00007f450efda000,0x00007f450f0da000],  sp=0x00007f450f0d8980,  free space=1018k
Native frames: (J=compiled Java code, A=aot compiled Java code, j=interpreted, Vv=VM code, C=native code)
V  [libjvm.so+0x771525]
V  [libjvm.so+0x76ed18]
V  [libjvm.so+0x784486]
V  [libjvm.so+0x6e19f8]
V  [libjvm.so+0x72b4ca]
V  [libjvm.so+0x77e61d]
V  [libjvm.so+0x77e77b]
V  [libjvm.so+0x739292]
V  [libjvm.so+0xe23bcd]
V  [libjvm.so+0xd860bf]
V  [libjvm.so+0xbd632e]


siginfo: si_signo: 11 (SIGSEGV), si_code: 1 (SEGV_MAPERR), si_addr: 0x000000095c51e308

Register to memory mapping:

RAX=0x0000000000000001 is an unknown value
RBX=
[error occurred during error reporting (printing register info), id 0xb, SIGSEGV (0xb) at pc=0x00007f456cc2088d]

Registers:
RAX=0x0000000000000001, RBX=0x00000000ca599438, RCX=0x0000000000000003, RDX=0x00007f456d7e7f10
RSP=0x00007f450f0d8980, RBP=0x00007f450f0d8a00, RSI=0x0000000000000001, RDI=0x000000095c51e300
R8 =0x0000000000000000, R9 =0x0000000000000000, R10=0x00000000c9c4be59, R11=0x0000000000000003
R12=0x00007f44d8001c20, R13=0x0000000000000040, R14=0x00007f44d8001c20, R15=0x00000000c9c4be58
RIP=0x00007f456cb9f525, EFLAGS=0x0000000000010206, CSGSFS=0x002b000000000033, ERR=0x0000000000000004
  TRAPNO=0x000000000000000e

Top of Stack: (sp=0x00007f450f0d8980)
0x00007f450f0d8980:   00007f450f0d89e0 00007f456dfc9056
0x00007f450f0d8990:   00007f4400000001 00007f4500000000
0x00007f450f0d89a0:   0000000000000004 000000026cffb79f
0x00007f450f0d89b0:   00007fae2b8a3c60 00000000000d9e01 

Instructions: (pc=0x00007f456cb9f525)
0x00007f456cb9f425:   00 01 49 c7 85 30 01 00 00 00 00 00 00 74 43 4d
0x00007f456cb9f435:   8b 4d 10 49 8b 4d 08 49 8d bd 04 01 00 00 4d 8b
0x00007f456cb9f445:   7d 50 4c 89 4d c0 48 89 4d c8 e8 cc cc 08 00 4c
0x00007f456cb9f455:   8b 4d c0 48 8b 4d c8 48 8d 35 80 f5 73 00 48 8d
0x00007f456cb9f465:   3d be 9d 73 00 48 89 c2 4d 89 f8 31 c0 e8 59 99
0x00007f456cb9f475:   fa ff 49 8b 7c 24 08 41 8b b4 24 9c 01 00 00 4c
0x00007f456cb9f485:   89 f1 48 89 da e8 f1 af fb ff 48 8d 05 76 53 c7
0x00007f456cb9f495:   00 4d 89 ac 24 90 01 00 00 49 8d bc 24 70 01 00
0x00007f456cb9f4a5:   00 80 38 00 75 2d 48 8b 53 08 48 63 4a 0c 48 8d
0x00007f456cb9f4b5:   05 06 45 c7 00 48 89 de ff 14 c8 48 83 c4 18 48
0x00007f456cb9f4c5:   89 d8 5b 41 5c 41 5d 41 5e 41 5f 5d c3 66 0f 1f
0x00007f456cb9f4d5:   44 00 00 48 8d 05 31 8a c4 00 8b 53 08 8b 48 08
0x00007f456cb9f4e5:   48 d3 e2 48 03 10 eb c2 90 66 90 55 48 89 e5 41
0x00007f456cb9f4f5:   57 41 56 41 55 41 54 49 89 fe 53 48 89 d3 48 83
0x00007f456cb9f505:   ec 58 48 8d 05 fe 52 c7 00 40 88 75 b8 48 89 4d
0x00007f456cb9f515:   b0 0f b6 00 84 c0 0f 85 7f 01 00 00 48 8b 7a 08
0x00007f456cb9f525:   44 8b 6f 08 41 83 fd 00 0f 8e 4d 01 00 00 41 f6
0x00007f456cb9f535:   c5 01 0f 85 49 01 00 00 41 c1 fd 03 49 8b 46 08
0x00007f456cb9f545:   48 89 da 45 31 db 4d 63 d5 8b 88 c0 02 00 00 48
0x00007f456cb9f555:   8b 80 b0 02 00 00 48 d3 ea 80 7d b8 01 48 8b 04
0x00007f456cb9f565:   d0 8b 80 40 01 00 00 89 45 ac 0f 84 b3 02 00 00
0x00007f456cb9f575:   48 0f be 45 b8 41 80 be c8 01 00 00 00 45 0f b6
0x00007f456cb9f585:   bc 06 68 01 00 00 74 0a 41 80 ff 02 0f 84 41 05
0x00007f456cb9f595:   00 00 41 80 ff 01 45 0f be c7 40 0f 95 c6 49 8b
0x00007f456cb9f5a5:   7e 60 49 63 c0 8b 8f 28 01 00 00 48 8b 84 c7 10
0x00007f456cb9f5b5:   01 00 00 85 c9 48 8b 50 38 4c 8b 60 30 74 09 40
0x00007f456cb9f5c5:   84 f6 0f 84 63 05 00 00 4c 29 e2 48 c1 ea 03 49
0x00007f456cb9f5d5:   39 d2 0f 87 7f 03 00 00 4b 8d 14 d4 4d 85 e4 48
0x00007f456cb9f5e5:   89 50 30 0f 84 6a 03 00 00 48 8d 05 83 df c2 00
0x00007f456cb9f5f5:   48 8b 00 41 0f 18 0c 04 4c 89 e1 48 8b 13 48 83
0x00007f456cb9f605:   c9 03 eb 1b 0f 1f 80 00 00 00 00 48 89 d0 f0 48
0x00007f456cb9f615:   0f b1 0b 48 39 c2 0f 84 9f 00 00 00 48 89 c2 48 


Stack slot to memory mapping:
stack at sp + 0 slots: 0x00007f450f0d89e0 points into unknown readable memory: 20 1c 00 d8 44 7f 00 00
stack at sp + 1 slots: 0x00007f456dfc9056: __clock_gettime+0x0000000000000026 in /lib/x86_64-linux-gnu/libc.so.6 at 0x00007f456de98000
stack at sp + 2 slots: 0x00007f4400000001 is an unknown value
stack at sp + 3 slots: 0x00007f4500000000 points into unknown readable memory: 20 00 00 00 45 7f 00 00
stack at sp + 4 slots: 0x0000000000000004 is an unknown value
stack at sp + 5 slots: 0x000000026cffb79f is an unknown value
stack at sp + 6 slots: 0x00007fae2b8a3c60 is an unknown value
stack at sp + 7 slots: 0x00000000000d9e01 is an unknown value


---------------  P R O C E S S  ---------------

Threads class SMR info:
_java_thread_list=0x00007f44fc034970, length=19, elements={
0x00007f4564016800, 0x00007f456412a800, 0x00007f456412c800, 0x00007f4564134000,
0x00007f4564136000, 0x00007f4564138000, 0x00007f456413a000, 0x00007f456417d800,
0x00007f4564183000, 0x00007f4564252800, 0x00007f45642cd000, 0x00007f45642e5800,
0x00007f45642e8000, 0x00007f45642ea800, 0x00007f45642eb800, 0x00007f45642f2800,
0x00007f45642f4800, 0x00007f45642f6800, 0x00007f45642f8000
}

Java Threads: ( => current thread )
  0x00007f4564016800 JavaThread "CUSTOM_main_sender_thread" [_thread_blocked, id=8982, stack(0x00007f456e5a8000,0x00007f456e6a9000)]
  0x00007f456412a800 JavaThread "Reference Handler" daemon [_thread_blocked, id=9057, stack(0x00007f4544e95000,0x00007f4544f96000)]
  0x00007f456412c800 JavaThread "Finalizer" daemon [_thread_blocked, id=9058, stack(0x00007f4544d94000,0x00007f4544e95000)]
  0x00007f4564134000 JavaThread "Signal Dispatcher" daemon [_thread_blocked, id=9065, stack(0x00007f4544963000,0x00007f4544a64000)]
  0x00007f4564136000 JavaThread "C2 CompilerThread0" daemon [_thread_blocked, id=9066, stack(0x00007f4544862000,0x00007f4544963000)]
  0x00007f4564138000 JavaThread "C1 CompilerThread0" daemon [_thread_blocked, id=9067, stack(0x00007f4544761000,0x00007f4544862000)]
  0x00007f456413a000 JavaThread "Sweeper thread" daemon [_thread_blocked, id=9068, stack(0x00007f4544660000,0x00007f4544761000)]
  0x00007f456417d800 JavaThread "Service Thread" daemon [_thread_blocked, id=9081, stack(0x00007f454455f000,0x00007f4544660000)]
  0x00007f4564183000 JavaThread "Common-Cleaner" daemon [_thread_blocked, id=9093, stack(0x00007f454435c000,0x00007f454445d000)]
  0x00007f4564252800 JavaThread "CUSTOM_gc_process_timer" [_thread_blocked, id=9145, stack(0x00007f454404a000,0x00007f454414b000)]
  0x00007f45642cd000 JavaThread "Timer-1" [_thread_blocked, id=9187, stack(0x00007f450f9e4000,0x00007f450fae5000)]
  0x00007f45642e5800 JavaThread "Timer-2" [_thread_blocked, id=9201, stack(0x00007f450f8e3000,0x00007f450f9e4000)]
  0x00007f45642e8000 JavaThread "CUSTOM_ping_sender_timer" [_thread_blocked, id=9223, stack(0x00007f450f7e2000,0x00007f450f8e3000)]
  0x00007f45642ea800 JavaThread "CUSTOM_resending_transport_3_timer" [_thread_blocked, id=9224, stack(0x00007f450f6e1000,0x00007f450f7e2000)]
  0x00007f45642eb800 JavaThread "CUSTOM__sender_thread" [_thread_blocked, id=9226, stack(0x00007f450f5e0000,0x00007f450f6e1000)]
  0x00007f45642f2800 JavaThread "CUSTOM_udp_receiver_thread" [_thread_blocked, id=9236, stack(0x00007f450f4df000,0x00007f450f5e0000)]
  0x00007f45642f4800 JavaThread "CUSTOM_handler_receiver_thread" [_thread_blocked, id=9237, stack(0x00007f450f3de000,0x00007f450f4df000)]
  0x00007f45642f6800 JavaThread "CUSTOM_handler_receiver_thread" [_thread_blocked, id=9238, stack(0x00007f450f2dd000,0x00007f450f3de000)]
  0x00007f45642f8000 JavaThread "CUSTOM_handler_receiver_thread" [_thread_blocked, id=9239, stack(0x00007f450f1dc000,0x00007f450f2dd000)]

Other Threads:
  0x00007f4564127800 VMThread "VM Thread" [stack: 0x00007f4544f98000,0x00007f4545098000] [id=9037]
  0x00007f4564180000 WatcherThread [stack: 0x00007f454445f000,0x00007f454455f000] [id=9089]
  0x00007f456402f000 GCTaskThread "GC Thread#0" [stack: 0x00007f456a586000,0x00007f456a686000] [id=8991]
  0x00007f4534001000 GCTaskThread "GC Thread#1" [stack: 0x00007f450f0dc000,0x00007f450f1dc000] [id=9273]
=>0x00007f4534002800 GCTaskThread "GC Thread#2" [stack: 0x00007f450efda000,0x00007f450f0da000] [id=9277]
  0x00007f4534004000 GCTaskThread "GC Thread#3" [stack: 0x00007f450eed8000,0x00007f450efd8000] [id=9280]
  0x00007f4534005800 GCTaskThread "GC Thread#4" [stack: 0x00007f450edd6000,0x00007f450eed6000] [id=9281]
  0x00007f4534007000 GCTaskThread "GC Thread#5" [stack: 0x00007f450ecd4000,0x00007f450edd4000] [id=9282]
  0x00007f456404a800 ConcurrentGCThread "G1 Main Marker" [stack: 0x00007f456894f000,0x00007f4568a4f000] [id=8999]
  0x00007f456404c800 ConcurrentGCThread "G1 Conc#0" [stack: 0x00007f456884d000,0x00007f456894d000] [id=9007]
  0x00007f4540001000 ConcurrentGCThread "G1 Conc#1" [stack: 0x00007f450ebd2000,0x00007f450ecd2000] [id=9284]
  0x00007f4564098000 ConcurrentGCThread "G1 Refine#0" [stack: 0x00007f4568145000,0x00007f4568245000] [id=9015]
  0x00007f456409a000 ConcurrentGCThread "G1 Young RemSet Sampling" [stack: 0x00007f4568043000,0x00007f4568143000] [id=9021]

Threads with active compile tasks:

VM state:at safepoint (normal execution)

VM Mutex/Monitor currently owned by a thread:  ([mutex/lock_event])
[0x00007f4564012df0] Threads_lock - owner thread: 0x00007f4564127800
[0x00007f45640135d0] Heap_lock - owner thread: 0x00007f45642f6800

Heap address: 0x00000000c2600000, size: 986 MB, Compressed Oops mode: 32-bit
Narrow klass base: 0x0000000800000000, Narrow klass shift: 3
Compressed class space size: 1073741824 Address: 0x0000000840000000

Heap:
 garbage-first heap   total 132096K, used 114045K [0x00000000c2600000, 0x0000000100000000)
  region size 1024K, 11 young (11264K), 2 survivors (2048K)
 Metaspace       used 2933K, capacity 5553K, committed 5632K, reserved 1056768K
  class space    used 349K, capacity 712K, committed 768K, reserved 1048576K
Heap Regions: E=young(eden), S=young(survivor), O=old, HS=humongous(starts), HC=humongous(continues), CS=collection set, F=free, A=archive, TAMS=top-at-mark-start (previous, next)
|   0|0x00000000c2600000, 0x00000000c2700000, 0x00000000c2700000|100%|HS|  |TAMS 0x00000000c2700000, 0x00000000c2700000| Complete 
|   1|0x00000000c2700000, 0x00000000c2800000, 0x00000000c2800000|100%|HC|  |TAMS 0x00000000c2800000, 0x00000000c2800000| Complete 
|   2|0x00000000c2800000, 0x00000000c2900000, 0x00000000c2900000|100%|HC|  |TAMS 0x00000000c2900000, 0x00000000c2900000| Complete 
|   3|0x00000000c2900000, 0x00000000c2a00000, 0x00000000c2a00000|100%|HC|  |TAMS 0x00000000c2a00000, 0x00000000c2a00000| Complete 
|   4|0x00000000c2a00000, 0x00000000c2b00000, 0x00000000c2b00000|100%|HC|  |TAMS 0x00000000c2b00000, 0x00000000c2b00000| Complete 
|   5|0x00000000c2b00000, 0x00000000c2c00000, 0x00000000c2c00000|100%|HC|  |TAMS 0x00000000c2c00000, 0x00000000c2c00000| Complete 
|   6|0x00000000c2c00000, 0x00000000c2d00000, 0x00000000c2d00000|100%|HC|  |TAMS 0x00000000c2d00000, 0x00000000c2d00000| Complete 
|   7|0x00000000c2d00000, 0x00000000c2e00000, 0x00000000c2e00000|100%|HC|  |TAMS 0x00000000c2e00000, 0x00000000c2e00000| Complete 
|   8|0x00000000c2e00000, 0x00000000c2f00000, 0x00000000c2f00000|100%|HS|  |TAMS 0x00000000c2f00000, 0x00000000c2f00000| Complete 
|   9|0x00000000c2f00000, 0x00000000c3000000, 0x00000000c3000000|100%|HC|  |TAMS 0x00000000c3000000, 0x00000000c3000000| Complete 
|  10|0x00000000c3000000, 0x00000000c3100000, 0x00000000c3100000|100%|HC|  |TAMS 0x00000000c3100000, 0x00000000c3100000| Complete 
|  11|0x00000000c3100000, 0x00000000c3200000, 0x00000000c3200000|100%|HC|  |TAMS 0x00000000c3200000, 0x00000000c3200000| Complete 
|  12|0x00000000c3200000, 0x00000000c3300000, 0x00000000c3300000|100%|HC|  |TAMS 0x00000000c3300000, 0x00000000c3300000| Complete 
|  13|0x00000000c3300000, 0x00000000c3400000, 0x00000000c3400000|100%|HC|  |TAMS 0x00000000c3400000, 0x00000000c3400000| Complete 
|  14|0x00000000c3400000, 0x00000000c3500000, 0x00000000c3500000|100%|HC|  |TAMS 0x00000000c3500000, 0x00000000c3500000| Complete 
|  15|0x00000000c3500000, 0x00000000c3600000, 0x00000000c3600000|100%|HC|  |TAMS 0x00000000c3600000, 0x00000000c3600000| Complete 
|  16|0x00000000c3600000, 0x00000000c3700000, 0x00000000c3700000|100%|HC|  |TAMS 0x00000000c3700000, 0x00000000c3700000| Complete 
|  17|0x00000000c3700000, 0x00000000c3800000, 0x00000000c3800000|100%|HS|  |TAMS 0x00000000c3800000, 0x00000000c3800000| Complete 
|  18|0x00000000c3800000, 0x00000000c3900000, 0x00000000c3900000|100%|HC|  |TAMS 0x00000000c3900000, 0x00000000c3900000| Complete 
|  19|0x00000000c3900000, 0x00000000c3a00000, 0x00000000c3a00000|100%|HC|  |TAMS 0x00000000c3a00000, 0x00000000c3a00000| Complete 
|  20|0x00000000c3a00000, 0x00000000c3b00000, 0x00000000c3b00000|100%|HC|  |TAMS 0x00000000c3b00000, 0x00000000c3b00000| Complete 
|  21|0x00000000c3b00000, 0x00000000c3c00000, 0x00000000c3c00000|100%|HC|  |TAMS 0x00000000c3c00000, 0x00000000c3c00000| Complete 
|  22|0x00000000c3c00000, 0x00000000c3d00000, 0x00000000c3d00000|100%|HC|  |TAMS 0x00000000c3d00000, 0x00000000c3d00000| Complete 
|  23|0x00000000c3d00000, 0x00000000c3e00000, 0x00000000c3e00000|100%|HC|  |TAMS 0x00000000c3e00000, 0x00000000c3e00000| Complete 
|  24|0x00000000c3e00000, 0x00000000c3f00000, 0x00000000c3f00000|100%|HC|  |TAMS 0x00000000c3f00000, 0x00000000c3f00000| Complete 
|  25|0x00000000c3f00000, 0x00000000c4000000, 0x00000000c4000000|100%|HC|  |TAMS 0x00000000c4000000, 0x00000000c4000000| Complete 
|  26|0x00000000c4000000, 0x00000000c4100000, 0x00000000c4100000|100%|HS|  |TAMS 0x00000000c4100000, 0x00000000c4100000| Complete 
|  27|0x00000000c4100000, 0x00000000c4200000, 0x00000000c4200000|100%|HC|  |TAMS 0x00000000c4200000, 0x00000000c4200000| Complete 
|  28|0x00000000c4200000, 0x00000000c4300000, 0x00000000c4300000|100%|HC|  |TAMS 0x00000000c4300000, 0x00000000c4300000| Complete 
|  29|0x00000000c4300000, 0x00000000c4400000, 0x00000000c4400000|100%|HC|  |TAMS 0x00000000c4400000, 0x00000000c4400000| Complete 
|  30|0x00000000c4400000, 0x00000000c4500000, 0x00000000c4500000|100%|HC|  |TAMS 0x00000000c4500000, 0x00000000c4500000| Complete 
|  31|0x00000000c4500000, 0x00000000c4600000, 0x00000000c4600000|100%|HC|  |TAMS 0x00000000c4600000, 0x00000000c4600000| Complete 
|  32|0x00000000c4600000, 0x00000000c4700000, 0x00000000c4700000|100%|HC|  |TAMS 0x00000000c4700000, 0x00000000c4700000| Complete 
|  33|0x00000000c4700000, 0x00000000c4800000, 0x00000000c4800000|100%|HC|  |TAMS 0x00000000c4800000, 0x00000000c4800000| Complete 
|  34|0x00000000c4800000, 0x00000000c4900000, 0x00000000c4900000|100%|HC|  |TAMS 0x00000000c4900000, 0x00000000c4900000| Complete 
|  35|0x00000000c4900000, 0x00000000c4a00000, 0x00000000c4a00000|100%|HS|  |TAMS 0x00000000c4a00000, 0x00000000c4a00000| Complete 
|  36|0x00000000c4a00000, 0x00000000c4b00000, 0x00000000c4b00000|100%|HC|  |TAMS 0x00000000c4b00000, 0x00000000c4b00000| Complete 
|  37|0x00000000c4b00000, 0x00000000c4c00000, 0x00000000c4c00000|100%|HC|  |TAMS 0x00000000c4c00000, 0x00000000c4c00000| Complete 
|  38|0x00000000c4c00000, 0x00000000c4d00000, 0x00000000c4d00000|100%|HC|  |TAMS 0x00000000c4d00000, 0x00000000c4d00000| Complete 
|  39|0x00000000c4d00000, 0x00000000c4e00000, 0x00000000c4e00000|100%|HC|  |TAMS 0x00000000c4e00000, 0x00000000c4e00000| Complete 
|  40|0x00000000c4e00000, 0x00000000c4f00000, 0x00000000c4f00000|100%|HS|  |TAMS 0x00000000c4f00000, 0x00000000c4f00000| Complete 
|  41|0x00000000c4f00000, 0x00000000c5000000, 0x00000000c5000000|100%|HC|  |TAMS 0x00000000c5000000, 0x00000000c5000000| Complete 
|  42|0x00000000c5000000, 0x00000000c5100000, 0x00000000c5100000|100%|HC|  |TAMS 0x00000000c5100000, 0x00000000c5100000| Complete 
|  43|0x00000000c5100000, 0x00000000c5200000, 0x00000000c5200000|100%|HC|  |TAMS 0x00000000c5200000, 0x00000000c5200000| Complete 
|  44|0x00000000c5200000, 0x00000000c5300000, 0x00000000c5300000|100%|HC|  |TAMS 0x00000000c5300000, 0x00000000c5300000| Complete 
|  45|0x00000000c5300000, 0x00000000c5400000, 0x00000000c5400000|100%| O|  |TAMS 0x00000000c5400000, 0x00000000c5400000| Untracked 
|  46|0x00000000c5400000, 0x00000000c5400000, 0x00000000c5500000|  0%| F|  |TAMS 0x00000000c5400000, 0x00000000c5400000| Untracked 
|  47|0x00000000c5500000, 0x00000000c5500000, 0x00000000c5600000|  0%| F|  |TAMS 0x00000000c5500000, 0x00000000c5500000| Untracked 
|  48|0x00000000c5600000, 0x00000000c5600000, 0x00000000c5700000|  0%| F|  |TAMS 0x00000000c5600000, 0x00000000c5600000| Untracked 
|  49|0x00000000c5700000, 0x00000000c5800000, 0x00000000c5800000|100%|HS|  |TAMS 0x00000000c5800000, 0x00000000c5800000| Complete 
|  50|0x00000000c5800000, 0x00000000c5900000, 0x00000000c5900000|100%|HC|  |TAMS 0x00000000c5900000, 0x00000000c5900000| Complete 
|  51|0x00000000c5900000, 0x00000000c5a00000, 0x00000000c5a00000|100%|HC|  |TAMS 0x00000000c5a00000, 0x00000000c5a00000| Complete 
|  52|0x00000000c5a00000, 0x00000000c5b00000, 0x00000000c5b00000|100%|HC|  |TAMS 0x00000000c5b00000, 0x00000000c5b00000| Complete 
|  53|0x00000000c5b00000, 0x00000000c5c00000, 0x00000000c5c00000|100%|HC|  |TAMS 0x00000000c5c00000, 0x00000000c5c00000| Complete 
|  54|0x00000000c5c00000, 0x00000000c5d00000, 0x00000000c5d00000|100%|HC|  |TAMS 0x00000000c5d00000, 0x00000000c5d00000| Complete 
|  55|0x00000000c5d00000, 0x00000000c5e00000, 0x00000000c5e00000|100%|HC|  |TAMS 0x00000000c5e00000, 0x00000000c5e00000| Complete 
|  56|0x00000000c5e00000, 0x00000000c5f00000, 0x00000000c5f00000|100%|HC|  |TAMS 0x00000000c5f00000, 0x00000000c5f00000| Complete 
|  57|0x00000000c5f00000, 0x00000000c6000000, 0x00000000c6000000|100%|HC|  |TAMS 0x00000000c6000000, 0x00000000c6000000| Complete 
|  58|0x00000000c6000000, 0x00000000c6100000, 0x00000000c6100000|100%| O|  |TAMS 0x00000000c6100000, 0x00000000c6100000| Untracked 
|  59|0x00000000c6100000, 0x00000000c6100000, 0x00000000c6200000|  0%| F|  |TAMS 0x00000000c6100000, 0x00000000c6100000| Untracked 
|  60|0x00000000c6200000, 0x00000000c6200000, 0x00000000c6300000|  0%| F|  |TAMS 0x00000000c6200000, 0x00000000c6200000| Untracked 
|  61|0x00000000c6300000, 0x00000000c6300000, 0x00000000c6400000|  0%| F|  |TAMS 0x00000000c6300000, 0x00000000c6300000| Untracked 
|  62|0x00000000c6400000, 0x00000000c648b200, 0x00000000c6500000| 54%| O|  |TAMS 0x00000000c648b200, 0x00000000c6500000| Untracked 
|  63|0x00000000c6500000, 0x00000000c6600000, 0x00000000c6600000|100%|HS|  |TAMS 0x00000000c6600000, 0x00000000c6600000| Complete 
|  64|0x00000000c6600000, 0x00000000c6700000, 0x00000000c6700000|100%|HC|  |TAMS 0x00000000c6700000, 0x00000000c6700000| Complete 
|  65|0x00000000c6700000, 0x00000000c6800000, 0x00000000c6800000|100%|HC|  |TAMS 0x00000000c6800000, 0x00000000c6800000| Complete 
|  66|0x00000000c6800000, 0x00000000c6900000, 0x00000000c6900000|100%|HC|  |TAMS 0x00000000c6900000, 0x00000000c6900000| Complete 
|  67|0x00000000c6900000, 0x00000000c6a00000, 0x00000000c6a00000|100%|HC|  |TAMS 0x00000000c6a00000, 0x00000000c6a00000| Complete 
|  68|0x00000000c6a00000, 0x00000000c6b00000, 0x00000000c6b00000|100%|HS|  |TAMS 0x00000000c6b00000, 0x00000000c6b00000| Complete 
|  69|0x00000000c6b00000, 0x00000000c6c00000, 0x00000000c6c00000|100%|HC|  |TAMS 0x00000000c6c00000, 0x00000000c6c00000| Complete 
|  70|0x00000000c6c00000, 0x00000000c6d00000, 0x00000000c6d00000|100%|HC|  |TAMS 0x00000000c6d00000, 0x00000000c6d00000| Complete 
|  71|0x00000000c6d00000, 0x00000000c6e00000, 0x00000000c6e00000|100%|HC|  |TAMS 0x00000000c6e00000, 0x00000000c6e00000| Complete 
|  72|0x00000000c6e00000, 0x00000000c6f00000, 0x00000000c6f00000|100%|HC|  |TAMS 0x00000000c6f00000, 0x00000000c6f00000| Complete 
|  73|0x00000000c6f00000, 0x00000000c7000000, 0x00000000c7000000|100%|HS|  |TAMS 0x00000000c7000000, 0x00000000c7000000| Complete 
|  74|0x00000000c7000000, 0x00000000c7100000, 0x00000000c7100000|100%|HC|  |TAMS 0x00000000c7100000, 0x00000000c7100000| Complete 
|  75|0x00000000c7100000, 0x00000000c7200000, 0x00000000c7200000|100%|HC|  |TAMS 0x00000000c7200000, 0x00000000c7200000| Complete 
|  76|0x00000000c7200000, 0x00000000c7300000, 0x00000000c7300000|100%|HC|  |TAMS 0x00000000c7300000, 0x00000000c7300000| Complete 
|  77|0x00000000c7300000, 0x00000000c7400000, 0x00000000c7400000|100%|HC|  |TAMS 0x00000000c7400000, 0x00000000c7400000| Complete 
|  78|0x00000000c7400000, 0x00000000c7500000, 0x00000000c7500000|100%|HS|  |TAMS 0x00000000c7500000, 0x00000000c7500000| Complete 
|  79|0x00000000c7500000, 0x00000000c7600000, 0x00000000c7600000|100%|HC|  |TAMS 0x00000000c7600000, 0x00000000c7600000| Complete 
|  80|0x00000000c7600000, 0x00000000c7700000, 0x00000000c7700000|100%|HC|  |TAMS 0x00000000c7700000, 0x00000000c7700000| Complete 
|  81|0x00000000c7700000, 0x00000000c7800000, 0x00000000c7800000|100%|HC|  |TAMS 0x00000000c7800000, 0x00000000c7800000| Complete 
|  82|0x00000000c7800000, 0x00000000c7900000, 0x00000000c7900000|100%|HC|  |TAMS 0x00000000c7900000, 0x00000000c7900000| Complete 
|  83|0x00000000c7900000, 0x00000000c7a00000, 0x00000000c7a00000|100%|HS|  |TAMS 0x00000000c7a00000, 0x00000000c7a00000| Complete 
|  84|0x00000000c7a00000, 0x00000000c7b00000, 0x00000000c7b00000|100%|HC|  |TAMS 0x00000000c7b00000, 0x00000000c7b00000| Complete 
|  85|0x00000000c7b00000, 0x00000000c7c00000, 0x00000000c7c00000|100%|HC|  |TAMS 0x00000000c7c00000, 0x00000000c7c00000| Complete 
|  86|0x00000000c7c00000, 0x00000000c7d00000, 0x00000000c7d00000|100%|HC|  |TAMS 0x00000000c7d00000, 0x00000000c7d00000| Complete 
|  87|0x00000000c7d00000, 0x00000000c7e00000, 0x00000000c7e00000|100%|HC|  |TAMS 0x00000000c7e00000, 0x00000000c7e00000| Complete 
|  88|0x00000000c7e00000, 0x00000000c7f00000, 0x00000000c7f00000|100%|HS|  |TAMS 0x00000000c7f00000, 0x00000000c7f00000| Complete 
|  89|0x00000000c7f00000, 0x00000000c8000000, 0x00000000c8000000|100%|HC|  |TAMS 0x00000000c8000000, 0x00000000c8000000| Complete 
|  90|0x00000000c8000000, 0x00000000c8100000, 0x00000000c8100000|100%|HC|  |TAMS 0x00000000c8100000, 0x00000000c8100000| Complete 
|  91|0x00000000c8100000, 0x00000000c8200000, 0x00000000c8200000|100%|HC|  |TAMS 0x00000000c8200000, 0x00000000c8200000| Complete 
|  92|0x00000000c8200000, 0x00000000c8300000, 0x00000000c8300000|100%|HC|  |TAMS 0x00000000c8300000, 0x00000000c8300000| Complete 
|  93|0x00000000c8300000, 0x00000000c8400000, 0x00000000c8400000|100%|HS|  |TAMS 0x00000000c8400000, 0x00000000c8400000| Complete 
|  94|0x00000000c8400000, 0x00000000c8500000, 0x00000000c8500000|100%|HC|  |TAMS 0x00000000c8500000, 0x00000000c8500000| Complete 
|  95|0x00000000c8500000, 0x00000000c8600000, 0x00000000c8600000|100%|HC|  |TAMS 0x00000000c8600000, 0x00000000c8600000| Complete 
|  96|0x00000000c8600000, 0x00000000c8700000, 0x00000000c8700000|100%|HC|  |TAMS 0x00000000c8700000, 0x00000000c8700000| Complete 
|  97|0x00000000c8700000, 0x00000000c8800000, 0x00000000c8800000|100%|HC|  |TAMS 0x00000000c8800000, 0x00000000c8800000| Complete 
|  98|0x00000000c8800000, 0x00000000c8900000, 0x00000000c8900000|100%|HS|  |TAMS 0x00000000c8900000, 0x00000000c8900000| Complete 
|  99|0x00000000c8900000, 0x00000000c8a00000, 0x00000000c8a00000|100%|HC|  |TAMS 0x00000000c8a00000, 0x00000000c8a00000| Complete 
| 100|0x00000000c8a00000, 0x00000000c8b00000, 0x00000000c8b00000|100%|HC|  |TAMS 0x00000000c8b00000, 0x00000000c8b00000| Complete 
| 101|0x00000000c8b00000, 0x00000000c8c00000, 0x00000000c8c00000|100%|HC|  |TAMS 0x00000000c8c00000, 0x00000000c8c00000| Complete 
| 102|0x00000000c8c00000, 0x00000000c8d00000, 0x00000000c8d00000|100%|HC|  |TAMS 0x00000000c8d00000, 0x00000000c8d00000| Complete 
| 103|0x00000000c8d00000, 0x00000000c8e00000, 0x00000000c8e00000|100%|HS|  |TAMS 0x00000000c8d00000, 0x00000000c8e00000| Complete 
| 104|0x00000000c8e00000, 0x00000000c8f00000, 0x00000000c8f00000|100%|HC|  |TAMS 0x00000000c8e00000, 0x00000000c8f00000| Complete 
| 105|0x00000000c8f00000, 0x00000000c9000000, 0x00000000c9000000|100%|HC|  |TAMS 0x00000000c8f00000, 0x00000000c9000000| Complete 
| 106|0x00000000c9000000, 0x00000000c9100000, 0x00000000c9100000|100%|HC|  |TAMS 0x00000000c9000000, 0x00000000c9100000| Complete 
| 107|0x00000000c9100000, 0x00000000c9200000, 0x00000000c9200000|100%|HC|  |TAMS 0x00000000c9100000, 0x00000000c9200000| Complete 
| 108|0x00000000c9200000, 0x00000000c9200000, 0x00000000c9300000|  0%| F|  |TAMS 0x00000000c9200000, 0x00000000c9200000| Untracked 
| 109|0x00000000c9300000, 0x00000000c9300000, 0x00000000c9400000|  0%| F|  |TAMS 0x00000000c9300000, 0x00000000c9300000| Untracked 
| 110|0x00000000c9400000, 0x00000000c9400000, 0x00000000c9500000|  0%| F|  |TAMS 0x00000000c9400000, 0x00000000c9400000| Untracked 
| 111|0x00000000c9500000, 0x00000000c9500000, 0x00000000c9600000|  0%| F|  |TAMS 0x00000000c9500000, 0x00000000c9500000| Untracked 
| 112|0x00000000c9600000, 0x00000000c9600000, 0x00000000c9700000|  0%| F|  |TAMS 0x00000000c9600000, 0x00000000c9600000| Untracked 
| 113|0x00000000c9700000, 0x00000000c9700000, 0x00000000c9800000|  0%| F|  |TAMS 0x00000000c9700000, 0x00000000c9700000| Untracked 
| 114|0x00000000c9800000, 0x00000000c9800000, 0x00000000c9900000|  0%| F|  |TAMS 0x00000000c9800000, 0x00000000c9800000| Untracked 
| 115|0x00000000c9900000, 0x00000000c9900000, 0x00000000c9a00000|  0%| F|  |TAMS 0x00000000c9900000, 0x00000000c9900000| Untracked 
| 116|0x00000000c9a00000, 0x00000000c9ad4418, 0x00000000c9b00000| 82%| E|CS|TAMS 0x00000000c9a00000, 0x00000000c9ad4418| Complete 
| 117|0x00000000c9b00000, 0x00000000c9b00000, 0x00000000c9c00000|  0%| F|  |TAMS 0x00000000c9b00000, 0x00000000c9b00000| Untracked 
| 118|0x00000000c9c00000, 0x00000000c9c4e960, 0x00000000c9d00000| 30%| S|  |TAMS 0x00000000c9c00000, 0x00000000c9c00000| Complete 
| 119|0x00000000c9d00000, 0x00000000c9e00000, 0x00000000c9e00000|100%| S|  |TAMS 0x00000000c9d00000, 0x00000000c9d00000| Complete 
| 120|0x00000000c9e00000, 0x00000000c9f00000, 0x00000000c9f00000|100%| E|CS|TAMS 0x00000000c9e00000, 0x00000000c9f00000| Complete 
| 121|0x00000000c9f00000, 0x00000000ca000000, 0x00000000ca000000|100%| E|CS|TAMS 0x00000000c9f00000, 0x00000000ca000000| Complete 
| 122|0x00000000ca000000, 0x00000000ca100000, 0x00000000ca100000|100%| E|CS|TAMS 0x00000000ca000000, 0x00000000ca100000| Complete 
| 123|0x00000000ca100000, 0x00000000ca200000, 0x00000000ca200000|100%| E|CS|TAMS 0x00000000ca100000, 0x00000000ca200000| Complete 
| 124|0x00000000ca200000, 0x00000000ca300000, 0x00000000ca300000|100%| E|CS|TAMS 0x00000000ca200000, 0x00000000ca300000| Complete 
| 125|0x00000000ca300000, 0x00000000ca400000, 0x00000000ca400000|100%| E|CS|TAMS 0x00000000ca300000, 0x00000000ca400000| Complete 
| 126|0x00000000ca400000, 0x00000000ca500000, 0x00000000ca500000|100%| E|CS|TAMS 0x00000000ca400000, 0x00000000ca500000| Complete 
| 127|0x00000000ca500000, 0x00000000ca600000, 0x00000000ca600000|100%| E|CS|TAMS 0x00000000ca500000, 0x00000000ca600000| Complete 
| 128|0x00000000ca600000, 0x00000000ca700000, 0x00000000ca700000|100%| E|CS|TAMS 0x00000000ca600000, 0x00000000ca700000| Complete 

Card table byte_map: [0x00007f4569ba4000,0x00007f4569d91000] _byte_map_base: 0x00007f4569591000

Marking Bits (Prev, Next): (CMBitMap*) 0x00007f4564045b10, (CMBitMap*) 0x00007f4564045ad8
 Prev Bits: [0x00007f4547098000, 0x00007f4548000000)
 Next Bits: [0x00007f4568a4f000, 0x00007f45699b7000)

Polling page: 0x00007f456e6bd000

Metaspace:

Usage:
  Non-class:      4.73 MB capacity,     2.52 MB ( 53%) used,     2.17 MB ( 46%) free+waste,    32.94 KB ( <1%) overhead. 
      Class:    712.00 KB capacity,   349.69 KB ( 49%) used,   344.00 KB ( 48%) free+waste,    18.31 KB (  3%) overhead. 
       Both:      5.42 MB capacity,     2.86 MB ( 53%) used,     2.51 MB ( 46%) free+waste,    51.25 KB ( <1%) overhead. 

Virtual space:
  Non-class space:        8.00 MB reserved,       4.75 MB ( 59%) committed 
      Class space:        1.00 GB reserved,     768.00 KB ( <1%) committed 
             Both:        1.01 GB reserved,       5.50 MB ( <1%) committed 

Chunk freelists:
   Non-Class:  3.00 KB
       Class:  0 bytes
        Both:  3.00 KB

MaxMetaspaceSize: unlimited
CompressedClassSpaceSize: 1.00 GB

CodeHeap 'non-profiled nmethods': size=120032Kb used=623Kb max_used=623Kb free=119408Kb
 bounds [0x00007f45543ca000, 0x00007f455463a000, 0x00007f455b902000]
CodeHeap 'profiled nmethods': size=120032Kb used=1928Kb max_used=1928Kb free=118103Kb
 bounds [0x00007f454ce92000, 0x00007f454d102000, 0x00007f45543ca000]
CodeHeap 'non-nmethods': size=5696Kb used=1099Kb max_used=1149Kb free=4596Kb
 bounds [0x00007f454c902000, 0x00007f454cb72000, 0x00007f454ce92000]
 total_blobs=1533 nmethods=1096 adapters=351
 compilation: enabled
              stopped_count=0, restarted_count=0
 full_count=0

Compilation events (20 events):
Event: 45.655 Thread 0x00007f4564136000 1111       4       java.util.TaskQueue::getMin (7 bytes)
Event: 45.656 Thread 0x00007f4564136000 nmethod 1111 0x00007f4554461d10 code [0x00007f4554461ea0, 0x00007f4554461f38]
Event: 46.357 Thread 0x00007f4564138000 1112   !   3       java.nio.CharBuffer::wrap (20 bytes)
Event: 46.358 Thread 0x00007f4564138000 nmethod 1112 0x00007f454d070310 code [0x00007f454d070500, 0x00007f454d070890]
Event: 46.358 Thread 0x00007f4564138000 1113       3       java.nio.HeapCharBuffer::<init> (21 bytes)
Event: 46.358 Thread 0x00007f4564138000 nmethod 1113 0x00007f454d070a90 code [0x00007f454d070c60, 0x00007f454d070ea0]
Event: 47.455 Thread 0x00007f4564136000 1114  s    4       cs451.Host::findHost (54 bytes)
Event: 47.514 Thread 0x00007f4564136000 nmethod 1114 0x00007f4554462010 code [0x00007f4554462200, 0x00007f4554462d98]
Event: 48.281 Thread 0x00007f4564138000 1115       3       cs451.utils.SenderPoolStruct$SenderManager$1::run (30 bytes)
Event: 48.282 Thread 0x00007f4564138000 nmethod 1115 0x00007f454d071010 code [0x00007f454d0713e0, 0x00007f454d072b70]
Event: 48.602 Thread 0x00007f4564138000 1116  s    3       java.io.BufferedOutputStream::flush (12 bytes)
Event: 48.613 Thread 0x00007f4564138000 nmethod 1116 0x00007f454d073590 code [0x00007f454d073760, 0x00007f454d073c50]
Event: 48.613 Thread 0x00007f4564138000 1117       3       java.io.OutputStream::flush (1 bytes)
Event: 48.613 Thread 0x00007f4564138000 nmethod 1117 0x00007f454d073d90 code [0x00007f454d073f40, 0x00007f454d074050]
Event: 48.782 Thread 0x00007f4564136000 1118   !   4       java.util.Collections$SynchronizedMap::containsKey (25 bytes)
Event: 48.829 Thread 0x00007f4564136000 nmethod 1118 0x00007f4554463490 code [0x00007f4554463660, 0x00007f4554464038]
Event: 48.861 Thread 0x00007f4564136000 1120       4       java.util.ArrayList::add (25 bytes)
Event: 48.875 Thread 0x00007f4564136000 nmethod 1120 0x00007f4554464510 code [0x00007f45544646c0, 0x00007f4554464c68]
Event: 48.875 Thread 0x00007f4564136000 1119   !   4       java.util.Collections$SynchronizedCollection::add (25 bytes)
Event: 48.906 Thread 0x00007f4564136000 nmethod 1119 0x00007f4554464e90 code [0x00007f4554465060, 0x00007f4554465a18]

GC Heap History (20 events):
Event: 4.683 GC heap after
{Heap after GC invocations=1 (full 0):
 garbage-first heap   total 63488K, used 28104K [0x00000000c2600000, 0x0000000100000000)
  region size 1024K, 2 young (2048K), 2 survivors (2048K)
 Metaspace       used 2261K, capacity 5232K, committed 5248K, reserved 1056768K
  class space    used 282K, capacity 634K, committed 640K, reserved 1048576K
}
Event: 10.590 GC heap before
{Heap before GC invocations=2 (full 0):
 garbage-first heap   total 63488K, used 51656K [0x00000000c2600000, 0x0000000100000000)
  region size 1024K, 13 young (13312K), 2 survivors (2048K)
 Metaspace       used 2815K, capacity 5494K, committed 5632K, reserved 1056768K
  class space    used 341K, capacity 696K, committed 768K, reserved 1048576K
}
Event: 10.627 GC heap after
{Heap after GC invocations=3 (full 0):
 garbage-first heap   total 63488K, used 43604K [0x00000000c2600000, 0x0000000100000000)
  region size 1024K, 3 young (3072K), 3 survivors (3072K)
 Metaspace       used 2815K, capacity 5494K, committed 5632K, reserved 1056768K
  class space    used 341K, capacity 696K, committed 768K, reserved 1048576K
}
Event: 11.341 GC heap before
{Heap before GC invocations=4 (full 0):
 garbage-first heap   total 63488K, used 58964K [0x00000000c2600000, 0x0000000100000000)
  region size 1024K, 5 young (5120K), 3 survivors (3072K)
 Metaspace       used 2821K, capacity 5494K, committed 5632K, reserved 1056768K
  class space    used 341K, capacity 696K, committed 768K, reserved 1048576K
}
Event: 11.436 GC heap after
{Heap after GC invocations=5 (full 0):
 garbage-first heap   total 64512K, used 58269K [0x00000000c2600000, 0x0000000100000000)
  region size 1024K, 1 young (1024K), 1 survivors (1024K)
 Metaspace       used 2821K, capacity 5494K, committed 5632K, reserved 1056768K
  class space    used 341K, capacity 696K, committed 768K, reserved 1048576K
}
Event: 12.294 GC heap before
{Heap before GC invocations=6 (full 0):
 garbage-first heap   total 69632K, used 64413K [0x00000000c2600000, 0x0000000100000000)
  region size 1024K, 3 young (3072K), 1 survivors (1024K)
 Metaspace       used 2821K, capacity 5494K, committed 5632K, reserved 1056768K
  class space    used 341K, capacity 696K, committed 768K, reserved 1048576K
}
Event: 12.302 GC heap after
{Heap after GC invocations=7 (full 0):
 garbage-first heap   total 69632K, used 63097K [0x00000000c2600000, 0x0000000100000000)
  region size 1024K, 1 young (1024K), 1 survivors (1024K)
 Metaspace       used 2821K, capacity 5494K, committed 5632K, reserved 1056768K
  class space    used 341K, capacity 696K, committed 768K, reserved 1048576K
}
Event: 13.791 GC heap before
{Heap before GC invocations=8 (full 0):
 garbage-first heap   total 74752K, used 69241K [0x00000000c2600000, 0x0000000100000000)
  region size 1024K, 3 young (3072K), 1 survivors (1024K)
 Metaspace       used 2815K, capacity 5484K, committed 5632K, reserved 1056768K
  class space    used 339K, capacity 692K, committed 768K, reserved 1048576K
}
Event: 13.868 GC heap after
{Heap after GC invocations=9 (full 0):
 garbage-first heap   total 74752K, used 68254K [0x00000000c2600000, 0x0000000100000000)
  region size 1024K, 1 young (1024K), 1 survivors (1024K)
 Metaspace       used 2815K, capacity 5484K, committed 5632K, reserved 1056768K
  class space    used 339K, capacity 692K, committed 768K, reserved 1048576K
}
Event: 14.971 GC heap before
{Heap before GC invocations=10 (full 0):
 garbage-first heap   total 79872K, used 74398K [0x00000000c2600000, 0x0000000100000000)
  region size 1024K, 3 young (3072K), 1 survivors (1024K)
 Metaspace       used 2871K, capacity 5542K, committed 5632K, reserved 1056768K
  class space    used 349K, capacity 711K, committed 768K, reserved 1048576K
}
Event: 15.187 GC heap after
{Heap after GC invocations=11 (full 0):
 garbage-first heap   total 79872K, used 73454K [0x00000000c2600000, 0x0000000100000000)
  region size 1024K, 1 young (1024K), 1 survivors (1024K)
 Metaspace       used 2871K, capacity 5542K, committed 5632K, reserved 1056768K
  class space    used 349K, capacity 711K, committed 768K, reserved 1048576K
}
Event: 15.988 GC heap before
{Heap before GC invocations=12 (full 0):
 garbage-first heap   total 95232K, used 89838K [0x00000000c2600000, 0x0000000100000000)
  region size 1024K, 3 young (3072K), 1 survivors (1024K)
 Metaspace       used 2871K, capacity 5542K, committed 5632K, reserved 1056768K
  class space    used 349K, capacity 711K, committed 768K, reserved 1048576K
}
Event: 16.021 GC heap after
{Heap after GC invocations=13 (full 0):
 garbage-first heap   total 132096K, used 88850K [0x00000000c2600000, 0x0000000100000000)
  region size 1024K, 1 young (1024K), 1 survivors (1024K)
 Metaspace       used 2871K, capacity 5542K, committed 5632K, reserved 1056768K
  class space    used 349K, capacity 711K, committed 768K, reserved 1048576K
}
Event: 18.187 GC heap before
{Heap before GC invocations=14 (full 0):
 garbage-first heap   total 132096K, used 96018K [0x00000000c2600000, 0x0000000100000000)
  region size 1024K, 4 young (4096K), 1 survivors (1024K)
 Metaspace       used 2873K, capacity 5542K, committed 5632K, reserved 1056768K
  class space    used 349K, capacity 711K, committed 768K, reserved 1048576K
}
Event: 18.192 GC heap after
{Heap after GC invocations=15 (full 0):
 garbage-first heap   total 132096K, used 94041K [0x00000000c2600000, 0x0000000100000000)
  region size 1024K, 1 young (1024K), 1 survivors (1024K)
 Metaspace       used 2873K, capacity 5542K, committed 5632K, reserved 1056768K
  class space    used 349K, capacity 711K, committed 768K, reserved 1048576K
}
Event: 18.459 GC heap before
{Heap before GC invocations=16 (full 0):
 garbage-first heap   total 132096K, used 99161K [0x00000000c2600000, 0x0000000100000000)
  region size 1024K, 2 young (2048K), 1 survivors (1024K)
 Metaspace       used 2873K, capacity 5542K, committed 5632K, reserved 1056768K
  class space    used 349K, capacity 711K, committed 768K, reserved 1048576K
}
Event: 18.497 GC heap after
{Heap after GC invocations=17 (full 0):
 garbage-first heap   total 132096K, used 99161K [0x00000000c2600000, 0x0000000100000000)
  region size 1024K, 1 young (1024K), 1 survivors (1024K)
 Metaspace       used 2873K, capacity 5542K, committed 5632K, reserved 1056768K
  class space    used 349K, capacity 711K, committed 768K, reserved 1048576K
}
Event: 36.486 GC heap before
{Heap before GC invocations=18 (full 0):
 garbage-first heap   total 132096K, used 115545K [0x00000000c2600000, 0x0000000100000000)
  region size 1024K, 12 young (12288K), 1 survivors (1024K)
 Metaspace       used 2913K, capacity 5545K, committed 5632K, reserved 1056768K
  class space    used 349K, capacity 712K, committed 768K, reserved 1048576K
}
Event: 36.509 GC heap after
{Heap after GC invocations=19 (full 0):
 garbage-first heap   total 132096K, used 104829K [0x00000000c2600000, 0x0000000100000000)
  region size 1024K, 1 young (1024K), 1 survivors (1024K)
 Metaspace       used 2913K, capacity 5545K, committed 5632K, reserved 1056768K
  class space    used 349K, capacity 712K, committed 768K, reserved 1048576K
}
Event: 49.550 GC heap before
{Heap before GC invocations=19 (full 0):
 garbage-first heap   total 132096K, used 114045K [0x00000000c2600000, 0x0000000100000000)
  region size 1024K, 10 young (10240K), 1 survivors (1024K)
 Metaspace       used 2933K, capacity 5553K, committed 5632K, reserved 1056768K
  class space    used 349K, capacity 712K, committed 768K, reserved 1048576K
}

Deoptimization events (20 events):
Event: 35.991 Thread 0x00007f45642f4800 Uncommon trap: trap_request=0xffffff4d fr.pc=0x00007f455443e394 relative=0x0000000000007dd4
Event: 35.991 Thread 0x00007f45642f4800 Uncommon trap: reason=unstable_if action=reinterpret pc=0x00007f455443e394 method=java.util.HashMap.getNode(ILjava/lang/Object;)Ljava/util/HashMap$Node; @ 129 c2
Event: 35.991 Thread 0x00007f45642f4800 DEOPT PACKING pc=0x00007f455443e394 sp=0x00007f450f4dd7f0
Event: 35.992 Thread 0x00007f45642f4800 DEOPT UNPACKING pc=0x00007f454c92799f sp=0x00007f450f4dd6c8 mode 2
Event: 35.992 Thread 0x00007f45642f4800 Uncommon trap: trap_request=0xffffff4d fr.pc=0x00007f455440cc00 relative=0x0000000000000be0
Event: 35.992 Thread 0x00007f45642f4800 Uncommon trap: reason=unstable_if action=reinterpret pc=0x00007f455440cc00 method=java.util.HashMap.putVal(ILjava/lang/Object;Ljava/lang/Object;ZZ)Ljava/lang/Object; @ 181 c2
Event: 35.992 Thread 0x00007f45642f4800 DEOPT PACKING pc=0x00007f455440cc00 sp=0x00007f450f4dd720
Event: 35.992 Thread 0x00007f45642f4800 DEOPT UNPACKING pc=0x00007f454c92799f sp=0x00007f450f4dd6d0 mode 2
Event: 36.176 Thread 0x00007f45642f6800 Uncommon trap: trap_request=0xffffff4d fr.pc=0x00007f45544332a4 relative=0x00000000000004c4
Event: 36.176 Thread 0x00007f45642f6800 Uncommon trap: reason=unstable_if action=reinterpret pc=0x00007f45544332a4 method=java.util.HashMap.getNode(ILjava/lang/Object;)Ljava/util/HashMap$Node; @ 129 c2
Event: 36.176 Thread 0x00007f45642f6800 DEOPT PACKING pc=0x00007f45544332a4 sp=0x00007f450f3dc7f0
Event: 36.176 Thread 0x00007f45642f6800 DEOPT UNPACKING pc=0x00007f454c92799f sp=0x00007f450f3dc6c0 mode 2
Event: 36.227 Thread 0x00007f45642f6800 Uncommon trap: trap_request=0xffffff4d fr.pc=0x00007f4554428390 relative=0x0000000000000250
Event: 36.227 Thread 0x00007f45642f6800 Uncommon trap: reason=unstable_if action=reinterpret pc=0x00007f4554428390 method=java.util.HashMap.getNode(ILjava/lang/Object;)Ljava/util/HashMap$Node; @ 129 c2
Event: 36.227 Thread 0x00007f45642f6800 DEOPT PACKING pc=0x00007f4554428390 sp=0x00007f450f3dc790
Event: 36.227 Thread 0x00007f45642f6800 DEOPT UNPACKING pc=0x00007f454c92799f sp=0x00007f450f3dc6c8 mode 2
Event: 36.274 Thread 0x00007f45642f6800 Uncommon trap: trap_request=0xffffff4d fr.pc=0x00007f455440a41c relative=0x000000000000015c
Event: 36.274 Thread 0x00007f45642f6800 Uncommon trap: reason=unstable_if action=reinterpret pc=0x00007f455440a41c method=java.util.HashMap.getNode(ILjava/lang/Object;)Ljava/util/HashMap$Node; @ 129 c2
Event: 36.274 Thread 0x00007f45642f6800 DEOPT PACKING pc=0x00007f455440a41c sp=0x00007f450f3dc720
Event: 36.274 Thread 0x00007f45642f6800 DEOPT UNPACKING pc=0x00007f454c92799f sp=0x00007f450f3dc6c8 mode 2

Classes redefined (0 events):
No events

Internal exceptions (20 events):
Event: 1.050 Thread 0x00007f4564016800 Exception <a 'java/lang/NoSuchMethodError'{0x00000000c601a850}: 'java.lang.Object java.lang.invoke.DirectMethodHandle$Holder.invokeStatic(java.lang.Object, java.lang.Object, java.lang.Object, java.lang.Object, java.lang.Object, java.lang.Object, java.lang.Object, java.lang.Object, java.lang.Object, java.lang.Object, java.lang.Object, java.lang.Object, java.lang.Object, java.lang.Object, java.lang.Object)'> (0x00000000c601a850) thrown at [./src/hotspot/share/interpreter/linkResolver.cpp, line 773]
Event: 1.052 Thread 0x00007f4564016800 Exception <a 'java/lang/NoSuchMethodError'{0x00000000c6028410}: 'java.lang.Object java.lang.invoke.DirectMethodHandle$Holder.invokeStatic(java.lang.Object, java.lang.Object, java.lang.Object, java.lang.Object, java.lang.Object, java.lang.Object, java.lang.Object, java.lang.Object, java.lang.Object, java.lang.Object, java.lang.Object, java.lang.Object, java.lang.Object, java.lang.Object, java.lang.Object, java.lang.Object)'> (0x00000000c6028410) thrown at [./src/hotspot/share/interpreter/linkResolver.cpp, l
Event: 1.053 Thread 0x00007f4564016800 Exception <a 'java/lang/NoSuchMethodError'{0x00000000c6036070}: 'java.lang.Object java.lang.invoke.DirectMethodHandle$Holder.invokeSpecial(java.lang.Object, java.lang.Object, int, int, int, java.lang.Object, int)'> (0x00000000c6036070) thrown at [./src/hotspot/share/interpreter/linkResolver.cpp, line 773]
Event: 1.053 Thread 0x00007f4564016800 Exception <a 'java/lang/NoSuchMethodError'{0x00000000c6039158}: 'java.lang.Object java.lang.invoke.DelegatingMethodHandle$Holder.reinvoke_L(java.lang.Object, int, int, int, java.lang.Object, int)'> (0x00000000c6039158) thrown at [./src/hotspot/share/interpreter/linkResolver.cpp, line 773]
Event: 1.054 Thread 0x00007f4564016800 Exception <a 'java/lang/NoSuchMethodError'{0x00000000c603cfa8}: 'java.lang.Object java.lang.invoke.DirectMethodHandle$Holder.invokeStatic(java.lang.Object, java.lang.Object, java.lang.Object, java.lang.Object, int)'> (0x00000000c603cfa8) thrown at [./src/hotspot/share/interpreter/linkResolver.cpp, line 773]
Event: 1.081 Thread 0x00007f4564016800 Exception <a 'java/lang/NoSuchMethodError'{0x00000000c60b6d08}: 'java.lang.Object java.lang.invoke.DirectMethodHandle$Holder.invokeStatic(java.lang.Object, java.lang.Object, java.lang.Object, java.lang.Object, java.lang.Object, java.lang.Object, java.lang.Object, java.lang.Object, java.lang.Object, java.lang.Object, java.lang.Object, java.lang.Object, java.lang.Object, int)'> (0x00000000c60b6d08) thrown at [./src/hotspot/share/interpreter/linkResolver.cpp, line 773]
Event: 1.082 Thread 0x00007f4564016800 Exception <a 'java/lang/NoSuchMethodError'{0x00000000c60c3300}: 'java.lang.Object java.lang.invoke.DirectMethodHandle$Holder.invokeStatic(java.lang.Object, java.lang.Object, java.lang.Object, java.lang.Object, java.lang.Object, java.lang.Object, java.lang.Object, java.lang.Object, java.lang.Object, java.lang.Object, java.lang.Object, java.lang.Object, java.lang.Object, int, int)'> (0x00000000c60c3300) thrown at [./src/hotspot/share/interpreter/linkResolver.cpp, line 773]
Event: 1.083 Thread 0x00007f4564016800 Exception <a 'java/lang/NoSuchMethodError'{0x00000000c60cfe88}: 'java.lang.Object java.lang.invoke.DirectMethodHandle$Holder.invokeStatic(java.lang.Object, java.lang.Object, java.lang.Object, java.lang.Object, java.lang.Object, java.lang.Object, java.lang.Object, java.lang.Object, java.lang.Object, java.lang.Object, java.lang.Object, java.lang.Object, java.lang.Object, int, int, java.lang.Object)'> (0x00000000c60cfe88) thrown at [./src/hotspot/share/interpreter/linkResolver.cpp, line 773]
Event: 1.084 Thread 0x00007f4564016800 Exception <a 'java/lang/NoSuchMethodError'{0x00000000c60dd320}: 'java.lang.Object java.lang.invoke.Invokers$Holder.linkToTargetMethod(java.lang.Object, int, java.lang.Object)'> (0x00000000c60dd320) thrown at [./src/hotspot/share/interpreter/linkResolver.cpp, line 773]
Event: 3.743 Thread 0x00007f4564016800 Exception <a 'java/lang/NoSuchMethodError'{0x00000000c5fa1128}: 'int java.lang.invoke.DirectMethodHandle$Holder.invokeSpecialIFC(java.lang.Object, java.lang.Object, int)'> (0x00000000c5fa1128) thrown at [./src/hotspot/share/interpreter/linkResolver.cpp, line 773]
Event: 4.193 Thread 0x00007f4564016800 Exception <a 'java/lang/NoSuchMethodError'{0x00000000c5e28620}: 'void java.lang.invoke.DirectMethodHandle$Holder.invokeSpecial(java.lang.Object, java.lang.Object)'> (0x00000000c5e28620) thrown at [./src/hotspot/share/interpreter/linkResolver.cpp, line 773]
Event: 5.184 Thread 0x00007f4564016800 Exception <a 'java/lang/NoSuchMethodError'{0x00000000c628b7e8}: 'java.lang.Object java.lang.invoke.DirectMethodHandle$Holder.invokeStatic(java.lang.Object, java.lang.Object, java.lang.Object, java.lang.Object, java.lang.Object, java.lang.Object, java.lang.Object, java.lang.Object, java.lang.Object, java.lang.Object, java.lang.Object, int)'> (0x00000000c628b7e8) thrown at [./src/hotspot/share/interpreter/linkResolver.cpp, line 773]
Event: 5.275 Thread 0x00007f45642e8000 Exception <a 'java/lang/NoSuchMethodError'{0x00000000c6328998}: 'java.lang.Object java.lang.invoke.DirectMethodHandle$Holder.invokeSpecial(java.lang.Object, java.lang.Object, long, java.lang.Object)'> (0x00000000c6328998) thrown at [./src/hotspot/share/interpreter/linkResolver.cpp, line 773]
Event: 5.279 Thread 0x00007f4564016800 Exception <a 'java/lang/NoSuchMethodError'{0x00000000c62a9b80}: 'java.lang.Object java.lang.invoke.DirectMethodHandle$Holder.invokeStatic(java.lang.Object, java.lang.Object, java.lang.Object, java.lang.Object, java.lang.Object, java.lang.Object, java.lang.Object, java.lang.Object, java.lang.Object, java.lang.Object, java.lang.Object, int, int)'> (0x00000000c62a9b80) thrown at [./src/hotspot/share/interpreter/linkResolver.cpp, line 773]
Event: 5.280 Thread 0x00007f4564016800 Exception <a 'java/lang/NoSuchMethodError'{0x00000000c61c9540}: 'java.lang.Object java.lang.invoke.DirectMethodHandle$Holder.invokeStatic(java.lang.Object, java.lang.Object, java.lang.Object, java.lang.Object, java.lang.Object, java.lang.Object, java.lang.Object, java.lang.Object, java.lang.Object, java.lang.Object, java.lang.Object, int, int, java.lang.Object)'> (0x00000000c61c9540) thrown at [./src/hotspot/share/interpreter/linkResolver.cpp, line 773]
Event: 5.282 Thread 0x00007f4564016800 Exception <a 'java/lang/NoSuchMethodError'{0x00000000c61e99f8}: 'java.lang.Object java.lang.invoke.DirectMethodHandle$Holder.invokeStatic(java.lang.Object, java.lang.Object, java.lang.Object, java.lang.Object, java.lang.Object, java.lang.Object, java.lang.Object, java.lang.Object, java.lang.Object, java.lang.Object, java.lang.Object, int, int, java.lang.Object, java.lang.Object)'> (0x00000000c61e99f8) thrown at [./src/hotspot/share/interpreter/linkResolver.cpp, line 773]
Event: 5.301 Thread 0x00007f45642eb800 Exception <a 'java/lang/NoSuchMethodError'{0x00000000c636f538}: 'java.lang.Object java.lang.invoke.DirectMethodHandle$Holder.invokeSpecial(java.lang.Object, java.lang.Object, long, java.lang.Object)'> (0x00000000c636f538) thrown at [./src/hotspot/share/interpreter/linkResolver.cpp, line 773]
Event: 5.465 Thread 0x00007f45642eb800 Exception <a 'java/lang/NoSuchMethodError'{0x00000000c6372130}: 'java.lang.Object java.lang.invoke.Invokers$Holder.linkToTargetMethod(long, java.lang.Object, java.lang.Object)'> (0x00000000c6372130) thrown at [./src/hotspot/share/interpreter/linkResolver.cpp, line 773]
Event: 6.739 Thread 0x00007f4564252800 Exception <a 'java/lang/NoSuchMethodError'{0x00000000c5fe6300}: 'java.lang.Object java.lang.invoke.DirectMethodHandle$Holder.invokeStatic(java.lang.Object, int, java.lang.Object)'> (0x00000000c5fe6300) thrown at [./src/hotspot/share/interpreter/linkResolver.cpp, line 773]
Event: 7.079 Thread 0x00007f4564252800 Exception <a 'java/lang/ClassNotFoundException'{0x00000000c5d0d0d0}: sun/util/logging/resources/spi/loggingProvider> (0x00000000c5d0d0d0) thrown at [./src/hotspot/share/classfile/systemDictionary.cpp, line 231]

Events (20 events):
Event: 18.671 Executing VM operation: CGC_Operation done
Event: 18.820 Executing VM operation: CGC_Operation
Event: 18.827 Executing VM operation: CGC_Operation done
Event: 21.970 Executing VM operation: RevokeBias
Event: 21.970 Executing VM operation: RevokeBias done
Event: 34.387 loading class cs451/utils/Message
Event: 34.387 loading class cs451/utils/Message done
Event: 34.394 Executing VM operation: RevokeBias
Event: 34.395 Executing VM operation: RevokeBias done
Event: 34.424 Executing VM operation: RevokeBias
Event: 34.424 Executing VM operation: RevokeBias done
Event: 34.969 Executing VM operation: RevokeBias
Event: 34.969 Executing VM operation: RevokeBias done
Event: 36.486 Executing VM operation: G1CollectForAllocation
Event: 36.509 Executing VM operation: G1CollectForAllocation done
Event: 38.370 Executing VM operation: RevokeBias
Event: 38.370 Executing VM operation: RevokeBias done
Event: 44.789 Executing VM operation: RevokeBias
Event: 44.789 Executing VM operation: RevokeBias done
Event: 49.550 Executing VM operation: G1CollectForAllocation


Dynamic libraries:
c2600000-ca700000 rw-p 00000000 00:00 0 
ca700000-100000000 ---p 00000000 00:00 0 
800000000-800002000 rwxp 00001000 08:01 1181904                          /usr/lib/jvm/java-11-openjdk-amd64/lib/server/classes.jsa
800002000-8003b9000 rw-p 00003000 08:01 1181904                          /usr/lib/jvm/java-11-openjdk-amd64/lib/server/classes.jsa
8003b9000-800a81000 r--p 003ba000 08:01 1181904                          /usr/lib/jvm/java-11-openjdk-amd64/lib/server/classes.jsa
800a81000-800a82000 rw-p 00a82000 08:01 1181904                          /usr/lib/jvm/java-11-openjdk-amd64/lib/server/classes.jsa
800a82000-80108f000 r--p 00a83000 08:01 1181904                          /usr/lib/jvm/java-11-openjdk-amd64/lib/server/classes.jsa
840000000-8400c0000 rw-p 00000000 00:00 0 
8400c0000-880000000 ---p 00000000 00:00 0 
56340e380000-56340e381000 r-xp 00000000 08:01 661163                     /usr/lib/jvm/java-11-openjdk-amd64/bin/java
56340e581000-56340e582000 r--p 00001000 08:01 661163                     /usr/lib/jvm/java-11-openjdk-amd64/bin/java
56340e582000-56340e583000 rw-p 00002000 08:01 661163                     /usr/lib/jvm/java-11-openjdk-amd64/bin/java
56340f211000-56340f232000 rw-p 00000000 00:00 0                          [heap]
7f44c4000000-7f44c4021000 rw-p 00000000 00:00 0 
7f44c4021000-7f44c8000000 ---p 00000000 00:00 0 
7f44c8000000-7f44c8021000 rw-p 00000000 00:00 0 
7f44c8021000-7f44cc000000 ---p 00000000 00:00 0 
7f44cc000000-7f44cc021000 rw-p 00000000 00:00 0 
7f44cc021000-7f44d0000000 ---p 00000000 00:00 0 
7f44d0000000-7f44d0021000 rw-p 00000000 00:00 0 
7f44d0021000-7f44d4000000 ---p 00000000 00:00 0 
7f44d4000000-7f44d4021000 rw-p 00000000 00:00 0 
7f44d4021000-7f44d8000000 ---p 00000000 00:00 0 
7f44d8000000-7f44d8021000 rw-p 00000000 00:00 0 
7f44d8021000-7f44dc000000 ---p 00000000 00:00 0 
7f44dc000000-7f44dc021000 rw-p 00000000 00:00 0 
7f44dc021000-7f44e0000000 ---p 00000000 00:00 0 
7f44e0000000-7f44e0021000 rw-p 00000000 00:00 0 
7f44e0021000-7f44e4000000 ---p 00000000 00:00 0 
7f44e4000000-7f44e4021000 rw-p 00000000 00:00 0 
7f44e4021000-7f44e8000000 ---p 00000000 00:00 0 
7f44e8000000-7f44e8021000 rw-p 00000000 00:00 0 
7f44e8021000-7f44ec000000 ---p 00000000 00:00 0 
7f44ec000000-7f44ec021000 rw-p 00000000 00:00 0 
7f44ec021000-7f44f0000000 ---p 00000000 00:00 0 
7f44f0000000-7f44f0021000 rw-p 00000000 00:00 0 
7f44f0021000-7f44f4000000 ---p 00000000 00:00 0 
7f44f4000000-7f44f4021000 rw-p 00000000 00:00 0 
7f44f4021000-7f44f8000000 ---p 00000000 00:00 0 
7f44f8000000-7f44f8021000 rw-p 00000000 00:00 0 
7f44f8021000-7f44fc000000 ---p 00000000 00:00 0 
7f44fc000000-7f44fc10e000 rw-p 00000000 00:00 0 
7f44fc10e000-7f4500000000 ---p 00000000 00:00 0 
7f4500000000-7f4500021000 rw-p 00000000 00:00 0 
7f4500021000-7f4504000000 ---p 00000000 00:00 0 
7f4504000000-7f4504021000 rw-p 00000000 00:00 0 
7f4504021000-7f4508000000 ---p 00000000 00:00 0 
7f4508000000-7f4508021000 rw-p 00000000 00:00 0 
7f4508021000-7f450c000000 ---p 00000000 00:00 0 
7f450ebd0000-7f450ebd1000 ---p 00000000 00:00 0 
7f450ebd1000-7f450ecd2000 rw-p 00000000 00:00 0 
7f450ecd2000-7f450ecd3000 ---p 00000000 00:00 0 
7f450ecd3000-7f450edd4000 rw-p 00000000 00:00 0 
7f450edd4000-7f450edd5000 ---p 00000000 00:00 0 
7f450edd5000-7f450eed6000 rw-p 00000000 00:00 0 
7f450eed6000-7f450eed7000 ---p 00000000 00:00 0 
7f450eed7000-7f450efd8000 rw-p 00000000 00:00 0 
7f450efd8000-7f450efd9000 ---p 00000000 00:00 0 
7f450efd9000-7f450f0da000 rw-p 00000000 00:00 0 
7f450f0da000-7f450f0db000 ---p 00000000 00:00 0 
7f450f0db000-7f450f1dc000 rw-p 00000000 00:00 0 
7f450f1dc000-7f450f1e0000 ---p 00000000 00:00 0 
7f450f1e0000-7f450f2dd000 rw-p 00000000 00:00 0 
7f450f2dd000-7f450f2e1000 ---p 00000000 00:00 0 
7f450f2e1000-7f450f3de000 rw-p 00000000 00:00 0 
7f450f3de000-7f450f3e2000 ---p 00000000 00:00 0 
7f450f3e2000-7f450f4df000 rw-p 00000000 00:00 0 
7f450f4df000-7f450f4e3000 ---p 00000000 00:00 0 
7f450f4e3000-7f450f5e0000 rw-p 00000000 00:00 0 
7f450f5e0000-7f450f5e4000 ---p 00000000 00:00 0 
7f450f5e4000-7f450f6e1000 rw-p 00000000 00:00 0 
7f450f6e1000-7f450f6e5000 ---p 00000000 00:00 0 
7f450f6e5000-7f450f7e2000 rw-p 00000000 00:00 0 
7f450f7e2000-7f450f7e6000 ---p 00000000 00:00 0 
7f450f7e6000-7f450f8e3000 rw-p 00000000 00:00 0 
7f450f8e3000-7f450f8e7000 ---p 00000000 00:00 0 
7f450f8e7000-7f450f9e4000 rw-p 00000000 00:00 0 
7f450f9e4000-7f450f9e8000 ---p 00000000 00:00 0 
7f450f9e8000-7f450fae5000 rw-p 00000000 00:00 0 
7f450fae5000-7f450fae9000 ---p 00000000 00:00 0 
7f450fae9000-7f450fbe6000 rw-p 00000000 00:00 0 
7f450fbe6000-7f450fbe8000 r-xp 00000000 08:01 1049876                    /usr/lib/jvm/java-11-openjdk-amd64/lib/libextnet.so
7f450fbe8000-7f450fde7000 ---p 00002000 08:01 1049876                    /usr/lib/jvm/java-11-openjdk-amd64/lib/libextnet.so
7f450fde7000-7f450fde8000 r--p 00001000 08:01 1049876                    /usr/lib/jvm/java-11-openjdk-amd64/lib/libextnet.so
7f450fde8000-7f450fde9000 rw-p 00002000 08:01 1049876                    /usr/lib/jvm/java-11-openjdk-amd64/lib/libextnet.so
7f450fde9000-7f450fdff000 r-xp 00000000 08:01 1050087                    /usr/lib/jvm/java-11-openjdk-amd64/lib/libnet.so
7f450fdff000-7f450fffe000 ---p 00016000 08:01 1050087                    /usr/lib/jvm/java-11-openjdk-amd64/lib/libnet.so
7f450fffe000-7f450ffff000 r--p 00015000 08:01 1050087                    /usr/lib/jvm/java-11-openjdk-amd64/lib/libnet.so
7f450ffff000-7f4510000000 rw-p 00016000 08:01 1050087                    /usr/lib/jvm/java-11-openjdk-amd64/lib/libnet.so
7f4510000000-7f4510021000 rw-p 00000000 00:00 0 
7f4510021000-7f4514000000 ---p 00000000 00:00 0 
7f4514000000-7f4514021000 rw-p 00000000 00:00 0 
7f4514021000-7f4518000000 ---p 00000000 00:00 0 
7f4518000000-7f4518313000 rw-p 00000000 00:00 0 
7f4518313000-7f451c000000 ---p 00000000 00:00 0 
7f451c000000-7f451c021000 rw-p 00000000 00:00 0 
7f451c021000-7f4520000000 ---p 00000000 00:00 0 
7f4520000000-7f4520021000 rw-p 00000000 00:00 0 
7f4520021000-7f4524000000 ---p 00000000 00:00 0 
7f4524000000-7f4526088000 rw-p 00000000 00:00 0 
7f4526088000-7f4528000000 ---p 00000000 00:00 0 
7f4528000000-7f4528021000 rw-p 00000000 00:00 0 
7f4528021000-7f452c000000 ---p 00000000 00:00 0 
7f452c000000-7f452c021000 rw-p 00000000 00:00 0 
7f452c021000-7f4530000000 ---p 00000000 00:00 0 
7f4530000000-7f4530021000 rw-p 00000000 00:00 0 
7f4530021000-7f4534000000 ---p 00000000 00:00 0 
7f4534000000-7f4534028000 rw-p 00000000 00:00 0 
7f4534028000-7f4538000000 ---p 00000000 00:00 0 
7f4538000000-7f4538021000 rw-p 00000000 00:00 0 
7f4538021000-7f453c000000 ---p 00000000 00:00 0 
7f453c000000-7f453c021000 rw-p 00000000 00:00 0 
7f453c021000-7f4540000000 ---p 00000000 00:00 0 
7f4540000000-7f4540021000 rw-p 00000000 00:00 0 
7f4540021000-7f4544000000 ---p 00000000 00:00 0 
7f454404a000-7f454404e000 ---p 00000000 00:00 0 
7f454404e000-7f454414b000 rw-p 00000000 00:00 0 
7f454414b000-7f454415b000 r-xp 00000000 08:01 1050098                    /usr/lib/jvm/java-11-openjdk-amd64/lib/libnio.so
7f454415b000-7f454435a000 ---p 00010000 08:01 1050098                    /usr/lib/jvm/java-11-openjdk-amd64/lib/libnio.so
7f454435a000-7f454435b000 r--p 0000f000 08:01 1050098                    /usr/lib/jvm/java-11-openjdk-amd64/lib/libnio.so
7f454435b000-7f454435c000 rw-p 00010000 08:01 1050098                    /usr/lib/jvm/java-11-openjdk-amd64/lib/libnio.so
7f454435c000-7f4544360000 ---p 00000000 00:00 0 
7f4544360000-7f454445d000 rw-p 00000000 00:00 0 
7f454445d000-7f454445e000 ---p 00000000 00:00 0 
7f454445e000-7f454455f000 rw-p 00000000 00:00 0 
7f454455f000-7f4544563000 ---p 00000000 00:00 0 
7f4544563000-7f4544660000 rw-p 00000000 00:00 0 
7f4544660000-7f4544664000 ---p 00000000 00:00 0 
7f4544664000-7f4544761000 rw-p 00000000 00:00 0 
7f4544761000-7f4544765000 ---p 00000000 00:00 0 
7f4544765000-7f4544862000 rw-p 00000000 00:00 0 
7f4544862000-7f4544866000 ---p 00000000 00:00 0 
7f4544866000-7f4544963000 rw-p 00000000 00:00 0 
7f4544963000-7f4544967000 ---p 00000000 00:00 0 
7f4544967000-7f4544a64000 rw-p 00000000 00:00 0 
7f4544a64000-7f4544d94000 r--p 00000000 08:01 2360321                    /usr/lib/locale/locale-archive
7f4544d94000-7f4544d98000 ---p 00000000 00:00 0 
7f4544d98000-7f4544e95000 rw-p 00000000 00:00 0 
7f4544e95000-7f4544e99000 ---p 00000000 00:00 0 
7f4544e99000-7f4544f96000 rw-p 00000000 00:00 0 
7f4544f96000-7f4544f97000 ---p 00000000 00:00 0 
7f4544f97000-7f454729c000 rw-p 00000000 00:00 0 
7f454729c000-7f4548000000 ---p 00000000 00:00 0 
7f4548000000-7f4548021000 rw-p 00000000 00:00 0 
7f4548021000-7f454c000000 ---p 00000000 00:00 0 
7f454c081000-7f454c5c2000 rw-p 00000000 00:00 0 
7f454c5c2000-7f454c902000 ---p 00000000 00:00 0 
7f454c902000-7f454cb72000 rwxp 00000000 00:00 0 
7f454cb72000-7f454ce92000 ---p 00000000 00:00 0 
7f454ce92000-7f454d102000 rwxp 00000000 00:00 0 
7f454d102000-7f45543ca000 ---p 00000000 00:00 0 
7f45543ca000-7f455463a000 rwxp 00000000 00:00 0 
7f455463a000-7f455b902000 ---p 00000000 00:00 0 
7f455b902000-7f4564000000 r--s 00000000 08:01 1050240                    /usr/lib/jvm/java-11-openjdk-amd64/lib/modules
7f4564000000-7f4564307000 rw-p 00000000 00:00 0 
7f4564307000-7f4568000000 ---p 00000000 00:00 0 
7f4568041000-7f4568042000 ---p 00000000 00:00 0 
7f4568042000-7f4568143000 rw-p 00000000 00:00 0 
7f4568143000-7f4568144000 ---p 00000000 00:00 0 
7f4568144000-7f456884b000 rw-p 00000000 00:00 0 
7f456884b000-7f456884c000 ---p 00000000 00:00 0 
7f456884c000-7f456894d000 rw-p 00000000 00:00 0 
7f456894d000-7f456894e000 ---p 00000000 00:00 0 
7f456894e000-7f4568c53000 rw-p 00000000 00:00 0 
7f4568c53000-7f45699b7000 ---p 00000000 00:00 0 
7f45699b7000-7f45699f8000 rw-p 00000000 00:00 0 
7f45699f8000-7f4569ba4000 ---p 00000000 00:00 0 
7f4569ba4000-7f4569be5000 rw-p 00000000 00:00 0 
7f4569be5000-7f4569d91000 ---p 00000000 00:00 0 
7f4569d91000-7f4569dd2000 rw-p 00000000 00:00 0 
7f4569dd2000-7f4569f7e000 ---p 00000000 00:00 0 
7f4569f7e000-7f456a584000 rw-p 00000000 00:00 0 
7f456a584000-7f456a585000 ---p 00000000 00:00 0 
7f456a585000-7f456a68b000 rw-p 00000000 00:00 0 
7f456a68b000-7f456a771000 ---p 00000000 00:00 0 
7f456a771000-7f456a776000 rw-p 00000000 00:00 0 
7f456a776000-7f456a85c000 ---p 00000000 00:00 0 
7f456a85c000-7f456a863000 r-xp 00000000 08:01 1050223                    /usr/lib/jvm/java-11-openjdk-amd64/lib/libzip.so
7f456a863000-7f456aa62000 ---p 00007000 08:01 1050223                    /usr/lib/jvm/java-11-openjdk-amd64/lib/libzip.so
7f456aa62000-7f456aa63000 r--p 00006000 08:01 1050223                    /usr/lib/jvm/java-11-openjdk-amd64/lib/libzip.so
7f456aa63000-7f456aa64000 rw-p 00007000 08:01 1050223                    /usr/lib/jvm/java-11-openjdk-amd64/lib/libzip.so
7f456aa64000-7f456aa6f000 r-xp 00000000 08:01 1835055                    /lib/x86_64-linux-gnu/libnss_files-2.27.so
7f456aa6f000-7f456ac6e000 ---p 0000b000 08:01 1835055                    /lib/x86_64-linux-gnu/libnss_files-2.27.so
7f456ac6e000-7f456ac6f000 r--p 0000a000 08:01 1835055                    /lib/x86_64-linux-gnu/libnss_files-2.27.so
7f456ac6f000-7f456ac70000 rw-p 0000b000 08:01 1835055                    /lib/x86_64-linux-gnu/libnss_files-2.27.so
7f456ac70000-7f456ac76000 rw-p 00000000 00:00 0 
7f456ac76000-7f456ac8d000 r-xp 00000000 08:01 1835052                    /lib/x86_64-linux-gnu/libnsl-2.27.so
7f456ac8d000-7f456ae8c000 ---p 00017000 08:01 1835052                    /lib/x86_64-linux-gnu/libnsl-2.27.so
7f456ae8c000-7f456ae8d000 r--p 00016000 08:01 1835052                    /lib/x86_64-linux-gnu/libnsl-2.27.so
7f456ae8d000-7f456ae8e000 rw-p 00017000 08:01 1835052                    /lib/x86_64-linux-gnu/libnsl-2.27.so
7f456ae8e000-7f456ae90000 rw-p 00000000 00:00 0 
7f456ae90000-7f456ae9b000 r-xp 00000000 08:01 1835057                    /lib/x86_64-linux-gnu/libnss_nis-2.27.so
7f456ae9b000-7f456b09a000 ---p 0000b000 08:01 1835057                    /lib/x86_64-linux-gnu/libnss_nis-2.27.so
7f456b09a000-7f456b09b000 r--p 0000a000 08:01 1835057                    /lib/x86_64-linux-gnu/libnss_nis-2.27.so
7f456b09b000-7f456b09c000 rw-p 0000b000 08:01 1835057                    /lib/x86_64-linux-gnu/libnss_nis-2.27.so
7f456b09c000-7f456b0a4000 r-xp 00000000 08:01 1835053                    /lib/x86_64-linux-gnu/libnss_compat-2.27.so
7f456b0a4000-7f456b2a4000 ---p 00008000 08:01 1835053                    /lib/x86_64-linux-gnu/libnss_compat-2.27.so
7f456b2a4000-7f456b2a5000 r--p 00008000 08:01 1835053                    /lib/x86_64-linux-gnu/libnss_compat-2.27.so
7f456b2a5000-7f456b2a6000 rw-p 00009000 08:01 1835053                    /lib/x86_64-linux-gnu/libnss_compat-2.27.so
7f456b2a6000-7f456b2ab000 r-xp 00000000 08:01 1049932                    /usr/lib/jvm/java-11-openjdk-amd64/lib/libjimage.so
7f456b2ab000-7f456b4aa000 ---p 00005000 08:01 1049932                    /usr/lib/jvm/java-11-openjdk-amd64/lib/libjimage.so
7f456b4aa000-7f456b4ab000 r--p 00004000 08:01 1049932                    /usr/lib/jvm/java-11-openjdk-amd64/lib/libjimage.so
7f456b4ab000-7f456b4ac000 rw-p 00005000 08:01 1049932                    /usr/lib/jvm/java-11-openjdk-amd64/lib/libjimage.so
7f456b4ac000-7f456b4d5000 r-xp 00000000 08:01 1049899                    /usr/lib/jvm/java-11-openjdk-amd64/lib/libjava.so
7f456b4d5000-7f456b6d5000 ---p 00029000 08:01 1049899                    /usr/lib/jvm/java-11-openjdk-amd64/lib/libjava.so
7f456b6d5000-7f456b6d6000 r--p 00029000 08:01 1049899                    /usr/lib/jvm/java-11-openjdk-amd64/lib/libjava.so
7f456b6d6000-7f456b6d7000 rw-p 0002a000 08:01 1049899                    /usr/lib/jvm/java-11-openjdk-amd64/lib/libjava.so
7f456b6d7000-7f456b6d8000 rw-p 00000000 00:00 0 
7f456b6d8000-7f456b6e5000 r-xp 00000000 08:01 1050221                    /usr/lib/jvm/java-11-openjdk-amd64/lib/libverify.so
7f456b6e5000-7f456b8e4000 ---p 0000d000 08:01 1050221                    /usr/lib/jvm/java-11-openjdk-amd64/lib/libverify.so
7f456b8e4000-7f456b8e6000 r--p 0000c000 08:01 1050221                    /usr/lib/jvm/java-11-openjdk-amd64/lib/libverify.so
7f456b8e6000-7f456b8e7000 rw-p 0000e000 08:01 1050221                    /usr/lib/jvm/java-11-openjdk-amd64/lib/libverify.so
7f456b8e7000-7f456b8ee000 r-xp 00000000 08:01 1840227                    /lib/x86_64-linux-gnu/librt-2.27.so
7f456b8ee000-7f456baed000 ---p 00007000 08:01 1840227                    /lib/x86_64-linux-gnu/librt-2.27.so
7f456baed000-7f456baee000 r--p 00006000 08:01 1840227                    /lib/x86_64-linux-gnu/librt-2.27.so
7f456baee000-7f456baef000 rw-p 00007000 08:01 1840227                    /lib/x86_64-linux-gnu/librt-2.27.so
7f456baef000-7f456bb06000 r-xp 00000000 08:01 1835013                    /lib/x86_64-linux-gnu/libgcc_s.so.1
7f456bb06000-7f456bd05000 ---p 00017000 08:01 1835013                    /lib/x86_64-linux-gnu/libgcc_s.so.1
7f456bd05000-7f456bd06000 r--p 00016000 08:01 1835013                    /lib/x86_64-linux-gnu/libgcc_s.so.1
7f456bd06000-7f456bd07000 rw-p 00017000 08:01 1835013                    /lib/x86_64-linux-gnu/libgcc_s.so.1
7f456bd07000-7f456bea4000 r-xp 00000000 08:01 1835049                    /lib/x86_64-linux-gnu/libm-2.27.so
7f456bea4000-7f456c0a3000 ---p 0019d000 08:01 1835049                    /lib/x86_64-linux-gnu/libm-2.27.so
7f456c0a3000-7f456c0a4000 r--p 0019c000 08:01 1835049                    /lib/x86_64-linux-gnu/libm-2.27.so
7f456c0a4000-7f456c0a5000 rw-p 0019d000 08:01 1835049                    /lib/x86_64-linux-gnu/libm-2.27.so
7f456c0a5000-7f456c21e000 r-xp 00000000 08:01 2360550                    /usr/lib/x86_64-linux-gnu/libstdc++.so.6.0.25
7f456c21e000-7f456c41e000 ---p 00179000 08:01 2360550                    /usr/lib/x86_64-linux-gnu/libstdc++.so.6.0.25
7f456c41e000-7f456c428000 r--p 00179000 08:01 2360550                    /usr/lib/x86_64-linux-gnu/libstdc++.so.6.0.25
7f456c428000-7f456c42a000 rw-p 00183000 08:01 2360550                    /usr/lib/x86_64-linux-gnu/libstdc++.so.6.0.25
7f456c42a000-7f456c42e000 rw-p 00000000 00:00 0 
7f456c42e000-7f456d50c000 r-xp 00000000 08:01 1181144                    /usr/lib/jvm/java-11-openjdk-amd64/lib/server/libjvm.so
7f456d50c000-7f456d70b000 ---p 010de000 08:01 1181144                    /usr/lib/jvm/java-11-openjdk-amd64/lib/server/libjvm.so
7f456d70b000-7f456d7c8000 r--p 010dd000 08:01 1181144                    /usr/lib/jvm/java-11-openjdk-amd64/lib/server/libjvm.so
7f456d7c8000-7f456d801000 rw-p 0119a000 08:01 1181144                    /usr/lib/jvm/java-11-openjdk-amd64/lib/server/libjvm.so
7f456d801000-7f456d858000 rw-p 00000000 00:00 0 
7f456d858000-7f456d872000 r-xp 00000000 08:01 1840183                    /lib/x86_64-linux-gnu/libpthread-2.27.so
7f456d872000-7f456da71000 ---p 0001a000 08:01 1840183                    /lib/x86_64-linux-gnu/libpthread-2.27.so
7f456da71000-7f456da72000 r--p 00019000 08:01 1840183                    /lib/x86_64-linux-gnu/libpthread-2.27.so
7f456da72000-7f456da73000 rw-p 0001a000 08:01 1840183                    /lib/x86_64-linux-gnu/libpthread-2.27.so
7f456da73000-7f456da77000 rw-p 00000000 00:00 0 
7f456da77000-7f456da7a000 r-xp 00000000 08:01 1835048                    /lib/x86_64-linux-gnu/libdl-2.27.so
7f456da7a000-7f456dc79000 ---p 00003000 08:01 1835048                    /lib/x86_64-linux-gnu/libdl-2.27.so
7f456dc79000-7f456dc7a000 r--p 00002000 08:01 1835048                    /lib/x86_64-linux-gnu/libdl-2.27.so
7f456dc7a000-7f456dc7b000 rw-p 00003000 08:01 1835048                    /lib/x86_64-linux-gnu/libdl-2.27.so
7f456dc7b000-7f456dc97000 r-xp 00000000 08:01 1840663                    /lib/x86_64-linux-gnu/libz.so.1.2.11
7f456dc97000-7f456de96000 ---p 0001c000 08:01 1840663                    /lib/x86_64-linux-gnu/libz.so.1.2.11
7f456de96000-7f456de97000 r--p 0001b000 08:01 1840663                    /lib/x86_64-linux-gnu/libz.so.1.2.11
7f456de97000-7f456de98000 rw-p 0001c000 08:01 1840663                    /lib/x86_64-linux-gnu/libz.so.1.2.11
7f456de98000-7f456e07f000 r-xp 00000000 08:01 1835045                    /lib/x86_64-linux-gnu/libc-2.27.so
7f456e07f000-7f456e27f000 ---p 001e7000 08:01 1835045                    /lib/x86_64-linux-gnu/libc-2.27.so
7f456e27f000-7f456e283000 r--p 001e7000 08:01 1835045                    /lib/x86_64-linux-gnu/libc-2.27.so
7f456e283000-7f456e285000 rw-p 001eb000 08:01 1835045                    /lib/x86_64-linux-gnu/libc-2.27.so
7f456e285000-7f456e289000 rw-p 00000000 00:00 0 
7f456e289000-7f456e299000 r-xp 00000000 08:01 1049770                    /usr/lib/jvm/java-11-openjdk-amd64/lib/jli/libjli.so
7f456e299000-7f456e498000 ---p 00010000 08:01 1049770                    /usr/lib/jvm/java-11-openjdk-amd64/lib/jli/libjli.so
7f456e498000-7f456e499000 r--p 0000f000 08:01 1049770                    /usr/lib/jvm/java-11-openjdk-amd64/lib/jli/libjli.so
7f456e499000-7f456e49a000 rw-p 00010000 08:01 1049770                    /usr/lib/jvm/java-11-openjdk-amd64/lib/jli/libjli.so
7f456e49a000-7f456e4c1000 r-xp 00000000 08:01 1835021                    /lib/x86_64-linux-gnu/ld-2.27.so
7f456e501000-7f456e5a1000 rw-p 00000000 00:00 0 
7f456e5a1000-7f456e5a8000 ---p 00000000 00:00 0 
7f456e5a8000-7f456e5ac000 ---p 00000000 00:00 0 
7f456e5ac000-7f456e6ab000 rw-p 00000000 00:00 0 
7f456e6b3000-7f456e6b5000 r--s 00007000 08:01 2628883                    /usr/share/java/java-atk-wrapper.jar
7f456e6b5000-7f456e6bd000 rw-s 00000000 08:01 2633795                    /tmp/hsperfdata_dcl/8964
7f456e6bd000-7f456e6be000 ---p 00000000 00:00 0 
7f456e6be000-7f456e6bf000 r--p 00000000 00:00 0 
7f456e6bf000-7f456e6c1000 rw-p 00000000 00:00 0 
7f456e6c1000-7f456e6c2000 r--p 00027000 08:01 1835021                    /lib/x86_64-linux-gnu/ld-2.27.so
7f456e6c2000-7f456e6c3000 rw-p 00028000 08:01 1835021                    /lib/x86_64-linux-gnu/ld-2.27.so
7f456e6c3000-7f456e6c4000 rw-p 00000000 00:00 0 
7fffcc249000-7fffcc26a000 rw-p 00000000 00:00 0                          [stack]
7fffcc36e000-7fffcc371000 r--p 00000000 00:00 0                          [vvar]
7fffcc371000-7fffcc373000 r-xp 00000000 00:00 0                          [vdso]
ffffffffff600000-ffffffffff601000 r-xp 00000000 00:00 0                  [vsyscall]


VM Arguments:
java_command: /home/dcl/Documents/project/CS451-2020-project/template_java/bin/da_proc.jar --id 9 --hosts /tmp/tmp3muuovf9 --barrier localhost:10000 --signal localhost:11000 --output /home/dcl/Documents/project/CS451-2020-project/template_java/outputs/proc09.output /tmp/tmp178kgrjj
java_class_path (initial): /home/dcl/Documents/project/CS451-2020-project/template_java/bin/da_proc.jar
Launcher Type: SUN_STANDARD

[Global flags]
     intx CICompilerCount                          = 3                                         {product} {ergonomic}
     uint ConcGCThreads                            = 2                                         {product} {ergonomic}
     uint G1ConcRefinementThreads                  = 6                                         {product} {ergonomic}
   size_t G1HeapRegionSize                         = 1048576                                   {product} {ergonomic}
    uintx GCDrainStackTargetSize                   = 64                                        {product} {ergonomic}
   size_t InitialHeapSize                          = 65011712                                  {product} {ergonomic}
   size_t MarkStackSize                            = 4194304                                   {product} {ergonomic}
   size_t MaxHeapSize                              = 1033895936                                {product} {ergonomic}
   size_t MaxNewSize                               = 619708416                                 {product} {ergonomic}
   size_t MinHeapDeltaBytes                        = 1048576                                   {product} {ergonomic}
    uintx NonNMethodCodeHeapSize                   = 5830732                                {pd product} {ergonomic}
    uintx NonProfiledCodeHeapSize                  = 122913754                              {pd product} {ergonomic}
    uintx ProfiledCodeHeapSize                     = 122913754                              {pd product} {ergonomic}
    uintx ReservedCodeCacheSize                    = 251658240                              {pd product} {ergonomic}
     bool SegmentedCodeCache                       = true                                      {product} {ergonomic}
     bool UseCompressedClassPointers               = true                                 {lp64_product} {ergonomic}
     bool UseCompressedOops                        = true                                 {lp64_product} {ergonomic}
     bool UseG1GC                                  = true                                      {product} {ergonomic}

Logging:
Log output configuration:
 #0: stdout all=warning uptime,level,tags
 #1: stderr all=off uptime,level,tags

Environment Variables:
PATH=/usr/local/sbin:/usr/local/bin:/usr/sbin:/usr/bin:/sbin:/bin:/usr/games:/usr/local/games:/snap/bin
SHELL=/bin/bash
DISPLAY=:0.0
LANG=en_US.UTF-8

Signal Handlers:
SIGSEGV: [libjvm.so+0xdf9610], sa_mask[0]=11111111011111111101111111111110, sa_flags=SA_RESTART|SA_SIGINFO
SIGBUS: [libjvm.so+0xdf9610], sa_mask[0]=11111111011111111101111111111110, sa_flags=SA_RESTART|SA_SIGINFO
SIGFPE: [libjvm.so+0xdf9610], sa_mask[0]=11111111011111111101111111111110, sa_flags=SA_RESTART|SA_SIGINFO
SIGPIPE: [libjvm.so+0xbcc360], sa_mask[0]=11111111011111111101111111111110, sa_flags=SA_RESTART|SA_SIGINFO
SIGXFSZ: [libjvm.so+0xbcc360], sa_mask[0]=11111111011111111101111111111110, sa_flags=SA_RESTART|SA_SIGINFO
SIGILL: [libjvm.so+0xdf9610], sa_mask[0]=11111111011111111101111111111110, sa_flags=SA_RESTART|SA_SIGINFO
SIGUSR2: [libjvm.so+0xbcc200], sa_mask[0]=00000000000000000000000000000000, sa_flags=SA_RESTART|SA_SIGINFO
SIGHUP: [libjvm.so+0xbcc560], sa_mask[0]=11111111011111111101111111111110, sa_flags=SA_RESTART|SA_SIGINFO
SIGINT: [libjvm.so+0xbcc560], sa_mask[0]=11111111011111111101111111111110, sa_flags=SA_RESTART|SA_SIGINFO
SIGTERM: [libjvm.so+0xbcc560], sa_mask[0]=11111111011111111101111111111110, sa_flags=SA_RESTART|SA_SIGINFO
SIGQUIT: [libjvm.so+0xbcc560], sa_mask[0]=11111111011111111101111111111110, sa_flags=SA_RESTART|SA_SIGINFO


---------------  S Y S T E M  ---------------

OS:DISTRIB_ID=Ubuntu
DISTRIB_RELEASE=18.04
DISTRIB_CODENAME=bionic
DISTRIB_DESCRIPTION="Ubuntu 18.04.5 LTS"
uname:Linux 4.15.0-117-generic #118-Ubuntu SMP Fri Sep 4 20:02:41 UTC 2020 x86_64
OS uptime: 0 days 0:51 hours
libc:glibc 2.27 NPTL 2.27 
rlimit (soft/hard): STACK 8192k/infinity , CORE 0k/infinity , NPROC 15599/15599 , NOFILE 1048576/1048576 , AS infinity/infinity , CPU infinity/infinity , DATA infinity/infinity , FSIZE infinity/infinity , MEMLOCK 16384k/16384k
load average:11.89 6.39 5.10

/proc/meminfo:
MemTotal:        4038492 kB
MemFree:          666568 kB
MemAvailable:    1252868 kB
Buffers:           44968 kB
Cached:           722496 kB
SwapCached:            0 kB
Active:          2733328 kB
Inactive:         470844 kB
Active(anon):    2437440 kB
Inactive(anon):     1344 kB
Active(file):     295888 kB
Inactive(file):   469500 kB
Unevictable:           0 kB
Mlocked:               0 kB
SwapTotal:       2097148 kB
SwapFree:        2097148 kB
Dirty:               280 kB
Writeback:             0 kB
AnonPages:       2436868 kB
Mapped:           181620 kB
Shmem:              2080 kB
Slab:              76012 kB
SReclaimable:      47768 kB
SUnreclaim:        28244 kB
KernelStack:       11888 kB
PageTables:        30096 kB
NFS_Unstable:          0 kB
Bounce:                0 kB
WritebackTmp:          0 kB
CommitLimit:     4116392 kB
Committed_AS:    4900900 kB
VmallocTotal:   34359738367 kB
VmallocUsed:           0 kB
VmallocChunk:          0 kB
HardwareCorrupted:     0 kB
AnonHugePages:         0 kB
ShmemHugePages:        0 kB
ShmemPmdMapped:        0 kB
CmaTotal:              0 kB
CmaFree:               0 kB
HugePages_Total:       0
HugePages_Free:        0
HugePages_Rsvd:        0
HugePages_Surp:        0
Hugepagesize:       2048 kB
DirectMap4k:      118720 kB
DirectMap2M:     4075520 kB

/sys/kernel/mm/transparent_hugepage/enabled:
always [madvise] never

/sys/kernel/mm/transparent_hugepage/defrag (defrag/compaction efforts parameter):
always defer defer+madvise [madvise] never


/proc/sys/kernel/threads-max (system-wide limit on the number of threads):
31199


/proc/sys/vm/max_map_count (maximum number of memory map areas a process may have):
65530


/proc/sys/kernel/pid_max (system-wide limit on number of process identifiers):
32768



container (cgroup) information:
container_type: cgroupv1
cpu_cpuset_cpus: 0-5
cpu_memory_nodes: 0
active_processor_count: 6
cpu_quota: -1
cpu_period: 100000
cpu_shares: -1
memory_limit_in_bytes: -1
memory_and_swap_limit_in_bytes: -2
memory_soft_limit_in_bytes: -1
memory_usage_in_bytes: 3281428480
memory_max_usage_in_bytes: 0

KVM virtualization detected
Steal ticks since vm start: 0
Steal ticks percentage since vm start:  0.000

CPU:total 6 (initial active 6) (6 cores per cpu, 1 threads per core) family 6 model 158 stepping 10, cmov, cx8, fxsr, mmx, sse, sse2, sse3, ssse3, sse4.1, sse4.2, tsc, tscinvbit
CPU Model and flags from /proc/cpuinfo:
model name	: Intel(R) Core(TM) i7-9750H CPU @ 2.60GHz
flags		: fpu vme de pse tsc msr pae mce cx8 apic sep mtrr pge mca cmov pat pse36 clflush mmx fxsr sse sse2 ht syscall nx rdtscp lm constant_tsc rep_good nopl xtopology nonstop_tsc cpuid tsc_known_freq pni ssse3 pcid sse4_1 sse4_2 hypervisor lahf_lm invpcid_single pti fsgsbase invpcid md_clear flush_l1d arch_capabilities

Memory: 4k page, physical 4038492k(666568k free), swap 2097148k(2097148k free)

vm_info: OpenJDK 64-Bit Server VM (11.0.8+10-post-Ubuntu-0ubuntu118.04.1) for linux-amd64 JRE (11.0.8+10-post-Ubuntu-0ubuntu118.04.1), built on Jul 15 2020 20:45:24 by "unknown" with gcc 7.5.0

END.
