#
# A fatal error has been detected by the Java Runtime Environment:
#
#  SIGSEGV (0xb) at pc=0x00007f5f4e6104d2, pid=7342, tid=7524
#
# JRE version: OpenJDK Runtime Environment (11.0.8+10) (build 11.0.8+10-post-Ubuntu-0ubuntu118.04.1)
# Java VM: OpenJDK 64-Bit Server VM (11.0.8+10-post-Ubuntu-0ubuntu118.04.1, mixed mode, sharing, tiered, compressed oops, g1 gc, linux-amd64)
# Problematic frame:
# V  [libjvm.so+0xd374d2]
#
# Core dump will be written. Default location: Core dumps may be processed with "/usr/share/apport/apport %p %s %c %d %P %E" (or dumping to /home/dcl/Documents/project/CS451-2020-project/core.7342)
#
# If you would like to submit a bug report, please visit:
#   https://bugs.launchpad.net/ubuntu/+source/openjdk-lts
#

---------------  S U M M A R Y ------------

Command Line: /home/dcl/Documents/project/CS451-2020-project/template_java/bin/da_proc.jar --id 9 --hosts /tmp/tmpnvz9rz_8 --barrier localhost:10000 --signal localhost:11000 --output /home/dcl/Documents/project/CS451-2020-project/template_java/outputs/proc09.output /tmp/tmpgnxgetfv

Host: Intel(R) Core(TM) i7-9750H CPU @ 2.60GHz, 6 cores, 3G, Ubuntu 18.04.5 LTS
Time: Thu Nov 12 19:10:10 2020 CET elapsed time: 45 seconds (0d 0h 0m 45s)

---------------  T H R E A D  ---------------

Current thread (0x00007f5f48262800):  JavaThread "CUSTOM_resending_transport_0_timer" [_thread_in_vm, id=7524, stack(0x00007f5f20c9a000,0x00007f5f20d9b000)]

Stack: [0x00007f5f20c9a000,0x00007f5f20d9b000],  sp=0x00007f5f20d98250,  free space=1016k
Native frames: (J=compiled Java code, A=aot compiled Java code, j=interpreted, Vv=VM code, C=native code)
V  [libjvm.so+0xd374d2]
V  [libjvm.so+0xa03939]
V  [libjvm.so+0xcaf86f]
V  [libjvm.so+0xcafd59]
V  [libjvm.so+0x841414]
j  cs451.utils.SenderPoolStruct.sendAll(I)V+46
J 1074 c1 cs451.utils.SenderPoolStruct$SenderManager$1.run()V (30 bytes) @ 0x00007f5f30c46e14 [0x00007f5f30c45c60+0x00000000000011b4]
j  java.util.TimerThread.mainLoop()V+221 java.base@11.0.8
j  java.util.TimerThread.run()V+1 java.base@11.0.8
v  ~StubRoutines::call_stub
V  [libjvm.so+0x84eb09]
V  [libjvm.so+0x84cc4d]
V  [libjvm.so+0x8f6c9c]
V  [libjvm.so+0xd8996f]
V  [libjvm.so+0xd860bf]
V  [libjvm.so+0xbd632e]

Java frames: (J=compiled Java code, j=interpreted, Vv=VM code)
j  cs451.utils.SenderPoolStruct.sendAll(I)V+46
J 1074 c1 cs451.utils.SenderPoolStruct$SenderManager$1.run()V (30 bytes) @ 0x00007f5f30c46e14 [0x00007f5f30c45c60+0x00000000000011b4]
j  java.util.TimerThread.mainLoop()V+221 java.base@11.0.8
j  java.util.TimerThread.run()V+1 java.base@11.0.8
v  ~StubRoutines::call_stub

siginfo: si_signo: 11 (SIGSEGV), si_code: 1 (SEGV_MAPERR), si_addr: 0x000000e2ff410000

Register to memory mapping:

RAX=
[error occurred during error reporting (printing register info), id 0xb, SIGSEGV (0xb) at pc=0x00007f5f4e002580]

Registers:
RAX=0x00000000ff410000, RBX=0x0000000800000000, RCX=0x0000000000000004, RDX=0x0000000000000000
RSP=0x00007f5f20d98250, RBP=0x00007f5f20d98270, RSI=0x0000000000000000, RDI=0x000000e2ff410000
R8 =0x00007f5f304e8000, R9 =0x0000000000000000, R10=0x00007f5f4ecefe00, R11=0x00007f5f20d99780
R12=0x000000e2ff410000, R13=0x0000000000000000, R14=0x00007f5f289c8b1e, R15=0x000000084008b488
RIP=0x00007f5f4e6104d2, EFLAGS=0x0000000000010206, CSGSFS=0x002b000000000033, ERR=0x0000000000000004
  TRAPNO=0x000000000000000e

Top of Stack: (sp=0x00007f5f20d98250)
0x00007f5f20d98250:   0000000000000000 0000000800000000
0x00007f5f20d98260:   00007f5f4e75a55d 0000000000000000
0x00007f5f20d98270:   00007f5f20d982d0 00007f5f4e2dc939
0x00007f5f20d98280:   00007f5edc006120 00007f5edc007670 

Instructions: (pc=0x00007f5f4e6104d2)
0x00007f5f4e6103d2:   83 c4 08 48 89 d8 5b 5d c3 0f 1f 44 00 00 8d 71
0x00007f5f4e6103e2:   ff 31 c0 48 83 c6 01 0f 1f 80 00 00 00 00 41 0f
0x00007f5f4e6103f2:   b6 14 00 88 14 03 48 83 c0 01 48 39 f0 75 ef eb
0x00007f5f4e610402:   95 0f 1f 44 00 00 b8 03 00 00 00 e9 2e ff ff ff
0x00007f5f4e610412:   b8 0b 00 00 00 e9 24 ff ff ff 0f 1f 40 00 b8 01
0x00007f5f4e610422:   00 00 00 e9 16 ff ff ff 66 0f 1f 44 00 00 b8 02
0x00007f5f4e610432:   00 00 00 e9 06 ff ff ff 66 0f 1f 44 00 00 31 c0
0x00007f5f4e610442:   e9 3c ff ff ff b8 04 00 00 00 e9 ef fe ff ff b8
0x00007f5f4e610452:   05 00 00 00 e9 e5 fe ff ff b8 06 00 00 00 e9 db
0x00007f5f4e610462:   fe ff ff 31 c0 e9 d4 fe ff ff b8 07 00 00 00 e9
0x00007f5f4e610472:   ca fe ff ff b8 08 00 00 00 e9 c0 fe ff ff b8 09
0x00007f5f4e610482:   00 00 00 e9 b6 fe ff ff b8 0a 00 00 00 e9 ac fe
0x00007f5f4e610492:   ff ff b8 0c 00 00 00 e9 a2 fe ff ff b8 0d 00 00
0x00007f5f4e6104a2:   00 e9 98 fe ff ff b8 0e 00 00 00 e9 8e fe ff ff
0x00007f5f4e6104b2:   0f 1f 40 00 66 2e 0f 1f 84 00 00 00 00 00 55 31
0x00007f5f4e6104c2:   f6 48 89 e5 41 55 41 54 53 49 89 fc 48 83 ec 08
0x00007f5f4e6104d2:   44 0f b7 2f 41 8d 7d 01 48 63 ff e8 6e 3d f5 ff
0x00007f5f4e6104e2:   41 0f b7 0c 24 48 89 c3 44 39 e9 49 0f 4f cd 85
0x00007f5f4e6104f2:   c9 0f 84 b6 01 00 00 48 8d 40 10 49 8d 7c 24 06
0x00007f5f4e610502:   48 39 c7 49 8d 44 24 16 0f 93 c2 48 39 c3 0f 93
0x00007f5f4e610512:   c0 08 c2 0f 84 e5 01 00 00 83 f9 16 0f 86 dc 01
0x00007f5f4e610522:   00 00 48 89 fa 8d 71 ff 48 f7 da 83 e2 0f 8d 42
0x00007f5f4e610532:   0f 39 c6 0f 82 fd 01 00 00 85 d2 0f 84 2f 02 00
0x00007f5f4e610542:   00 41 0f b6 44 24 06 83 fa 01 88 03 0f 84 9c 01
0x00007f5f4e610552:   00 00 41 0f b6 44 24 07 83 fa 02 88 43 01 0f 84
0x00007f5f4e610562:   c2 01 00 00 41 0f b6 44 24 08 83 fa 03 88 43 02
0x00007f5f4e610572:   0f 84 c8 01 00 00 41 0f b6 44 24 09 83 fa 04 88
0x00007f5f4e610582:   43 03 0f 84 c0 01 00 00 41 0f b6 44 24 0a 83 fa
0x00007f5f4e610592:   05 88 43 04 0f 84 c2 01 00 00 41 0f b6 44 24 0b
0x00007f5f4e6105a2:   83 fa 06 88 43 05 0f 84 ba 01 00 00 41 0f b6 44
0x00007f5f4e6105b2:   24 0c 83 fa 07 88 43 06 0f 84 94 01 00 00 41 0f
0x00007f5f4e6105c2:   b6 44 24 0d 83 fa 08 88 43 07 0f 84 a7 01 00 00 


Stack slot to memory mapping:
stack at sp + 0 slots: 0x0 is NULL
stack at sp + 1 slots: 0x0000000800000000 is pointing into metadata
stack at sp + 2 slots: 0x00007f5f4e75a55d: <offset 0x0000000000e8155d> in /usr/lib/jvm/java-11-openjdk-amd64/lib/server/libjvm.so at 0x00007f5f4d8d9000
stack at sp + 3 slots: 0x0 is NULL
stack at sp + 4 slots: 0x00007f5f20d982d0 is pointing into the stack for thread: 0x00007f5f48262800
stack at sp + 5 slots: 0x00007f5f4e2dc939: <offset 0x0000000000a03939> in /usr/lib/jvm/java-11-openjdk-amd64/lib/server/libjvm.so at 0x00007f5f4d8d9000
stack at sp + 6 slots: 0x00007f5edc006120 points into unknown readable memory: 00 28 26 48 5f 7f 00 00
stack at sp + 7 slots: 0x00007f5edc007670 points into unknown readable memory: 5f 72 65 67 69 73 74 65


---------------  P R O C E S S  ---------------

Threads class SMR info:
_java_thread_list=0x00007f5ecc01e080, length=17, elements={
0x00007f5f48016800, 0x00007f5f4812a800, 0x00007f5f4812c800, 0x00007f5f48134000,
0x00007f5f48136000, 0x00007f5f48138000, 0x00007f5f4813a000, 0x00007f5f48175000,
0x00007f5f4817a800, 0x00007f5f48242800, 0x00007f5f48255000, 0x00007f5f4825d800,
0x00007f5f4825f800, 0x00007f5f48262800, 0x00007f5f48264000, 0x00007f5f4826a800,
0x00007f5f4826c800
}

Java Threads: ( => current thread )
  0x00007f5f48016800 JavaThread "CUSTOM_main_sender_thread" [_thread_blocked, id=7362, stack(0x00007f5f4fa53000,0x00007f5f4fb54000)]
  0x00007f5f4812a800 JavaThread "Reference Handler" daemon [_thread_blocked, id=7433, stack(0x00007f5f28354000,0x00007f5f28455000)]
  0x00007f5f4812c800 JavaThread "Finalizer" daemon [_thread_blocked, id=7439, stack(0x00007f5f28253000,0x00007f5f28354000)]
  0x00007f5f48134000 JavaThread "Signal Dispatcher" daemon [_thread_blocked, id=7447, stack(0x00007f5f28152000,0x00007f5f28253000)]
  0x00007f5f48136000 JavaThread "C2 CompilerThread0" daemon [_thread_blocked, id=7448, stack(0x00007f5f28051000,0x00007f5f28152000)]
  0x00007f5f48138000 JavaThread "C1 CompilerThread0" daemon [_thread_blocked, id=7453, stack(0x00007f5f21bcf000,0x00007f5f21cd0000)]
  0x00007f5f4813a000 JavaThread "Sweeper thread" daemon [_thread_blocked, id=7455, stack(0x00007f5f21ace000,0x00007f5f21bcf000)]
  0x00007f5f48175000 JavaThread "Service Thread" daemon [_thread_blocked, id=7470, stack(0x00007f5f219cd000,0x00007f5f21ace000)]
  0x00007f5f4817a800 JavaThread "Common-Cleaner" daemon [_thread_blocked, id=7484, stack(0x00007f5f217ca000,0x00007f5f218cb000)]
  0x00007f5f48242800 JavaThread "CUSTOM_gc_process_timer" [_thread_blocked, id=7511, stack(0x00007f5f2109e000,0x00007f5f2119f000)]
  0x00007f5f48255000 JavaThread "Timer-1" [_thread_blocked, id=7518, stack(0x00007f5f20f9d000,0x00007f5f2109e000)]
  0x00007f5f4825d800 JavaThread "Timer-2" [_thread_blocked, id=7519, stack(0x00007f5f20e9c000,0x00007f5f20f9d000)]
  0x00007f5f4825f800 JavaThread "CUSTOM_ping_sender_timer" [_thread_blocked, id=7523, stack(0x00007f5f20d9b000,0x00007f5f20e9c000)]
=>0x00007f5f48262800 JavaThread "CUSTOM_resending_transport_0_timer" [_thread_in_vm, id=7524, stack(0x00007f5f20c9a000,0x00007f5f20d9b000)]
  0x00007f5f48264000 JavaThread "CUSTOM__sender_thread" [_thread_blocked, id=7525, stack(0x00007f5f20b99000,0x00007f5f20c9a000)]
  0x00007f5f4826a800 JavaThread "CUSTOM_udp_receiver_thread" [_thread_in_vm, id=7531, stack(0x00007f5f20a98000,0x00007f5f20b99000)]
  0x00007f5f4826c800 JavaThread "CUSTOM_handler_receiver_thread" [_thread_blocked, id=7533, stack(0x00007f5f20997000,0x00007f5f20a98000)]

Other Threads:
  0x00007f5f48127800 VMThread "VM Thread" [stack: 0x00007f5f28457000,0x00007f5f28557000] [id=7422]
  0x00007f5f48177800 WatcherThread [stack: 0x00007f5f218cd000,0x00007f5f219cd000] [id=7480]
  0x00007f5f4802f000 GCTaskThread "GC Thread#0" [stack: 0x00007f5f302fd000,0x00007f5f303fd000] [id=7387]
  0x00007f5f14001000 GCTaskThread "GC Thread#1" [stack: 0x00007f5f20796000,0x00007f5f20896000] [id=7598]
  0x00007f5f14002800 GCTaskThread "GC Thread#2" [stack: 0x00007f5f20694000,0x00007f5f20794000] [id=7601]
  0x00007f5f14004000 GCTaskThread "GC Thread#3" [stack: 0x00007f5f20592000,0x00007f5f20692000] [id=7603]
  0x00007f5f14005800 GCTaskThread "GC Thread#4" [stack: 0x00007f5f20490000,0x00007f5f20590000] [id=7605]
  0x00007f5f14007000 GCTaskThread "GC Thread#5" [stack: 0x00007f5f2038e000,0x00007f5f2048e000] [id=7607]
  0x00007f5f4804a800 ConcurrentGCThread "G1 Main Marker" [stack: 0x00007f5f29665000,0x00007f5f29765000] [id=7397]
  0x00007f5f4804c800 ConcurrentGCThread "G1 Conc#0" [stack: 0x00007f5f29563000,0x00007f5f29663000] [id=7398]
  0x00007f5f24001000 ConcurrentGCThread "G1 Conc#1" [stack: 0x00007f5f2028c000,0x00007f5f2038c000] [id=7617]
  0x00007f5f48098000 ConcurrentGCThread "G1 Refine#0" [stack: 0x00007f5f28e5b000,0x00007f5f28f5b000] [id=7406]
  0x00007f5f18001800 ConcurrentGCThread "G1 Refine#1" [stack: 0x00007f5f2018a000,0x00007f5f2028a000] [id=7685]
  0x00007f5ecc01d800 ConcurrentGCThread "G1 Refine#2" [stack: 0x00007f5f20088000,0x00007f5f20188000] [id=7697]
  0x00007f5f4809a000 ConcurrentGCThread "G1 Young RemSet Sampling" [stack: 0x00007f5f28d59000,0x00007f5f28e59000] [id=7414]

Threads with active compile tasks:

VM state:not at safepoint (normal execution)

VM Mutex/Monitor currently owned by a thread: None

Heap address: 0x00000000c2600000, size: 986 MB, Compressed Oops mode: 32-bit
Narrow klass base: 0x0000000800000000, Narrow klass shift: 3
Compressed class space size: 1073741824 Address: 0x0000000840000000

Heap:
 garbage-first heap   total 102400K, used 88468K [0x00000000c2600000, 0x0000000100000000)
  region size 1024K, 12 young (12288K), 2 survivors (2048K)
 Metaspace       used 2920K, capacity 5551K, committed 5632K, reserved 1056768K
  class space    used 349K, capacity 711K, committed 768K, reserved 1048576K
Heap Regions: E=young(eden), S=young(survivor), O=old, HS=humongous(starts), HC=humongous(continues), CS=collection set, F=free, A=archive, TAMS=top-at-mark-start (previous, next)
|   0|0x00000000c2600000, 0x00000000c2700000, 0x00000000c2700000|100%|HS|  |TAMS 0x00000000c2700000, 0x00000000c2600000| Complete 
|   1|0x00000000c2700000, 0x00000000c2800000, 0x00000000c2800000|100%|HC|  |TAMS 0x00000000c2800000, 0x00000000c2700000| Complete 
|   2|0x00000000c2800000, 0x00000000c2900000, 0x00000000c2900000|100%|HC|  |TAMS 0x00000000c2900000, 0x00000000c2800000| Complete 
|   3|0x00000000c2900000, 0x00000000c2a00000, 0x00000000c2a00000|100%|HC|  |TAMS 0x00000000c2a00000, 0x00000000c2900000| Complete 
|   4|0x00000000c2a00000, 0x00000000c2b00000, 0x00000000c2b00000|100%|HC|  |TAMS 0x00000000c2b00000, 0x00000000c2a00000| Complete 
|   5|0x00000000c2b00000, 0x00000000c2c00000, 0x00000000c2c00000|100%|HC|  |TAMS 0x00000000c2c00000, 0x00000000c2b00000| Complete 
|   6|0x00000000c2c00000, 0x00000000c2d00000, 0x00000000c2d00000|100%|HC|  |TAMS 0x00000000c2d00000, 0x00000000c2c00000| Complete 
|   7|0x00000000c2d00000, 0x00000000c2e00000, 0x00000000c2e00000|100%|HC|  |TAMS 0x00000000c2e00000, 0x00000000c2d00000| Complete 
|   8|0x00000000c2e00000, 0x00000000c2f00000, 0x00000000c2f00000|100%|HS|  |TAMS 0x00000000c2f00000, 0x00000000c2e00000| Complete 
|   9|0x00000000c2f00000, 0x00000000c3000000, 0x00000000c3000000|100%|HC|  |TAMS 0x00000000c3000000, 0x00000000c2f00000| Complete 
|  10|0x00000000c3000000, 0x00000000c3100000, 0x00000000c3100000|100%|HC|  |TAMS 0x00000000c3100000, 0x00000000c3000000| Complete 
|  11|0x00000000c3100000, 0x00000000c3200000, 0x00000000c3200000|100%|HC|  |TAMS 0x00000000c3200000, 0x00000000c3100000| Complete 
|  12|0x00000000c3200000, 0x00000000c3300000, 0x00000000c3300000|100%|HC|  |TAMS 0x00000000c3300000, 0x00000000c3200000| Complete 
|  13|0x00000000c3300000, 0x00000000c3400000, 0x00000000c3400000|100%|HC|  |TAMS 0x00000000c3400000, 0x00000000c3300000| Complete 
|  14|0x00000000c3400000, 0x00000000c3500000, 0x00000000c3500000|100%|HC|  |TAMS 0x00000000c3500000, 0x00000000c3400000| Complete 
|  15|0x00000000c3500000, 0x00000000c3600000, 0x00000000c3600000|100%|HC|  |TAMS 0x00000000c3600000, 0x00000000c3500000| Complete 
|  16|0x00000000c3600000, 0x00000000c3700000, 0x00000000c3700000|100%|HC|  |TAMS 0x00000000c3700000, 0x00000000c3600000| Complete 
|  17|0x00000000c3700000, 0x00000000c3800000, 0x00000000c3800000|100%|HS|  |TAMS 0x00000000c3800000, 0x00000000c3700000| Complete 
|  18|0x00000000c3800000, 0x00000000c3900000, 0x00000000c3900000|100%|HC|  |TAMS 0x00000000c3900000, 0x00000000c3800000| Complete 
|  19|0x00000000c3900000, 0x00000000c3a00000, 0x00000000c3a00000|100%|HC|  |TAMS 0x00000000c3a00000, 0x00000000c3900000| Complete 
|  20|0x00000000c3a00000, 0x00000000c3b00000, 0x00000000c3b00000|100%|HC|  |TAMS 0x00000000c3b00000, 0x00000000c3a00000| Complete 
|  21|0x00000000c3b00000, 0x00000000c3c00000, 0x00000000c3c00000|100%|HC|  |TAMS 0x00000000c3c00000, 0x00000000c3b00000| Complete 
|  22|0x00000000c3c00000, 0x00000000c3d00000, 0x00000000c3d00000|100%|HC|  |TAMS 0x00000000c3d00000, 0x00000000c3c00000| Complete 
|  23|0x00000000c3d00000, 0x00000000c3e00000, 0x00000000c3e00000|100%|HC|  |TAMS 0x00000000c3e00000, 0x00000000c3d00000| Complete 
|  24|0x00000000c3e00000, 0x00000000c3f00000, 0x00000000c3f00000|100%|HC|  |TAMS 0x00000000c3f00000, 0x00000000c3e00000| Complete 
|  25|0x00000000c3f00000, 0x00000000c4000000, 0x00000000c4000000|100%|HC|  |TAMS 0x00000000c4000000, 0x00000000c3f00000| Complete 
|  26|0x00000000c4000000, 0x00000000c4100000, 0x00000000c4100000|100%|HS|  |TAMS 0x00000000c4100000, 0x00000000c4000000| Complete 
|  27|0x00000000c4100000, 0x00000000c4200000, 0x00000000c4200000|100%|HC|  |TAMS 0x00000000c4200000, 0x00000000c4100000| Complete 
|  28|0x00000000c4200000, 0x00000000c4300000, 0x00000000c4300000|100%|HC|  |TAMS 0x00000000c4300000, 0x00000000c4200000| Complete 
|  29|0x00000000c4300000, 0x00000000c4400000, 0x00000000c4400000|100%|HC|  |TAMS 0x00000000c4400000, 0x00000000c4300000| Complete 
|  30|0x00000000c4400000, 0x00000000c4500000, 0x00000000c4500000|100%|HC|  |TAMS 0x00000000c4500000, 0x00000000c4400000| Complete 
|  31|0x00000000c4500000, 0x00000000c4600000, 0x00000000c4600000|100%|HC|  |TAMS 0x00000000c4600000, 0x00000000c4500000| Complete 
|  32|0x00000000c4600000, 0x00000000c4700000, 0x00000000c4700000|100%|HC|  |TAMS 0x00000000c4700000, 0x00000000c4600000| Complete 
|  33|0x00000000c4700000, 0x00000000c4800000, 0x00000000c4800000|100%|HC|  |TAMS 0x00000000c4800000, 0x00000000c4700000| Complete 
|  34|0x00000000c4800000, 0x00000000c4900000, 0x00000000c4900000|100%|HC|  |TAMS 0x00000000c4900000, 0x00000000c4800000| Complete 
|  35|0x00000000c4900000, 0x00000000c4a00000, 0x00000000c4a00000|100%|HS|  |TAMS 0x00000000c4a00000, 0x00000000c4900000| Complete 
|  36|0x00000000c4a00000, 0x00000000c4b00000, 0x00000000c4b00000|100%|HC|  |TAMS 0x00000000c4b00000, 0x00000000c4a00000| Complete 
|  37|0x00000000c4b00000, 0x00000000c4c00000, 0x00000000c4c00000|100%|HC|  |TAMS 0x00000000c4c00000, 0x00000000c4b00000| Complete 
|  38|0x00000000c4c00000, 0x00000000c4d00000, 0x00000000c4d00000|100%|HC|  |TAMS 0x00000000c4d00000, 0x00000000c4c00000| Complete 
|  39|0x00000000c4d00000, 0x00000000c4e00000, 0x00000000c4e00000|100%|HC|  |TAMS 0x00000000c4e00000, 0x00000000c4d00000| Complete 
|  40|0x00000000c4e00000, 0x00000000c4f00000, 0x00000000c4f00000|100%| O|  |TAMS 0x00000000c4f00000, 0x00000000c4e00000| Untracked 
|  41|0x00000000c4f00000, 0x00000000c5000000, 0x00000000c5000000|100%| O|  |TAMS 0x00000000c5000000, 0x00000000c4f00000| Untracked 
|  42|0x00000000c5000000, 0x00000000c5100000, 0x00000000c5100000|100%| O|  |TAMS 0x00000000c5100000, 0x00000000c5000000| Untracked 
|  43|0x00000000c5100000, 0x00000000c5200000, 0x00000000c5200000|100%| O|  |TAMS 0x00000000c5200000, 0x00000000c5100000| Untracked 
|  44|0x00000000c5200000, 0x00000000c5300000, 0x00000000c5300000|100%| O|  |TAMS 0x00000000c5300000, 0x00000000c5200000| Untracked 
|  45|0x00000000c5300000, 0x00000000c5400000, 0x00000000c5400000|100%| O|  |TAMS 0x00000000c5400000, 0x00000000c5300000| Untracked 
|  46|0x00000000c5400000, 0x00000000c5500000, 0x00000000c5500000|100%| O|  |TAMS 0x00000000c5500000, 0x00000000c5400000| Untracked 
|  47|0x00000000c5500000, 0x00000000c5600000, 0x00000000c5600000|100%|HS|  |TAMS 0x00000000c5600000, 0x00000000c5500000| Complete 
|  48|0x00000000c5600000, 0x00000000c5700000, 0x00000000c5700000|100%|HC|  |TAMS 0x00000000c5700000, 0x00000000c5600000| Complete 
|  49|0x00000000c5700000, 0x00000000c5800000, 0x00000000c5800000|100%|HC|  |TAMS 0x00000000c5800000, 0x00000000c5700000| Complete 
|  50|0x00000000c5800000, 0x00000000c5900000, 0x00000000c5900000|100%|HC|  |TAMS 0x00000000c5900000, 0x00000000c5800000| Complete 
|  51|0x00000000c5900000, 0x00000000c5a00000, 0x00000000c5a00000|100%|HC|  |TAMS 0x00000000c5a00000, 0x00000000c5900000| Complete 
|  52|0x00000000c5a00000, 0x00000000c5b00000, 0x00000000c5b00000|100%|HC|  |TAMS 0x00000000c5b00000, 0x00000000c5a00000| Complete 
|  53|0x00000000c5b00000, 0x00000000c5c00000, 0x00000000c5c00000|100%|HC|  |TAMS 0x00000000c5c00000, 0x00000000c5b00000| Complete 
|  54|0x00000000c5c00000, 0x00000000c5d00000, 0x00000000c5d00000|100%|HC|  |TAMS 0x00000000c5d00000, 0x00000000c5c00000| Complete 
|  55|0x00000000c5d00000, 0x00000000c5e00000, 0x00000000c5e00000|100%|HC|  |TAMS 0x00000000c5e00000, 0x00000000c5d00000| Complete 
|  56|0x00000000c5e00000, 0x00000000c5f00000, 0x00000000c5f00000|100%|HS|  |TAMS 0x00000000c5f00000, 0x00000000c5e00000| Complete 
|  57|0x00000000c5f00000, 0x00000000c6000000, 0x00000000c6000000|100%|HC|  |TAMS 0x00000000c6000000, 0x00000000c5f00000| Complete 
|  58|0x00000000c6000000, 0x00000000c6100000, 0x00000000c6100000|100%|HC|  |TAMS 0x00000000c6100000, 0x00000000c6000000| Complete 
|  59|0x00000000c6100000, 0x00000000c6200000, 0x00000000c6200000|100%|HC|  |TAMS 0x00000000c6200000, 0x00000000c6100000| Complete 
|  60|0x00000000c6200000, 0x00000000c6300000, 0x00000000c6300000|100%|HC|  |TAMS 0x00000000c6300000, 0x00000000c6200000| Complete 
|  61|0x00000000c6300000, 0x00000000c6400000, 0x00000000c6400000|100%| O|  |TAMS 0x00000000c6400000, 0x00000000c6300000| Untracked 
|  62|0x00000000c6400000, 0x00000000c6500000, 0x00000000c6500000|100%| O|  |TAMS 0x00000000c6500000, 0x00000000c6400000| Untracked 
|  63|0x00000000c6500000, 0x00000000c6600000, 0x00000000c6600000|100%| O|  |TAMS 0x00000000c6600000, 0x00000000c6500000| Untracked 
|  64|0x00000000c6600000, 0x00000000c6700000, 0x00000000c6700000|100%| O|  |TAMS 0x00000000c6700000, 0x00000000c6600000| Untracked 
|  65|0x00000000c6700000, 0x00000000c6752800, 0x00000000c6800000| 32%| O|  |TAMS 0x00000000c6752800, 0x00000000c6700000| Untracked 
|  66|0x00000000c6800000, 0x00000000c6900000, 0x00000000c6900000|100%| O|  |TAMS 0x00000000c6900000, 0x00000000c6800000| Untracked 
|  67|0x00000000c6900000, 0x00000000c6a00000, 0x00000000c6a00000|100%|HS|  |TAMS 0x00000000c6a00000, 0x00000000c6900000| Complete 
|  68|0x00000000c6a00000, 0x00000000c6b00000, 0x00000000c6b00000|100%|HC|  |TAMS 0x00000000c6b00000, 0x00000000c6a00000| Complete 
|  69|0x00000000c6b00000, 0x00000000c6c00000, 0x00000000c6c00000|100%|HC|  |TAMS 0x00000000c6c00000, 0x00000000c6b00000| Complete 
|  70|0x00000000c6c00000, 0x00000000c6d00000, 0x00000000c6d00000|100%|HC|  |TAMS 0x00000000c6d00000, 0x00000000c6c00000| Complete 
|  71|0x00000000c6d00000, 0x00000000c6e00000, 0x00000000c6e00000|100%|HC|  |TAMS 0x00000000c6e00000, 0x00000000c6d00000| Complete 
|  72|0x00000000c6e00000, 0x00000000c6f00000, 0x00000000c6f00000|100%|HS|  |TAMS 0x00000000c6e00000, 0x00000000c6e00000| Complete 
|  73|0x00000000c6f00000, 0x00000000c7000000, 0x00000000c7000000|100%|HC|  |TAMS 0x00000000c6f00000, 0x00000000c6f00000| Complete 
|  74|0x00000000c7000000, 0x00000000c7100000, 0x00000000c7100000|100%|HC|  |TAMS 0x00000000c7000000, 0x00000000c7000000| Complete 
|  75|0x00000000c7100000, 0x00000000c7200000, 0x00000000c7200000|100%|HC|  |TAMS 0x00000000c7100000, 0x00000000c7100000| Complete 
|  76|0x00000000c7200000, 0x00000000c7300000, 0x00000000c7300000|100%|HC|  |TAMS 0x00000000c7200000, 0x00000000c7200000| Complete 
|  77|0x00000000c7300000, 0x00000000c7300000, 0x00000000c7400000|  0%| F|  |TAMS 0x00000000c7300000, 0x00000000c7300000| Untracked 
|  78|0x00000000c7400000, 0x00000000c7400000, 0x00000000c7500000|  0%| F|  |TAMS 0x00000000c7400000, 0x00000000c7400000| Untracked 
|  79|0x00000000c7500000, 0x00000000c7500000, 0x00000000c7600000|  0%| F|  |TAMS 0x00000000c7500000, 0x00000000c7500000| Untracked 
|  80|0x00000000c7600000, 0x00000000c7600000, 0x00000000c7700000|  0%| F|  |TAMS 0x00000000c7600000, 0x00000000c7600000| Untracked 
|  81|0x00000000c7700000, 0x00000000c7700000, 0x00000000c7800000|  0%| F|  |TAMS 0x00000000c7700000, 0x00000000c7700000| Untracked 
|  82|0x00000000c7800000, 0x00000000c7800000, 0x00000000c7900000|  0%| F|  |TAMS 0x00000000c7800000, 0x00000000c7800000| Untracked 
|  83|0x00000000c7900000, 0x00000000c7900000, 0x00000000c7a00000|  0%| F|  |TAMS 0x00000000c7900000, 0x00000000c7900000| Untracked 
|  84|0x00000000c7a00000, 0x00000000c7a00000, 0x00000000c7b00000|  0%| F|  |TAMS 0x00000000c7a00000, 0x00000000c7a00000| Untracked 
|  85|0x00000000c7b00000, 0x00000000c7b00000, 0x00000000c7c00000|  0%| F|  |TAMS 0x00000000c7b00000, 0x00000000c7b00000| Untracked 
|  86|0x00000000c7c00000, 0x00000000c7c00000, 0x00000000c7d00000|  0%| F|  |TAMS 0x00000000c7c00000, 0x00000000c7c00000| Untracked 
|  87|0x00000000c7d00000, 0x00000000c7d12b00, 0x00000000c7e00000|  7%| S|CS|TAMS 0x00000000c7d00000, 0x00000000c7d00000| Complete 
|  88|0x00000000c7e00000, 0x00000000c7f00000, 0x00000000c7f00000|100%| S|CS|TAMS 0x00000000c7e00000, 0x00000000c7e00000| Complete 
|  89|0x00000000c7f00000, 0x00000000c7f00000, 0x00000000c8000000|  0%| F|  |TAMS 0x00000000c7f00000, 0x00000000c7f00000| Untracked 
|  90|0x00000000c8000000, 0x00000000c80df2c8, 0x00000000c8100000| 87%| E|  |TAMS 0x00000000c8000000, 0x00000000c8000000| Complete 
|  91|0x00000000c8100000, 0x00000000c8200000, 0x00000000c8200000|100%| E|CS|TAMS 0x00000000c8100000, 0x00000000c8100000| Complete 
|  92|0x00000000c8200000, 0x00000000c8300000, 0x00000000c8300000|100%| E|CS|TAMS 0x00000000c8200000, 0x00000000c8200000| Complete 
|  93|0x00000000c8300000, 0x00000000c8400000, 0x00000000c8400000|100%| E|CS|TAMS 0x00000000c8300000, 0x00000000c8300000| Complete 
|  94|0x00000000c8400000, 0x00000000c8500000, 0x00000000c8500000|100%| E|CS|TAMS 0x00000000c8400000, 0x00000000c8400000| Complete 
|  95|0x00000000c8500000, 0x00000000c8600000, 0x00000000c8600000|100%| E|CS|TAMS 0x00000000c8500000, 0x00000000c8500000| Complete 
|  96|0x00000000c8600000, 0x00000000c8700000, 0x00000000c8700000|100%| E|CS|TAMS 0x00000000c8600000, 0x00000000c8600000| Complete 
|  97|0x00000000c8700000, 0x00000000c8800000, 0x00000000c8800000|100%| E|CS|TAMS 0x00000000c8700000, 0x00000000c8700000| Complete 
|  98|0x00000000c8800000, 0x00000000c8900000, 0x00000000c8900000|100%| E|CS|TAMS 0x00000000c8800000, 0x00000000c8800000| Complete 
|  99|0x00000000c8900000, 0x00000000c8a00000, 0x00000000c8a00000|100%| E|CS|TAMS 0x00000000c8900000, 0x00000000c8900000| Complete 

Card table byte_map: [0x00007f5f2b822000,0x00007f5f2ba0f000] _byte_map_base: 0x00007f5f2b20f000

Marking Bits (Prev, Next): (CMBitMap*) 0x00007f5f48045ad8, (CMBitMap*) 0x00007f5f48045b10
 Prev Bits: [0x00007f5f2a6cd000, 0x00007f5f2b635000)
 Next Bits: [0x00007f5f29765000, 0x00007f5f2a6cd000)

Polling page: 0x00007f5f4fb68000

Metaspace:

Usage:
  Non-class:      4.73 MB capacity,     2.51 MB ( 53%) used,     2.18 MB ( 46%) free+waste,    32.88 KB ( <1%) overhead. 
      Class:    711.00 KB capacity,   349.17 KB ( 49%) used,   343.58 KB ( 48%) free+waste,    18.25 KB (  3%) overhead. 
       Both:      5.42 MB capacity,     2.85 MB ( 53%) used,     2.52 MB ( 46%) free+waste,    51.12 KB ( <1%) overhead. 

Virtual space:
  Non-class space:        8.00 MB reserved,       4.75 MB ( 59%) committed 
      Class space:        1.00 GB reserved,     768.00 KB ( <1%) committed 
             Both:        1.01 GB reserved,       5.50 MB ( <1%) committed 

Chunk freelists:
   Non-Class:  0 bytes
       Class:  0 bytes
        Both:  0 bytes

MaxMetaspaceSize: unlimited
CompressedClassSpaceSize: 1.00 GB

CodeHeap 'non-profiled nmethods': size=120032Kb used=683Kb max_used=683Kb free=119348Kb
 bounds [0x00007f5f37fb0000, 0x00007f5f38220000, 0x00007f5f3f4e8000]
CodeHeap 'profiled nmethods': size=120032Kb used=1941Kb max_used=1941Kb free=118090Kb
 bounds [0x00007f5f30a78000, 0x00007f5f30ce8000, 0x00007f5f37fb0000]
CodeHeap 'non-nmethods': size=5696Kb used=1099Kb max_used=1148Kb free=4596Kb
 bounds [0x00007f5f304e8000, 0x00007f5f30758000, 0x00007f5f30a78000]
 total_blobs=1557 nmethods=1120 adapters=351
 compilation: enabled
              stopped_count=0, restarted_count=0
 full_count=0

Compilation events (20 events):
Event: 39.415 Thread 0x00007f5f48138000 1128       3       java.util.stream.Sink$ChainedReference::cancellationRequested (10 bytes)
Event: 39.415 Thread 0x00007f5f48138000 nmethod 1128 0x00007f5f30c59f90 code [0x00007f5f30c5a140, 0x00007f5f30c5a320]
Event: 41.603 Thread 0x00007f5f48136000 1129       4       cs451.layers.TransportLayer::receive (69 bytes)
Event: 42.929 Thread 0x00007f5f48136000 nmethod 1129 0x00007f5f3804db90 code [0x00007f5f3804e160, 0x00007f5f38055a80]
Event: 42.930 Thread 0x00007f5f48136000 1130       4       java.util.AbstractSequentialList::iterator (5 bytes)
Event: 42.933 Thread 0x00007f5f48136000 nmethod 1130 0x00007f5f3805a790 code [0x00007f5f3805a940, 0x00007f5f3805ab18]
Event: 43.415 Thread 0x00007f5f48138000 1131       3       java.util.regex.Pattern$GroupTail::match (111 bytes)
Event: 43.418 Thread 0x00007f5f48138000 nmethod 1131 0x00007f5f30c5a410 code [0x00007f5f30c5a5e0, 0x00007f5f30c5a980]
Event: 43.420 Thread 0x00007f5f48136000 1135       4       java.lang.AbstractStringBuilder::isLatin1 (19 bytes)
Event: 43.421 Thread 0x00007f5f48138000 1134       3       java.lang.StackStreamFactory::isReflectionFrame (48 bytes)
Event: 43.421 Thread 0x00007f5f48136000 nmethod 1135 0x00007f5f3805ac90 code [0x00007f5f3805ae20, 0x00007f5f3805ae98]
Event: 43.424 Thread 0x00007f5f48138000 nmethod 1134 0x00007f5f30c5ab90 code [0x00007f5f30c5ada0, 0x00007f5f30c5b1f0]
Event: 43.424 Thread 0x00007f5f48138000 1132       3       java.lang.StackStreamFactory$StackFrameTraverser::tryAdvance (114 bytes)
Event: 43.424 Thread 0x00007f5f48138000 nmethod 1132 0x00007f5f30c5b390 code [0x00007f5f30c5b5c0, 0x00007f5f30c5bd20]
Event: 43.424 Thread 0x00007f5f48138000 1133       3       java.lang.StackStreamFactory$StackFrameTraverser::nextStackFrame (32 bytes)
Event: 43.425 Thread 0x00007f5f48138000 nmethod 1133 0x00007f5f30c5bf90 code [0x00007f5f30c5c180, 0x00007f5f30c5c5d0]
Event: 45.421 Thread 0x00007f5f48138000 1136       3       java.util.regex.Matcher::reset (128 bytes)
Event: 45.435 Thread 0x00007f5f48138000 nmethod 1136 0x00007f5f30c5c710 code [0x00007f5f30c5c920, 0x00007f5f30c5cef0]
Event: 45.436 Thread 0x00007f5f48138000 1137       3       java.util.regex.CharPredicates$$Lambda$30/0x00000008400a7c40::is (5 bytes)
Event: 45.436 Thread 0x00007f5f48138000 nmethod 1137 0x00007f5f30c5d110 code [0x00007f5f30c5d2e0, 0x00007f5f30c5d5b0]

GC Heap History (20 events):
Event: 33.635 GC heap before
{Heap before GC invocations=25 (full 0):
 garbage-first heap   total 84992K, used 72369K [0x00000000c2600000, 0x0000000100000000)
  region size 1024K, 6 young (6144K), 1 survivors (1024K)
 Metaspace       used 2913K, capacity 5551K, committed 5632K, reserved 1056768K
  class space    used 349K, capacity 711K, committed 768K, reserved 1048576K
}
Event: 33.652 GC heap after
{Heap after GC invocations=26 (full 0):
 garbage-first heap   total 84992K, used 67248K [0x00000000c2600000, 0x0000000100000000)
  region size 1024K, 1 young (1024K), 1 survivors (1024K)
 Metaspace       used 2913K, capacity 5551K, committed 5632K, reserved 1056768K
  class space    used 349K, capacity 711K, committed 768K, reserved 1048576K
}
Event: 34.291 GC heap before
{Heap before GC invocations=26 (full 0):
 garbage-first heap   total 84992K, used 72368K [0x00000000c2600000, 0x0000000100000000)
  region size 1024K, 6 young (6144K), 1 survivors (1024K)
 Metaspace       used 2913K, capacity 5551K, committed 5632K, reserved 1056768K
  class space    used 349K, capacity 711K, committed 768K, reserved 1048576K
}
Event: 34.295 GC heap after
{Heap after GC invocations=27 (full 0):
 garbage-first heap   total 84992K, used 67417K [0x00000000c2600000, 0x0000000100000000)
  region size 1024K, 1 young (1024K), 1 survivors (1024K)
 Metaspace       used 2913K, capacity 5551K, committed 5632K, reserved 1056768K
  class space    used 349K, capacity 711K, committed 768K, reserved 1048576K
}
Event: 35.013 GC heap before
{Heap before GC invocations=28 (full 0):
 garbage-first heap   total 84992K, used 72537K [0x00000000c2600000, 0x0000000100000000)
  region size 1024K, 6 young (6144K), 1 survivors (1024K)
 Metaspace       used 2913K, capacity 5551K, committed 5632K, reserved 1056768K
  class space    used 349K, capacity 711K, committed 768K, reserved 1048576K
}
Event: 35.044 GC heap after
{Heap after GC invocations=29 (full 0):
 garbage-first heap   total 84992K, used 67504K [0x00000000c2600000, 0x0000000100000000)
  region size 1024K, 1 young (1024K), 1 survivors (1024K)
 Metaspace       used 2913K, capacity 5551K, committed 5632K, reserved 1056768K
  class space    used 349K, capacity 711K, committed 768K, reserved 1048576K
}
Event: 35.709 GC heap before
{Heap before GC invocations=29 (full 0):
 garbage-first heap   total 84992K, used 72624K [0x00000000c2600000, 0x0000000100000000)
  region size 1024K, 6 young (6144K), 1 survivors (1024K)
 Metaspace       used 2915K, capacity 5551K, committed 5632K, reserved 1056768K
  class space    used 349K, capacity 711K, committed 768K, reserved 1048576K
}
Event: 35.713 GC heap after
{Heap after GC invocations=30 (full 0):
 garbage-first heap   total 102400K, used 67657K [0x00000000c2600000, 0x0000000100000000)
  region size 1024K, 1 young (1024K), 1 survivors (1024K)
 Metaspace       used 2915K, capacity 5551K, committed 5632K, reserved 1056768K
  class space    used 349K, capacity 711K, committed 768K, reserved 1048576K
}
Event: 37.380 GC heap before
{Heap before GC invocations=31 (full 0):
 garbage-first heap   total 102400K, used 79945K [0x00000000c2600000, 0x0000000100000000)
  region size 1024K, 13 young (13312K), 1 survivors (1024K)
 Metaspace       used 2915K, capacity 5551K, committed 5632K, reserved 1056768K
  class space    used 349K, capacity 711K, committed 768K, reserved 1048576K
}
Event: 37.383 GC heap after
{Heap after GC invocations=32 (full 0):
 garbage-first heap   total 102400K, used 67934K [0x00000000c2600000, 0x0000000100000000)
  region size 1024K, 1 young (1024K), 1 survivors (1024K)
 Metaspace       used 2915K, capacity 5551K, committed 5632K, reserved 1056768K
  class space    used 349K, capacity 711K, committed 768K, reserved 1048576K
}
Event: 38.102 GC heap before
{Heap before GC invocations=32 (full 0):
 garbage-first heap   total 102400K, used 73054K [0x00000000c2600000, 0x0000000100000000)
  region size 1024K, 7 young (7168K), 1 survivors (1024K)
 Metaspace       used 2915K, capacity 5551K, committed 5632K, reserved 1056768K
  class space    used 349K, capacity 711K, committed 768K, reserved 1048576K
}
Event: 38.140 GC heap after
{Heap after GC invocations=33 (full 0):
 garbage-first heap   total 102400K, used 68060K [0x00000000c2600000, 0x0000000100000000)
  region size 1024K, 1 young (1024K), 1 survivors (1024K)
 Metaspace       used 2915K, capacity 5551K, committed 5632K, reserved 1056768K
  class space    used 349K, capacity 711K, committed 768K, reserved 1048576K
}
Event: 40.001 GC heap before
{Heap before GC invocations=34 (full 0):
 garbage-first heap   total 102400K, used 85468K [0x00000000c2600000, 0x0000000100000000)
  region size 1024K, 13 young (13312K), 1 survivors (1024K)
 Metaspace       used 2915K, capacity 5551K, committed 5632K, reserved 1056768K
  class space    used 349K, capacity 711K, committed 768K, reserved 1048576K
}
Event: 40.006 GC heap after
{Heap after GC invocations=35 (full 0):
 garbage-first heap   total 102400K, used 73464K [0x00000000c2600000, 0x0000000100000000)
  region size 1024K, 2 young (2048K), 2 survivors (2048K)
 Metaspace       used 2915K, capacity 5551K, committed 5632K, reserved 1056768K
  class space    used 349K, capacity 711K, committed 768K, reserved 1048576K
}
Event: 41.294 GC heap before
{Heap before GC invocations=35 (full 0):
 garbage-first heap   total 102400K, used 83704K [0x00000000c2600000, 0x0000000100000000)
  region size 1024K, 12 young (12288K), 2 survivors (2048K)
 Metaspace       used 2915K, capacity 5551K, committed 5632K, reserved 1056768K
  class space    used 349K, capacity 711K, committed 768K, reserved 1048576K
}
Event: 41.299 GC heap after
{Heap after GC invocations=36 (full 0):
 garbage-first heap   total 102400K, used 73700K [0x00000000c2600000, 0x0000000100000000)
  region size 1024K, 2 young (2048K), 2 survivors (2048K)
 Metaspace       used 2915K, capacity 5551K, committed 5632K, reserved 1056768K
  class space    used 349K, capacity 711K, committed 768K, reserved 1048576K
}
Event: 42.889 GC heap before
{Heap before GC invocations=37 (full 0):
 garbage-first heap   total 102400K, used 84964K [0x00000000c2600000, 0x0000000100000000)
  region size 1024K, 13 young (13312K), 2 survivors (2048K)
 Metaspace       used 2915K, capacity 5551K, committed 5632K, reserved 1056768K
  class space    used 349K, capacity 711K, committed 768K, reserved 1048576K
}
Event: 42.921 GC heap after
{Heap after GC invocations=38 (full 0):
 garbage-first heap   total 102400K, used 73985K [0x00000000c2600000, 0x0000000100000000)
  region size 1024K, 2 young (2048K), 2 survivors (2048K)
 Metaspace       used 2915K, capacity 5551K, committed 5632K, reserved 1056768K
  class space    used 349K, capacity 711K, committed 768K, reserved 1048576K
}
Event: 44.364 GC heap before
{Heap before GC invocations=38 (full 0):
 garbage-first heap   total 102400K, used 84225K [0x00000000c2600000, 0x0000000100000000)
  region size 1024K, 13 young (13312K), 2 survivors (2048K)
 Metaspace       used 2918K, capacity 5551K, committed 5632K, reserved 1056768K
  class space    used 349K, capacity 711K, committed 768K, reserved 1048576K
}
Event: 44.368 GC heap after
{Heap after GC invocations=39 (full 0):
 garbage-first heap   total 102400K, used 74132K [0x00000000c2600000, 0x0000000100000000)
  region size 1024K, 2 young (2048K), 2 survivors (2048K)
 Metaspace       used 2918K, capacity 5551K, committed 5632K, reserved 1056768K
  class space    used 349K, capacity 711K, committed 768K, reserved 1048576K
}

Deoptimization events (20 events):
Event: 15.698 Thread 0x00007f5f48264000 Uncommon trap: trap_request=0xffffff4d fr.pc=0x00007f5f37ff6378 relative=0x0000000000000e38
Event: 15.698 Thread 0x00007f5f48264000 Uncommon trap: reason=unstable_if action=reinterpret pc=0x00007f5f37ff6378 method=java.util.HashMap.putVal(ILjava/lang/Object;Ljava/lang/Object;ZZ)Ljava/lang/Object; @ 181 c2
Event: 15.698 Thread 0x00007f5f48264000 DEOPT PACKING pc=0x00007f5f37ff6378 sp=0x00007f5f20c98790
Event: 15.698 Thread 0x00007f5f48264000 DEOPT UNPACKING pc=0x00007f5f3050d99f sp=0x00007f5f20c98658 mode 2
Event: 15.701 Thread 0x00007f5f48264000 Uncommon trap: trap_request=0xffffff4d fr.pc=0x00007f5f37ff9c14 relative=0x0000000000000c74
Event: 15.701 Thread 0x00007f5f48264000 Uncommon trap: reason=unstable_if action=reinterpret pc=0x00007f5f37ff9c14 method=java.util.HashMap.putVal(ILjava/lang/Object;Ljava/lang/Object;ZZ)Ljava/lang/Object; @ 181 c2
Event: 15.701 Thread 0x00007f5f48264000 DEOPT PACKING pc=0x00007f5f37ff9c14 sp=0x00007f5f20c986e0
Event: 15.701 Thread 0x00007f5f48264000 DEOPT UNPACKING pc=0x00007f5f3050d99f sp=0x00007f5f20c98690 mode 2
Event: 16.707 Thread 0x00007f5f4826c800 Uncommon trap: trap_request=0xffffff4d fr.pc=0x00007f5f3800756c relative=0x00000000000007cc
Event: 16.707 Thread 0x00007f5f4826c800 Uncommon trap: reason=unstable_if action=reinterpret pc=0x00007f5f3800756c method=java.util.concurrent.locks.AbstractQueuedSynchronizer.acquireInterruptibly(I)V @ 19 c2
Event: 16.707 Thread 0x00007f5f4826c800 DEOPT PACKING pc=0x00007f5f3800756c sp=0x00007f5f20a96860
Event: 16.707 Thread 0x00007f5f4826c800 DEOPT UNPACKING pc=0x00007f5f3050d99f sp=0x00007f5f20a96760 mode 2
Event: 29.838 Thread 0x00007f5f4826c800 Uncommon trap: trap_request=0xffffff4d fr.pc=0x00007f5f3802f0a4 relative=0x0000000000002e64
Event: 29.843 Thread 0x00007f5f4826c800 Uncommon trap: reason=unstable_if action=reinterpret pc=0x00007f5f3802f0a4 method=cs451.utils.AckMap.allAcked(Lcs451/utils/Message;Ljava/util/List;)Z @ 40 c2
Event: 29.843 Thread 0x00007f5f4826c800 DEOPT PACKING pc=0x00007f5f3802f0a4 sp=0x00007f5f20a967d0
Event: 29.843 Thread 0x00007f5f4826c800 DEOPT UNPACKING pc=0x00007f5f3050d99f sp=0x00007f5f20a965e8 mode 2
Event: 45.859 Thread 0x00007f5f48262800 Uncommon trap: trap_request=0xffffffde fr.pc=0x00007f5f3801f060 relative=0x0000000000000760
Event: 45.859 Thread 0x00007f5f48262800 Uncommon trap: reason=class_check action=maybe_recompile pc=0x00007f5f3801f060 method=cs451.utils.SenderPoolStruct.sendAll(I)V @ 46 c2
Event: 45.859 Thread 0x00007f5f48262800 DEOPT PACKING pc=0x00007f5f3801f060 sp=0x00007f5f20d99730
Event: 45.859 Thread 0x00007f5f48262800 DEOPT UNPACKING pc=0x00007f5f3050d99f sp=0x00007f5f20d996d8 mode 2

Classes redefined (0 events):
No events

Internal exceptions (20 events):
Event: 1.019 Thread 0x00007f5f48016800 Exception <a 'java/lang/NoSuchMethodError'{0x00000000c601ad78}: 'java.lang.Object java.lang.invoke.DirectMethodHandle$Holder.invokeStatic(java.lang.Object, java.lang.Object, java.lang.Object, java.lang.Object, java.lang.Object, java.lang.Object, java.lang.Object, java.lang.Object, java.lang.Object, java.lang.Object, java.lang.Object, java.lang.Object, java.lang.Object, java.lang.Object, java.lang.Object)'> (0x00000000c601ad78) thrown at [./src/hotspot/share/interpreter/linkResolver.cpp, line 773]
Event: 1.020 Thread 0x00007f5f48016800 Exception <a 'java/lang/NoSuchMethodError'{0x00000000c6028938}: 'java.lang.Object java.lang.invoke.DirectMethodHandle$Holder.invokeStatic(java.lang.Object, java.lang.Object, java.lang.Object, java.lang.Object, java.lang.Object, java.lang.Object, java.lang.Object, java.lang.Object, java.lang.Object, java.lang.Object, java.lang.Object, java.lang.Object, java.lang.Object, java.lang.Object, java.lang.Object, java.lang.Object)'> (0x00000000c6028938) thrown at [./src/hotspot/share/interpreter/linkResolver.cpp, l
Event: 1.032 Thread 0x00007f5f48016800 Exception <a 'java/lang/NoSuchMethodError'{0x00000000c6036598}: 'java.lang.Object java.lang.invoke.DirectMethodHandle$Holder.invokeSpecial(java.lang.Object, java.lang.Object, int, int, int, java.lang.Object, int)'> (0x00000000c6036598) thrown at [./src/hotspot/share/interpreter/linkResolver.cpp, line 773]
Event: 1.032 Thread 0x00007f5f48016800 Exception <a 'java/lang/NoSuchMethodError'{0x00000000c6039680}: 'java.lang.Object java.lang.invoke.DelegatingMethodHandle$Holder.reinvoke_L(java.lang.Object, int, int, int, java.lang.Object, int)'> (0x00000000c6039680) thrown at [./src/hotspot/share/interpreter/linkResolver.cpp, line 773]
Event: 1.033 Thread 0x00007f5f48016800 Exception <a 'java/lang/NoSuchMethodError'{0x00000000c603d4d0}: 'java.lang.Object java.lang.invoke.DirectMethodHandle$Holder.invokeStatic(java.lang.Object, java.lang.Object, java.lang.Object, java.lang.Object, int)'> (0x00000000c603d4d0) thrown at [./src/hotspot/share/interpreter/linkResolver.cpp, line 773]
Event: 1.096 Thread 0x00007f5f48016800 Exception <a 'java/lang/NoSuchMethodError'{0x00000000c60b74f8}: 'java.lang.Object java.lang.invoke.DirectMethodHandle$Holder.invokeStatic(java.lang.Object, java.lang.Object, java.lang.Object, java.lang.Object, java.lang.Object, java.lang.Object, java.lang.Object, java.lang.Object, java.lang.Object, java.lang.Object, java.lang.Object, java.lang.Object, java.lang.Object, int)'> (0x00000000c60b74f8) thrown at [./src/hotspot/share/interpreter/linkResolver.cpp, line 773]
Event: 1.104 Thread 0x00007f5f48016800 Exception <a 'java/lang/NoSuchMethodError'{0x00000000c60c3af0}: 'java.lang.Object java.lang.invoke.DirectMethodHandle$Holder.invokeStatic(java.lang.Object, java.lang.Object, java.lang.Object, java.lang.Object, java.lang.Object, java.lang.Object, java.lang.Object, java.lang.Object, java.lang.Object, java.lang.Object, java.lang.Object, java.lang.Object, java.lang.Object, int, int)'> (0x00000000c60c3af0) thrown at [./src/hotspot/share/interpreter/linkResolver.cpp, line 773]
Event: 1.116 Thread 0x00007f5f48016800 Exception <a 'java/lang/NoSuchMethodError'{0x00000000c60d0678}: 'java.lang.Object java.lang.invoke.DirectMethodHandle$Holder.invokeStatic(java.lang.Object, java.lang.Object, java.lang.Object, java.lang.Object, java.lang.Object, java.lang.Object, java.lang.Object, java.lang.Object, java.lang.Object, java.lang.Object, java.lang.Object, java.lang.Object, java.lang.Object, int, int, java.lang.Object)'> (0x00000000c60d0678) thrown at [./src/hotspot/share/interpreter/linkResolver.cpp, line 773]
Event: 1.122 Thread 0x00007f5f48016800 Exception <a 'java/lang/NoSuchMethodError'{0x00000000c60ddb10}: 'java.lang.Object java.lang.invoke.Invokers$Holder.linkToTargetMethod(java.lang.Object, int, java.lang.Object)'> (0x00000000c60ddb10) thrown at [./src/hotspot/share/interpreter/linkResolver.cpp, line 773]
Event: 3.131 Thread 0x00007f5f48016800 Exception <a 'java/lang/NoSuchMethodError'{0x00000000c5fa12e8}: 'int java.lang.invoke.DirectMethodHandle$Holder.invokeSpecialIFC(java.lang.Object, java.lang.Object, int)'> (0x00000000c5fa12e8) thrown at [./src/hotspot/share/interpreter/linkResolver.cpp, line 773]
Event: 3.289 Thread 0x00007f5f48016800 Exception <a 'java/lang/NoSuchMethodError'{0x00000000c5e28640}: 'void java.lang.invoke.DirectMethodHandle$Holder.invokeSpecial(java.lang.Object, java.lang.Object)'> (0x00000000c5e28640) thrown at [./src/hotspot/share/interpreter/linkResolver.cpp, line 773]
Event: 3.564 Thread 0x00007f5f48016800 Exception <a 'java/lang/NoSuchMethodError'{0x00000000c5c04b50}: 'java.lang.Object java.lang.invoke.DirectMethodHandle$Holder.invokeStatic(java.lang.Object, java.lang.Object, java.lang.Object, java.lang.Object, java.lang.Object, java.lang.Object, java.lang.Object, java.lang.Object, java.lang.Object, java.lang.Object, java.lang.Object, int)'> (0x00000000c5c04b50) thrown at [./src/hotspot/share/interpreter/linkResolver.cpp, line 773]
Event: 3.612 Thread 0x00007f5f48016800 Exception <a 'java/lang/NoSuchMethodError'{0x00000000c5c22c30}: 'java.lang.Object java.lang.invoke.DirectMethodHandle$Holder.invokeStatic(java.lang.Object, java.lang.Object, java.lang.Object, java.lang.Object, java.lang.Object, java.lang.Object, java.lang.Object, java.lang.Object, java.lang.Object, java.lang.Object, java.lang.Object, int, int)'> (0x00000000c5c22c30) thrown at [./src/hotspot/share/interpreter/linkResolver.cpp, line 773]
Event: 3.624 Thread 0x00007f5f48016800 Exception <a 'java/lang/NoSuchMethodError'{0x00000000c5c41e58}: 'java.lang.Object java.lang.invoke.DirectMethodHandle$Holder.invokeStatic(java.lang.Object, java.lang.Object, java.lang.Object, java.lang.Object, java.lang.Object, java.lang.Object, java.lang.Object, java.lang.Object, java.lang.Object, java.lang.Object, java.lang.Object, int, int, java.lang.Object)'> (0x00000000c5c41e58) thrown at [./src/hotspot/share/interpreter/linkResolver.cpp, line 773]
Event: 3.640 Thread 0x00007f5f48016800 Exception <a 'java/lang/NoSuchMethodError'{0x00000000c5c65240}: 'java.lang.Object java.lang.invoke.DirectMethodHandle$Holder.invokeStatic(java.lang.Object, java.lang.Object, java.lang.Object, java.lang.Object, java.lang.Object, java.lang.Object, java.lang.Object, java.lang.Object, java.lang.Object, java.lang.Object, java.lang.Object, int, int, java.lang.Object, java.lang.Object)'> (0x00000000c5c65240) thrown at [./src/hotspot/share/interpreter/linkResolver.cpp, line 773]
Event: 3.746 Thread 0x00007f5f48264000 Exception <a 'java/lang/NoSuchMethodError'{0x00000000c5eb7a78}: 'java.lang.Object java.lang.invoke.DirectMethodHandle$Holder.invokeSpecial(java.lang.Object, java.lang.Object, long, java.lang.Object)'> (0x00000000c5eb7a78) thrown at [./src/hotspot/share/interpreter/linkResolver.cpp, line 773]
Event: 3.749 Thread 0x00007f5f4825f800 Exception <a 'java/lang/NoSuchMethodError'{0x00000000c5d12ef8}: 'java.lang.Object java.lang.invoke.DirectMethodHandle$Holder.invokeSpecial(java.lang.Object, java.lang.Object, long, java.lang.Object)'> (0x00000000c5d12ef8) thrown at [./src/hotspot/share/interpreter/linkResolver.cpp, line 773]
Event: 5.235 Thread 0x00007f5f48264000 Exception <a 'java/lang/NoSuchMethodError'{0x00000000c62001d0}: 'java.lang.Object java.lang.invoke.Invokers$Holder.linkToTargetMethod(long, java.lang.Object, java.lang.Object)'> (0x00000000c62001d0) thrown at [./src/hotspot/share/interpreter/linkResolver.cpp, line 773]
Event: 6.610 Thread 0x00007f5f48242800 Exception <a 'java/lang/NoSuchMethodError'{0x00000000c5e6a4f0}: 'java.lang.Object java.lang.invoke.DirectMethodHandle$Holder.invokeStatic(java.lang.Object, int, java.lang.Object)'> (0x00000000c5e6a4f0) thrown at [./src/hotspot/share/interpreter/linkResolver.cpp, line 773]
Event: 7.059 Thread 0x00007f5f48242800 Exception <a 'java/lang/ClassNotFoundException'{0x00000000c5ece430}: sun/util/logging/resources/spi/loggingProvider> (0x00000000c5ece430) thrown at [./src/hotspot/share/classfile/systemDictionary.cpp, line 231]

Events (20 events):
Event: 38.198 Executing VM operation: CGC_Operation
Event: 38.222 Executing VM operation: CGC_Operation done
Event: 38.275 Executing VM operation: CGC_Operation
Event: 38.275 Executing VM operation: CGC_Operation done
Event: 40.001 Executing VM operation: G1CollectForAllocation
Event: 40.006 Executing VM operation: G1CollectForAllocation done
Event: 41.294 Executing VM operation: G1CollectForAllocation
Event: 41.299 Executing VM operation: G1CollectForAllocation done
Event: 41.392 Executing VM operation: CGC_Operation
Event: 41.440 Executing VM operation: CGC_Operation done
Event: 41.496 Executing VM operation: CGC_Operation
Event: 41.498 Executing VM operation: CGC_Operation done
Event: 42.886 Executing VM operation: G1CollectForAllocation
Event: 42.921 Executing VM operation: G1CollectForAllocation done
Event: 44.364 Executing VM operation: G1CollectForAllocation
Event: 44.368 Executing VM operation: G1CollectForAllocation done
Event: 44.409 Executing VM operation: CGC_Operation
Event: 44.414 Executing VM operation: CGC_Operation done
Event: 44.456 Executing VM operation: CGC_Operation
Event: 44.457 Executing VM operation: CGC_Operation done


Dynamic libraries:
c2600000-c8a00000 rw-p 00000000 00:00 0 
c8a00000-100000000 ---p 00000000 00:00 0 
800000000-800002000 rwxp 00001000 08:01 1181904                          /usr/lib/jvm/java-11-openjdk-amd64/lib/server/classes.jsa
800002000-8003b9000 rw-p 00003000 08:01 1181904                          /usr/lib/jvm/java-11-openjdk-amd64/lib/server/classes.jsa
8003b9000-800a81000 r--p 003ba000 08:01 1181904                          /usr/lib/jvm/java-11-openjdk-amd64/lib/server/classes.jsa
800a81000-800a82000 rw-p 00a82000 08:01 1181904                          /usr/lib/jvm/java-11-openjdk-amd64/lib/server/classes.jsa
800a82000-80108f000 r--p 00a83000 08:01 1181904                          /usr/lib/jvm/java-11-openjdk-amd64/lib/server/classes.jsa
840000000-8400c0000 rw-p 00000000 00:00 0 
8400c0000-880000000 ---p 00000000 00:00 0 
55dfde877000-55dfde878000 r-xp 00000000 08:01 661163                     /usr/lib/jvm/java-11-openjdk-amd64/bin/java
55dfdea78000-55dfdea79000 r--p 00001000 08:01 661163                     /usr/lib/jvm/java-11-openjdk-amd64/bin/java
55dfdea79000-55dfdea7a000 rw-p 00002000 08:01 661163                     /usr/lib/jvm/java-11-openjdk-amd64/bin/java
55dfdfa36000-55dfdfa57000 rw-p 00000000 00:00 0                          [heap]
7f5ea8000000-7f5ea8021000 rw-p 00000000 00:00 0 
7f5ea8021000-7f5eac000000 ---p 00000000 00:00 0 
7f5eb0000000-7f5eb0021000 rw-p 00000000 00:00 0 
7f5eb0021000-7f5eb4000000 ---p 00000000 00:00 0 
7f5eb4000000-7f5eb4021000 rw-p 00000000 00:00 0 
7f5eb4021000-7f5eb8000000 ---p 00000000 00:00 0 
7f5eb8000000-7f5eb8021000 rw-p 00000000 00:00 0 
7f5eb8021000-7f5ebc000000 ---p 00000000 00:00 0 
7f5ebc000000-7f5ebc021000 rw-p 00000000 00:00 0 
7f5ebc021000-7f5ec0000000 ---p 00000000 00:00 0 
7f5ec0000000-7f5ec0021000 rw-p 00000000 00:00 0 
7f5ec0021000-7f5ec4000000 ---p 00000000 00:00 0 
7f5ec4000000-7f5ec4021000 rw-p 00000000 00:00 0 
7f5ec4021000-7f5ec8000000 ---p 00000000 00:00 0 
7f5ec8000000-7f5ec8021000 rw-p 00000000 00:00 0 
7f5ec8021000-7f5ecc000000 ---p 00000000 00:00 0 
7f5ecc000000-7f5ecc0e9000 rw-p 00000000 00:00 0 
7f5ecc0e9000-7f5ed0000000 ---p 00000000 00:00 0 
7f5ed0000000-7f5ed0021000 rw-p 00000000 00:00 0 
7f5ed0021000-7f5ed4000000 ---p 00000000 00:00 0 
7f5ed4000000-7f5ed4021000 rw-p 00000000 00:00 0 
7f5ed4021000-7f5ed8000000 ---p 00000000 00:00 0 
7f5ed8000000-7f5ed8021000 rw-p 00000000 00:00 0 
7f5ed8021000-7f5edc000000 ---p 00000000 00:00 0 
7f5edc000000-7f5edc021000 rw-p 00000000 00:00 0 
7f5edc021000-7f5ee0000000 ---p 00000000 00:00 0 
7f5ee0000000-7f5ee0021000 rw-p 00000000 00:00 0 
7f5ee0021000-7f5ee4000000 ---p 00000000 00:00 0 
7f5ee4000000-7f5ee4021000 rw-p 00000000 00:00 0 
7f5ee4021000-7f5ee8000000 ---p 00000000 00:00 0 
7f5ee8000000-7f5ee8021000 rw-p 00000000 00:00 0 
7f5ee8021000-7f5eec000000 ---p 00000000 00:00 0 
7f5eec000000-7f5eec021000 rw-p 00000000 00:00 0 
7f5eec021000-7f5ef0000000 ---p 00000000 00:00 0 
7f5ef0000000-7f5ef0021000 rw-p 00000000 00:00 0 
7f5ef0021000-7f5ef4000000 ---p 00000000 00:00 0 
7f5ef4000000-7f5ef4021000 rw-p 00000000 00:00 0 
7f5ef4021000-7f5ef8000000 ---p 00000000 00:00 0 
7f5ef8000000-7f5ef82ae000 rw-p 00000000 00:00 0 
7f5ef82ae000-7f5efc000000 ---p 00000000 00:00 0 
7f5efc000000-7f5efc021000 rw-p 00000000 00:00 0 
7f5efc021000-7f5f00000000 ---p 00000000 00:00 0 
7f5f00000000-7f5f00021000 rw-p 00000000 00:00 0 
7f5f00021000-7f5f04000000 ---p 00000000 00:00 0 
7f5f04000000-7f5f05d23000 rw-p 00000000 00:00 0 
7f5f05d23000-7f5f08000000 ---p 00000000 00:00 0 
7f5f08000000-7f5f08021000 rw-p 00000000 00:00 0 
7f5f08021000-7f5f0c000000 ---p 00000000 00:00 0 
7f5f0c000000-7f5f0c021000 rw-p 00000000 00:00 0 
7f5f0c021000-7f5f10000000 ---p 00000000 00:00 0 
7f5f10000000-7f5f10021000 rw-p 00000000 00:00 0 
7f5f10021000-7f5f14000000 ---p 00000000 00:00 0 
7f5f14000000-7f5f14024000 rw-p 00000000 00:00 0 
7f5f14024000-7f5f18000000 ---p 00000000 00:00 0 
7f5f18000000-7f5f18021000 rw-p 00000000 00:00 0 
7f5f18021000-7f5f1c000000 ---p 00000000 00:00 0 
7f5f1c000000-7f5f1c021000 rw-p 00000000 00:00 0 
7f5f1c021000-7f5f20000000 ---p 00000000 00:00 0 
7f5f20086000-7f5f20087000 ---p 00000000 00:00 0 
7f5f20087000-7f5f20188000 rw-p 00000000 00:00 0 
7f5f20188000-7f5f20189000 ---p 00000000 00:00 0 
7f5f20189000-7f5f2028a000 rw-p 00000000 00:00 0 
7f5f2028a000-7f5f2028b000 ---p 00000000 00:00 0 
7f5f2028b000-7f5f2038c000 rw-p 00000000 00:00 0 
7f5f2038c000-7f5f2038d000 ---p 00000000 00:00 0 
7f5f2038d000-7f5f2048e000 rw-p 00000000 00:00 0 
7f5f2048e000-7f5f2048f000 ---p 00000000 00:00 0 
7f5f2048f000-7f5f20590000 rw-p 00000000 00:00 0 
7f5f20590000-7f5f20591000 ---p 00000000 00:00 0 
7f5f20591000-7f5f20692000 rw-p 00000000 00:00 0 
7f5f20692000-7f5f20693000 ---p 00000000 00:00 0 
7f5f20693000-7f5f20794000 rw-p 00000000 00:00 0 
7f5f20794000-7f5f20795000 ---p 00000000 00:00 0 
7f5f20795000-7f5f20896000 rw-p 00000000 00:00 0 
7f5f20896000-7f5f2089a000 ---p 00000000 00:00 0 
7f5f2089a000-7f5f20997000 rw-p 00000000 00:00 0 
7f5f20997000-7f5f2099b000 ---p 00000000 00:00 0 
7f5f2099b000-7f5f20a98000 rw-p 00000000 00:00 0 
7f5f20a98000-7f5f20a9c000 ---p 00000000 00:00 0 
7f5f20a9c000-7f5f20b99000 rw-p 00000000 00:00 0 
7f5f20b99000-7f5f20b9d000 ---p 00000000 00:00 0 
7f5f20b9d000-7f5f20c9a000 rw-p 00000000 00:00 0 
7f5f20c9a000-7f5f20c9e000 ---p 00000000 00:00 0 
7f5f20c9e000-7f5f20d9b000 rw-p 00000000 00:00 0 
7f5f20d9b000-7f5f20d9f000 ---p 00000000 00:00 0 
7f5f20d9f000-7f5f20e9c000 rw-p 00000000 00:00 0 
7f5f20e9c000-7f5f20ea0000 ---p 00000000 00:00 0 
7f5f20ea0000-7f5f20f9d000 rw-p 00000000 00:00 0 
7f5f20f9d000-7f5f20fa1000 ---p 00000000 00:00 0 
7f5f20fa1000-7f5f2109e000 rw-p 00000000 00:00 0 
7f5f2109e000-7f5f210a2000 ---p 00000000 00:00 0 
7f5f210a2000-7f5f2119f000 rw-p 00000000 00:00 0 
7f5f2119f000-7f5f211a1000 r-xp 00000000 08:01 1049876                    /usr/lib/jvm/java-11-openjdk-amd64/lib/libextnet.so
7f5f211a1000-7f5f213a0000 ---p 00002000 08:01 1049876                    /usr/lib/jvm/java-11-openjdk-amd64/lib/libextnet.so
7f5f213a0000-7f5f213a1000 r--p 00001000 08:01 1049876                    /usr/lib/jvm/java-11-openjdk-amd64/lib/libextnet.so
7f5f213a1000-7f5f213a2000 rw-p 00002000 08:01 1049876                    /usr/lib/jvm/java-11-openjdk-amd64/lib/libextnet.so
7f5f213a2000-7f5f213b8000 r-xp 00000000 08:01 1050087                    /usr/lib/jvm/java-11-openjdk-amd64/lib/libnet.so
7f5f213b8000-7f5f215b7000 ---p 00016000 08:01 1050087                    /usr/lib/jvm/java-11-openjdk-amd64/lib/libnet.so
7f5f215b7000-7f5f215b8000 r--p 00015000 08:01 1050087                    /usr/lib/jvm/java-11-openjdk-amd64/lib/libnet.so
7f5f215b8000-7f5f215b9000 rw-p 00016000 08:01 1050087                    /usr/lib/jvm/java-11-openjdk-amd64/lib/libnet.so
7f5f215b9000-7f5f215c9000 r-xp 00000000 08:01 1050098                    /usr/lib/jvm/java-11-openjdk-amd64/lib/libnio.so
7f5f215c9000-7f5f217c8000 ---p 00010000 08:01 1050098                    /usr/lib/jvm/java-11-openjdk-amd64/lib/libnio.so
7f5f217c8000-7f5f217c9000 r--p 0000f000 08:01 1050098                    /usr/lib/jvm/java-11-openjdk-amd64/lib/libnio.so
7f5f217c9000-7f5f217ca000 rw-p 00010000 08:01 1050098                    /usr/lib/jvm/java-11-openjdk-amd64/lib/libnio.so
7f5f217ca000-7f5f217ce000 ---p 00000000 00:00 0 
7f5f217ce000-7f5f218cb000 rw-p 00000000 00:00 0 
7f5f218cb000-7f5f218cc000 ---p 00000000 00:00 0 
7f5f218cc000-7f5f219cd000 rw-p 00000000 00:00 0 
7f5f219cd000-7f5f219d1000 ---p 00000000 00:00 0 
7f5f219d1000-7f5f21ace000 rw-p 00000000 00:00 0 
7f5f21ace000-7f5f21ad2000 ---p 00000000 00:00 0 
7f5f21ad2000-7f5f21bcf000 rw-p 00000000 00:00 0 
7f5f21bcf000-7f5f21bd3000 ---p 00000000 00:00 0 
7f5f21bd3000-7f5f21cd0000 rw-p 00000000 00:00 0 
7f5f21cd0000-7f5f22000000 r--p 00000000 08:01 2360321                    /usr/lib/locale/locale-archive
7f5f22000000-7f5f24000000 rw-p 00000000 00:00 0 
7f5f24000000-7f5f24021000 rw-p 00000000 00:00 0 
7f5f24021000-7f5f28000000 ---p 00000000 00:00 0 
7f5f28051000-7f5f28055000 ---p 00000000 00:00 0 
7f5f28055000-7f5f28152000 rw-p 00000000 00:00 0 
7f5f28152000-7f5f28156000 ---p 00000000 00:00 0 
7f5f28156000-7f5f28253000 rw-p 00000000 00:00 0 
7f5f28253000-7f5f28257000 ---p 00000000 00:00 0 
7f5f28257000-7f5f28354000 rw-p 00000000 00:00 0 
7f5f28354000-7f5f28358000 ---p 00000000 00:00 0 
7f5f28358000-7f5f28455000 rw-p 00000000 00:00 0 
7f5f28455000-7f5f28456000 ---p 00000000 00:00 0 
7f5f28456000-7f5f28a17000 rw-p 00000000 00:00 0 
7f5f28a17000-7f5f28d57000 ---p 00000000 00:00 0 
7f5f28d57000-7f5f28d58000 ---p 00000000 00:00 0 
7f5f28d58000-7f5f28e59000 rw-p 00000000 00:00 0 
7f5f28e59000-7f5f28e5a000 ---p 00000000 00:00 0 
7f5f28e5a000-7f5f29561000 rw-p 00000000 00:00 0 
7f5f29561000-7f5f29562000 ---p 00000000 00:00 0 
7f5f29562000-7f5f29663000 rw-p 00000000 00:00 0 
7f5f29663000-7f5f29664000 ---p 00000000 00:00 0 
7f5f29664000-7f5f298f5000 rw-p 00000000 00:00 0 
7f5f298f5000-7f5f2a6cd000 ---p 00000000 00:00 0 
7f5f2a6cd000-7f5f2a85d000 rw-p 00000000 00:00 0 
7f5f2a85d000-7f5f2b635000 ---p 00000000 00:00 0 
7f5f2b635000-7f5f2b667000 rw-p 00000000 00:00 0 
7f5f2b667000-7f5f2b822000 ---p 00000000 00:00 0 
7f5f2b822000-7f5f2b854000 rw-p 00000000 00:00 0 
7f5f2b854000-7f5f2ba0f000 ---p 00000000 00:00 0 
7f5f2ba0f000-7f5f2ba41000 rw-p 00000000 00:00 0 
7f5f2ba41000-7f5f2bbfc000 ---p 00000000 00:00 0 
7f5f2bbfc000-7f5f2c000000 rw-p 00000000 00:00 0 
7f5f2c000000-7f5f2c021000 rw-p 00000000 00:00 0 
7f5f2c021000-7f5f30000000 ---p 00000000 00:00 0 
7f5f30078000-7f5f302fb000 rw-p 00000000 00:00 0 
7f5f302fb000-7f5f302fc000 ---p 00000000 00:00 0 
7f5f302fc000-7f5f30402000 rw-p 00000000 00:00 0 
7f5f30402000-7f5f304e8000 ---p 00000000 00:00 0 
7f5f304e8000-7f5f30758000 rwxp 00000000 00:00 0 
7f5f30758000-7f5f30a78000 ---p 00000000 00:00 0 
7f5f30a78000-7f5f30ce8000 rwxp 00000000 00:00 0 
7f5f30ce8000-7f5f37fb0000 ---p 00000000 00:00 0 
7f5f37fb0000-7f5f38220000 rwxp 00000000 00:00 0 
7f5f38220000-7f5f3f4e8000 ---p 00000000 00:00 0 
7f5f3f4e8000-7f5f3f4ef000 r-xp 00000000 08:01 1050223                    /usr/lib/jvm/java-11-openjdk-amd64/lib/libzip.so
7f5f3f4ef000-7f5f3f6ee000 ---p 00007000 08:01 1050223                    /usr/lib/jvm/java-11-openjdk-amd64/lib/libzip.so
7f5f3f6ee000-7f5f3f6ef000 r--p 00006000 08:01 1050223                    /usr/lib/jvm/java-11-openjdk-amd64/lib/libzip.so
7f5f3f6ef000-7f5f3f6f0000 rw-p 00007000 08:01 1050223                    /usr/lib/jvm/java-11-openjdk-amd64/lib/libzip.so
7f5f3f6f0000-7f5f3f6fb000 r-xp 00000000 08:01 1835055                    /lib/x86_64-linux-gnu/libnss_files-2.27.so
7f5f3f6fb000-7f5f3f8fa000 ---p 0000b000 08:01 1835055                    /lib/x86_64-linux-gnu/libnss_files-2.27.so
7f5f3f8fa000-7f5f3f8fb000 r--p 0000a000 08:01 1835055                    /lib/x86_64-linux-gnu/libnss_files-2.27.so
7f5f3f8fb000-7f5f3f8fc000 rw-p 0000b000 08:01 1835055                    /lib/x86_64-linux-gnu/libnss_files-2.27.so
7f5f3f8fc000-7f5f3f902000 rw-p 00000000 00:00 0 
7f5f3f902000-7f5f48000000 r--s 00000000 08:01 1050240                    /usr/lib/jvm/java-11-openjdk-amd64/lib/modules
7f5f48000000-7f5f4828b000 rw-p 00000000 00:00 0 
7f5f4828b000-7f5f4c000000 ---p 00000000 00:00 0 
7f5f4c036000-7f5f4c03b000 rw-p 00000000 00:00 0 
7f5f4c03b000-7f5f4c121000 ---p 00000000 00:00 0 
7f5f4c121000-7f5f4c138000 r-xp 00000000 08:01 1835052                    /lib/x86_64-linux-gnu/libnsl-2.27.so
7f5f4c138000-7f5f4c337000 ---p 00017000 08:01 1835052                    /lib/x86_64-linux-gnu/libnsl-2.27.so
7f5f4c337000-7f5f4c338000 r--p 00016000 08:01 1835052                    /lib/x86_64-linux-gnu/libnsl-2.27.so
7f5f4c338000-7f5f4c339000 rw-p 00017000 08:01 1835052                    /lib/x86_64-linux-gnu/libnsl-2.27.so
7f5f4c339000-7f5f4c33b000 rw-p 00000000 00:00 0 
7f5f4c33b000-7f5f4c346000 r-xp 00000000 08:01 1835057                    /lib/x86_64-linux-gnu/libnss_nis-2.27.so
7f5f4c346000-7f5f4c545000 ---p 0000b000 08:01 1835057                    /lib/x86_64-linux-gnu/libnss_nis-2.27.so
7f5f4c545000-7f5f4c546000 r--p 0000a000 08:01 1835057                    /lib/x86_64-linux-gnu/libnss_nis-2.27.so
7f5f4c546000-7f5f4c547000 rw-p 0000b000 08:01 1835057                    /lib/x86_64-linux-gnu/libnss_nis-2.27.so
7f5f4c547000-7f5f4c54f000 r-xp 00000000 08:01 1835053                    /lib/x86_64-linux-gnu/libnss_compat-2.27.so
7f5f4c54f000-7f5f4c74f000 ---p 00008000 08:01 1835053                    /lib/x86_64-linux-gnu/libnss_compat-2.27.so
7f5f4c74f000-7f5f4c750000 r--p 00008000 08:01 1835053                    /lib/x86_64-linux-gnu/libnss_compat-2.27.so
7f5f4c750000-7f5f4c751000 rw-p 00009000 08:01 1835053                    /lib/x86_64-linux-gnu/libnss_compat-2.27.so
7f5f4c751000-7f5f4c756000 r-xp 00000000 08:01 1049932                    /usr/lib/jvm/java-11-openjdk-amd64/lib/libjimage.so
7f5f4c756000-7f5f4c955000 ---p 00005000 08:01 1049932                    /usr/lib/jvm/java-11-openjdk-amd64/lib/libjimage.so
7f5f4c955000-7f5f4c956000 r--p 00004000 08:01 1049932                    /usr/lib/jvm/java-11-openjdk-amd64/lib/libjimage.so
7f5f4c956000-7f5f4c957000 rw-p 00005000 08:01 1049932                    /usr/lib/jvm/java-11-openjdk-amd64/lib/libjimage.so
7f5f4c957000-7f5f4c980000 r-xp 00000000 08:01 1049899                    /usr/lib/jvm/java-11-openjdk-amd64/lib/libjava.so
7f5f4c980000-7f5f4cb80000 ---p 00029000 08:01 1049899                    /usr/lib/jvm/java-11-openjdk-amd64/lib/libjava.so
7f5f4cb80000-7f5f4cb81000 r--p 00029000 08:01 1049899                    /usr/lib/jvm/java-11-openjdk-amd64/lib/libjava.so
7f5f4cb81000-7f5f4cb82000 rw-p 0002a000 08:01 1049899                    /usr/lib/jvm/java-11-openjdk-amd64/lib/libjava.so
7f5f4cb82000-7f5f4cb83000 rw-p 00000000 00:00 0 
7f5f4cb83000-7f5f4cb90000 r-xp 00000000 08:01 1050221                    /usr/lib/jvm/java-11-openjdk-amd64/lib/libverify.so
7f5f4cb90000-7f5f4cd8f000 ---p 0000d000 08:01 1050221                    /usr/lib/jvm/java-11-openjdk-amd64/lib/libverify.so
7f5f4cd8f000-7f5f4cd91000 r--p 0000c000 08:01 1050221                    /usr/lib/jvm/java-11-openjdk-amd64/lib/libverify.so
7f5f4cd91000-7f5f4cd92000 rw-p 0000e000 08:01 1050221                    /usr/lib/jvm/java-11-openjdk-amd64/lib/libverify.so
7f5f4cd92000-7f5f4cd99000 r-xp 00000000 08:01 1840227                    /lib/x86_64-linux-gnu/librt-2.27.so
7f5f4cd99000-7f5f4cf98000 ---p 00007000 08:01 1840227                    /lib/x86_64-linux-gnu/librt-2.27.so
7f5f4cf98000-7f5f4cf99000 r--p 00006000 08:01 1840227                    /lib/x86_64-linux-gnu/librt-2.27.so
7f5f4cf99000-7f5f4cf9a000 rw-p 00007000 08:01 1840227                    /lib/x86_64-linux-gnu/librt-2.27.so
7f5f4cf9a000-7f5f4cfb1000 r-xp 00000000 08:01 1835013                    /lib/x86_64-linux-gnu/libgcc_s.so.1
7f5f4cfb1000-7f5f4d1b0000 ---p 00017000 08:01 1835013                    /lib/x86_64-linux-gnu/libgcc_s.so.1
7f5f4d1b0000-7f5f4d1b1000 r--p 00016000 08:01 1835013                    /lib/x86_64-linux-gnu/libgcc_s.so.1
7f5f4d1b1000-7f5f4d1b2000 rw-p 00017000 08:01 1835013                    /lib/x86_64-linux-gnu/libgcc_s.so.1
7f5f4d1b2000-7f5f4d34f000 r-xp 00000000 08:01 1835049                    /lib/x86_64-linux-gnu/libm-2.27.so
7f5f4d34f000-7f5f4d54e000 ---p 0019d000 08:01 1835049                    /lib/x86_64-linux-gnu/libm-2.27.so
7f5f4d54e000-7f5f4d54f000 r--p 0019c000 08:01 1835049                    /lib/x86_64-linux-gnu/libm-2.27.so
7f5f4d54f000-7f5f4d550000 rw-p 0019d000 08:01 1835049                    /lib/x86_64-linux-gnu/libm-2.27.so
7f5f4d550000-7f5f4d6c9000 r-xp 00000000 08:01 2360550                    /usr/lib/x86_64-linux-gnu/libstdc++.so.6.0.25
7f5f4d6c9000-7f5f4d8c9000 ---p 00179000 08:01 2360550                    /usr/lib/x86_64-linux-gnu/libstdc++.so.6.0.25
7f5f4d8c9000-7f5f4d8d3000 r--p 00179000 08:01 2360550                    /usr/lib/x86_64-linux-gnu/libstdc++.so.6.0.25
7f5f4d8d3000-7f5f4d8d5000 rw-p 00183000 08:01 2360550                    /usr/lib/x86_64-linux-gnu/libstdc++.so.6.0.25
7f5f4d8d5000-7f5f4d8d9000 rw-p 00000000 00:00 0 
7f5f4d8d9000-7f5f4e9b7000 r-xp 00000000 08:01 1181144                    /usr/lib/jvm/java-11-openjdk-amd64/lib/server/libjvm.so
7f5f4e9b7000-7f5f4ebb6000 ---p 010de000 08:01 1181144                    /usr/lib/jvm/java-11-openjdk-amd64/lib/server/libjvm.so
7f5f4ebb6000-7f5f4ec73000 r--p 010dd000 08:01 1181144                    /usr/lib/jvm/java-11-openjdk-amd64/lib/server/libjvm.so
7f5f4ec73000-7f5f4ecac000 rw-p 0119a000 08:01 1181144                    /usr/lib/jvm/java-11-openjdk-amd64/lib/server/libjvm.so
7f5f4ecac000-7f5f4ed03000 rw-p 00000000 00:00 0 
7f5f4ed03000-7f5f4ed1d000 r-xp 00000000 08:01 1840183                    /lib/x86_64-linux-gnu/libpthread-2.27.so
7f5f4ed1d000-7f5f4ef1c000 ---p 0001a000 08:01 1840183                    /lib/x86_64-linux-gnu/libpthread-2.27.so
7f5f4ef1c000-7f5f4ef1d000 r--p 00019000 08:01 1840183                    /lib/x86_64-linux-gnu/libpthread-2.27.so
7f5f4ef1d000-7f5f4ef1e000 rw-p 0001a000 08:01 1840183                    /lib/x86_64-linux-gnu/libpthread-2.27.so
7f5f4ef1e000-7f5f4ef22000 rw-p 00000000 00:00 0 
7f5f4ef22000-7f5f4ef25000 r-xp 00000000 08:01 1835048                    /lib/x86_64-linux-gnu/libdl-2.27.so
7f5f4ef25000-7f5f4f124000 ---p 00003000 08:01 1835048                    /lib/x86_64-linux-gnu/libdl-2.27.so
7f5f4f124000-7f5f4f125000 r--p 00002000 08:01 1835048                    /lib/x86_64-linux-gnu/libdl-2.27.so
7f5f4f125000-7f5f4f126000 rw-p 00003000 08:01 1835048                    /lib/x86_64-linux-gnu/libdl-2.27.so
7f5f4f126000-7f5f4f142000 r-xp 00000000 08:01 1840663                    /lib/x86_64-linux-gnu/libz.so.1.2.11
7f5f4f142000-7f5f4f341000 ---p 0001c000 08:01 1840663                    /lib/x86_64-linux-gnu/libz.so.1.2.11
7f5f4f341000-7f5f4f342000 r--p 0001b000 08:01 1840663                    /lib/x86_64-linux-gnu/libz.so.1.2.11
7f5f4f342000-7f5f4f343000 rw-p 0001c000 08:01 1840663                    /lib/x86_64-linux-gnu/libz.so.1.2.11
7f5f4f343000-7f5f4f52a000 r-xp 00000000 08:01 1835045                    /lib/x86_64-linux-gnu/libc-2.27.so
7f5f4f52a000-7f5f4f72a000 ---p 001e7000 08:01 1835045                    /lib/x86_64-linux-gnu/libc-2.27.so
7f5f4f72a000-7f5f4f72e000 r--p 001e7000 08:01 1835045                    /lib/x86_64-linux-gnu/libc-2.27.so
7f5f4f72e000-7f5f4f730000 rw-p 001eb000 08:01 1835045                    /lib/x86_64-linux-gnu/libc-2.27.so
7f5f4f730000-7f5f4f734000 rw-p 00000000 00:00 0 
7f5f4f734000-7f5f4f744000 r-xp 00000000 08:01 1049770                    /usr/lib/jvm/java-11-openjdk-amd64/lib/jli/libjli.so
7f5f4f744000-7f5f4f943000 ---p 00010000 08:01 1049770                    /usr/lib/jvm/java-11-openjdk-amd64/lib/jli/libjli.so
7f5f4f943000-7f5f4f944000 r--p 0000f000 08:01 1049770                    /usr/lib/jvm/java-11-openjdk-amd64/lib/jli/libjli.so
7f5f4f944000-7f5f4f945000 rw-p 00010000 08:01 1049770                    /usr/lib/jvm/java-11-openjdk-amd64/lib/jli/libjli.so
7f5f4f945000-7f5f4f96c000 r-xp 00000000 08:01 1835021                    /lib/x86_64-linux-gnu/ld-2.27.so
7f5f4f9ac000-7f5f4fa4c000 rw-p 00000000 00:00 0 
7f5f4fa4c000-7f5f4fa53000 ---p 00000000 00:00 0 
7f5f4fa53000-7f5f4fa57000 ---p 00000000 00:00 0 
7f5f4fa57000-7f5f4fb56000 rw-p 00000000 00:00 0 
7f5f4fb5e000-7f5f4fb60000 r--s 00007000 08:01 2628883                    /usr/share/java/java-atk-wrapper.jar
7f5f4fb60000-7f5f4fb68000 rw-s 00000000 08:01 2633795                    /tmp/hsperfdata_dcl/7342
7f5f4fb68000-7f5f4fb69000 ---p 00000000 00:00 0 
7f5f4fb69000-7f5f4fb6a000 r--p 00000000 00:00 0 
7f5f4fb6a000-7f5f4fb6c000 rw-p 00000000 00:00 0 
7f5f4fb6c000-7f5f4fb6d000 r--p 00027000 08:01 1835021                    /lib/x86_64-linux-gnu/ld-2.27.so
7f5f4fb6d000-7f5f4fb6e000 rw-p 00028000 08:01 1835021                    /lib/x86_64-linux-gnu/ld-2.27.so
7f5f4fb6e000-7f5f4fb6f000 rw-p 00000000 00:00 0 
7ffc5038b000-7ffc503ac000 rw-p 00000000 00:00 0                          [stack]
7ffc503e0000-7ffc503e3000 r--p 00000000 00:00 0                          [vvar]
7ffc503e3000-7ffc503e5000 r-xp 00000000 00:00 0                          [vdso]
ffffffffff600000-ffffffffff601000 r-xp 00000000 00:00 0                  [vsyscall]


VM Arguments:
java_command: /home/dcl/Documents/project/CS451-2020-project/template_java/bin/da_proc.jar --id 9 --hosts /tmp/tmpnvz9rz_8 --barrier localhost:10000 --signal localhost:11000 --output /home/dcl/Documents/project/CS451-2020-project/template_java/outputs/proc09.output /tmp/tmpgnxgetfv
java_class_path (initial): /home/dcl/Documents/project/CS451-2020-project/template_java/bin/da_proc.jar
Launcher Type: SUN_STANDARD

[Global flags]
     intx CICompilerCount                          = 3                                         {product} {ergonomic}
     uint ConcGCThreads                            = 2                                         {product} {ergonomic}
     uint G1ConcRefinementThreads                  = 6                                         {product} {ergonomic}
   size_t G1HeapRegionSize                         = 1048576                                   {product} {ergonomic}
    uintx GCDrainStackTargetSize                   = 64                                        {product} {ergonomic}
   size_t InitialHeapSize                          = 65011712                                  {product} {ergonomic}
   size_t MarkStackSize                            = 4194304                                   {product} {ergonomic}
   size_t MaxHeapSize                              = 1033895936                                {product} {ergonomic}
   size_t MaxNewSize                               = 619708416                                 {product} {ergonomic}
   size_t MinHeapDeltaBytes                        = 1048576                                   {product} {ergonomic}
    uintx NonNMethodCodeHeapSize                   = 5830732                                {pd product} {ergonomic}
    uintx NonProfiledCodeHeapSize                  = 122913754                              {pd product} {ergonomic}
    uintx ProfiledCodeHeapSize                     = 122913754                              {pd product} {ergonomic}
    uintx ReservedCodeCacheSize                    = 251658240                              {pd product} {ergonomic}
     bool SegmentedCodeCache                       = true                                      {product} {ergonomic}
     bool UseCompressedClassPointers               = true                                 {lp64_product} {ergonomic}
     bool UseCompressedOops                        = true                                 {lp64_product} {ergonomic}
     bool UseG1GC                                  = true                                      {product} {ergonomic}

Logging:
Log output configuration:
 #0: stdout all=warning uptime,level,tags
 #1: stderr all=off uptime,level,tags

Environment Variables:
PATH=/usr/local/sbin:/usr/local/bin:/usr/sbin:/usr/bin:/sbin:/bin:/usr/games:/usr/local/games:/snap/bin
SHELL=/bin/bash
DISPLAY=:0.0
LANG=en_US.UTF-8

Signal Handlers:
SIGSEGV: [libjvm.so+0xdf9610], sa_mask[0]=11111111011111111101111111111110, sa_flags=SA_RESTART|SA_SIGINFO
SIGBUS: [libjvm.so+0xdf9610], sa_mask[0]=11111111011111111101111111111110, sa_flags=SA_RESTART|SA_SIGINFO
SIGFPE: [libjvm.so+0xdf9610], sa_mask[0]=11111111011111111101111111111110, sa_flags=SA_RESTART|SA_SIGINFO
SIGPIPE: [libjvm.so+0xbcc360], sa_mask[0]=11111111011111111101111111111110, sa_flags=SA_RESTART|SA_SIGINFO
SIGXFSZ: [libjvm.so+0xbcc360], sa_mask[0]=11111111011111111101111111111110, sa_flags=SA_RESTART|SA_SIGINFO
SIGILL: [libjvm.so+0xdf9610], sa_mask[0]=11111111011111111101111111111110, sa_flags=SA_RESTART|SA_SIGINFO
SIGUSR2: [libjvm.so+0xbcc200], sa_mask[0]=00000000000000000000000000000000, sa_flags=SA_RESTART|SA_SIGINFO
SIGHUP: [libjvm.so+0xbcc560], sa_mask[0]=11111111011111111101111111111110, sa_flags=SA_RESTART|SA_SIGINFO
SIGINT: [libjvm.so+0xbcc560], sa_mask[0]=11111111011111111101111111111110, sa_flags=SA_RESTART|SA_SIGINFO
SIGTERM: [libjvm.so+0xbcc560], sa_mask[0]=11111111011111111101111111111110, sa_flags=SA_RESTART|SA_SIGINFO
SIGQUIT: [libjvm.so+0xbcc560], sa_mask[0]=11111111011111111101111111111110, sa_flags=SA_RESTART|SA_SIGINFO


---------------  S Y S T E M  ---------------

OS:DISTRIB_ID=Ubuntu
DISTRIB_RELEASE=18.04
DISTRIB_CODENAME=bionic
DISTRIB_DESCRIPTION="Ubuntu 18.04.5 LTS"
uname:Linux 4.15.0-117-generic #118-Ubuntu SMP Fri Sep 4 20:02:41 UTC 2020 x86_64
OS uptime: 0 days 0:40 hours
libc:glibc 2.27 NPTL 2.27 
rlimit (soft/hard): STACK 8192k/infinity , CORE 0k/infinity , NPROC 15599/15599 , NOFILE 1048576/1048576 , AS infinity/infinity , CPU infinity/infinity , DATA infinity/infinity , FSIZE infinity/infinity , MEMLOCK 16384k/16384k
load average:15.67 9.27 4.41

/proc/meminfo:
MemTotal:        4038492 kB
MemFree:          834676 kB
MemAvailable:    1420860 kB
Buffers:           44244 kB
Cached:           723144 kB
SwapCached:            0 kB
Active:          2564336 kB
Inactive:         471496 kB
Active(anon):    2269176 kB
Inactive(anon):     1336 kB
Active(file):     295160 kB
Inactive(file):   470160 kB
Unevictable:           0 kB
Mlocked:               0 kB
SwapTotal:       2097148 kB
SwapFree:        2097148 kB
Dirty:               324 kB
Writeback:             0 kB
AnonPages:       2268680 kB
Mapped:           181432 kB
Shmem:              2072 kB
Slab:              75844 kB
SReclaimable:      47672 kB
SUnreclaim:        28172 kB
KernelStack:       12000 kB
PageTables:        29380 kB
NFS_Unstable:          0 kB
Bounce:                0 kB
WritebackTmp:          0 kB
CommitLimit:     4116392 kB
Committed_AS:    4710952 kB
VmallocTotal:   34359738367 kB
VmallocUsed:           0 kB
VmallocChunk:          0 kB
HardwareCorrupted:     0 kB
AnonHugePages:         0 kB
ShmemHugePages:        0 kB
ShmemPmdMapped:        0 kB
CmaTotal:              0 kB
CmaFree:               0 kB
HugePages_Total:       0
HugePages_Free:        0
HugePages_Rsvd:        0
HugePages_Surp:        0
Hugepagesize:       2048 kB
DirectMap4k:      118720 kB
DirectMap2M:     4075520 kB

/sys/kernel/mm/transparent_hugepage/enabled:
always [madvise] never

/sys/kernel/mm/transparent_hugepage/defrag (defrag/compaction efforts parameter):
always defer defer+madvise [madvise] never


/proc/sys/kernel/threads-max (system-wide limit on the number of threads):
31199


/proc/sys/vm/max_map_count (maximum number of memory map areas a process may have):
65530


/proc/sys/kernel/pid_max (system-wide limit on number of process identifiers):
32768



container (cgroup) information:
container_type: cgroupv1
cpu_cpuset_cpus: 0-5
cpu_memory_nodes: 0
active_processor_count: 6
cpu_quota: -1
cpu_period: 100000
cpu_shares: -1
memory_limit_in_bytes: -1
memory_and_swap_limit_in_bytes: -2
memory_soft_limit_in_bytes: -1
memory_usage_in_bytes: 3109351424
memory_max_usage_in_bytes: 0

KVM virtualization detected
Steal ticks since vm start: 0
Steal ticks percentage since vm start:  0.000

CPU:total 6 (initial active 6) (6 cores per cpu, 1 threads per core) family 6 model 158 stepping 10, cmov, cx8, fxsr, mmx, sse, sse2, sse3, ssse3, sse4.1, sse4.2, tsc, tscinvbit
CPU Model and flags from /proc/cpuinfo:
model name	: Intel(R) Core(TM) i7-9750H CPU @ 2.60GHz
flags		: fpu vme de pse tsc msr pae mce cx8 apic sep mtrr pge mca cmov pat pse36 clflush mmx fxsr sse sse2 ht syscall nx rdtscp lm constant_tsc rep_good nopl xtopology nonstop_tsc cpuid tsc_known_freq pni ssse3 pcid sse4_1 sse4_2 hypervisor lahf_lm invpcid_single pti fsgsbase invpcid md_clear flush_l1d arch_capabilities

Memory: 4k page, physical 4038492k(834676k free), swap 2097148k(2097148k free)

vm_info: OpenJDK 64-Bit Server VM (11.0.8+10-post-Ubuntu-0ubuntu118.04.1) for linux-amd64 JRE (11.0.8+10-post-Ubuntu-0ubuntu118.04.1), built on Jul 15 2020 20:45:24 by "unknown" with gcc 7.5.0

END.
