#
# A fatal error has been detected by the Java Runtime Environment:
#
#  SIGSEGV (0xb) at pc=0x00007f5b584117a4, pid=27566, tid=27633
#
# JRE version: OpenJDK Runtime Environment (11.0.8+10) (build 11.0.8+10-post-Ubuntu-0ubuntu118.04.1)
# Java VM: OpenJDK 64-Bit Server VM (11.0.8+10-post-Ubuntu-0ubuntu118.04.1, mixed mode, sharing, tiered, compressed oops, g1 gc, linux-amd64)
# Problematic frame:
# J 842 c2 java.util.HashMap.getNode(ILjava/lang/Object;)Ljava/util/HashMap$Node; java.base@11.0.8 (148 bytes) @ 0x00007f5b584117a4 [0x00007f5b58411760+0x0000000000000044]
#
# Core dump will be written. Default location: Core dumps may be processed with "/usr/share/apport/apport %p %s %c %d %P %E" (or dumping to /home/dcl/Documents/project/CS451-2020-project/core.27566)
#
# If you would like to submit a bug report, please visit:
#   https://bugs.launchpad.net/ubuntu/+source/openjdk-lts
#

---------------  S U M M A R Y ------------

Command Line: /home/dcl/Documents/project/CS451-2020-project/template_java/bin/da_proc.jar --id 3 --hosts /tmp/tmpzjb5uqbr --barrier localhost:10000 --signal localhost:11000 --output /home/dcl/Documents/project/CS451-2020-project/template_java/outputs/proc03.output /tmp/tmpl1povtr9

Host: Intel(R) Core(TM) i7-9750H CPU @ 2.60GHz, 6 cores, 3G, Ubuntu 18.04.5 LTS
Time: Wed Nov 11 23:22:09 2020 CET elapsed time: 24 seconds (0d 0h 0m 24s)

---------------  T H R E A D  ---------------

Current thread (0x00007f5b682ab800):  JavaThread "CUSTOM_handler_receiver_thread" [_thread_in_Java, id=27633, stack(0x00007f5b137f8000,0x00007f5b138f9000)]

Stack: [0x00007f5b137f8000,0x00007f5b138f9000],  sp=0x00007f5b138f7780,  free space=1021k
Native frames: (J=compiled Java code, A=aot compiled Java code, j=interpreted, Vv=VM code, C=native code)
J 842 c2 java.util.HashMap.getNode(ILjava/lang/Object;)Ljava/util/HashMap$Node; java.base@11.0.8 (148 bytes) @ 0x00007f5b584117a4 [0x00007f5b58411760+0x0000000000000044]
J 1114 c2 cs451.layers.TransportLayer.receive(Lcs451/utils/Packet;)V (69 bytes) @ 0x00007f5b5845039c [0x00007f5b5844fb80+0x000000000000081c]
j  cs451.layers.GroundLayer.handleReceivedPacketThreadFunction()V+28
j  cs451.layers.GroundLayer.lambda$start$1()V+0
j  cs451.layers.GroundLayer$$Lambda$28.run()V+0
j  java.lang.Thread.run()V+11 java.base@11.0.8
v  ~StubRoutines::call_stub
V  [libjvm.so+0x84eb09]
V  [libjvm.so+0x84cc4d]
V  [libjvm.so+0x8f6c9c]
V  [libjvm.so+0xd8996f]
V  [libjvm.so+0xd860bf]
V  [libjvm.so+0xbd632e]


siginfo: si_signo: 11 (SIGSEGV), si_code: 1 (SEGV_MAPERR), si_addr: 0x0000000000000024

Register to memory mapping:

RAX=0x0000000014666c12 is an unknown value
RBX=0x00000000c4900000 points into unknown readable memory: 01 00 00 00 00 00 00 00
RCX=0x00000000c6d0ad58 is an oop: cs451.utils.Message 
{0x00000000c6d0ad58} - klass: 'cs451/utils/Message'
RDX=0x0000000014667874 is an unknown value
RSP=0x00007f5b138f7780 is pointing into the stack for thread: 0x00007f5b682ab800
RBP=0x00000000c6d0cbe8 is an oop: cs451.utils.Packet 
{0x00000000c6d0cbe8} - klass: 'cs451/utils/Packet'
RSI=0x0 is NULL
RDI=0x00000000c4fb9ff0 points into unknown readable memory: 0d 00 00 00 00 00 00 00
R8 =
[error occurred during error reporting (printing register info), id 0xb, SIGSEGV (0xb) at pc=0x00007f5b70f4789d]

Registers:
RAX=0x0000000014666c12, RBX=0x00000000c4900000, RCX=0x00000000c6d0ad58, RDX=0x0000000014667874
RSP=0x00007f5b138f7780, RBP=0x00000000c6d0cbe8, RSI=0x0000000000000000, RDI=0x00000000c4fb9ff0
R8 =0x00000000c6d0ae08, R9 =0x0000000000000000, R10=0x00000000c6d0adf0, R11=0x00000000c4fb9ff0
R12=0x0000000000000000, R13=0x0000000000000002, R14=0x0000000000000001, R15=0x00007f5b682ab800
RIP=0x00007f5b584117a4, EFLAGS=0x0000000000010202, CSGSFS=0x002b000000000033, ERR=0x0000000000000004
  TRAPNO=0x000000000000000e

Top of Stack: (sp=0x00007f5b138f7780)
0x00007f5b138f7780:   0000000014667874 00000000c6d0ad58
0x00007f5b138f7790:   00000000c4ed8750 00000000c4ed8750
0x00007f5b138f77a0:   00000000c4fb9fb0 00007f5b6d8b8000
0x00007f5b138f77b0:   000000005fac6411 00000000000c707f 

Instructions: (pc=0x00007f5b584117a4)
0x00007f5b584116a4:   5b 7f 00 00 b0 07 00 00 ff ff ff ff d0 01 00 00
0x00007f5b584116b4:   b0 07 00 00 c8 07 00 00 d0 07 00 00 00 00 00 00
0x00007f5b584116c4:   d0 09 00 00 10 0b 00 00 18 0b 00 00 30 0b 00 00
0x00007f5b584116d4:   58 0b 00 00 30 00 00 00 4a 03 00 00 04 00 00 00
0x00007f5b584116e4:   00 00 00 00 02 00 00 00 00 00 00 00 00 00 00 00
0x00007f5b584116f4:   00 00 00 00 e0 01 00 00 ff ff ff ff ff ff ff ff
0x00007f5b58411704:   00 00 00 00 1b 60 77 a0 1f b0 0a f0 22 24 02 f0
0x00007f5b58411714:   1b cc 03 f0 32 cc 03 f0 14 cc 6b 65 04 f0 05 cc
0x00007f5b58411724:   04 f0 2a cc 21 65 30 64 1c 64 24 64 1c 64 28 64
0x00007f5b58411734:   30 64 1c 64 20 64 28 64 1c 64 1c 64 0d 64 1f 64
0x00007f5b58411744:   1c 64 10 64 19 00 00 64 0f 64 00 00 00 00 00 00
0x00007f5b58411754:   00 00 00 00 00 00 00 00 00 00 00 00 44 8b 56 08
0x00007f5b58411764:   49 c1 e2 03 49 bc 00 00 00 00 08 00 00 00 4d 03
0x00007f5b58411774:   d4 4d 33 e4 49 3b c2 0f 85 ff 49 51 f8 66 66 90
0x00007f5b58411784:   0f 1f 84 00 00 00 00 00 66 66 66 90 89 84 24 00
0x00007f5b58411794:   c0 fe ff 55 48 83 ec 40 48 89 4c 24 08 89 14 24
0x00007f5b584117a4:   44 8b 5e 24 45 85 db 74 52 45 8b 43 0c 45 85 c0
0x00007f5b584117b4:   0f 86 7f 03 00 00 41 ff c8 44 23 c2 47 8b 54 83
0x00007f5b584117c4:   10 45 85 d2 74 35 45 8b 5a 0c 44 3b da 75 6e 45
0x00007f5b584117d4:   8b 5a 10 49 8b ea 49 8b d3 48 3b d1 75 33 4c 8b
0x00007f5b584117e4:   c5 eb 1b 45 8b 50 18 4d 8b 9f 08 01 00 00 41 85
0x00007f5b584117f4:   03 45 85 d2 74 05 4d 8b c2 eb 5c 45 33 c0 49 8b
0x00007f5b58411804:   c0 48 83 c4 40 5d 4d 8b 97 08 01 00 00 41 85 02
0x00007f5b58411814:   c3 48 85 c9 0f 84 66 03 00 00 44 89 54 24 04 48
0x00007f5b58411824:   8b f1 66 66 90 48 b8 b8 b4 08 40 08 00 00 00 e8
0x00007f5b58411834:   88 a8 03 00 85 c0 75 a6 44 8b 54 24 04 45 8b 42
0x00007f5b58411844:   18 45 85 c0 74 b5 45 8b 4a 08 41 81 f9 54 bb 05
0x00007f5b58411854:   00 0f 84 09 03 00 00 45 8b 50 0c 44 3b 14 24 0f
0x00007f5b58411864:   85 7e ff ff ff 45 8b 58 10 4d 8b cb 4c 3b 4c 24
0x00007f5b58411874:   08 74 8b 48 8b 54 24 08 44 8b 52 08 41 81 fa 4f
0x00007f5b58411884:   16 01 08 0f 85 77 01 00 00 4c 8b ca 45 8b 53 08
0x00007f5b58411894:   41 81 fa 4f 16 01 08 0f 85 fb 03 00 00 4d 8b 51 


Stack slot to memory mapping:
stack at sp + 0 slots: 0x0000000014667874 is an unknown value
stack at sp + 1 slots: 0x00000000c6d0ad58 is an oop: cs451.utils.Message 
{0x00000000c6d0ad58} - klass: 'cs451/utils/Message'
stack at sp + 2 slots: 0x00000000c4ed8750 points into unknown readable memory: 0d 00 00 00 00 00 00 00
stack at sp + 3 slots: 0x00000000c4ed8750 points into unknown readable memory: 0d 00 00 00 00 00 00 00
stack at sp + 4 slots: 0x00000000c4fb9fb0 points into unknown readable memory: 0d 00 00 00 00 00 00 00
stack at sp + 5 slots: 0x00007f5b6d8b8000 is an unknown value
stack at sp + 6 slots: 0x000000005fac6411 is an unknown value
stack at sp + 7 slots: 0x00000000000c707f is an unknown value



---------------  P R O C E S S  ---------------

Threads class SMR info:
_java_thread_list=0x00007f5ad4002880, length=17, elements={
0x00007f5b68016800, 0x00007f5b6812a800, 0x00007f5b6812c800, 0x00007f5b68134000,
0x00007f5b68136000, 0x00007f5b68138000, 0x00007f5b6813a000, 0x00007f5b68185000,
0x00007f5b6818a800, 0x00007f5b68282000, 0x00007f5b68292800, 0x00007f5b6829c800,
0x00007f5b6829f800, 0x00007f5b682a1800, 0x00007f5b682a3000, 0x00007f5b682aa000,
0x00007f5b682ab800
}

Java Threads: ( => current thread )
  0x00007f5b68016800 JavaThread "CUSTOM_main_sender_thread" [_thread_blocked, id=27572, stack(0x00007f5b728cf000,0x00007f5b729d0000)]
  0x00007f5b6812a800 JavaThread "Reference Handler" daemon [_thread_blocked, id=27599, stack(0x00007f5b6c0e4000,0x00007f5b6c1e5000)]
  0x00007f5b6812c800 JavaThread "Finalizer" daemon [_thread_blocked, id=27600, stack(0x00007f5b50001000,0x00007f5b50102000)]
  0x00007f5b68134000 JavaThread "Signal Dispatcher" daemon [_thread_blocked, id=27601, stack(0x00007f5b48c67000,0x00007f5b48d68000)]
  0x00007f5b68136000 JavaThread "C2 CompilerThread0" daemon [_thread_blocked, id=27602, stack(0x00007f5b48b66000,0x00007f5b48c67000)]
  0x00007f5b68138000 JavaThread "C1 CompilerThread0" daemon [_thread_blocked, id=27603, stack(0x00007f5b48a65000,0x00007f5b48b66000)]
  0x00007f5b6813a000 JavaThread "Sweeper thread" daemon [_thread_blocked, id=27604, stack(0x00007f5b48964000,0x00007f5b48a65000)]
  0x00007f5b68185000 JavaThread "Service Thread" daemon [_thread_blocked, id=27608, stack(0x00007f5b48863000,0x00007f5b48964000)]
  0x00007f5b6818a800 JavaThread "Common-Cleaner" daemon [_thread_blocked, id=27612, stack(0x00007f5b48660000,0x00007f5b48761000)]
  0x00007f5b68282000 JavaThread "CUSTOM_gc_process_timer" [_thread_blocked, id=27624, stack(0x00007f5b13eff000,0x00007f5b14000000)]
  0x00007f5b68292800 JavaThread "CUSTOM_gc_transport_timer" [_thread_blocked, id=27625, stack(0x00007f5b13dfe000,0x00007f5b13eff000)]
  0x00007f5b6829c800 JavaThread "CUSTOM_gc_ublayer_timer" [_thread_blocked, id=27626, stack(0x00007f5b13cfd000,0x00007f5b13dfe000)]
  0x00007f5b6829f800 JavaThread "CUSTOM_ping_sender_timer" [_thread_blocked, id=27627, stack(0x00007f5b13bfc000,0x00007f5b13cfd000)]
  0x00007f5b682a1800 JavaThread "CUSTOM_resending_transport_1_timer" [_thread_blocked, id=27628, stack(0x00007f5b13afb000,0x00007f5b13bfc000)]
  0x00007f5b682a3000 JavaThread "CUSTOM__sender_thread" [_thread_blocked, id=27629, stack(0x00007f5b139fa000,0x00007f5b13afb000)]
  0x00007f5b682aa000 JavaThread "CUSTOM_udp_receiver_thread" [_thread_in_native, id=27631, stack(0x00007f5b138f9000,0x00007f5b139fa000)]
=>0x00007f5b682ab800 JavaThread "CUSTOM_handler_receiver_thread" [_thread_in_Java, id=27633, stack(0x00007f5b137f8000,0x00007f5b138f9000)]

Other Threads:
  0x00007f5b68127800 VMThread "VM Thread" [stack: 0x00007f5b6c1e7000,0x00007f5b6c2e7000] [id=27597]
  0x00007f5b68187800 WatcherThread [stack: 0x00007f5b48763000,0x00007f5b48863000] [id=27609]
  0x00007f5b6802f000 GCTaskThread "GC Thread#0" [stack: 0x00007f5b6e8ad000,0x00007f5b6e9ad000] [id=27579]
  0x00007f5b38001000 GCTaskThread "GC Thread#1" [stack: 0x00007f5b135f7000,0x00007f5b136f7000] [id=27658]
  0x00007f5b38002000 GCTaskThread "GC Thread#2" [stack: 0x00007f5b134f5000,0x00007f5b135f5000] [id=27659]
  0x00007f5b38003800 GCTaskThread "GC Thread#3" [stack: 0x00007f5b133f3000,0x00007f5b134f3000] [id=27660]
  0x00007f5b38005000 GCTaskThread "GC Thread#4" [stack: 0x00007f5b132f1000,0x00007f5b133f1000] [id=27661]
  0x00007f5b38006800 GCTaskThread "GC Thread#5" [stack: 0x00007f5b131ef000,0x00007f5b132ef000] [id=27662]
  0x00007f5b6804a800 ConcurrentGCThread "G1 Main Marker" [stack: 0x00007f5b6cc76000,0x00007f5b6cd76000] [id=27580]
  0x00007f5b6804c800 ConcurrentGCThread "G1 Conc#0" [stack: 0x00007f5b6cb74000,0x00007f5b6cc74000] [id=27583]
  0x00007f5b44001000 ConcurrentGCThread "G1 Conc#1" [stack: 0x00007f5b130ed000,0x00007f5b131ed000] [id=27663]
  0x00007f5b68098000 ConcurrentGCThread "G1 Refine#0" [stack: 0x00007f5b6c46c000,0x00007f5b6c56c000] [id=27584]
  0x00007f5b6809a000 ConcurrentGCThread "G1 Young RemSet Sampling" [stack: 0x00007f5b6c36a000,0x00007f5b6c46a000] [id=27585]

Threads with active compile tasks:

VM state:not at safepoint (normal execution)

VM Mutex/Monitor currently owned by a thread: None

Heap address: 0x00000000c2600000, size: 986 MB, Compressed Oops mode: 32-bit
Narrow klass base: 0x0000000800000000, Narrow klass shift: 3
Compressed class space size: 1073741824 Address: 0x0000000840000000

Heap:
 garbage-first heap   total 77824K, used 73732K [0x00000000c2600000, 0x0000000100000000)
  region size 1024K, 2 young (2048K), 1 survivors (1024K)
 Metaspace       used 3053K, capacity 5557K, committed 5632K, reserved 1056768K
  class space    used 358K, capacity 712K, committed 768K, reserved 1048576K
Heap Regions: E=young(eden), S=young(survivor), O=old, HS=humongous(starts), HC=humongous(continues), CS=collection set, F=free, A=archive, TAMS=top-at-mark-start (previous, next)
|   0|0x00000000c2600000, 0x00000000c2700000, 0x00000000c2700000|100%|HS|  |TAMS 0x00000000c2700000, 0x00000000c2600000| Complete 
|   1|0x00000000c2700000, 0x00000000c2800000, 0x00000000c2800000|100%|HC|  |TAMS 0x00000000c2800000, 0x00000000c2700000| Complete 
|   2|0x00000000c2800000, 0x00000000c2900000, 0x00000000c2900000|100%|HC|  |TAMS 0x00000000c2900000, 0x00000000c2800000| Complete 
|   3|0x00000000c2900000, 0x00000000c2a00000, 0x00000000c2a00000|100%|HC|  |TAMS 0x00000000c2a00000, 0x00000000c2900000| Complete 
|   4|0x00000000c2a00000, 0x00000000c2b00000, 0x00000000c2b00000|100%|HC|  |TAMS 0x00000000c2b00000, 0x00000000c2a00000| Complete 
|   5|0x00000000c2b00000, 0x00000000c2c00000, 0x00000000c2c00000|100%|HC|  |TAMS 0x00000000c2c00000, 0x00000000c2b00000| Complete 
|   6|0x00000000c2c00000, 0x00000000c2d00000, 0x00000000c2d00000|100%|HC|  |TAMS 0x00000000c2d00000, 0x00000000c2c00000| Complete 
|   7|0x00000000c2d00000, 0x00000000c2e00000, 0x00000000c2e00000|100%|HC|  |TAMS 0x00000000c2e00000, 0x00000000c2d00000| Complete 
|   8|0x00000000c2e00000, 0x00000000c2f00000, 0x00000000c2f00000|100%|HS|  |TAMS 0x00000000c2f00000, 0x00000000c2e00000| Complete 
|   9|0x00000000c2f00000, 0x00000000c3000000, 0x00000000c3000000|100%|HC|  |TAMS 0x00000000c3000000, 0x00000000c2f00000| Complete 
|  10|0x00000000c3000000, 0x00000000c3100000, 0x00000000c3100000|100%|HC|  |TAMS 0x00000000c3100000, 0x00000000c3000000| Complete 
|  11|0x00000000c3100000, 0x00000000c3200000, 0x00000000c3200000|100%|HC|  |TAMS 0x00000000c3200000, 0x00000000c3100000| Complete 
|  12|0x00000000c3200000, 0x00000000c3300000, 0x00000000c3300000|100%|HC|  |TAMS 0x00000000c3300000, 0x00000000c3200000| Complete 
|  13|0x00000000c3300000, 0x00000000c3400000, 0x00000000c3400000|100%|HC|  |TAMS 0x00000000c3400000, 0x00000000c3300000| Complete 
|  14|0x00000000c3400000, 0x00000000c3500000, 0x00000000c3500000|100%|HC|  |TAMS 0x00000000c3500000, 0x00000000c3400000| Complete 
|  15|0x00000000c3500000, 0x00000000c3600000, 0x00000000c3600000|100%|HC|  |TAMS 0x00000000c3600000, 0x00000000c3500000| Complete 
|  16|0x00000000c3600000, 0x00000000c3700000, 0x00000000c3700000|100%|HC|  |TAMS 0x00000000c3700000, 0x00000000c3600000| Complete 
|  17|0x00000000c3700000, 0x00000000c3800000, 0x00000000c3800000|100%|HS|  |TAMS 0x00000000c3800000, 0x00000000c3700000| Complete 
|  18|0x00000000c3800000, 0x00000000c3900000, 0x00000000c3900000|100%|HC|  |TAMS 0x00000000c3900000, 0x00000000c3800000| Complete 
|  19|0x00000000c3900000, 0x00000000c3a00000, 0x00000000c3a00000|100%|HC|  |TAMS 0x00000000c3a00000, 0x00000000c3900000| Complete 
|  20|0x00000000c3a00000, 0x00000000c3b00000, 0x00000000c3b00000|100%|HC|  |TAMS 0x00000000c3b00000, 0x00000000c3a00000| Complete 
|  21|0x00000000c3b00000, 0x00000000c3c00000, 0x00000000c3c00000|100%|HC|  |TAMS 0x00000000c3c00000, 0x00000000c3b00000| Complete 
|  22|0x00000000c3c00000, 0x00000000c3d00000, 0x00000000c3d00000|100%|HC|  |TAMS 0x00000000c3d00000, 0x00000000c3c00000| Complete 
|  23|0x00000000c3d00000, 0x00000000c3e00000, 0x00000000c3e00000|100%|HC|  |TAMS 0x00000000c3e00000, 0x00000000c3d00000| Complete 
|  24|0x00000000c3e00000, 0x00000000c3f00000, 0x00000000c3f00000|100%|HC|  |TAMS 0x00000000c3f00000, 0x00000000c3e00000| Complete 
|  25|0x00000000c3f00000, 0x00000000c4000000, 0x00000000c4000000|100%|HC|  |TAMS 0x00000000c4000000, 0x00000000c3f00000| Complete 
|  26|0x00000000c4000000, 0x00000000c4100000, 0x00000000c4100000|100%|HS|  |TAMS 0x00000000c4100000, 0x00000000c4000000| Complete 
|  27|0x00000000c4100000, 0x00000000c4200000, 0x00000000c4200000|100%|HC|  |TAMS 0x00000000c4200000, 0x00000000c4100000| Complete 
|  28|0x00000000c4200000, 0x00000000c4300000, 0x00000000c4300000|100%|HC|  |TAMS 0x00000000c4300000, 0x00000000c4200000| Complete 
|  29|0x00000000c4300000, 0x00000000c4400000, 0x00000000c4400000|100%|HC|  |TAMS 0x00000000c4400000, 0x00000000c4300000| Complete 
|  30|0x00000000c4400000, 0x00000000c4500000, 0x00000000c4500000|100%|HC|  |TAMS 0x00000000c4500000, 0x00000000c4400000| Complete 
|  31|0x00000000c4500000, 0x00000000c4600000, 0x00000000c4600000|100%|HC|  |TAMS 0x00000000c4600000, 0x00000000c4500000| Complete 
|  32|0x00000000c4600000, 0x00000000c4700000, 0x00000000c4700000|100%|HC|  |TAMS 0x00000000c4700000, 0x00000000c4600000| Complete 
|  33|0x00000000c4700000, 0x00000000c4800000, 0x00000000c4800000|100%|HC|  |TAMS 0x00000000c4800000, 0x00000000c4700000| Complete 
|  34|0x00000000c4800000, 0x00000000c4900000, 0x00000000c4900000|100%|HC|  |TAMS 0x00000000c4900000, 0x00000000c4800000| Complete 
|  35|0x00000000c4900000, 0x00000000c4a00000, 0x00000000c4a00000|100%|HS|  |TAMS 0x00000000c4a00000, 0x00000000c4900000| Complete 
|  36|0x00000000c4a00000, 0x00000000c4b00000, 0x00000000c4b00000|100%|HC|  |TAMS 0x00000000c4b00000, 0x00000000c4a00000| Complete 
|  37|0x00000000c4b00000, 0x00000000c4c00000, 0x00000000c4c00000|100%|HC|  |TAMS 0x00000000c4c00000, 0x00000000c4b00000| Complete 
|  38|0x00000000c4c00000, 0x00000000c4d00000, 0x00000000c4d00000|100%|HC|  |TAMS 0x00000000c4d00000, 0x00000000c4c00000| Complete 
|  39|0x00000000c4d00000, 0x00000000c4e00000, 0x00000000c4e00000|100%|HC|  |TAMS 0x00000000c4e00000, 0x00000000c4d00000| Complete 
|  40|0x00000000c4e00000, 0x00000000c4f00000, 0x00000000c4f00000|100%| O|  |TAMS 0x00000000c4f00000, 0x00000000c4e00000| Untracked 
|  41|0x00000000c4f00000, 0x00000000c5000000, 0x00000000c5000000|100%| O|  |TAMS 0x00000000c5000000, 0x00000000c4f00000| Untracked 
|  42|0x00000000c5000000, 0x00000000c5100000, 0x00000000c5100000|100%|HS|  |TAMS 0x00000000c5100000, 0x00000000c5000000| Complete 
|  43|0x00000000c5100000, 0x00000000c5200000, 0x00000000c5200000|100%|HC|  |TAMS 0x00000000c5200000, 0x00000000c5100000| Complete 
|  44|0x00000000c5200000, 0x00000000c5300000, 0x00000000c5300000|100%|HC|  |TAMS 0x00000000c5300000, 0x00000000c5200000| Complete 
|  45|0x00000000c5300000, 0x00000000c5400000, 0x00000000c5400000|100%|HC|  |TAMS 0x00000000c5400000, 0x00000000c5300000| Complete 
|  46|0x00000000c5400000, 0x00000000c5500000, 0x00000000c5500000|100%|HC|  |TAMS 0x00000000c5500000, 0x00000000c5400000| Complete 
|  47|0x00000000c5500000, 0x00000000c5600000, 0x00000000c5600000|100%|HC|  |TAMS 0x00000000c5600000, 0x00000000c5500000| Complete 
|  48|0x00000000c5600000, 0x00000000c5700000, 0x00000000c5700000|100%|HC|  |TAMS 0x00000000c5700000, 0x00000000c5600000| Complete 
|  49|0x00000000c5700000, 0x00000000c5800000, 0x00000000c5800000|100%|HC|  |TAMS 0x00000000c5800000, 0x00000000c5700000| Complete 
|  50|0x00000000c5800000, 0x00000000c5900000, 0x00000000c5900000|100%|HC|  |TAMS 0x00000000c5900000, 0x00000000c5800000| Complete 
|  51|0x00000000c5900000, 0x00000000c5a00000, 0x00000000c5a00000|100%|HS|  |TAMS 0x00000000c5a00000, 0x00000000c5900000| Complete 
|  52|0x00000000c5a00000, 0x00000000c5b00000, 0x00000000c5b00000|100%|HC|  |TAMS 0x00000000c5b00000, 0x00000000c5a00000| Complete 
|  53|0x00000000c5b00000, 0x00000000c5c00000, 0x00000000c5c00000|100%|HC|  |TAMS 0x00000000c5c00000, 0x00000000c5b00000| Complete 
|  54|0x00000000c5c00000, 0x00000000c5d00000, 0x00000000c5d00000|100%|HC|  |TAMS 0x00000000c5d00000, 0x00000000c5c00000| Complete 
|  55|0x00000000c5d00000, 0x00000000c5e00000, 0x00000000c5e00000|100%|HC|  |TAMS 0x00000000c5e00000, 0x00000000c5d00000| Complete 
|  56|0x00000000c5e00000, 0x00000000c5f00000, 0x00000000c5f00000|100%| O|  |TAMS 0x00000000c5f00000, 0x00000000c5e00000| Untracked 
|  57|0x00000000c5f00000, 0x00000000c6000000, 0x00000000c6000000|100%| O|  |TAMS 0x00000000c6000000, 0x00000000c5f00000| Untracked 
|  58|0x00000000c6000000, 0x00000000c60b1588, 0x00000000c6100000| 69%| S|CS|TAMS 0x00000000c6000000, 0x00000000c6000000| Complete 
|  59|0x00000000c6100000, 0x00000000c6200000, 0x00000000c6200000|100%|HS|  |TAMS 0x00000000c6200000, 0x00000000c6100000| Complete 
|  60|0x00000000c6200000, 0x00000000c6300000, 0x00000000c6300000|100%|HC|  |TAMS 0x00000000c6300000, 0x00000000c6200000| Complete 
|  61|0x00000000c6300000, 0x00000000c6400000, 0x00000000c6400000|100%|HC|  |TAMS 0x00000000c6400000, 0x00000000c6300000| Complete 
|  62|0x00000000c6400000, 0x00000000c6500000, 0x00000000c6500000|100%|HC|  |TAMS 0x00000000c6500000, 0x00000000c6400000| Complete 
|  63|0x00000000c6500000, 0x00000000c6600000, 0x00000000c6600000|100%|HC|  |TAMS 0x00000000c6600000, 0x00000000c6500000| Complete 
|  64|0x00000000c6600000, 0x00000000c6600000, 0x00000000c6700000|  0%| F|  |TAMS 0x00000000c6600000, 0x00000000c6600000| Untracked 
|  65|0x00000000c6700000, 0x00000000c6700000, 0x00000000c6800000|  0%| F|  |TAMS 0x00000000c6700000, 0x00000000c6700000| Untracked 
|  66|0x00000000c6800000, 0x00000000c6900000, 0x00000000c6900000|100%|HS|  |TAMS 0x00000000c6900000, 0x00000000c6800000| Complete 
|  67|0x00000000c6900000, 0x00000000c6a00000, 0x00000000c6a00000|100%|HC|  |TAMS 0x00000000c6a00000, 0x00000000c6900000| Complete 
|  68|0x00000000c6a00000, 0x00000000c6b00000, 0x00000000c6b00000|100%|HC|  |TAMS 0x00000000c6b00000, 0x00000000c6a00000| Complete 
|  69|0x00000000c6b00000, 0x00000000c6c00000, 0x00000000c6c00000|100%|HC|  |TAMS 0x00000000c6c00000, 0x00000000c6b00000| Complete 
|  70|0x00000000c6c00000, 0x00000000c6d00000, 0x00000000c6d00000|100%|HC|  |TAMS 0x00000000c6d00000, 0x00000000c6c00000| Complete 
|  71|0x00000000c6d00000, 0x00000000c6d14660, 0x00000000c6e00000|  7%| E|  |TAMS 0x00000000c6d00000, 0x00000000c6d00000| Complete 
|  72|0x00000000c6e00000, 0x00000000c6f00000, 0x00000000c6f00000|100%| O|  |TAMS 0x00000000c6f00000, 0x00000000c6e00000| Untracked 
|  73|0x00000000c6f00000, 0x00000000c7000000, 0x00000000c7000000|100%| O|  |TAMS 0x00000000c7000000, 0x00000000c6f00000| Untracked 
|  74|0x00000000c7000000, 0x00000000c7100000, 0x00000000c7100000|100%| O|  |TAMS 0x00000000c70ee000, 0x00000000c7000000| Untracked 
|  75|0x00000000c7100000, 0x00000000c714fc00, 0x00000000c7200000| 31%| O|  |TAMS 0x00000000c7100000, 0x00000000c7100000| Untracked 

Card table byte_map: [0x00007f5b6decb000,0x00007f5b6e0b8000] _byte_map_base: 0x00007f5b6d8b8000

Marking Bits (Prev, Next): (CMBitMap*) 0x00007f5b68045b10, (CMBitMap*) 0x00007f5b68045ad8
 Prev Bits: [0x00007f5b4b098000, 0x00007f5b4c000000)
 Next Bits: [0x00007f5b6cd76000, 0x00007f5b6dcde000)

Polling page: 0x00007f5b729e4000

Metaspace:

Usage:
  Non-class:      4.73 MB capacity,     2.63 MB ( 56%) used,     2.07 MB ( 44%) free+waste,    33.00 KB ( <1%) overhead. 
      Class:    712.00 KB capacity,   358.54 KB ( 50%) used,   335.15 KB ( 47%) free+waste,    18.31 KB (  3%) overhead. 
       Both:      5.43 MB capacity,     2.98 MB ( 55%) used,     2.39 MB ( 44%) free+waste,    51.31 KB ( <1%) overhead. 

Virtual space:
  Non-class space:        8.00 MB reserved,       4.75 MB ( 59%) committed 
      Class space:        1.00 GB reserved,     768.00 KB ( <1%) committed 
             Both:        1.01 GB reserved,       5.50 MB ( <1%) committed 

Chunk freelists:
   Non-Class:  0 bytes
       Class:  0 bytes
        Both:  0 bytes

MaxMetaspaceSize: unlimited
CompressedClassSpaceSize: 1.00 GB

CodeHeap 'non-profiled nmethods': size=120032Kb used=750Kb max_used=750Kb free=119281Kb
 bounds [0x00007f5b583ca000, 0x00007f5b5863a000, 0x00007f5b5f902000]
CodeHeap 'profiled nmethods': size=120032Kb used=2078Kb max_used=2078Kb free=117953Kb
 bounds [0x00007f5b50e92000, 0x00007f5b51102000, 0x00007f5b583ca000]
CodeHeap 'non-nmethods': size=5696Kb used=1105Kb max_used=1151Kb free=4590Kb
 bounds [0x00007f5b50902000, 0x00007f5b50b72000, 0x00007f5b50e92000]
 total_blobs=1622 nmethods=1178 adapters=358
 compilation: enabled
              stopped_count=0, restarted_count=0
 full_count=0

Compilation events (20 events):
Event: 21.789 Thread 0x00007f5b68138000 1169       3       java.util.regex.Matcher::reset (128 bytes)
Event: 21.797 Thread 0x00007f5b68138000 nmethod 1169 0x00007f5b51094210 code [0x00007f5b51094420, 0x00007f5b510949f0]
Event: 21.797 Thread 0x00007f5b68138000 1173       3       java.lang.StackStreamFactory$AbstractStackWalker::peekFrame (132 bytes)
Event: 21.798 Thread 0x00007f5b68136000 1175       4       java.lang.Class::getName (18 bytes)
Event: 21.798 Thread 0x00007f5b68138000 nmethod 1173 0x00007f5b51094c10 code [0x00007f5b51094e80, 0x00007f5b510957c0]
Event: 21.798 Thread 0x00007f5b68138000 1172       3       java.lang.StackStreamFactory$AbstractStackWalker::hasNext (13 bytes)
Event: 21.798 Thread 0x00007f5b68138000 nmethod 1172 0x00007f5b51095b10 code [0x00007f5b51095cc0, 0x00007f5b51095e60]
Event: 21.799 Thread 0x00007f5b68138000 1174       3       java.lang.StackStreamFactory$FrameBuffer::get (58 bytes)
Event: 21.799 Thread 0x00007f5b68136000 nmethod 1175 0x00007f5b58484610 code [0x00007f5b584847a0, 0x00007f5b58484848]
Event: 21.799 Thread 0x00007f5b68138000 nmethod 1174 0x00007f5b51095f10 code [0x00007f5b510961c0, 0x00007f5b51096d60]
Event: 21.799 Thread 0x00007f5b68138000 1170       3       java.time.temporal.ChronoField::checkValidValue (10 bytes)
Event: 21.799 Thread 0x00007f5b68138000 nmethod 1170 0x00007f5b51097110 code [0x00007f5b51097300, 0x00007f5b510976d0]
Event: 21.799 Thread 0x00007f5b68138000 1171       3       java.time.temporal.ValueRange::checkValidValue (24 bytes)
Event: 21.799 Thread 0x00007f5b68138000 nmethod 1171 0x00007f5b51097890 code [0x00007f5b51097a80, 0x00007f5b51097db0]
Event: 22.786 Thread 0x00007f5b68136000 1176   !   4       java.util.Collections$SynchronizedCollection::add (25 bytes)
Event: 22.794 Thread 0x00007f5b68136000 nmethod 1176 0x00007f5b58484910 code [0x00007f5b58484ae0, 0x00007f5b58485498]
Event: 23.790 Thread 0x00007f5b68138000 1177       3       java.lang.StackStreamFactory$AbstractStackWalker::checkState (163 bytes)
Event: 23.791 Thread 0x00007f5b68138000 nmethod 1177 0x00007f5b51097f10 code [0x00007f5b51098200, 0x00007f5b51098fc0]
Event: 23.791 Thread 0x00007f5b68138000 1178       3       java.util.regex.Matcher::start (22 bytes)
Event: 23.792 Thread 0x00007f5b68138000 nmethod 1178 0x00007f5b51099490 code [0x00007f5b51099660, 0x00007f5b51099820]

GC Heap History (20 events):
Event: 18.424 GC heap before
{Heap before GC invocations=28 (full 0):
 garbage-first heap   total 75776K, used 73436K [0x00000000c2600000, 0x0000000100000000)
  region size 1024K, 3 young (3072K), 1 survivors (1024K)
 Metaspace       used 3038K, capacity 5557K, committed 5632K, reserved 1056768K
  class space    used 358K, capacity 712K, committed 768K, reserved 1048576K
}
Event: 18.427 GC heap after
{Heap after GC invocations=29 (full 0):
 garbage-first heap   total 75776K, used 71617K [0x00000000c2600000, 0x0000000100000000)
  region size 1024K, 1 young (1024K), 1 survivors (1024K)
 Metaspace       used 3038K, capacity 5557K, committed 5632K, reserved 1056768K
  class space    used 358K, capacity 712K, committed 768K, reserved 1048576K
}
Event: 19.004 GC heap before
{Heap before GC invocations=30 (full 0):
 garbage-first heap   total 75776K, used 73665K [0x00000000c2600000, 0x0000000100000000)
  region size 1024K, 3 young (3072K), 1 survivors (1024K)
 Metaspace       used 3040K, capacity 5557K, committed 5632K, reserved 1056768K
  class space    used 358K, capacity 712K, committed 768K, reserved 1048576K
}
Event: 19.019 GC heap after
{Heap after GC invocations=31 (full 0):
 garbage-first heap   total 75776K, used 71763K [0x00000000c2600000, 0x0000000100000000)
  region size 1024K, 1 young (1024K), 1 survivors (1024K)
 Metaspace       used 3040K, capacity 5557K, committed 5632K, reserved 1056768K
  class space    used 358K, capacity 712K, committed 768K, reserved 1048576K
}
Event: 19.790 GC heap before
{Heap before GC invocations=31 (full 0):
 garbage-first heap   total 75776K, used 73811K [0x00000000c2600000, 0x0000000100000000)
  region size 1024K, 3 young (3072K), 1 survivors (1024K)
 Metaspace       used 3041K, capacity 5557K, committed 5632K, reserved 1056768K
  class space    used 358K, capacity 712K, committed 768K, reserved 1048576K
}
Event: 19.793 GC heap after
{Heap after GC invocations=32 (full 0):
 garbage-first heap   total 75776K, used 72057K [0x00000000c2600000, 0x0000000100000000)
  region size 1024K, 1 young (1024K), 1 survivors (1024K)
 Metaspace       used 3041K, capacity 5557K, committed 5632K, reserved 1056768K
  class space    used 358K, capacity 712K, committed 768K, reserved 1048576K
}
Event: 20.441 GC heap before
{Heap before GC invocations=33 (full 0):
 garbage-first heap   total 75776K, used 74105K [0x00000000c2600000, 0x0000000100000000)
  region size 1024K, 3 young (3072K), 1 survivors (1024K)
 Metaspace       used 3042K, capacity 5557K, committed 5632K, reserved 1056768K
  class space    used 358K, capacity 712K, committed 768K, reserved 1048576K
}
Event: 20.443 GC heap after
{Heap after GC invocations=34 (full 0):
 garbage-first heap   total 75776K, used 72300K [0x00000000c2600000, 0x0000000100000000)
  region size 1024K, 1 young (1024K), 1 survivors (1024K)
 Metaspace       used 3042K, capacity 5557K, committed 5632K, reserved 1056768K
  class space    used 358K, capacity 712K, committed 768K, reserved 1048576K
}
Event: 20.955 GC heap before
{Heap before GC invocations=34 (full 0):
 garbage-first heap   total 75776K, used 74348K [0x00000000c2600000, 0x0000000100000000)
  region size 1024K, 3 young (3072K), 1 survivors (1024K)
 Metaspace       used 3042K, capacity 5557K, committed 5632K, reserved 1056768K
  class space    used 358K, capacity 712K, committed 768K, reserved 1048576K
}
Event: 20.957 GC heap after
{Heap after GC invocations=35 (full 0):
 garbage-first heap   total 76800K, used 72478K [0x00000000c2600000, 0x0000000100000000)
  region size 1024K, 1 young (1024K), 1 survivors (1024K)
 Metaspace       used 3042K, capacity 5557K, committed 5632K, reserved 1056768K
  class space    used 358K, capacity 712K, committed 768K, reserved 1048576K
}
Event: 21.784 GC heap before
{Heap before GC invocations=36 (full 0):
 garbage-first heap   total 76800K, used 74526K [0x00000000c2600000, 0x0000000100000000)
  region size 1024K, 3 young (3072K), 1 survivors (1024K)
 Metaspace       used 3042K, capacity 5557K, committed 5632K, reserved 1056768K
  class space    used 358K, capacity 712K, committed 768K, reserved 1048576K
}
Event: 21.786 GC heap after
{Heap after GC invocations=37 (full 0):
 garbage-first heap   total 76800K, used 72739K [0x00000000c2600000, 0x0000000100000000)
  region size 1024K, 1 young (1024K), 1 survivors (1024K)
 Metaspace       used 3042K, capacity 5557K, committed 5632K, reserved 1056768K
  class space    used 358K, capacity 712K, committed 768K, reserved 1048576K
}
Event: 22.352 GC heap before
{Heap before GC invocations=37 (full 0):
 garbage-first heap   total 76800K, used 74787K [0x00000000c2600000, 0x0000000100000000)
  region size 1024K, 3 young (3072K), 1 survivors (1024K)
 Metaspace       used 3051K, capacity 5557K, committed 5632K, reserved 1056768K
  class space    used 358K, capacity 712K, committed 768K, reserved 1048576K
}
Event: 22.356 GC heap after
{Heap after GC invocations=38 (full 0):
 garbage-first heap   total 76800K, used 72989K [0x00000000c2600000, 0x0000000100000000)
  region size 1024K, 1 young (1024K), 1 survivors (1024K)
 Metaspace       used 3051K, capacity 5557K, committed 5632K, reserved 1056768K
  class space    used 358K, capacity 712K, committed 768K, reserved 1048576K
}
Event: 22.949 GC heap before
{Heap before GC invocations=39 (full 0):
 garbage-first heap   total 76800K, used 75037K [0x00000000c2600000, 0x0000000100000000)
  region size 1024K, 3 young (3072K), 1 survivors (1024K)
 Metaspace       used 3051K, capacity 5557K, committed 5632K, reserved 1056768K
  class space    used 358K, capacity 712K, committed 768K, reserved 1048576K
}
Event: 22.953 GC heap after
{Heap after GC invocations=40 (full 0):
 garbage-first heap   total 76800K, used 73189K [0x00000000c2600000, 0x0000000100000000)
  region size 1024K, 1 young (1024K), 1 survivors (1024K)
 Metaspace       used 3051K, capacity 5557K, committed 5632K, reserved 1056768K
  class space    used 358K, capacity 712K, committed 768K, reserved 1048576K
}
Event: 23.449 GC heap before
{Heap before GC invocations=40 (full 0):
 garbage-first heap   total 76800K, used 75237K [0x00000000c2600000, 0x0000000100000000)
  region size 1024K, 3 young (3072K), 1 survivors (1024K)
 Metaspace       used 3051K, capacity 5557K, committed 5632K, reserved 1056768K
  class space    used 358K, capacity 712K, committed 768K, reserved 1048576K
}
Event: 23.456 GC heap after
{Heap after GC invocations=41 (full 0):
 garbage-first heap   total 76800K, used 73502K [0x00000000c2600000, 0x0000000100000000)
  region size 1024K, 1 young (1024K), 1 survivors (1024K)
 Metaspace       used 3051K, capacity 5557K, committed 5632K, reserved 1056768K
  class space    used 358K, capacity 712K, committed 768K, reserved 1048576K
}
Event: 23.984 GC heap before
{Heap before GC invocations=42 (full 0):
 garbage-first heap   total 76800K, used 75550K [0x00000000c2600000, 0x0000000100000000)
  region size 1024K, 3 young (3072K), 1 survivors (1024K)
 Metaspace       used 3053K, capacity 5557K, committed 5632K, reserved 1056768K
  class space    used 358K, capacity 712K, committed 768K, reserved 1048576K
}
Event: 23.987 GC heap after
{Heap after GC invocations=43 (full 0):
 garbage-first heap   total 77824K, used 73732K [0x00000000c2600000, 0x0000000100000000)
  region size 1024K, 1 young (1024K), 1 survivors (1024K)
 Metaspace       used 3053K, capacity 5557K, committed 5632K, reserved 1056768K
  class space    used 358K, capacity 712K, committed 768K, reserved 1048576K
}

Deoptimization events (20 events):
Event: 11.856 Thread 0x00007f5b6829f800 Uncommon trap: trap_request=0xffffffc6 fr.pc=0x00007f5b58404a8c relative=0x000000000000004c
Event: 11.856 Thread 0x00007f5b6829f800 Uncommon trap: reason=bimorphic_or_optimized_type_check action=maybe_recompile pc=0x00007f5b58404a8c method=java.lang.String.valueOf(Ljava/lang/Object;)Ljava/lang/String; @ 10 c2
Event: 11.856 Thread 0x00007f5b6829f800 DEOPT PACKING pc=0x00007f5b58404a8c sp=0x00007f5b13cfb5a0
Event: 11.856 Thread 0x00007f5b6829f800 DEOPT UNPACKING pc=0x00007f5b5092799f sp=0x00007f5b13cfb558 mode 2
Event: 11.856 Thread 0x00007f5b6829f800 Uncommon trap: trap_request=0xffffffc6 fr.pc=0x00007f5b58404a8c relative=0x000000000000004c
Event: 11.856 Thread 0x00007f5b6829f800 Uncommon trap: reason=bimorphic_or_optimized_type_check action=maybe_recompile pc=0x00007f5b58404a8c method=java.lang.String.valueOf(Ljava/lang/Object;)Ljava/lang/String; @ 10 c2
Event: 11.856 Thread 0x00007f5b6829f800 DEOPT PACKING pc=0x00007f5b58404a8c sp=0x00007f5b13cfb5a0
Event: 11.856 Thread 0x00007f5b6829f800 DEOPT UNPACKING pc=0x00007f5b5092799f sp=0x00007f5b13cfb558 mode 2
Event: 11.856 Thread 0x00007f5b6829f800 Uncommon trap: trap_request=0xffffffc6 fr.pc=0x00007f5b58404a8c relative=0x000000000000004c
Event: 11.856 Thread 0x00007f5b6829f800 Uncommon trap: reason=bimorphic_or_optimized_type_check action=maybe_recompile pc=0x00007f5b58404a8c method=java.lang.String.valueOf(Ljava/lang/Object;)Ljava/lang/String; @ 10 c2
Event: 11.856 Thread 0x00007f5b6829f800 DEOPT PACKING pc=0x00007f5b58404a8c sp=0x00007f5b13cfb5a0
Event: 11.856 Thread 0x00007f5b6829f800 DEOPT UNPACKING pc=0x00007f5b5092799f sp=0x00007f5b13cfb558 mode 2
Event: 17.247 Thread 0x00007f5b682ab800 Uncommon trap: trap_request=0xffffff4d fr.pc=0x00007f5b5844ce78 relative=0x00000000000007f8
Event: 17.247 Thread 0x00007f5b682ab800 Uncommon trap: reason=unstable_if action=reinterpret pc=0x00007f5b5844ce78 method=java.util.HashMap.removeNode(ILjava/lang/Object;Ljava/lang/Object;ZZ)Ljava/util/HashMap$Node; @ 121 c2
Event: 17.247 Thread 0x00007f5b682ab800 DEOPT PACKING pc=0x00007f5b5844ce78 sp=0x00007f5b138f7760
Event: 17.247 Thread 0x00007f5b682ab800 DEOPT UNPACKING pc=0x00007f5b5092799f sp=0x00007f5b138f76e8 mode 2
Event: 19.503 Thread 0x00007f5b682ab800 Uncommon trap: trap_request=0xffffff4d fr.pc=0x00007f5b58427c18 relative=0x0000000000000fd8
Event: 19.503 Thread 0x00007f5b682ab800 Uncommon trap: reason=unstable_if action=reinterpret pc=0x00007f5b58427c18 method=java.util.concurrent.locks.ReentrantLock$Sync.nonfairTryAcquire(I)Z @ 19 c2
Event: 19.503 Thread 0x00007f5b682ab800 DEOPT PACKING pc=0x00007f5b58427c18 sp=0x00007f5b138f7840
Event: 19.504 Thread 0x00007f5b682ab800 DEOPT UNPACKING pc=0x00007f5b5092799f sp=0x00007f5b138f7678 mode 2

Classes redefined (0 events):
No events

Internal exceptions (20 events):
Event: 0.361 Thread 0x00007f5b68016800 Exception <a 'java/lang/NoSuchMethodError'{0x00000000c60427c8}: 'java.lang.Object java.lang.invoke.DirectMethodHandle$Holder.invokeStatic(java.lang.Object, java.lang.Object, java.lang.Object, java.lang.Object, java.lang.Object, java.lang.Object, java.lang.Object, java.lang.Object, java.lang.Object, java.lang.Object, java.lang.Object, java.lang.Object, java.lang.Object, java.lang.Object, java.lang.Object, java.lang.Object)'> (0x00000000c60427c8) thrown at [./src/hotspot/share/interpreter/linkResolver.cpp, l
Event: 0.362 Thread 0x00007f5b68016800 Exception <a 'java/lang/NoSuchMethodError'{0x00000000c6050428}: 'java.lang.Object java.lang.invoke.DirectMethodHandle$Holder.invokeSpecial(java.lang.Object, java.lang.Object, int, int, int, java.lang.Object, int)'> (0x00000000c6050428) thrown at [./src/hotspot/share/interpreter/linkResolver.cpp, line 773]
Event: 0.362 Thread 0x00007f5b68016800 Exception <a 'java/lang/NoSuchMethodError'{0x00000000c6053510}: 'java.lang.Object java.lang.invoke.DelegatingMethodHandle$Holder.reinvoke_L(java.lang.Object, int, int, int, java.lang.Object, int)'> (0x00000000c6053510) thrown at [./src/hotspot/share/interpreter/linkResolver.cpp, line 773]
Event: 0.362 Thread 0x00007f5b68016800 Exception <a 'java/lang/NoSuchMethodError'{0x00000000c6057360}: 'java.lang.Object java.lang.invoke.DirectMethodHandle$Holder.invokeStatic(java.lang.Object, java.lang.Object, java.lang.Object, java.lang.Object, int)'> (0x00000000c6057360) thrown at [./src/hotspot/share/interpreter/linkResolver.cpp, line 773]
Event: 0.399 Thread 0x00007f5b68016800 Exception <a 'java/lang/NoSuchMethodError'{0x00000000c60d0a28}: 'java.lang.Object java.lang.invoke.DirectMethodHandle$Holder.invokeStatic(java.lang.Object, java.lang.Object, java.lang.Object, java.lang.Object, java.lang.Object, java.lang.Object, java.lang.Object, java.lang.Object, java.lang.Object, java.lang.Object, java.lang.Object, java.lang.Object, java.lang.Object, int)'> (0x00000000c60d0a28) thrown at [./src/hotspot/share/interpreter/linkResolver.cpp, line 773]
Event: 0.400 Thread 0x00007f5b68016800 Exception <a 'java/lang/NoSuchMethodError'{0x00000000c60dd260}: 'java.lang.Object java.lang.invoke.DirectMethodHandle$Holder.invokeStatic(java.lang.Object, java.lang.Object, java.lang.Object, java.lang.Object, java.lang.Object, java.lang.Object, java.lang.Object, java.lang.Object, java.lang.Object, java.lang.Object, java.lang.Object, java.lang.Object, java.lang.Object, int, int)'> (0x00000000c60dd260) thrown at [./src/hotspot/share/interpreter/linkResolver.cpp, line 773]
Event: 0.403 Thread 0x00007f5b68016800 Exception <a 'java/lang/NoSuchMethodError'{0x00000000c60ea038}: 'java.lang.Object java.lang.invoke.DirectMethodHandle$Holder.invokeStatic(java.lang.Object, java.lang.Object, java.lang.Object, java.lang.Object, java.lang.Object, java.lang.Object, java.lang.Object, java.lang.Object, java.lang.Object, java.lang.Object, java.lang.Object, java.lang.Object, java.lang.Object, int, int, java.lang.Object)'> (0x00000000c60ea038) thrown at [./src/hotspot/share/interpreter/linkResolver.cpp, line 773]
Event: 0.404 Thread 0x00007f5b68016800 Exception <a 'java/lang/NoSuchMethodError'{0x00000000c60f75c0}: 'java.lang.Object java.lang.invoke.Invokers$Holder.linkToTargetMethod(java.lang.Object, int, java.lang.Object)'> (0x00000000c60f75c0) thrown at [./src/hotspot/share/interpreter/linkResolver.cpp, line 773]
Event: 1.684 Thread 0x00007f5b68016800 Exception <a 'java/lang/NoSuchMethodError'{0x00000000c5fbabf8}: 'int java.lang.invoke.DirectMethodHandle$Holder.invokeSpecialIFC(java.lang.Object, java.lang.Object, int)'> (0x00000000c5fbabf8) thrown at [./src/hotspot/share/interpreter/linkResolver.cpp, line 773]
Event: 1.720 Thread 0x00007f5b68016800 Exception <a 'java/lang/NoSuchMethodError'{0x00000000c5e419a8}: 'void java.lang.invoke.DirectMethodHandle$Holder.invokeSpecial(java.lang.Object, java.lang.Object)'> (0x00000000c5e419a8) thrown at [./src/hotspot/share/interpreter/linkResolver.cpp, line 773]
Event: 1.877 Thread 0x00007f5b68016800 Exception <a 'java/lang/NoSuchMethodError'{0x00000000c5c01b08}: 'java.lang.Object java.lang.invoke.DirectMethodHandle$Holder.invokeStatic(java.lang.Object, java.lang.Object, java.lang.Object, java.lang.Object, java.lang.Object, java.lang.Object, java.lang.Object, java.lang.Object, java.lang.Object, java.lang.Object, java.lang.Object, int)'> (0x00000000c5c01b08) thrown at [./src/hotspot/share/interpreter/linkResolver.cpp, line 773]
Event: 1.888 Thread 0x00007f5b68016800 Exception <a 'java/lang/NoSuchMethodError'{0x00000000c5c1fbe8}: 'java.lang.Object java.lang.invoke.DirectMethodHandle$Holder.invokeStatic(java.lang.Object, java.lang.Object, java.lang.Object, java.lang.Object, java.lang.Object, java.lang.Object, java.lang.Object, java.lang.Object, java.lang.Object, java.lang.Object, java.lang.Object, int, int)'> (0x00000000c5c1fbe8) thrown at [./src/hotspot/share/interpreter/linkResolver.cpp, line 773]
Event: 1.909 Thread 0x00007f5b6829f800 Exception <a 'java/lang/NoSuchMethodError'{0x00000000c5d48290}: 'java.lang.Object java.lang.invoke.DirectMethodHandle$Holder.invokeSpecial(java.lang.Object, java.lang.Object, long, java.lang.Object)'> (0x00000000c5d48290) thrown at [./src/hotspot/share/interpreter/linkResolver.cpp, line 773]
Event: 1.909 Thread 0x00007f5b68016800 Exception <a 'java/lang/NoSuchMethodError'{0x00000000c5c41940}: 'java.lang.Object java.lang.invoke.DirectMethodHandle$Holder.invokeStatic(java.lang.Object, java.lang.Object, java.lang.Object, java.lang.Object, java.lang.Object, java.lang.Object, java.lang.Object, java.lang.Object, java.lang.Object, java.lang.Object, java.lang.Object, int, int, java.lang.Object)'> (0x00000000c5c41940) thrown at [./src/hotspot/share/interpreter/linkResolver.cpp, line 773]
Event: 1.909 Thread 0x00007f5b682a3000 Exception <a 'java/lang/NoSuchMethodError'{0x00000000c5e8b8e0}: 'java.lang.Object java.lang.invoke.DirectMethodHandle$Holder.invokeSpecial(java.lang.Object, java.lang.Object, long, java.lang.Object)'> (0x00000000c5e8b8e0) thrown at [./src/hotspot/share/interpreter/linkResolver.cpp, line 773]
Event: 1.913 Thread 0x00007f5b682a3000 Exception <a 'java/lang/NoSuchMethodError'{0x00000000c5e8e4d8}: 'java.lang.Object java.lang.invoke.Invokers$Holder.linkToTargetMethod(long, java.lang.Object, java.lang.Object)'> (0x00000000c5e8e4d8) thrown at [./src/hotspot/share/interpreter/linkResolver.cpp, line 773]
Event: 1.919 Thread 0x00007f5b68016800 Exception <a 'java/lang/NoSuchMethodError'{0x00000000c5c61df8}: 'java.lang.Object java.lang.invoke.DirectMethodHandle$Holder.invokeStatic(java.lang.Object, java.lang.Object, java.lang.Object, java.lang.Object, java.lang.Object, java.lang.Object, java.lang.Object, java.lang.Object, java.lang.Object, java.lang.Object, java.lang.Object, int, int, java.lang.Object, java.lang.Object)'> (0x00000000c5c61df8) thrown at [./src/hotspot/share/interpreter/linkResolver.cpp, line 773]
Event: 3.951 Thread 0x00007f5b68282000 Exception <a 'java/lang/NoSuchMethodError'{0x00000000c60ded40}: 'java.lang.Object java.lang.invoke.DirectMethodHandle$Holder.invokeStatic(java.lang.Object, int, java.lang.Object)'> (0x00000000c60ded40) thrown at [./src/hotspot/share/interpreter/linkResolver.cpp, line 773]
Event: 4.058 Thread 0x00007f5b68282000 Exception <a 'java/lang/ClassNotFoundException'{0x00000000c63034a0}: sun/util/logging/resources/spi/loggingProvider> (0x00000000c63034a0) thrown at [./src/hotspot/share/classfile/systemDictionary.cpp, line 231]
Event: 23.996 Thread 0x00007f5b682ab800 Implicit null exception at 0x00007f5b584117a4 to 0x0000000000000000

Events (20 events):
Event: 21.016 Executing VM operation: CGC_Operation
Event: 21.017 Executing VM operation: CGC_Operation done
Event: 21.783 Executing VM operation: G1CollectForAllocation
Event: 21.786 Executing VM operation: G1CollectForAllocation done
Event: 22.352 Executing VM operation: G1CollectForAllocation
Event: 22.356 Executing VM operation: G1CollectForAllocation done
Event: 22.406 Executing VM operation: CGC_Operation
Event: 22.410 Executing VM operation: CGC_Operation done
Event: 22.436 Executing VM operation: CGC_Operation
Event: 22.439 Executing VM operation: CGC_Operation done
Event: 22.948 Executing VM operation: G1CollectForAllocation
Event: 22.953 Executing VM operation: G1CollectForAllocation done
Event: 23.449 Executing VM operation: G1CollectForAllocation
Event: 23.456 Executing VM operation: G1CollectForAllocation done
Event: 23.481 Executing VM operation: CGC_Operation
Event: 23.484 Executing VM operation: CGC_Operation done
Event: 23.501 Executing VM operation: CGC_Operation
Event: 23.508 Executing VM operation: CGC_Operation done
Event: 23.983 Executing VM operation: G1CollectForAllocation
Event: 23.987 Executing VM operation: G1CollectForAllocation done


Dynamic libraries:
c2600000-c7200000 rw-p 00000000 00:00 0 
c7200000-100000000 ---p 00000000 00:00 0 
800000000-800002000 rwxp 00001000 08:01 1181904                          /usr/lib/jvm/java-11-openjdk-amd64/lib/server/classes.jsa
800002000-8003b9000 rw-p 00003000 08:01 1181904                          /usr/lib/jvm/java-11-openjdk-amd64/lib/server/classes.jsa
8003b9000-800a81000 r--p 003ba000 08:01 1181904                          /usr/lib/jvm/java-11-openjdk-amd64/lib/server/classes.jsa
800a81000-800a82000 rw-p 00a82000 08:01 1181904                          /usr/lib/jvm/java-11-openjdk-amd64/lib/server/classes.jsa
800a82000-80108f000 r--p 00a83000 08:01 1181904                          /usr/lib/jvm/java-11-openjdk-amd64/lib/server/classes.jsa
840000000-8400c0000 rw-p 00000000 00:00 0 
8400c0000-880000000 ---p 00000000 00:00 0 
55e7273a9000-55e7273aa000 r-xp 00000000 08:01 661163                     /usr/lib/jvm/java-11-openjdk-amd64/bin/java
55e7275aa000-55e7275ab000 r--p 00001000 08:01 661163                     /usr/lib/jvm/java-11-openjdk-amd64/bin/java
55e7275ab000-55e7275ac000 rw-p 00002000 08:01 661163                     /usr/lib/jvm/java-11-openjdk-amd64/bin/java
55e72886c000-55e72888d000 rw-p 00000000 00:00 0                          [heap]
7f5ad0000000-7f5ad0021000 rw-p 00000000 00:00 0 
7f5ad0021000-7f5ad4000000 ---p 00000000 00:00 0 
7f5ad4000000-7f5ad4081000 rw-p 00000000 00:00 0 
7f5ad4081000-7f5ad8000000 ---p 00000000 00:00 0 
7f5ad8000000-7f5ad8021000 rw-p 00000000 00:00 0 
7f5ad8021000-7f5adc000000 ---p 00000000 00:00 0 
7f5adc000000-7f5adc021000 rw-p 00000000 00:00 0 
7f5adc021000-7f5ae0000000 ---p 00000000 00:00 0 
7f5ae0000000-7f5ae0021000 rw-p 00000000 00:00 0 
7f5ae0021000-7f5ae4000000 ---p 00000000 00:00 0 
7f5ae4000000-7f5ae4021000 rw-p 00000000 00:00 0 
7f5ae4021000-7f5ae8000000 ---p 00000000 00:00 0 
7f5ae8000000-7f5ae8021000 rw-p 00000000 00:00 0 
7f5ae8021000-7f5aec000000 ---p 00000000 00:00 0 
7f5aec000000-7f5aec021000 rw-p 00000000 00:00 0 
7f5aec021000-7f5af0000000 ---p 00000000 00:00 0 
7f5af0000000-7f5af0021000 rw-p 00000000 00:00 0 
7f5af0021000-7f5af4000000 ---p 00000000 00:00 0 
7f5af4000000-7f5af4021000 rw-p 00000000 00:00 0 
7f5af4021000-7f5af8000000 ---p 00000000 00:00 0 
7f5af8000000-7f5af8021000 rw-p 00000000 00:00 0 
7f5af8021000-7f5afc000000 ---p 00000000 00:00 0 
7f5afc000000-7f5afc021000 rw-p 00000000 00:00 0 
7f5afc021000-7f5b00000000 ---p 00000000 00:00 0 
7f5b00000000-7f5b00021000 rw-p 00000000 00:00 0 
7f5b00021000-7f5b04000000 ---p 00000000 00:00 0 
7f5b04000000-7f5b04021000 rw-p 00000000 00:00 0 
7f5b04021000-7f5b08000000 ---p 00000000 00:00 0 
7f5b08000000-7f5b082e8000 rw-p 00000000 00:00 0 
7f5b082e8000-7f5b0c000000 ---p 00000000 00:00 0 
7f5b0c000000-7f5b0c021000 rw-p 00000000 00:00 0 
7f5b0c021000-7f5b10000000 ---p 00000000 00:00 0 
7f5b130eb000-7f5b130ec000 ---p 00000000 00:00 0 
7f5b130ec000-7f5b131ed000 rw-p 00000000 00:00 0 
7f5b131ed000-7f5b131ee000 ---p 00000000 00:00 0 
7f5b131ee000-7f5b132ef000 rw-p 00000000 00:00 0 
7f5b132ef000-7f5b132f0000 ---p 00000000 00:00 0 
7f5b132f0000-7f5b133f1000 rw-p 00000000 00:00 0 
7f5b133f1000-7f5b133f2000 ---p 00000000 00:00 0 
7f5b133f2000-7f5b134f3000 rw-p 00000000 00:00 0 
7f5b134f3000-7f5b134f4000 ---p 00000000 00:00 0 
7f5b134f4000-7f5b135f5000 rw-p 00000000 00:00 0 
7f5b135f5000-7f5b135f6000 ---p 00000000 00:00 0 
7f5b135f6000-7f5b136f7000 rw-p 00000000 00:00 0 
7f5b136f7000-7f5b136fb000 ---p 00000000 00:00 0 
7f5b136fb000-7f5b137f8000 rw-p 00000000 00:00 0 
7f5b137f8000-7f5b137fc000 ---p 00000000 00:00 0 
7f5b137fc000-7f5b138f9000 rw-p 00000000 00:00 0 
7f5b138f9000-7f5b138fd000 ---p 00000000 00:00 0 
7f5b138fd000-7f5b139fa000 rw-p 00000000 00:00 0 
7f5b139fa000-7f5b139fe000 ---p 00000000 00:00 0 
7f5b139fe000-7f5b13afb000 rw-p 00000000 00:00 0 
7f5b13afb000-7f5b13aff000 ---p 00000000 00:00 0 
7f5b13aff000-7f5b13bfc000 rw-p 00000000 00:00 0 
7f5b13bfc000-7f5b13c00000 ---p 00000000 00:00 0 
7f5b13c00000-7f5b13cfd000 rw-p 00000000 00:00 0 
7f5b13cfd000-7f5b13d01000 ---p 00000000 00:00 0 
7f5b13d01000-7f5b13dfe000 rw-p 00000000 00:00 0 
7f5b13dfe000-7f5b13e02000 ---p 00000000 00:00 0 
7f5b13e02000-7f5b13eff000 rw-p 00000000 00:00 0 
7f5b13eff000-7f5b13f03000 ---p 00000000 00:00 0 
7f5b13f03000-7f5b14000000 rw-p 00000000 00:00 0 
7f5b14000000-7f5b14021000 rw-p 00000000 00:00 0 
7f5b14021000-7f5b18000000 ---p 00000000 00:00 0 
7f5b18000000-7f5b18021000 rw-p 00000000 00:00 0 
7f5b18021000-7f5b1c000000 ---p 00000000 00:00 0 
7f5b1c000000-7f5b1c280000 rw-p 00000000 00:00 0 
7f5b1c280000-7f5b20000000 ---p 00000000 00:00 0 
7f5b20000000-7f5b20021000 rw-p 00000000 00:00 0 
7f5b20021000-7f5b24000000 ---p 00000000 00:00 0 
7f5b24000000-7f5b24021000 rw-p 00000000 00:00 0 
7f5b24021000-7f5b28000000 ---p 00000000 00:00 0 
7f5b28000000-7f5b29d34000 rw-p 00000000 00:00 0 
7f5b29d34000-7f5b2c000000 ---p 00000000 00:00 0 
7f5b2c000000-7f5b2c021000 rw-p 00000000 00:00 0 
7f5b2c021000-7f5b30000000 ---p 00000000 00:00 0 
7f5b30000000-7f5b30021000 rw-p 00000000 00:00 0 
7f5b30021000-7f5b34000000 ---p 00000000 00:00 0 
7f5b34000000-7f5b34021000 rw-p 00000000 00:00 0 
7f5b34021000-7f5b38000000 ---p 00000000 00:00 0 
7f5b38000000-7f5b38021000 rw-p 00000000 00:00 0 
7f5b38021000-7f5b3c000000 ---p 00000000 00:00 0 
7f5b3c000000-7f5b3c021000 rw-p 00000000 00:00 0 
7f5b3c021000-7f5b40000000 ---p 00000000 00:00 0 
7f5b40000000-7f5b40021000 rw-p 00000000 00:00 0 
7f5b40021000-7f5b44000000 ---p 00000000 00:00 0 
7f5b44000000-7f5b44021000 rw-p 00000000 00:00 0 
7f5b44021000-7f5b48000000 ---p 00000000 00:00 0 
7f5b48035000-7f5b48037000 r-xp 00000000 08:01 1049876                    /usr/lib/jvm/java-11-openjdk-amd64/lib/libextnet.so
7f5b48037000-7f5b48236000 ---p 00002000 08:01 1049876                    /usr/lib/jvm/java-11-openjdk-amd64/lib/libextnet.so
7f5b48236000-7f5b48237000 r--p 00001000 08:01 1049876                    /usr/lib/jvm/java-11-openjdk-amd64/lib/libextnet.so
7f5b48237000-7f5b48238000 rw-p 00002000 08:01 1049876                    /usr/lib/jvm/java-11-openjdk-amd64/lib/libextnet.so
7f5b48238000-7f5b4824e000 r-xp 00000000 08:01 1050087                    /usr/lib/jvm/java-11-openjdk-amd64/lib/libnet.so
7f5b4824e000-7f5b4844d000 ---p 00016000 08:01 1050087                    /usr/lib/jvm/java-11-openjdk-amd64/lib/libnet.so
7f5b4844d000-7f5b4844e000 r--p 00015000 08:01 1050087                    /usr/lib/jvm/java-11-openjdk-amd64/lib/libnet.so
7f5b4844e000-7f5b4844f000 rw-p 00016000 08:01 1050087                    /usr/lib/jvm/java-11-openjdk-amd64/lib/libnet.so
7f5b4844f000-7f5b4845f000 r-xp 00000000 08:01 1050098                    /usr/lib/jvm/java-11-openjdk-amd64/lib/libnio.so
7f5b4845f000-7f5b4865e000 ---p 00010000 08:01 1050098                    /usr/lib/jvm/java-11-openjdk-amd64/lib/libnio.so
7f5b4865e000-7f5b4865f000 r--p 0000f000 08:01 1050098                    /usr/lib/jvm/java-11-openjdk-amd64/lib/libnio.so
7f5b4865f000-7f5b48660000 rw-p 00010000 08:01 1050098                    /usr/lib/jvm/java-11-openjdk-amd64/lib/libnio.so
7f5b48660000-7f5b48664000 ---p 00000000 00:00 0 
7f5b48664000-7f5b48761000 rw-p 00000000 00:00 0 
7f5b48761000-7f5b48762000 ---p 00000000 00:00 0 
7f5b48762000-7f5b48863000 rw-p 00000000 00:00 0 
7f5b48863000-7f5b48867000 ---p 00000000 00:00 0 
7f5b48867000-7f5b48964000 rw-p 00000000 00:00 0 
7f5b48964000-7f5b48968000 ---p 00000000 00:00 0 
7f5b48968000-7f5b48a65000 rw-p 00000000 00:00 0 
7f5b48a65000-7f5b48a69000 ---p 00000000 00:00 0 
7f5b48a69000-7f5b48b66000 rw-p 00000000 00:00 0 
7f5b48b66000-7f5b48b6a000 ---p 00000000 00:00 0 
7f5b48b6a000-7f5b48c67000 rw-p 00000000 00:00 0 
7f5b48c67000-7f5b48c6b000 ---p 00000000 00:00 0 
7f5b48c6b000-7f5b48d68000 rw-p 00000000 00:00 0 
7f5b48d68000-7f5b49098000 r--p 00000000 08:01 2360321                    /usr/lib/locale/locale-archive
7f5b49098000-7f5b4b1c8000 rw-p 00000000 00:00 0 
7f5b4b1c8000-7f5b4c000000 ---p 00000000 00:00 0 
7f5b4c000000-7f5b4c021000 rw-p 00000000 00:00 0 
7f5b4c021000-7f5b50000000 ---p 00000000 00:00 0 
7f5b50001000-7f5b50005000 ---p 00000000 00:00 0 
7f5b50005000-7f5b505c2000 rw-p 00000000 00:00 0 
7f5b505c2000-7f5b50902000 ---p 00000000 00:00 0 
7f5b50902000-7f5b50b72000 rwxp 00000000 00:00 0 
7f5b50b72000-7f5b50e92000 ---p 00000000 00:00 0 
7f5b50e92000-7f5b51102000 rwxp 00000000 00:00 0 
7f5b51102000-7f5b583ca000 ---p 00000000 00:00 0 
7f5b583ca000-7f5b5863a000 rwxp 00000000 00:00 0 
7f5b5863a000-7f5b5f902000 ---p 00000000 00:00 0 
7f5b5f902000-7f5b68000000 r--s 00000000 08:01 1050240                    /usr/lib/jvm/java-11-openjdk-amd64/lib/modules
7f5b68000000-7f5b682ba000 rw-p 00000000 00:00 0 
7f5b682ba000-7f5b6c000000 ---p 00000000 00:00 0 
7f5b6c0e4000-7f5b6c0e8000 ---p 00000000 00:00 0 
7f5b6c0e8000-7f5b6c1e5000 rw-p 00000000 00:00 0 
7f5b6c1e5000-7f5b6c1e6000 ---p 00000000 00:00 0 
7f5b6c1e6000-7f5b6c368000 rw-p 00000000 00:00 0 
7f5b6c368000-7f5b6c369000 ---p 00000000 00:00 0 
7f5b6c369000-7f5b6c46a000 rw-p 00000000 00:00 0 
7f5b6c46a000-7f5b6c46b000 ---p 00000000 00:00 0 
7f5b6c46b000-7f5b6cb72000 rw-p 00000000 00:00 0 
7f5b6cb72000-7f5b6cb73000 ---p 00000000 00:00 0 
7f5b6cb73000-7f5b6cc74000 rw-p 00000000 00:00 0 
7f5b6cc74000-7f5b6cc75000 ---p 00000000 00:00 0 
7f5b6cc75000-7f5b6cea6000 rw-p 00000000 00:00 0 
7f5b6cea6000-7f5b6dcde000 ---p 00000000 00:00 0 
7f5b6dcde000-7f5b6dd04000 rw-p 00000000 00:00 0 
7f5b6dd04000-7f5b6decb000 ---p 00000000 00:00 0 
7f5b6decb000-7f5b6def1000 rw-p 00000000 00:00 0 
7f5b6def1000-7f5b6e0b8000 ---p 00000000 00:00 0 
7f5b6e0b8000-7f5b6e0de000 rw-p 00000000 00:00 0 
7f5b6e0de000-7f5b6e2a5000 ---p 00000000 00:00 0 
7f5b6e2a5000-7f5b6e8ab000 rw-p 00000000 00:00 0 
7f5b6e8ab000-7f5b6e8ac000 ---p 00000000 00:00 0 
7f5b6e8ac000-7f5b6e9b2000 rw-p 00000000 00:00 0 
7f5b6e9b2000-7f5b6ea98000 ---p 00000000 00:00 0 
7f5b6ea98000-7f5b6ea9d000 rw-p 00000000 00:00 0 
7f5b6ea9d000-7f5b6eb83000 ---p 00000000 00:00 0 
7f5b6eb83000-7f5b6eb8a000 r-xp 00000000 08:01 1050223                    /usr/lib/jvm/java-11-openjdk-amd64/lib/libzip.so
7f5b6eb8a000-7f5b6ed89000 ---p 00007000 08:01 1050223                    /usr/lib/jvm/java-11-openjdk-amd64/lib/libzip.so
7f5b6ed89000-7f5b6ed8a000 r--p 00006000 08:01 1050223                    /usr/lib/jvm/java-11-openjdk-amd64/lib/libzip.so
7f5b6ed8a000-7f5b6ed8b000 rw-p 00007000 08:01 1050223                    /usr/lib/jvm/java-11-openjdk-amd64/lib/libzip.so
7f5b6ed8b000-7f5b6ed96000 r-xp 00000000 08:01 1835055                    /lib/x86_64-linux-gnu/libnss_files-2.27.so
7f5b6ed96000-7f5b6ef95000 ---p 0000b000 08:01 1835055                    /lib/x86_64-linux-gnu/libnss_files-2.27.so
7f5b6ef95000-7f5b6ef96000 r--p 0000a000 08:01 1835055                    /lib/x86_64-linux-gnu/libnss_files-2.27.so
7f5b6ef96000-7f5b6ef97000 rw-p 0000b000 08:01 1835055                    /lib/x86_64-linux-gnu/libnss_files-2.27.so
7f5b6ef97000-7f5b6ef9d000 rw-p 00000000 00:00 0 
7f5b6ef9d000-7f5b6efb4000 r-xp 00000000 08:01 1835052                    /lib/x86_64-linux-gnu/libnsl-2.27.so
7f5b6efb4000-7f5b6f1b3000 ---p 00017000 08:01 1835052                    /lib/x86_64-linux-gnu/libnsl-2.27.so
7f5b6f1b3000-7f5b6f1b4000 r--p 00016000 08:01 1835052                    /lib/x86_64-linux-gnu/libnsl-2.27.so
7f5b6f1b4000-7f5b6f1b5000 rw-p 00017000 08:01 1835052                    /lib/x86_64-linux-gnu/libnsl-2.27.so
7f5b6f1b5000-7f5b6f1b7000 rw-p 00000000 00:00 0 
7f5b6f1b7000-7f5b6f1c2000 r-xp 00000000 08:01 1835057                    /lib/x86_64-linux-gnu/libnss_nis-2.27.so
7f5b6f1c2000-7f5b6f3c1000 ---p 0000b000 08:01 1835057                    /lib/x86_64-linux-gnu/libnss_nis-2.27.so
7f5b6f3c1000-7f5b6f3c2000 r--p 0000a000 08:01 1835057                    /lib/x86_64-linux-gnu/libnss_nis-2.27.so
7f5b6f3c2000-7f5b6f3c3000 rw-p 0000b000 08:01 1835057                    /lib/x86_64-linux-gnu/libnss_nis-2.27.so
7f5b6f3c3000-7f5b6f3cb000 r-xp 00000000 08:01 1835053                    /lib/x86_64-linux-gnu/libnss_compat-2.27.so
7f5b6f3cb000-7f5b6f5cb000 ---p 00008000 08:01 1835053                    /lib/x86_64-linux-gnu/libnss_compat-2.27.so
7f5b6f5cb000-7f5b6f5cc000 r--p 00008000 08:01 1835053                    /lib/x86_64-linux-gnu/libnss_compat-2.27.so
7f5b6f5cc000-7f5b6f5cd000 rw-p 00009000 08:01 1835053                    /lib/x86_64-linux-gnu/libnss_compat-2.27.so
7f5b6f5cd000-7f5b6f5d2000 r-xp 00000000 08:01 1049932                    /usr/lib/jvm/java-11-openjdk-amd64/lib/libjimage.so
7f5b6f5d2000-7f5b6f7d1000 ---p 00005000 08:01 1049932                    /usr/lib/jvm/java-11-openjdk-amd64/lib/libjimage.so
7f5b6f7d1000-7f5b6f7d2000 r--p 00004000 08:01 1049932                    /usr/lib/jvm/java-11-openjdk-amd64/lib/libjimage.so
7f5b6f7d2000-7f5b6f7d3000 rw-p 00005000 08:01 1049932                    /usr/lib/jvm/java-11-openjdk-amd64/lib/libjimage.so
7f5b6f7d3000-7f5b6f7fc000 r-xp 00000000 08:01 1049899                    /usr/lib/jvm/java-11-openjdk-amd64/lib/libjava.so
7f5b6f7fc000-7f5b6f9fc000 ---p 00029000 08:01 1049899                    /usr/lib/jvm/java-11-openjdk-amd64/lib/libjava.so
7f5b6f9fc000-7f5b6f9fd000 r--p 00029000 08:01 1049899                    /usr/lib/jvm/java-11-openjdk-amd64/lib/libjava.so
7f5b6f9fd000-7f5b6f9fe000 rw-p 0002a000 08:01 1049899                    /usr/lib/jvm/java-11-openjdk-amd64/lib/libjava.so
7f5b6f9fe000-7f5b6f9ff000 rw-p 00000000 00:00 0 
7f5b6f9ff000-7f5b6fa0c000 r-xp 00000000 08:01 1050221                    /usr/lib/jvm/java-11-openjdk-amd64/lib/libverify.so
7f5b6fa0c000-7f5b6fc0b000 ---p 0000d000 08:01 1050221                    /usr/lib/jvm/java-11-openjdk-amd64/lib/libverify.so
7f5b6fc0b000-7f5b6fc0d000 r--p 0000c000 08:01 1050221                    /usr/lib/jvm/java-11-openjdk-amd64/lib/libverify.so
7f5b6fc0d000-7f5b6fc0e000 rw-p 0000e000 08:01 1050221                    /usr/lib/jvm/java-11-openjdk-amd64/lib/libverify.so
7f5b6fc0e000-7f5b6fc15000 r-xp 00000000 08:01 1840227                    /lib/x86_64-linux-gnu/librt-2.27.so
7f5b6fc15000-7f5b6fe14000 ---p 00007000 08:01 1840227                    /lib/x86_64-linux-gnu/librt-2.27.so
7f5b6fe14000-7f5b6fe15000 r--p 00006000 08:01 1840227                    /lib/x86_64-linux-gnu/librt-2.27.so
7f5b6fe15000-7f5b6fe16000 rw-p 00007000 08:01 1840227                    /lib/x86_64-linux-gnu/librt-2.27.so
7f5b6fe16000-7f5b6fe2d000 r-xp 00000000 08:01 1835013                    /lib/x86_64-linux-gnu/libgcc_s.so.1
7f5b6fe2d000-7f5b7002c000 ---p 00017000 08:01 1835013                    /lib/x86_64-linux-gnu/libgcc_s.so.1
7f5b7002c000-7f5b7002d000 r--p 00016000 08:01 1835013                    /lib/x86_64-linux-gnu/libgcc_s.so.1
7f5b7002d000-7f5b7002e000 rw-p 00017000 08:01 1835013                    /lib/x86_64-linux-gnu/libgcc_s.so.1
7f5b7002e000-7f5b701cb000 r-xp 00000000 08:01 1835049                    /lib/x86_64-linux-gnu/libm-2.27.so
7f5b701cb000-7f5b703ca000 ---p 0019d000 08:01 1835049                    /lib/x86_64-linux-gnu/libm-2.27.so
7f5b703ca000-7f5b703cb000 r--p 0019c000 08:01 1835049                    /lib/x86_64-linux-gnu/libm-2.27.so
7f5b703cb000-7f5b703cc000 rw-p 0019d000 08:01 1835049                    /lib/x86_64-linux-gnu/libm-2.27.so
7f5b703cc000-7f5b70545000 r-xp 00000000 08:01 2360550                    /usr/lib/x86_64-linux-gnu/libstdc++.so.6.0.25
7f5b70545000-7f5b70745000 ---p 00179000 08:01 2360550                    /usr/lib/x86_64-linux-gnu/libstdc++.so.6.0.25
7f5b70745000-7f5b7074f000 r--p 00179000 08:01 2360550                    /usr/lib/x86_64-linux-gnu/libstdc++.so.6.0.25
7f5b7074f000-7f5b70751000 rw-p 00183000 08:01 2360550                    /usr/lib/x86_64-linux-gnu/libstdc++.so.6.0.25
7f5b70751000-7f5b70755000 rw-p 00000000 00:00 0 
7f5b70755000-7f5b71833000 r-xp 00000000 08:01 1181144                    /usr/lib/jvm/java-11-openjdk-amd64/lib/server/libjvm.so
7f5b71833000-7f5b71a32000 ---p 010de000 08:01 1181144                    /usr/lib/jvm/java-11-openjdk-amd64/lib/server/libjvm.so
7f5b71a32000-7f5b71aef000 r--p 010dd000 08:01 1181144                    /usr/lib/jvm/java-11-openjdk-amd64/lib/server/libjvm.so
7f5b71aef000-7f5b71b28000 rw-p 0119a000 08:01 1181144                    /usr/lib/jvm/java-11-openjdk-amd64/lib/server/libjvm.so
7f5b71b28000-7f5b71b7f000 rw-p 00000000 00:00 0 
7f5b71b7f000-7f5b71b99000 r-xp 00000000 08:01 1840183                    /lib/x86_64-linux-gnu/libpthread-2.27.so
7f5b71b99000-7f5b71d98000 ---p 0001a000 08:01 1840183                    /lib/x86_64-linux-gnu/libpthread-2.27.so
7f5b71d98000-7f5b71d99000 r--p 00019000 08:01 1840183                    /lib/x86_64-linux-gnu/libpthread-2.27.so
7f5b71d99000-7f5b71d9a000 rw-p 0001a000 08:01 1840183                    /lib/x86_64-linux-gnu/libpthread-2.27.so
7f5b71d9a000-7f5b71d9e000 rw-p 00000000 00:00 0 
7f5b71d9e000-7f5b71da1000 r-xp 00000000 08:01 1835048                    /lib/x86_64-linux-gnu/libdl-2.27.so
7f5b71da1000-7f5b71fa0000 ---p 00003000 08:01 1835048                    /lib/x86_64-linux-gnu/libdl-2.27.so
7f5b71fa0000-7f5b71fa1000 r--p 00002000 08:01 1835048                    /lib/x86_64-linux-gnu/libdl-2.27.so
7f5b71fa1000-7f5b71fa2000 rw-p 00003000 08:01 1835048                    /lib/x86_64-linux-gnu/libdl-2.27.so
7f5b71fa2000-7f5b71fbe000 r-xp 00000000 08:01 1840663                    /lib/x86_64-linux-gnu/libz.so.1.2.11
7f5b71fbe000-7f5b721bd000 ---p 0001c000 08:01 1840663                    /lib/x86_64-linux-gnu/libz.so.1.2.11
7f5b721bd000-7f5b721be000 r--p 0001b000 08:01 1840663                    /lib/x86_64-linux-gnu/libz.so.1.2.11
7f5b721be000-7f5b721bf000 rw-p 0001c000 08:01 1840663                    /lib/x86_64-linux-gnu/libz.so.1.2.11
7f5b721bf000-7f5b723a6000 r-xp 00000000 08:01 1835045                    /lib/x86_64-linux-gnu/libc-2.27.so
7f5b723a6000-7f5b725a6000 ---p 001e7000 08:01 1835045                    /lib/x86_64-linux-gnu/libc-2.27.so
7f5b725a6000-7f5b725aa000 r--p 001e7000 08:01 1835045                    /lib/x86_64-linux-gnu/libc-2.27.so
7f5b725aa000-7f5b725ac000 rw-p 001eb000 08:01 1835045                    /lib/x86_64-linux-gnu/libc-2.27.so
7f5b725ac000-7f5b725b0000 rw-p 00000000 00:00 0 
7f5b725b0000-7f5b725c0000 r-xp 00000000 08:01 1049770                    /usr/lib/jvm/java-11-openjdk-amd64/lib/jli/libjli.so
7f5b725c0000-7f5b727bf000 ---p 00010000 08:01 1049770                    /usr/lib/jvm/java-11-openjdk-amd64/lib/jli/libjli.so
7f5b727bf000-7f5b727c0000 r--p 0000f000 08:01 1049770                    /usr/lib/jvm/java-11-openjdk-amd64/lib/jli/libjli.so
7f5b727c0000-7f5b727c1000 rw-p 00010000 08:01 1049770                    /usr/lib/jvm/java-11-openjdk-amd64/lib/jli/libjli.so
7f5b727c1000-7f5b727e8000 r-xp 00000000 08:01 1835021                    /lib/x86_64-linux-gnu/ld-2.27.so
7f5b72828000-7f5b728c8000 rw-p 00000000 00:00 0 
7f5b728c8000-7f5b728cf000 ---p 00000000 00:00 0 
7f5b728cf000-7f5b728d3000 ---p 00000000 00:00 0 
7f5b728d3000-7f5b729d2000 rw-p 00000000 00:00 0 
7f5b729da000-7f5b729dc000 r--s 00007000 08:01 2628883                    /usr/share/java/java-atk-wrapper.jar
7f5b729dc000-7f5b729e4000 rw-s 00000000 08:01 2633799                    /tmp/hsperfdata_dcl/27566
7f5b729e4000-7f5b729e5000 ---p 00000000 00:00 0 
7f5b729e5000-7f5b729e6000 r--p 00000000 00:00 0 
7f5b729e6000-7f5b729e8000 rw-p 00000000 00:00 0 
7f5b729e8000-7f5b729e9000 r--p 00027000 08:01 1835021                    /lib/x86_64-linux-gnu/ld-2.27.so
7f5b729e9000-7f5b729ea000 rw-p 00028000 08:01 1835021                    /lib/x86_64-linux-gnu/ld-2.27.so
7f5b729ea000-7f5b729eb000 rw-p 00000000 00:00 0 
7ffd0123c000-7ffd0125d000 rw-p 00000000 00:00 0                          [stack]
7ffd01357000-7ffd0135a000 r--p 00000000 00:00 0                          [vvar]
7ffd0135a000-7ffd0135c000 r-xp 00000000 00:00 0                          [vdso]
ffffffffff600000-ffffffffff601000 r-xp 00000000 00:00 0                  [vsyscall]


VM Arguments:
java_command: /home/dcl/Documents/project/CS451-2020-project/template_java/bin/da_proc.jar --id 3 --hosts /tmp/tmpzjb5uqbr --barrier localhost:10000 --signal localhost:11000 --output /home/dcl/Documents/project/CS451-2020-project/template_java/outputs/proc03.output /tmp/tmpl1povtr9
java_class_path (initial): /home/dcl/Documents/project/CS451-2020-project/template_java/bin/da_proc.jar
Launcher Type: SUN_STANDARD

[Global flags]
     intx CICompilerCount                          = 3                                         {product} {ergonomic}
     uint ConcGCThreads                            = 2                                         {product} {ergonomic}
     uint G1ConcRefinementThreads                  = 6                                         {product} {ergonomic}
   size_t G1HeapRegionSize                         = 1048576                                   {product} {ergonomic}
    uintx GCDrainStackTargetSize                   = 64                                        {product} {ergonomic}
   size_t InitialHeapSize                          = 65011712                                  {product} {ergonomic}
   size_t MarkStackSize                            = 4194304                                   {product} {ergonomic}
   size_t MaxHeapSize                              = 1033895936                                {product} {ergonomic}
   size_t MaxNewSize                               = 619708416                                 {product} {ergonomic}
   size_t MinHeapDeltaBytes                        = 1048576                                   {product} {ergonomic}
    uintx NonNMethodCodeHeapSize                   = 5830732                                {pd product} {ergonomic}
    uintx NonProfiledCodeHeapSize                  = 122913754                              {pd product} {ergonomic}
    uintx ProfiledCodeHeapSize                     = 122913754                              {pd product} {ergonomic}
    uintx ReservedCodeCacheSize                    = 251658240                              {pd product} {ergonomic}
     bool SegmentedCodeCache                       = true                                      {product} {ergonomic}
     bool UseCompressedClassPointers               = true                                 {lp64_product} {ergonomic}
     bool UseCompressedOops                        = true                                 {lp64_product} {ergonomic}
     bool UseG1GC                                  = true                                      {product} {ergonomic}

Logging:
Log output configuration:
 #0: stdout all=warning uptime,level,tags
 #1: stderr all=off uptime,level,tags

Environment Variables:
PATH=/usr/local/sbin:/usr/local/bin:/usr/sbin:/usr/bin:/sbin:/bin:/usr/games:/usr/local/games:/snap/bin
SHELL=/bin/bash
DISPLAY=:0.0
LANG=en_US.UTF-8

Signal Handlers:
SIGSEGV: [libjvm.so+0xdf9610], sa_mask[0]=11111111011111111101111111111110, sa_flags=SA_RESTART|SA_SIGINFO
SIGBUS: [libjvm.so+0xdf9610], sa_mask[0]=11111111011111111101111111111110, sa_flags=SA_RESTART|SA_SIGINFO
SIGFPE: [libjvm.so+0xdf9610], sa_mask[0]=11111111011111111101111111111110, sa_flags=SA_RESTART|SA_SIGINFO
SIGPIPE: [libjvm.so+0xbcc360], sa_mask[0]=11111111011111111101111111111110, sa_flags=SA_RESTART|SA_SIGINFO
SIGXFSZ: [libjvm.so+0xbcc360], sa_mask[0]=11111111011111111101111111111110, sa_flags=SA_RESTART|SA_SIGINFO
SIGILL: [libjvm.so+0xdf9610], sa_mask[0]=11111111011111111101111111111110, sa_flags=SA_RESTART|SA_SIGINFO
SIGUSR2: [libjvm.so+0xbcc200], sa_mask[0]=00000000000000000000000000000000, sa_flags=SA_RESTART|SA_SIGINFO
SIGHUP: [libjvm.so+0xbcc560], sa_mask[0]=11111111011111111101111111111110, sa_flags=SA_RESTART|SA_SIGINFO
SIGINT: [libjvm.so+0xbcc560], sa_mask[0]=11111111011111111101111111111110, sa_flags=SA_RESTART|SA_SIGINFO
SIGTERM: [libjvm.so+0xbcc560], sa_mask[0]=11111111011111111101111111111110, sa_flags=SA_RESTART|SA_SIGINFO
SIGQUIT: [libjvm.so+0xbcc560], sa_mask[0]=11111111011111111101111111111110, sa_flags=SA_RESTART|SA_SIGINFO


---------------  S Y S T E M  ---------------

OS:DISTRIB_ID=Ubuntu
DISTRIB_RELEASE=18.04
DISTRIB_CODENAME=bionic
DISTRIB_DESCRIPTION="Ubuntu 18.04.5 LTS"
uname:Linux 4.15.0-117-generic #118-Ubuntu SMP Fri Sep 4 20:02:41 UTC 2020 x86_64
OS uptime: 0 days 5:30 hours
libc:glibc 2.27 NPTL 2.27 
rlimit (soft/hard): STACK 8192k/infinity , CORE 0k/infinity , NPROC 15599/15599 , NOFILE 1048576/1048576 , AS infinity/infinity , CPU infinity/infinity , DATA infinity/infinity , FSIZE infinity/infinity , MEMLOCK 16384k/16384k
load average:0.28 0.19 0.11

/proc/meminfo:
MemTotal:        4038508 kB
MemFree:         1529160 kB
MemAvailable:    1670676 kB
Buffers:           45172 kB
Cached:           287356 kB
SwapCached:        92032 kB
Active:          2133356 kB
Inactive:         235488 kB
Active(anon):    1928996 kB
Inactive(anon):   108472 kB
Active(file):     204360 kB
Inactive(file):   127016 kB
Unevictable:          32 kB
Mlocked:              32 kB
SwapTotal:       2097148 kB
SwapFree:        1775688 kB
Dirty:               424 kB
Writeback:             0 kB
AnonPages:       2020996 kB
Mapped:           132948 kB
Shmem:              1152 kB
Slab:              53688 kB
SReclaimable:      26172 kB
SUnreclaim:        27516 kB
KernelStack:        8272 kB
PageTables:        26736 kB
NFS_Unstable:          0 kB
Bounce:                0 kB
WritebackTmp:          0 kB
CommitLimit:     4116400 kB
Committed_AS:    3940452 kB
VmallocTotal:   34359738367 kB
VmallocUsed:           0 kB
VmallocChunk:          0 kB
HardwareCorrupted:     0 kB
AnonHugePages:         0 kB
ShmemHugePages:        0 kB
ShmemPmdMapped:        0 kB
CmaTotal:              0 kB
CmaFree:               0 kB
HugePages_Total:       0
HugePages_Free:        0
HugePages_Rsvd:        0
HugePages_Surp:        0
Hugepagesize:       2048 kB
DirectMap4k:      114624 kB
DirectMap2M:     4079616 kB

/sys/kernel/mm/transparent_hugepage/enabled:
always [madvise] never

/sys/kernel/mm/transparent_hugepage/defrag (defrag/compaction efforts parameter):
always defer defer+madvise [madvise] never


/proc/sys/kernel/threads-max (system-wide limit on the number of threads):
31199


/proc/sys/vm/max_map_count (maximum number of memory map areas a process may have):
65530


/proc/sys/kernel/pid_max (system-wide limit on number of process identifiers):
32768



container (cgroup) information:
container_type: cgroupv1
cpu_cpuset_cpus: 0-5
cpu_memory_nodes: 0
active_processor_count: 6
cpu_quota: -1
cpu_period: 100000
cpu_shares: -1
memory_limit_in_bytes: -1
memory_and_swap_limit_in_bytes: -2
memory_soft_limit_in_bytes: -1
memory_usage_in_bytes: 2412048384
memory_max_usage_in_bytes: 0

KVM virtualization detected
Steal ticks since vm start: 0
Steal ticks percentage since vm start:  0.000

CPU:total 6 (initial active 6) (6 cores per cpu, 1 threads per core) family 6 model 158 stepping 10, cmov, cx8, fxsr, mmx, sse, sse2, sse3, ssse3, sse4.1, sse4.2, tsc, tscinvbit
CPU Model and flags from /proc/cpuinfo:
model name	: Intel(R) Core(TM) i7-9750H CPU @ 2.60GHz
flags		: fpu vme de pse tsc msr pae mce cx8 apic sep mtrr pge mca cmov pat pse36 clflush mmx fxsr sse sse2 ht syscall nx rdtscp lm constant_tsc rep_good nopl xtopology nonstop_tsc cpuid tsc_known_freq pni ssse3 pcid sse4_1 sse4_2 hypervisor lahf_lm invpcid_single pti fsgsbase invpcid md_clear flush_l1d arch_capabilities

Memory: 4k page, physical 4038508k(1529160k free), swap 2097148k(1775688k free)

vm_info: OpenJDK 64-Bit Server VM (11.0.8+10-post-Ubuntu-0ubuntu118.04.1) for linux-amd64 JRE (11.0.8+10-post-Ubuntu-0ubuntu118.04.1), built on Jul 15 2020 20:45:24 by "unknown" with gcc 7.5.0

END.
