#
# A fatal error has been detected by the Java Runtime Environment:
#
#  SIGSEGV (0xb) at pc=0x00007f5b72acffde, pid=6142, tid=6189
#
# JRE version: OpenJDK Runtime Environment (11.0.8+10) (build 11.0.8+10-post-Ubuntu-0ubuntu118.04.1)
# Java VM: OpenJDK 64-Bit Server VM (11.0.8+10-post-Ubuntu-0ubuntu118.04.1, mixed mode, sharing, tiered, compressed oops, g1 gc, linux-amd64)
# Problematic frame:
# V  [libjvm.so+0x735fde]
#
# Core dump will be written. Default location: Core dumps may be processed with "/usr/share/apport/apport %p %s %c %d %P %E" (or dumping to /home/dcl/Documents/project/CS451-2020-project/core.6142)
#
# If you would like to submit a bug report, please visit:
#   https://bugs.launchpad.net/ubuntu/+source/openjdk-lts
#

---------------  S U M M A R Y ------------

Command Line: /home/dcl/Documents/project/CS451-2020-project/template_java/bin/da_proc.jar --id 5 --hosts /tmp/tmptye2wa1_ --barrier localhost:10000 --signal localhost:11000 --output /home/dcl/Documents/project/CS451-2020-project/template_java/outputs/proc05.output /tmp/tmpp4bfbmvt

Host: Intel(R) Core(TM) i7-9750H CPU @ 2.60GHz, 6 cores, 3G, Ubuntu 18.04.5 LTS
Time: Thu Nov 12 19:08:10 2020 CET elapsed time: 54 seconds (0d 0h 0m 54s)

---------------  T H R E A D  ---------------

Current thread (0x00007f5b6c04c800):  ConcurrentGCThread "G1 Conc#0" [stack: 0x00007f5b4e030000,0x00007f5b4e130000] [id=6189]

Stack: [0x00007f5b4e030000,0x00007f5b4e130000],  sp=0x00007f5b4e12eb30,  free space=1018k
Native frames: (J=compiled Java code, A=aot compiled Java code, j=interpreted, Vv=VM code, C=native code)
V  [libjvm.so+0x735fde]
V  [libjvm.so+0x7371aa]
V  [libjvm.so+0x746571]
V  [libjvm.so+0x74471d]
V  [libjvm.so+0x73db15]
V  [libjvm.so+0x73ddbf]
V  [libjvm.so+0x740e9b]
V  [libjvm.so+0x74591d]
V  [libjvm.so+0xe23bcd]
V  [libjvm.so+0xd860bf]
V  [libjvm.so+0xbd632e]


siginfo: si_signo: 11 (SIGSEGV), si_code: 1 (SEGV_MAPERR), si_addr: 0x0000000000000160

Register to memory mapping:

RAX=0x0 is NULL
RBX=0x00007f5b6c045ac0 points into unknown readable memory: 00 a8 04 6c 5b 7f 00 00
RCX=0x0000000000000014 is an unknown value
RDX=0x0 is NULL
RSP=0x00007f5b4e12eb30 points into unknown readable memory: 70 06 0a 6c 5b 7f 00 00
RBP=0x00007f5b4e12eb60 points into unknown readable memory: a0 eb 12 4e 5b 7f 00 00
RSI=0x0000000000000001 is an unknown value
RDI=0x00007f5b6c051ff0 points into unknown readable memory: 38 26 68 73 5b 7f 00 00
R8 =0x0000000000000800 is an unknown value
R9 =0x0000000000000005 is an unknown value
R10=0x0 is NULL
R11=0x0000000000000202 is an unknown value
R12=0x00007f5b4e12ed30 points into unknown readable memory: a8 23 68 73 5b 7f 00 00
R13=0x00000000c5c64000 points into unknown readable memory: 00 00 00 00 00 00 00 00
R14=0x00000000c5c60000 points into unknown readable memory: 00 00 00 00 00 00 00 00
R15=0x00000000c5c00000 points into unknown readable memory: 01 00 00 00 00 00 00 00


Registers:
RAX=0x0000000000000000, RBX=0x00007f5b6c045ac0, RCX=0x0000000000000014, RDX=0x0000000000000000
RSP=0x00007f5b4e12eb30, RBP=0x00007f5b4e12eb60, RSI=0x0000000000000001, RDI=0x00007f5b6c051ff0
R8 =0x0000000000000800, R9 =0x0000000000000005, R10=0x0000000000000000, R11=0x0000000000000202
R12=0x00007f5b4e12ed30, R13=0x00000000c5c64000, R14=0x00000000c5c60000, R15=0x00000000c5c00000
RIP=0x00007f5b72acffde, EFLAGS=0x0000000000010246, CSGSFS=0x002b000000000033, ERR=0x0000000000000004
  TRAPNO=0x000000000000000e

Top of Stack: (sp=0x00007f5b4e12eb30)
0x00007f5b4e12eb30:   00007f5b6c0a0670 00000000c4f2e500
0x00007f5b4e12eb40:   00000000c5c62000 00007f5b4e12ed30
0x00007f5b4e12eb50:   00000000c5c64000 00000000c5c60000
0x00007f5b4e12eb60:   00007f5b4e12eba0 00007f5b72ad11aa 

Instructions: (pc=0x00007f5b72acffde)
0x00007f5b72acfede:   66 48 8d 3d da 40 c6 00 66 66 48 e8 92 6b b3 ff
0x00007f5b72acfeee:   48 8b 8d 30 ff ff ff 48 8b 00 4c 8b b8 70 02 00
0x00007f5b72acfefe:   00 8b 81 c8 00 00 00 85 c0 49 8b 5f 10 4d 8b 67
0x00007f5b72acff0e:   18 4d 8b 6f 20 4d 8b 77 28 75 20 48 8d b1 c8 00
0x00007f5b72acff1e:   00 00 b9 01 00 00 00 f0 0f b1 0e 85 c0 75 0c 31
0x00007f5b72acff2e:   f6 bf 01 00 00 00 e8 17 f1 2c 00 48 8b 85 30 ff
0x00007f5b72acff3e:   ff ff 48 05 d0 00 00 00 48 89 85 38 ff ff ff eb
0x00007f5b72acff4e:   08 90 8b 50 08 85 d2 7f 41 48 8b bd 38 ff ff ff
0x00007f5b72acff5e:   e8 0d 6d e6 ff 48 85 c0 75 e8 48 83 3b 00 74 13
0x00007f5b72acff6e:   4c 89 ff 4c 89 f6 e8 47 cb c9 ff 48 89 df e8 ef
0x00007f5b72acff7e:   bb c9 ff 49 89 5f 10 4d 89 67 18 4d 89 6f 20 e9
0x00007f5b72acff8e:   9f fe ff ff 66 0f 1f 44 00 00 48 89 c7 e8 d0 cc
0x00007f5b72acff9e:   0e 00 eb b5 48 89 df e8 d6 eb 44 00 e9 41 fe ff
0x00007f5b72acffae:   ff 90 55 48 89 f2 48 89 e5 41 56 41 55 41 54 53
0x00007f5b72acffbe:   48 83 ec 10 48 8b 5f 20 48 8b 43 08 8b 88 c0 02
0x00007f5b72acffce:   00 00 48 8b 80 b0 02 00 00 48 d3 ea 48 8b 04 d0
0x00007f5b72acffde:   48 3b b0 60 01 00 00 72 19 48 83 c4 10 31 c0 5b
0x00007f5b72acffee:   41 5c 41 5d 41 5e 5d c3 66 2e 0f 1f 84 00 00 00
0x00007f5b72acfffe:   00 00 48 8b 93 90 00 00 00 48 89 f1 44 8b 67 10
0x00007f5b72ad000e:   48 2b 0a 48 89 c8 8b 4a 10 48 c1 e8 03 48 d3 e8
0x00007f5b72ad001e:   48 89 c1 49 89 c0 48 8b 42 18 49 c1 e8 06 83 e1
0x00007f5b72ad002e:   3f 4e 8d 0c c0 41 b8 01 00 00 00 49 d3 e0 49 8b
0x00007f5b72ad003e:   09 eb 17 0f 1f 80 00 00 00 00 48 89 c8 f0 49 0f
0x00007f5b72ad004e:   b1 11 48 39 c1 74 13 48 89 c1 4c 89 c2 48 09 ca
0x00007f5b72ad005e:   48 39 d1 75 e5 eb 82 0f 1f 00 49 89 fd 48 89 f7
0x00007f5b72ad006e:   49 89 f6 e8 ea 8a ea ff 48 8b 93 f0 02 00 00 48
0x00007f5b72ad007e:   8d 0d 40 19 cb 00 4c 89 f3 48 98 4a 8b 34 e2 8b
0x00007f5b72ad008e:   09 48 8b 56 18 48 2b 5a 10 48 89 da 48 d3 ea 48
0x00007f5b72ad009e:   89 d1 23 56 68 48 c1 e2 04 48 03 56 48 8b 3a 39
0x00007f5b72ad00ae:   f9 0f 84 8b 01 00 00 4c 8b 42 08 4d 85 c0 74 0d
0x00007f5b72ad00be:   4c 8b 4e 38 49 8d 3c f9 f0 4c 0f c1 07 48 c7 42
0x00007f5b72ad00ce:   08 00 00 00 00 89 0a 48 83 46 60 01 48 01 42 08 


Stack slot to memory mapping:
stack at sp + 0 slots: 0x00007f5b6c0a0670 points into unknown readable memory: f0 88 68 73 5b 7f 00 00
stack at sp + 1 slots: 0x00000000c4f2e500 points into unknown readable memory: 0d 00 00 00 00 00 00 00
stack at sp + 2 slots: 0x00000000c5c62000 points into unknown readable memory: 01 00 00 00 00 00 00 00
stack at sp + 3 slots: 0x00007f5b4e12ed30 points into unknown readable memory: a8 23 68 73 5b 7f 00 00
stack at sp + 4 slots: 0x00000000c5c64000 points into unknown readable memory: 00 00 00 00 00 00 00 00
stack at sp + 5 slots: 0x00000000c5c60000 points into unknown readable memory: 00 00 00 00 00 00 00 00
stack at sp + 6 slots: 0x00007f5b4e12eba0 points into unknown readable memory: 00 ec 12 4e 5b 7f 00 00
stack at sp + 7 slots: 0x00007f5b72ad11aa: <offset 0x00000000007371aa> in /usr/lib/jvm/java-11-openjdk-amd64/lib/server/libjvm.so at 0x00007f5b7239a000


---------------  P R O C E S S  ---------------

Threads class SMR info:
_java_thread_list=0x00007f5af01c7930, length=17, elements={
0x00007f5b6c016800, 0x00007f5b6c12a800, 0x00007f5b6c12c800, 0x00007f5b6c134000,
0x00007f5b6c136000, 0x00007f5b6c138000, 0x00007f5b6c13a000, 0x00007f5b6c175000,
0x00007f5b6c17a800, 0x00007f5b6c232000, 0x00007f5b6c244000, 0x00007f5b6c24c800,
0x00007f5b6c24e800, 0x00007f5b6c251800, 0x00007f5b6c253000, 0x00007f5b6c259800,
0x00007f5b6c25b800
}

Java Threads: ( => current thread )
  0x00007f5b6c016800 JavaThread "CUSTOM_main_sender_thread" [_thread_blocked, id=6145, stack(0x00007f5b74514000,0x00007f5b74615000)]
  0x00007f5b6c12a800 JavaThread "Reference Handler" daemon [_thread_blocked, id=6222, stack(0x00007f5b46df3000,0x00007f5b46ef4000)]
  0x00007f5b6c12c800 JavaThread "Finalizer" daemon [_thread_blocked, id=6223, stack(0x00007f5b46cf2000,0x00007f5b46df3000)]
  0x00007f5b6c134000 JavaThread "Signal Dispatcher" daemon [_thread_blocked, id=6235, stack(0x00007f5b468c1000,0x00007f5b469c2000)]
  0x00007f5b6c136000 JavaThread "C2 CompilerThread0" daemon [_thread_blocked, id=6236, stack(0x00007f5b467c0000,0x00007f5b468c1000)]
  0x00007f5b6c138000 JavaThread "C1 CompilerThread0" daemon [_thread_blocked, id=6241, stack(0x00007f5b466bf000,0x00007f5b467c0000)]
  0x00007f5b6c13a000 JavaThread "Sweeper thread" daemon [_thread_blocked, id=6243, stack(0x00007f5b465be000,0x00007f5b466bf000)]
  0x00007f5b6c175000 JavaThread "Service Thread" daemon [_thread_blocked, id=6291, stack(0x00007f5b464bd000,0x00007f5b465be000)]
  0x00007f5b6c17a800 JavaThread "Common-Cleaner" daemon [_thread_blocked, id=6299, stack(0x00007f5b462ba000,0x00007f5b463bb000)]
  0x00007f5b6c232000 JavaThread "CUSTOM_gc_process_timer" [_thread_blocked, id=6330, stack(0x00007f5b45d91000,0x00007f5b45e92000)]
  0x00007f5b6c244000 JavaThread "Timer-1" [_thread_blocked, id=6336, stack(0x00007f5b45a8d000,0x00007f5b45b8e000)]
  0x00007f5b6c24c800 JavaThread "Timer-2" [_thread_blocked, id=6339, stack(0x00007f5b4598c000,0x00007f5b45a8d000)]
  0x00007f5b6c24e800 JavaThread "CUSTOM_ping_sender_timer" [_thread_blocked, id=6341, stack(0x00007f5b4588b000,0x00007f5b4598c000)]
  0x00007f5b6c251800 JavaThread "CUSTOM_resending_transport_1_timer" [_thread_in_native, id=6346, stack(0x00007f5b4578a000,0x00007f5b4588b000)]
  0x00007f5b6c253000 JavaThread "CUSTOM__sender_thread" [_thread_blocked, id=6349, stack(0x00007f5b45689000,0x00007f5b4578a000)]
  0x00007f5b6c259800 JavaThread "CUSTOM_udp_receiver_thread" [_thread_in_native, id=6367, stack(0x00007f5b45588000,0x00007f5b45689000)]
  0x00007f5b6c25b800 JavaThread "CUSTOM_handler_receiver_thread" [_thread_in_vm, id=6370, stack(0x00007f5b45487000,0x00007f5b45588000)]

Other Threads:
  0x00007f5b6c127800 VMThread "VM Thread" [stack: 0x00007f5b46ef6000,0x00007f5b46ff6000] [id=6219]
  0x00007f5b6c177800 WatcherThread [stack: 0x00007f5b463bd000,0x00007f5b464bd000] [id=6292]
  0x00007f5b6c02f000 GCTaskThread "GC Thread#0" [stack: 0x00007f5b704f2000,0x00007f5b705f2000] [id=6153]
  0x00007f5b38001000 GCTaskThread "GC Thread#1" [stack: 0x00007f5b45286000,0x00007f5b45386000] [id=6431]
  0x00007f5b38002800 GCTaskThread "GC Thread#2" [stack: 0x00007f5b45184000,0x00007f5b45284000] [id=6442]
  0x00007f5b38004000 GCTaskThread "GC Thread#3" [stack: 0x00007f5b45082000,0x00007f5b45182000] [id=6443]
  0x00007f5b38005800 GCTaskThread "GC Thread#4" [stack: 0x00007f5b44f80000,0x00007f5b45080000] [id=6444]
  0x00007f5b38007000 GCTaskThread "GC Thread#5" [stack: 0x00007f5b44e7e000,0x00007f5b44f7e000] [id=6445]
  0x00007f5b6c04a800 ConcurrentGCThread "G1 Main Marker" [stack: 0x00007f5b54039000,0x00007f5b54139000] [id=6171]
=>0x00007f5b6c04c800 ConcurrentGCThread "G1 Conc#0" [stack: 0x00007f5b4e030000,0x00007f5b4e130000] [id=6189]
  0x00007f5b48001000 ConcurrentGCThread "G1 Conc#1" [stack: 0x00007f5b44d7c000,0x00007f5b44e7c000] [id=6450]
  0x00007f5b6c098000 ConcurrentGCThread "G1 Refine#0" [stack: 0x00007f5b478fa000,0x00007f5b479fa000] [id=6198]
  0x00007f5b3c001000 ConcurrentGCThread "G1 Refine#1" [stack: 0x00007f5b44c7a000,0x00007f5b44d7a000] [id=6526]
  0x00007f5b6c09a000 ConcurrentGCThread "G1 Young RemSet Sampling" [stack: 0x00007f5b477f8000,0x00007f5b478f8000] [id=6206]

Threads with active compile tasks:

VM state:not at safepoint (normal execution)

VM Mutex/Monitor currently owned by a thread: None

Heap address: 0x00000000c2600000, size: 986 MB, Compressed Oops mode: 32-bit
Narrow klass base: 0x0000000800000000, Narrow klass shift: 3
Compressed class space size: 1073741824 Address: 0x0000000840000000

Heap:
 garbage-first heap   total 190464K, used 107860K [0x00000000c2600000, 0x0000000100000000)
  region size 1024K, 3 young (3072K), 2 survivors (2048K)
 Metaspace       used 2903K, capacity 5549K, committed 5632K, reserved 1056768K
  class space    used 349K, capacity 712K, committed 768K, reserved 1048576K
Heap Regions: E=young(eden), S=young(survivor), O=old, HS=humongous(starts), HC=humongous(continues), CS=collection set, F=free, A=archive, TAMS=top-at-mark-start (previous, next)
|   0|0x00000000c2600000, 0x00000000c2700000, 0x00000000c2700000|100%|HS|  |TAMS 0x00000000c2700000, 0x00000000c2700000| Complete 
|   1|0x00000000c2700000, 0x00000000c2800000, 0x00000000c2800000|100%|HC|  |TAMS 0x00000000c2800000, 0x00000000c2800000| Complete 
|   2|0x00000000c2800000, 0x00000000c2900000, 0x00000000c2900000|100%|HC|  |TAMS 0x00000000c2900000, 0x00000000c2900000| Complete 
|   3|0x00000000c2900000, 0x00000000c2a00000, 0x00000000c2a00000|100%|HC|  |TAMS 0x00000000c2a00000, 0x00000000c2a00000| Complete 
|   4|0x00000000c2a00000, 0x00000000c2b00000, 0x00000000c2b00000|100%|HC|  |TAMS 0x00000000c2b00000, 0x00000000c2b00000| Complete 
|   5|0x00000000c2b00000, 0x00000000c2c00000, 0x00000000c2c00000|100%|HC|  |TAMS 0x00000000c2c00000, 0x00000000c2c00000| Complete 
|   6|0x00000000c2c00000, 0x00000000c2d00000, 0x00000000c2d00000|100%|HC|  |TAMS 0x00000000c2d00000, 0x00000000c2d00000| Complete 
|   7|0x00000000c2d00000, 0x00000000c2e00000, 0x00000000c2e00000|100%|HC|  |TAMS 0x00000000c2e00000, 0x00000000c2e00000| Complete 
|   8|0x00000000c2e00000, 0x00000000c2f00000, 0x00000000c2f00000|100%|HS|  |TAMS 0x00000000c2f00000, 0x00000000c2f00000| Complete 
|   9|0x00000000c2f00000, 0x00000000c3000000, 0x00000000c3000000|100%|HC|  |TAMS 0x00000000c3000000, 0x00000000c3000000| Complete 
|  10|0x00000000c3000000, 0x00000000c3100000, 0x00000000c3100000|100%|HC|  |TAMS 0x00000000c3100000, 0x00000000c3100000| Complete 
|  11|0x00000000c3100000, 0x00000000c3200000, 0x00000000c3200000|100%|HC|  |TAMS 0x00000000c3200000, 0x00000000c3200000| Complete 
|  12|0x00000000c3200000, 0x00000000c3300000, 0x00000000c3300000|100%|HC|  |TAMS 0x00000000c3300000, 0x00000000c3300000| Complete 
|  13|0x00000000c3300000, 0x00000000c3400000, 0x00000000c3400000|100%|HC|  |TAMS 0x00000000c3400000, 0x00000000c3400000| Complete 
|  14|0x00000000c3400000, 0x00000000c3500000, 0x00000000c3500000|100%|HC|  |TAMS 0x00000000c3500000, 0x00000000c3500000| Complete 
|  15|0x00000000c3500000, 0x00000000c3600000, 0x00000000c3600000|100%|HC|  |TAMS 0x00000000c3600000, 0x00000000c3600000| Complete 
|  16|0x00000000c3600000, 0x00000000c3700000, 0x00000000c3700000|100%|HC|  |TAMS 0x00000000c3700000, 0x00000000c3700000| Complete 
|  17|0x00000000c3700000, 0x00000000c3800000, 0x00000000c3800000|100%|HS|  |TAMS 0x00000000c3800000, 0x00000000c3800000| Complete 
|  18|0x00000000c3800000, 0x00000000c3900000, 0x00000000c3900000|100%|HC|  |TAMS 0x00000000c3900000, 0x00000000c3900000| Complete 
|  19|0x00000000c3900000, 0x00000000c3a00000, 0x00000000c3a00000|100%|HC|  |TAMS 0x00000000c3a00000, 0x00000000c3a00000| Complete 
|  20|0x00000000c3a00000, 0x00000000c3b00000, 0x00000000c3b00000|100%|HC|  |TAMS 0x00000000c3b00000, 0x00000000c3b00000| Complete 
|  21|0x00000000c3b00000, 0x00000000c3c00000, 0x00000000c3c00000|100%|HC|  |TAMS 0x00000000c3c00000, 0x00000000c3c00000| Complete 
|  22|0x00000000c3c00000, 0x00000000c3d00000, 0x00000000c3d00000|100%|HC|  |TAMS 0x00000000c3d00000, 0x00000000c3d00000| Complete 
|  23|0x00000000c3d00000, 0x00000000c3e00000, 0x00000000c3e00000|100%|HC|  |TAMS 0x00000000c3e00000, 0x00000000c3e00000| Complete 
|  24|0x00000000c3e00000, 0x00000000c3f00000, 0x00000000c3f00000|100%|HC|  |TAMS 0x00000000c3f00000, 0x00000000c3f00000| Complete 
|  25|0x00000000c3f00000, 0x00000000c4000000, 0x00000000c4000000|100%|HC|  |TAMS 0x00000000c4000000, 0x00000000c4000000| Complete 
|  26|0x00000000c4000000, 0x00000000c4100000, 0x00000000c4100000|100%|HS|  |TAMS 0x00000000c4100000, 0x00000000c4100000| Complete 
|  27|0x00000000c4100000, 0x00000000c4200000, 0x00000000c4200000|100%|HC|  |TAMS 0x00000000c4200000, 0x00000000c4200000| Complete 
|  28|0x00000000c4200000, 0x00000000c4300000, 0x00000000c4300000|100%|HC|  |TAMS 0x00000000c4300000, 0x00000000c4300000| Complete 
|  29|0x00000000c4300000, 0x00000000c4400000, 0x00000000c4400000|100%|HC|  |TAMS 0x00000000c4400000, 0x00000000c4400000| Complete 
|  30|0x00000000c4400000, 0x00000000c4500000, 0x00000000c4500000|100%|HC|  |TAMS 0x00000000c4500000, 0x00000000c4500000| Complete 
|  31|0x00000000c4500000, 0x00000000c4600000, 0x00000000c4600000|100%|HC|  |TAMS 0x00000000c4600000, 0x00000000c4600000| Complete 
|  32|0x00000000c4600000, 0x00000000c4700000, 0x00000000c4700000|100%|HC|  |TAMS 0x00000000c4700000, 0x00000000c4700000| Complete 
|  33|0x00000000c4700000, 0x00000000c4800000, 0x00000000c4800000|100%|HC|  |TAMS 0x00000000c4800000, 0x00000000c4800000| Complete 
|  34|0x00000000c4800000, 0x00000000c4900000, 0x00000000c4900000|100%|HC|  |TAMS 0x00000000c4900000, 0x00000000c4900000| Complete 
|  35|0x00000000c4900000, 0x00000000c4a00000, 0x00000000c4a00000|100%|HS|  |TAMS 0x00000000c4a00000, 0x00000000c4a00000| Complete 
|  36|0x00000000c4a00000, 0x00000000c4b00000, 0x00000000c4b00000|100%|HC|  |TAMS 0x00000000c4b00000, 0x00000000c4b00000| Complete 
|  37|0x00000000c4b00000, 0x00000000c4c00000, 0x00000000c4c00000|100%|HC|  |TAMS 0x00000000c4c00000, 0x00000000c4c00000| Complete 
|  38|0x00000000c4c00000, 0x00000000c4d00000, 0x00000000c4d00000|100%|HC|  |TAMS 0x00000000c4d00000, 0x00000000c4d00000| Complete 
|  39|0x00000000c4d00000, 0x00000000c4e00000, 0x00000000c4e00000|100%|HC|  |TAMS 0x00000000c4e00000, 0x00000000c4e00000| Complete 
|  40|0x00000000c4e00000, 0x00000000c4f00000, 0x00000000c4f00000|100%| O|  |TAMS 0x00000000c4f00000, 0x00000000c4f00000| Untracked 
|  41|0x00000000c4f00000, 0x00000000c5000000, 0x00000000c5000000|100%| O|  |TAMS 0x00000000c5000000, 0x00000000c5000000| Untracked 
|  42|0x00000000c5000000, 0x00000000c5000000, 0x00000000c5100000|  0%| F|  |TAMS 0x00000000c5000000, 0x00000000c5000000| Untracked 
|  43|0x00000000c5100000, 0x00000000c5100000, 0x00000000c5200000|  0%| F|  |TAMS 0x00000000c5100000, 0x00000000c5100000| Untracked 
|  44|0x00000000c5200000, 0x00000000c5200000, 0x00000000c5300000|  0%| F|  |TAMS 0x00000000c5200000, 0x00000000c5200000| Untracked 
|  45|0x00000000c5300000, 0x00000000c5400000, 0x00000000c5400000|100%|HS|  |TAMS 0x00000000c5400000, 0x00000000c5400000| Complete 
|  46|0x00000000c5400000, 0x00000000c5500000, 0x00000000c5500000|100%|HC|  |TAMS 0x00000000c5500000, 0x00000000c5500000| Complete 
|  47|0x00000000c5500000, 0x00000000c5600000, 0x00000000c5600000|100%|HC|  |TAMS 0x00000000c5600000, 0x00000000c5600000| Complete 
|  48|0x00000000c5600000, 0x00000000c5700000, 0x00000000c5700000|100%|HC|  |TAMS 0x00000000c5700000, 0x00000000c5700000| Complete 
|  49|0x00000000c5700000, 0x00000000c5800000, 0x00000000c5800000|100%|HC|  |TAMS 0x00000000c5800000, 0x00000000c5800000| Complete 
|  50|0x00000000c5800000, 0x00000000c5900000, 0x00000000c5900000|100%|HC|  |TAMS 0x00000000c5900000, 0x00000000c5900000| Complete 
|  51|0x00000000c5900000, 0x00000000c5a00000, 0x00000000c5a00000|100%|HC|  |TAMS 0x00000000c5a00000, 0x00000000c5a00000| Complete 
|  52|0x00000000c5a00000, 0x00000000c5b00000, 0x00000000c5b00000|100%|HC|  |TAMS 0x00000000c5b00000, 0x00000000c5b00000| Complete 
|  53|0x00000000c5b00000, 0x00000000c5c00000, 0x00000000c5c00000|100%|HC|  |TAMS 0x00000000c5c00000, 0x00000000c5c00000| Complete 
|  54|0x00000000c5c00000, 0x00000000c5d00000, 0x00000000c5d00000|100%|HS|  |TAMS 0x00000000c5d00000, 0x00000000c5d00000| Complete 
|  55|0x00000000c5d00000, 0x00000000c5e00000, 0x00000000c5e00000|100%|HC|  |TAMS 0x00000000c5e00000, 0x00000000c5e00000| Complete 
|  56|0x00000000c5e00000, 0x00000000c5f00000, 0x00000000c5f00000|100%|HC|  |TAMS 0x00000000c5f00000, 0x00000000c5f00000| Complete 
|  57|0x00000000c5f00000, 0x00000000c6000000, 0x00000000c6000000|100%|HC|  |TAMS 0x00000000c6000000, 0x00000000c6000000| Complete 
|  58|0x00000000c6000000, 0x00000000c6100000, 0x00000000c6100000|100%|HC|  |TAMS 0x00000000c6100000, 0x00000000c6100000| Complete 
|  59|0x00000000c6100000, 0x00000000c6200000, 0x00000000c6200000|100%| O|  |TAMS 0x00000000c6200000, 0x00000000c6200000| Untracked 
|  60|0x00000000c6200000, 0x00000000c6200000, 0x00000000c6300000|  0%| F|  |TAMS 0x00000000c6200000, 0x00000000c6200000| Untracked 
|  61|0x00000000c6300000, 0x00000000c6300000, 0x00000000c6400000|  0%| F|  |TAMS 0x00000000c6300000, 0x00000000c6300000| Untracked 
|  62|0x00000000c6400000, 0x00000000c6500000, 0x00000000c6500000|100%| O|  |TAMS 0x00000000c6500000, 0x00000000c6500000| Untracked 
|  63|0x00000000c6500000, 0x00000000c65e0a00, 0x00000000c6600000| 87%| O|  |TAMS 0x00000000c65b8600, 0x00000000c65e0a00| Untracked 
|  64|0x00000000c6600000, 0x00000000c6700000, 0x00000000c6700000|100%|HS|  |TAMS 0x00000000c6700000, 0x00000000c6700000| Complete 
|  65|0x00000000c6700000, 0x00000000c6800000, 0x00000000c6800000|100%|HC|  |TAMS 0x00000000c6800000, 0x00000000c6800000| Complete 
|  66|0x00000000c6800000, 0x00000000c6900000, 0x00000000c6900000|100%|HC|  |TAMS 0x00000000c6900000, 0x00000000c6900000| Complete 
|  67|0x00000000c6900000, 0x00000000c6a00000, 0x00000000c6a00000|100%|HC|  |TAMS 0x00000000c6a00000, 0x00000000c6a00000| Complete 
|  68|0x00000000c6a00000, 0x00000000c6b00000, 0x00000000c6b00000|100%|HC|  |TAMS 0x00000000c6b00000, 0x00000000c6b00000| Complete 
|  69|0x00000000c6b00000, 0x00000000c6c00000, 0x00000000c6c00000|100%|HS|  |TAMS 0x00000000c6c00000, 0x00000000c6c00000| Complete 
|  70|0x00000000c6c00000, 0x00000000c6d00000, 0x00000000c6d00000|100%|HC|  |TAMS 0x00000000c6d00000, 0x00000000c6d00000| Complete 
|  71|0x00000000c6d00000, 0x00000000c6e00000, 0x00000000c6e00000|100%|HC|  |TAMS 0x00000000c6e00000, 0x00000000c6e00000| Complete 
|  72|0x00000000c6e00000, 0x00000000c6f00000, 0x00000000c6f00000|100%|HC|  |TAMS 0x00000000c6f00000, 0x00000000c6f00000| Complete 
|  73|0x00000000c6f00000, 0x00000000c7000000, 0x00000000c7000000|100%|HC|  |TAMS 0x00000000c7000000, 0x00000000c7000000| Complete 
|  74|0x00000000c7000000, 0x00000000c7100000, 0x00000000c7100000|100%|HS|  |TAMS 0x00000000c7100000, 0x00000000c7100000| Complete 
|  75|0x00000000c7100000, 0x00000000c7200000, 0x00000000c7200000|100%|HC|  |TAMS 0x00000000c7200000, 0x00000000c7200000| Complete 
|  76|0x00000000c7200000, 0x00000000c7300000, 0x00000000c7300000|100%|HC|  |TAMS 0x00000000c7300000, 0x00000000c7300000| Complete 
|  77|0x00000000c7300000, 0x00000000c7400000, 0x00000000c7400000|100%|HC|  |TAMS 0x00000000c7400000, 0x00000000c7400000| Complete 
|  78|0x00000000c7400000, 0x00000000c7500000, 0x00000000c7500000|100%|HC|  |TAMS 0x00000000c7500000, 0x00000000c7500000| Complete 
|  79|0x00000000c7500000, 0x00000000c7600000, 0x00000000c7600000|100%|HS|  |TAMS 0x00000000c7600000, 0x00000000c7600000| Complete 
|  80|0x00000000c7600000, 0x00000000c7700000, 0x00000000c7700000|100%|HC|  |TAMS 0x00000000c7700000, 0x00000000c7700000| Complete 
|  81|0x00000000c7700000, 0x00000000c7800000, 0x00000000c7800000|100%|HC|  |TAMS 0x00000000c7800000, 0x00000000c7800000| Complete 
|  82|0x00000000c7800000, 0x00000000c7900000, 0x00000000c7900000|100%|HC|  |TAMS 0x00000000c7900000, 0x00000000c7900000| Complete 
|  83|0x00000000c7900000, 0x00000000c7a00000, 0x00000000c7a00000|100%|HC|  |TAMS 0x00000000c7a00000, 0x00000000c7a00000| Complete 
|  84|0x00000000c7a00000, 0x00000000c7b00000, 0x00000000c7b00000|100%|HS|  |TAMS 0x00000000c7b00000, 0x00000000c7b00000| Complete 
|  85|0x00000000c7b00000, 0x00000000c7c00000, 0x00000000c7c00000|100%|HC|  |TAMS 0x00000000c7c00000, 0x00000000c7c00000| Complete 
|  86|0x00000000c7c00000, 0x00000000c7d00000, 0x00000000c7d00000|100%|HC|  |TAMS 0x00000000c7d00000, 0x00000000c7d00000| Complete 
|  87|0x00000000c7d00000, 0x00000000c7e00000, 0x00000000c7e00000|100%|HC|  |TAMS 0x00000000c7e00000, 0x00000000c7e00000| Complete 
|  88|0x00000000c7e00000, 0x00000000c7f00000, 0x00000000c7f00000|100%|HC|  |TAMS 0x00000000c7f00000, 0x00000000c7f00000| Complete 
|  89|0x00000000c7f00000, 0x00000000c8000000, 0x00000000c8000000|100%|HS|  |TAMS 0x00000000c8000000, 0x00000000c8000000| Complete 
|  90|0x00000000c8000000, 0x00000000c8100000, 0x00000000c8100000|100%|HC|  |TAMS 0x00000000c8100000, 0x00000000c8100000| Complete 
|  91|0x00000000c8100000, 0x00000000c8200000, 0x00000000c8200000|100%|HC|  |TAMS 0x00000000c8200000, 0x00000000c8200000| Complete 
|  92|0x00000000c8200000, 0x00000000c8300000, 0x00000000c8300000|100%|HC|  |TAMS 0x00000000c8300000, 0x00000000c8300000| Complete 
|  93|0x00000000c8300000, 0x00000000c8400000, 0x00000000c8400000|100%|HC|  |TAMS 0x00000000c8400000, 0x00000000c8400000| Complete 
|  94|0x00000000c8400000, 0x00000000c8500000, 0x00000000c8500000|100%|HS|  |TAMS 0x00000000c8500000, 0x00000000c8500000| Complete 
|  95|0x00000000c8500000, 0x00000000c8600000, 0x00000000c8600000|100%|HC|  |TAMS 0x00000000c8600000, 0x00000000c8600000| Complete 
|  96|0x00000000c8600000, 0x00000000c8700000, 0x00000000c8700000|100%|HC|  |TAMS 0x00000000c8700000, 0x00000000c8700000| Complete 
|  97|0x00000000c8700000, 0x00000000c8800000, 0x00000000c8800000|100%|HC|  |TAMS 0x00000000c8800000, 0x00000000c8800000| Complete 
|  98|0x00000000c8800000, 0x00000000c8900000, 0x00000000c8900000|100%|HC|  |TAMS 0x00000000c8900000, 0x00000000c8900000| Complete 
|  99|0x00000000c8900000, 0x00000000c8900000, 0x00000000c8a00000|  0%| F|  |TAMS 0x00000000c8900000, 0x00000000c8900000| Untracked 
| 100|0x00000000c8a00000, 0x00000000c8a00000, 0x00000000c8b00000|  0%| F|  |TAMS 0x00000000c8a00000, 0x00000000c8a00000| Untracked 
| 101|0x00000000c8b00000, 0x00000000c8c00000, 0x00000000c8c00000|100%|HS|  |TAMS 0x00000000c8b00000, 0x00000000c8c00000| Complete 
| 102|0x00000000c8c00000, 0x00000000c8d00000, 0x00000000c8d00000|100%|HC|  |TAMS 0x00000000c8c00000, 0x00000000c8d00000| Complete 
| 103|0x00000000c8d00000, 0x00000000c8e00000, 0x00000000c8e00000|100%|HC|  |TAMS 0x00000000c8d00000, 0x00000000c8e00000| Complete 
| 104|0x00000000c8e00000, 0x00000000c8f00000, 0x00000000c8f00000|100%|HC|  |TAMS 0x00000000c8e00000, 0x00000000c8f00000| Complete 
| 105|0x00000000c8f00000, 0x00000000c9000000, 0x00000000c9000000|100%|HC|  |TAMS 0x00000000c8f00000, 0x00000000c9000000| Complete 
| 106|0x00000000c9000000, 0x00000000c9100000, 0x00000000c9100000|100%|HS|  |TAMS 0x00000000c9000000, 0x00000000c9000000| Complete 
| 107|0x00000000c9100000, 0x00000000c9200000, 0x00000000c9200000|100%|HC|  |TAMS 0x00000000c9100000, 0x00000000c9100000| Complete 
| 108|0x00000000c9200000, 0x00000000c9300000, 0x00000000c9300000|100%|HC|  |TAMS 0x00000000c9200000, 0x00000000c9200000| Complete 
| 109|0x00000000c9300000, 0x00000000c9400000, 0x00000000c9400000|100%|HC|  |TAMS 0x00000000c9300000, 0x00000000c9300000| Complete 
| 110|0x00000000c9400000, 0x00000000c9500000, 0x00000000c9500000|100%|HC|  |TAMS 0x00000000c9400000, 0x00000000c9400000| Complete 
| 111|0x00000000c9500000, 0x00000000c9500000, 0x00000000c9600000|  0%| F|  |TAMS 0x00000000c9500000, 0x00000000c9500000| Untracked 
| 112|0x00000000c9600000, 0x00000000c9600000, 0x00000000c9700000|  0%| F|  |TAMS 0x00000000c9600000, 0x00000000c9600000| Untracked 
| 113|0x00000000c9700000, 0x00000000c9700000, 0x00000000c9800000|  0%| F|  |TAMS 0x00000000c9700000, 0x00000000c9700000| Untracked 
| 114|0x00000000c9800000, 0x00000000c9800000, 0x00000000c9900000|  0%| F|  |TAMS 0x00000000c9800000, 0x00000000c9800000| Untracked 
| 115|0x00000000c9900000, 0x00000000c9900000, 0x00000000c9a00000|  0%| F|  |TAMS 0x00000000c9900000, 0x00000000c9900000| Untracked 
| 116|0x00000000c9a00000, 0x00000000c9a00000, 0x00000000c9b00000|  0%| F|  |TAMS 0x00000000c9a00000, 0x00000000c9a00000| Untracked 
| 117|0x00000000c9b00000, 0x00000000c9b00000, 0x00000000c9c00000|  0%| F|  |TAMS 0x00000000c9b00000, 0x00000000c9b00000| Untracked 
| 118|0x00000000c9c00000, 0x00000000c9c00000, 0x00000000c9d00000|  0%| F|  |TAMS 0x00000000c9c00000, 0x00000000c9c00000| Untracked 
| 119|0x00000000c9d00000, 0x00000000c9d00000, 0x00000000c9e00000|  0%| F|  |TAMS 0x00000000c9d00000, 0x00000000c9d00000| Untracked 
| 120|0x00000000c9e00000, 0x00000000c9e00000, 0x00000000c9f00000|  0%| F|  |TAMS 0x00000000c9e00000, 0x00000000c9e00000| Untracked 
| 121|0x00000000c9f00000, 0x00000000c9f00000, 0x00000000ca000000|  0%| F|  |TAMS 0x00000000c9f00000, 0x00000000c9f00000| Untracked 
| 122|0x00000000ca000000, 0x00000000ca000000, 0x00000000ca100000|  0%| F|  |TAMS 0x00000000ca000000, 0x00000000ca000000| Untracked 
| 123|0x00000000ca100000, 0x00000000ca100000, 0x00000000ca200000|  0%| F|  |TAMS 0x00000000ca100000, 0x00000000ca100000| Untracked 
| 124|0x00000000ca200000, 0x00000000ca200000, 0x00000000ca300000|  0%| F|  |TAMS 0x00000000ca200000, 0x00000000ca200000| Untracked 
| 125|0x00000000ca300000, 0x00000000ca300000, 0x00000000ca400000|  0%| F|  |TAMS 0x00000000ca300000, 0x00000000ca300000| Untracked 
| 126|0x00000000ca400000, 0x00000000ca400000, 0x00000000ca500000|  0%| F|  |TAMS 0x00000000ca400000, 0x00000000ca400000| Untracked 
| 127|0x00000000ca500000, 0x00000000ca500000, 0x00000000ca600000|  0%| F|  |TAMS 0x00000000ca500000, 0x00000000ca500000| Untracked 
| 128|0x00000000ca600000, 0x00000000ca600000, 0x00000000ca700000|  0%| F|  |TAMS 0x00000000ca600000, 0x00000000ca600000| Untracked 
| 129|0x00000000ca700000, 0x00000000ca700000, 0x00000000ca800000|  0%| F|  |TAMS 0x00000000ca700000, 0x00000000ca700000| Untracked 
| 130|0x00000000ca800000, 0x00000000ca800000, 0x00000000ca900000|  0%| F|  |TAMS 0x00000000ca800000, 0x00000000ca800000| Untracked 
| 131|0x00000000ca900000, 0x00000000ca900000, 0x00000000caa00000|  0%| F|  |TAMS 0x00000000ca900000, 0x00000000ca900000| Untracked 
| 132|0x00000000caa00000, 0x00000000caa00000, 0x00000000cab00000|  0%| F|  |TAMS 0x00000000caa00000, 0x00000000caa00000| Untracked 
| 133|0x00000000cab00000, 0x00000000cab00000, 0x00000000cac00000|  0%| F|  |TAMS 0x00000000cab00000, 0x00000000cab00000| Untracked 
| 134|0x00000000cac00000, 0x00000000cac00000, 0x00000000cad00000|  0%| F|  |TAMS 0x00000000cac00000, 0x00000000cac00000| Untracked 
| 135|0x00000000cad00000, 0x00000000cad00000, 0x00000000cae00000|  0%| F|  |TAMS 0x00000000cad00000, 0x00000000cad00000| Untracked 
| 136|0x00000000cae00000, 0x00000000cae00000, 0x00000000caf00000|  0%| F|  |TAMS 0x00000000cae00000, 0x00000000cae00000| Untracked 
| 137|0x00000000caf00000, 0x00000000caf00000, 0x00000000cb000000|  0%| F|  |TAMS 0x00000000caf00000, 0x00000000caf00000| Untracked 
| 138|0x00000000cb000000, 0x00000000cb000000, 0x00000000cb100000|  0%| F|  |TAMS 0x00000000cb000000, 0x00000000cb000000| Untracked 
| 139|0x00000000cb100000, 0x00000000cb100000, 0x00000000cb200000|  0%| F|  |TAMS 0x00000000cb100000, 0x00000000cb100000| Untracked 
| 140|0x00000000cb200000, 0x00000000cb200000, 0x00000000cb300000|  0%| F|  |TAMS 0x00000000cb200000, 0x00000000cb200000| Untracked 
| 141|0x00000000cb300000, 0x00000000cb300000, 0x00000000cb400000|  0%| F|  |TAMS 0x00000000cb300000, 0x00000000cb300000| Untracked 
| 142|0x00000000cb400000, 0x00000000cb400000, 0x00000000cb500000|  0%| F|  |TAMS 0x00000000cb400000, 0x00000000cb400000| Untracked 
| 143|0x00000000cb500000, 0x00000000cb500000, 0x00000000cb600000|  0%| F|  |TAMS 0x00000000cb500000, 0x00000000cb500000| Untracked 
| 144|0x00000000cb600000, 0x00000000cb600000, 0x00000000cb700000|  0%| F|  |TAMS 0x00000000cb600000, 0x00000000cb600000| Untracked 
| 145|0x00000000cb700000, 0x00000000cb700000, 0x00000000cb800000|  0%| F|  |TAMS 0x00000000cb700000, 0x00000000cb700000| Untracked 
| 146|0x00000000cb800000, 0x00000000cb800000, 0x00000000cb900000|  0%| F|  |TAMS 0x00000000cb800000, 0x00000000cb800000| Untracked 
| 147|0x00000000cb900000, 0x00000000cb900000, 0x00000000cba00000|  0%| F|  |TAMS 0x00000000cb900000, 0x00000000cb900000| Untracked 
| 148|0x00000000cba00000, 0x00000000cba00000, 0x00000000cbb00000|  0%| F|  |TAMS 0x00000000cba00000, 0x00000000cba00000| Untracked 
| 149|0x00000000cbb00000, 0x00000000cbb00000, 0x00000000cbc00000|  0%| F|  |TAMS 0x00000000cbb00000, 0x00000000cbb00000| Untracked 
| 150|0x00000000cbc00000, 0x00000000cbc00000, 0x00000000cbd00000|  0%| F|  |TAMS 0x00000000cbc00000, 0x00000000cbc00000| Untracked 
| 151|0x00000000cbd00000, 0x00000000cbd00000, 0x00000000cbe00000|  0%| F|  |TAMS 0x00000000cbd00000, 0x00000000cbd00000| Untracked 
| 152|0x00000000cbe00000, 0x00000000cbe00000, 0x00000000cbf00000|  0%| F|  |TAMS 0x00000000cbe00000, 0x00000000cbe00000| Untracked 
| 153|0x00000000cbf00000, 0x00000000cbf00000, 0x00000000cc000000|  0%| F|  |TAMS 0x00000000cbf00000, 0x00000000cbf00000| Untracked 
| 154|0x00000000cc000000, 0x00000000cc000000, 0x00000000cc100000|  0%| F|  |TAMS 0x00000000cc000000, 0x00000000cc000000| Untracked 
| 155|0x00000000cc100000, 0x00000000cc100000, 0x00000000cc200000|  0%| F|  |TAMS 0x00000000cc100000, 0x00000000cc100000| Untracked 
| 156|0x00000000cc200000, 0x00000000cc200000, 0x00000000cc300000|  0%| F|  |TAMS 0x00000000cc200000, 0x00000000cc200000| Untracked 
| 157|0x00000000cc300000, 0x00000000cc300000, 0x00000000cc400000|  0%| F|  |TAMS 0x00000000cc300000, 0x00000000cc300000| Untracked 
| 158|0x00000000cc400000, 0x00000000cc400000, 0x00000000cc500000|  0%| F|  |TAMS 0x00000000cc400000, 0x00000000cc400000| Untracked 
| 159|0x00000000cc500000, 0x00000000cc500000, 0x00000000cc600000|  0%| F|  |TAMS 0x00000000cc500000, 0x00000000cc500000| Untracked 
| 160|0x00000000cc600000, 0x00000000cc600000, 0x00000000cc700000|  0%| F|  |TAMS 0x00000000cc600000, 0x00000000cc600000| Untracked 
| 161|0x00000000cc700000, 0x00000000cc700000, 0x00000000cc800000|  0%| F|  |TAMS 0x00000000cc700000, 0x00000000cc700000| Untracked 
| 162|0x00000000cc800000, 0x00000000cc800000, 0x00000000cc900000|  0%| F|  |TAMS 0x00000000cc800000, 0x00000000cc800000| Untracked 
| 163|0x00000000cc900000, 0x00000000cc900000, 0x00000000cca00000|  0%| F|  |TAMS 0x00000000cc900000, 0x00000000cc900000| Untracked 
| 164|0x00000000cca00000, 0x00000000cca00000, 0x00000000ccb00000|  0%| F|  |TAMS 0x00000000cca00000, 0x00000000cca00000| Untracked 
| 165|0x00000000ccb00000, 0x00000000ccb00000, 0x00000000ccc00000|  0%| F|  |TAMS 0x00000000ccb00000, 0x00000000ccb00000| Untracked 
| 166|0x00000000ccc00000, 0x00000000ccc00000, 0x00000000ccd00000|  0%| F|  |TAMS 0x00000000ccc00000, 0x00000000ccc00000| Untracked 
| 167|0x00000000ccd00000, 0x00000000ccd00000, 0x00000000cce00000|  0%| F|  |TAMS 0x00000000ccd00000, 0x00000000ccd00000| Untracked 
| 168|0x00000000cce00000, 0x00000000cce00000, 0x00000000ccf00000|  0%| F|  |TAMS 0x00000000cce00000, 0x00000000cce00000| Untracked 
| 169|0x00000000ccf00000, 0x00000000ccf00000, 0x00000000cd000000|  0%| F|  |TAMS 0x00000000ccf00000, 0x00000000ccf00000| Untracked 
| 170|0x00000000cd000000, 0x00000000cd000000, 0x00000000cd100000|  0%| F|  |TAMS 0x00000000cd000000, 0x00000000cd000000| Untracked 
| 171|0x00000000cd100000, 0x00000000cd100000, 0x00000000cd200000|  0%| F|  |TAMS 0x00000000cd100000, 0x00000000cd100000| Untracked 
| 172|0x00000000cd200000, 0x00000000cd200000, 0x00000000cd300000|  0%| F|  |TAMS 0x00000000cd200000, 0x00000000cd200000| Untracked 
| 173|0x00000000cd300000, 0x00000000cd300000, 0x00000000cd400000|  0%| F|  |TAMS 0x00000000cd300000, 0x00000000cd300000| Untracked 
| 174|0x00000000cd400000, 0x00000000cd400000, 0x00000000cd500000|  0%| F|  |TAMS 0x00000000cd400000, 0x00000000cd400000| Untracked 
| 175|0x00000000cd500000, 0x00000000cd500000, 0x00000000cd600000|  0%| F|  |TAMS 0x00000000cd500000, 0x00000000cd500000| Untracked 
| 176|0x00000000cd600000, 0x00000000cd600000, 0x00000000cd700000|  0%| F|  |TAMS 0x00000000cd600000, 0x00000000cd600000| Untracked 
| 177|0x00000000cd700000, 0x00000000cd700000, 0x00000000cd800000|  0%| F|  |TAMS 0x00000000cd700000, 0x00000000cd700000| Untracked 
| 178|0x00000000cd800000, 0x00000000cd800000, 0x00000000cd900000|  0%| F|  |TAMS 0x00000000cd800000, 0x00000000cd800000| Untracked 
| 179|0x00000000cd900000, 0x00000000cd974718, 0x00000000cda00000| 45%| S|CS|TAMS 0x00000000cd900000, 0x00000000cd900000| Complete 
| 180|0x00000000cda00000, 0x00000000cdb00000, 0x00000000cdb00000|100%| S|CS|TAMS 0x00000000cda00000, 0x00000000cda00000| Complete 
| 181|0x00000000cdb00000, 0x00000000cdb00000, 0x00000000cdc00000|  0%| F|  |TAMS 0x00000000cdb00000, 0x00000000cdb00000| Untracked 
| 182|0x00000000cdc00000, 0x00000000cdc00000, 0x00000000cdd00000|  0%| F|  |TAMS 0x00000000cdc00000, 0x00000000cdc00000| Untracked 
| 183|0x00000000cdd00000, 0x00000000cdd00000, 0x00000000cde00000|  0%| F|  |TAMS 0x00000000cdd00000, 0x00000000cdd00000| Untracked 
| 184|0x00000000cde00000, 0x00000000cde00000, 0x00000000cdf00000|  0%| F|  |TAMS 0x00000000cde00000, 0x00000000cde00000| Untracked 
| 185|0x00000000cdf00000, 0x00000000cdf3afd0, 0x00000000ce000000| 23%| E|  |TAMS 0x00000000cdf00000, 0x00000000cdf00000| Complete 

Card table byte_map: [0x00007f5b54326000,0x00007f5b54513000] _byte_map_base: 0x00007f5b53d13000

Marking Bits (Prev, Next): (CMBitMap*) 0x00007f5b6c045ad8, (CMBitMap*) 0x00007f5b6c045b10
 Prev Bits: [0x00007f5b4f098000, 0x00007f5b50000000)
 Next Bits: [0x00007f5b4e130000, 0x00007f5b4f098000)

Polling page: 0x00007f5b74629000

Metaspace:

Usage:
  Non-class:      4.72 MB capacity,     2.49 MB ( 53%) used,     2.20 MB ( 47%) free+waste,    32.88 KB ( <1%) overhead. 
      Class:    712.00 KB capacity,   349.69 KB ( 49%) used,   344.00 KB ( 48%) free+waste,    18.31 KB (  3%) overhead. 
       Both:      5.42 MB capacity,     2.84 MB ( 52%) used,     2.53 MB ( 47%) free+waste,    51.19 KB ( <1%) overhead. 

Virtual space:
  Non-class space:        8.00 MB reserved,       4.75 MB ( 59%) committed 
      Class space:        1.00 GB reserved,     768.00 KB ( <1%) committed 
             Both:        1.01 GB reserved,       5.50 MB ( <1%) committed 

Chunk freelists:
   Non-Class:  3.00 KB
       Class:  2.00 KB
        Both:  5.00 KB

MaxMetaspaceSize: unlimited
CompressedClassSpaceSize: 1.00 GB

CodeHeap 'non-profiled nmethods': size=120032Kb used=463Kb max_used=463Kb free=119569Kb
 bounds [0x00007f5b5c3ca000, 0x00007f5b5c63a000, 0x00007f5b63902000]
CodeHeap 'profiled nmethods': size=120032Kb used=1729Kb max_used=1729Kb free=118302Kb
 bounds [0x00007f5b54e92000, 0x00007f5b55102000, 0x00007f5b5c3ca000]
CodeHeap 'non-nmethods': size=5696Kb used=1098Kb max_used=1125Kb free=4597Kb
 bounds [0x00007f5b54902000, 0x00007f5b54b72000, 0x00007f5b54e92000]
 total_blobs=1489 nmethods=1052 adapters=351
 compilation: enabled
              stopped_count=0, restarted_count=0
 full_count=0

Compilation events (20 events):
Event: 44.179 Thread 0x00007f5b6c138000 nmethod 1096 0x00007f5b5503ff10 code [0x00007f5b550400c0, 0x00007f5b550402f0]
Event: 44.180 Thread 0x00007f5b6c138000 1097       3       java.util.regex.ASCII::isDigit (18 bytes)
Event: 44.180 Thread 0x00007f5b6c138000 nmethod 1097 0x00007f5b55040390 code [0x00007f5b55040540, 0x00007f5b55040690]
Event: 44.180 Thread 0x00007f5b6c138000 1095       3       java.util.regex.CharPredicates$$Lambda$30/0x00000008400a5040::is (5 bytes)
Event: 44.180 Thread 0x00007f5b6c138000 nmethod 1095 0x00007f5b55040710 code [0x00007f5b550408e0, 0x00007f5b55040bb0]
Event: 46.337 Thread 0x00007f5b6c136000 1098       4       java.util.HashMap::containsKey (18 bytes)
Event: 46.404 Thread 0x00007f5b6c136000 nmethod 1098 0x00007f5b5c43bf90 code [0x00007f5b5c43c160, 0x00007f5b5c43c498]
Event: 49.490 Thread 0x00007f5b6c138000 1099       3       java.util.HashMap::isEmpty (13 bytes)
Event: 49.491 Thread 0x00007f5b6c138000 nmethod 1099 0x00007f5b55040c90 code [0x00007f5b55040e40, 0x00007f5b55040fb0]
Event: 52.151 Thread 0x00007f5b6c138000 1100       3       java.util.Formatter$Conversion::isGeneral (64 bytes)
Event: 52.152 Thread 0x00007f5b6c138000 nmethod 1100 0x00007f5b55041010 code [0x00007f5b550411c0, 0x00007f5b55041390]
Event: 54.126 Thread 0x00007f5b6c138000 1101       1       java.util.logging.Logger::getParent (5 bytes)
Event: 54.127 Thread 0x00007f5b6c138000 nmethod 1101 0x00007f5b5c43c710 code [0x00007f5b5c43c8c0, 0x00007f5b5c43c990]
Event: 54.127 Thread 0x00007f5b6c138000 1102       1       java.util.logging.LogRecord::getLevel (5 bytes)
Event: 54.127 Thread 0x00007f5b6c138000 nmethod 1102 0x00007f5b5c43ca10 code [0x00007f5b5c43cbc0, 0x00007f5b5c43cc90]
Event: 54.149 Thread 0x00007f5b6c138000 1104       3       java.lang.Iterable::forEach (39 bytes)
Event: 54.149 Thread 0x00007f5b6c138000 nmethod 1104 0x00007f5b55041410 code [0x00007f5b55041620, 0x00007f5b55041c80]
Event: 54.149 Thread 0x00007f5b6c138000 1103   !   3       java.util.Collections$SynchronizedCollection::forEach (28 bytes)
Event: 54.150 Thread 0x00007f5b6c138000 nmethod 1103 0x00007f5b55041e90 code [0x00007f5b55042060, 0x00007f5b55042420]
Event: 54.751 Thread 0x00007f5b6c136000 1105   !   4       java.util.concurrent.LinkedBlockingQueue::take (91 bytes)

GC Heap History (20 events):
Event: 4.541 GC heap before
{Heap before GC invocations=0 (full 0):
 garbage-first heap   total 63488K, used 33792K [0x00000000c2600000, 0x0000000100000000)
  region size 1024K, 8 young (8192K), 0 survivors (0K)
 Metaspace       used 2386K, capacity 5270K, committed 5632K, reserved 1056768K
  class space    used 292K, capacity 646K, committed 768K, reserved 1048576K
}
Event: 4.659 GC heap after
{Heap after GC invocations=1 (full 0):
 garbage-first heap   total 63488K, used 28496K [0x00000000c2600000, 0x0000000100000000)
  region size 1024K, 2 young (2048K), 2 survivors (2048K)
 Metaspace       used 2386K, capacity 5270K, committed 5632K, reserved 1056768K
  class space    used 292K, capacity 646K, committed 768K, reserved 1048576K
}
Event: 26.798 GC heap before
{Heap before GC invocations=2 (full 0):
 garbage-first heap   total 63488K, used 57168K [0x00000000c2600000, 0x0000000100000000)
  region size 1024K, 17 young (17408K), 2 survivors (2048K)
 Metaspace       used 2857K, capacity 5551K, committed 5632K, reserved 1056768K
  class space    used 350K, capacity 713K, committed 768K, reserved 1048576K
}
Event: 27.831 GC heap after
{Heap after GC invocations=3 (full 0):
 garbage-first heap   total 63488K, used 45547K [0x00000000c2600000, 0x0000000100000000)
  region size 1024K, 3 young (3072K), 3 survivors (3072K)
 Metaspace       used 2857K, capacity 5551K, committed 5632K, reserved 1056768K
  class space    used 350K, capacity 713K, committed 768K, reserved 1048576K
}
Event: 29.563 GC heap before
{Heap before GC invocations=4 (full 0):
 garbage-first heap   total 63488K, used 60907K [0x00000000c2600000, 0x0000000100000000)
  region size 1024K, 4 young (4096K), 3 survivors (3072K)
 Metaspace       used 2863K, capacity 5551K, committed 5632K, reserved 1056768K
  class space    used 350K, capacity 713K, committed 768K, reserved 1048576K
}
Event: 29.859 GC heap after
{Heap after GC invocations=5 (full 0):
 garbage-first heap   total 65536K, used 60367K [0x00000000c2600000, 0x0000000100000000)
  region size 1024K, 1 young (1024K), 1 survivors (1024K)
 Metaspace       used 2863K, capacity 5551K, committed 5632K, reserved 1056768K
  class space    used 350K, capacity 713K, committed 768K, reserved 1048576K
}
Event: 30.763 GC heap before
{Heap before GC invocations=5 (full 0):
 garbage-first heap   total 65536K, used 62415K [0x00000000c2600000, 0x0000000100000000)
  region size 1024K, 3 young (3072K), 1 survivors (1024K)
 Metaspace       used 2865K, capacity 5551K, committed 5632K, reserved 1056768K
  class space    used 350K, capacity 713K, committed 768K, reserved 1048576K
}
Event: 30.954 GC heap after
{Heap after GC invocations=6 (full 0):
 garbage-first heap   total 65536K, used 60163K [0x00000000c2600000, 0x0000000100000000)
  region size 1024K, 1 young (1024K), 1 survivors (1024K)
 Metaspace       used 2865K, capacity 5551K, committed 5632K, reserved 1056768K
  class space    used 350K, capacity 713K, committed 768K, reserved 1048576K
}
Event: 31.732 GC heap before
{Heap before GC invocations=6 (full 0):
 garbage-first heap   total 65536K, used 60163K [0x00000000c2600000, 0x0000000100000000)
  region size 1024K, 2 young (2048K), 1 survivors (1024K)
 Metaspace       used 2871K, capacity 5553K, committed 5632K, reserved 1056768K
  class space    used 350K, capacity 714K, committed 768K, reserved 1048576K
}
Event: 32.436 GC heap after
{Heap after GC invocations=7 (full 0):
 garbage-first heap   total 104448K, used 60297K [0x00000000c2600000, 0x0000000100000000)
  region size 1024K, 1 young (1024K), 1 survivors (1024K)
 Metaspace       used 2871K, capacity 5553K, committed 5632K, reserved 1056768K
  class space    used 350K, capacity 714K, committed 768K, reserved 1048576K
}
Event: 35.347 GC heap before
{Heap before GC invocations=8 (full 0):
 garbage-first heap   total 104448K, used 70537K [0x00000000c2600000, 0x0000000100000000)
  region size 1024K, 2 young (2048K), 1 survivors (1024K)
 Metaspace       used 2876K, capacity 5548K, committed 5632K, reserved 1056768K
  class space    used 349K, capacity 712K, committed 768K, reserved 1048576K
}
Event: 35.589 GC heap after
{Heap after GC invocations=9 (full 0):
 garbage-first heap   total 104448K, used 70729K [0x00000000c2600000, 0x0000000100000000)
  region size 1024K, 1 young (1024K), 1 survivors (1024K)
 Metaspace       used 2876K, capacity 5548K, committed 5632K, reserved 1056768K
  class space    used 349K, capacity 712K, committed 768K, reserved 1048576K
}
Event: 38.149 GC heap before
{Heap before GC invocations=10 (full 0):
 garbage-first heap   total 104448K, used 86089K [0x00000000c2600000, 0x0000000100000000)
  region size 1024K, 2 young (2048K), 1 survivors (1024K)
 Metaspace       used 2882K, capacity 5548K, committed 5632K, reserved 1056768K
  class space    used 349K, capacity 712K, committed 768K, reserved 1048576K
}
Event: 38.601 GC heap after
{Heap after GC invocations=11 (full 0):
 garbage-first heap   total 104448K, used 86286K [0x00000000c2600000, 0x0000000100000000)
  region size 1024K, 1 young (1024K), 1 survivors (1024K)
 Metaspace       used 2882K, capacity 5548K, committed 5632K, reserved 1056768K
  class space    used 349K, capacity 712K, committed 768K, reserved 1048576K
}
Event: 40.984 GC heap before
{Heap before GC invocations=12 (full 0):
 garbage-first heap   total 104448K, used 96526K [0x00000000c2600000, 0x0000000100000000)
  region size 1024K, 2 young (2048K), 1 survivors (1024K)
 Metaspace       used 2891K, capacity 5548K, committed 5632K, reserved 1056768K
  class space    used 349K, capacity 712K, committed 768K, reserved 1048576K
}
Event: 41.076 GC heap after
{Heap after GC invocations=13 (full 0):
 garbage-first heap   total 104448K, used 96637K [0x00000000c2600000, 0x0000000100000000)
  region size 1024K, 1 young (1024K), 1 survivors (1024K)
 Metaspace       used 2891K, capacity 5548K, committed 5632K, reserved 1056768K
  class space    used 349K, capacity 712K, committed 768K, reserved 1048576K
}
Event: 47.565 GC heap before
{Heap before GC invocations=14 (full 0):
 garbage-first heap   total 109568K, used 105853K [0x00000000c2600000, 0x0000000100000000)
  region size 1024K, 5 young (5120K), 1 survivors (1024K)
 Metaspace       used 2901K, capacity 5549K, committed 5632K, reserved 1056768K
  class space    used 349K, capacity 712K, committed 768K, reserved 1048576K
}
Event: 47.804 GC heap after
{Heap after GC invocations=15 (full 0):
 garbage-first heap   total 190464K, used 102159K [0x00000000c2600000, 0x0000000100000000)
  region size 1024K, 1 young (1024K), 1 survivors (1024K)
 Metaspace       used 2901K, capacity 5549K, committed 5632K, reserved 1056768K
  class space    used 349K, capacity 712K, committed 768K, reserved 1048576K
}
Event: 54.554 GC heap before
{Heap before GC invocations=15 (full 0):
 garbage-first heap   total 190464K, used 106255K [0x00000000c2600000, 0x0000000100000000)
  region size 1024K, 6 young (6144K), 1 survivors (1024K)
 Metaspace       used 2903K, capacity 5549K, committed 5632K, reserved 1056768K
  class space    used 349K, capacity 712K, committed 768K, reserved 1048576K
}
Event: 54.747 GC heap after
{Heap after GC invocations=16 (full 0):
 garbage-first heap   total 190464K, used 102740K [0x00000000c2600000, 0x0000000100000000)
  region size 1024K, 2 young (2048K), 2 survivors (2048K)
 Metaspace       used 2903K, capacity 5549K, committed 5632K, reserved 1056768K
  class space    used 349K, capacity 712K, committed 768K, reserved 1048576K
}

Deoptimization events (20 events):
Event: 15.917 Thread 0x00007f5b6c24e800 DEOPT PACKING pc=0x00007f5b5c4153bc sp=0x00007f5b4598a4e0
Event: 15.917 Thread 0x00007f5b6c24e800 DEOPT UNPACKING pc=0x00007f5b5492799f sp=0x00007f5b4598a488 mode 2
Event: 15.917 Thread 0x00007f5b6c24e800 Uncommon trap: trap_request=0xffffffde fr.pc=0x00007f5b5c4153bc relative=0x000000000000011c
Event: 15.917 Thread 0x00007f5b6c24e800 Uncommon trap: reason=class_check action=maybe_recompile pc=0x00007f5b5c4153bc method=jdk.internal.misc.Unsafe.allocateUninitializedArray(Ljava/lang/Class;I)Ljava/lang/Object; @ 48 c2
Event: 15.917 Thread 0x00007f5b6c24e800 DEOPT PACKING pc=0x00007f5b5c4153bc sp=0x00007f5b4598a4e0
Event: 15.917 Thread 0x00007f5b6c24e800 DEOPT UNPACKING pc=0x00007f5b5492799f sp=0x00007f5b4598a488 mode 2
Event: 15.917 Thread 0x00007f5b6c24e800 Uncommon trap: trap_request=0xffffffde fr.pc=0x00007f5b5c4153bc relative=0x000000000000011c
Event: 15.917 Thread 0x00007f5b6c24e800 Uncommon trap: reason=class_check action=maybe_recompile pc=0x00007f5b5c4153bc method=jdk.internal.misc.Unsafe.allocateUninitializedArray(Ljava/lang/Class;I)Ljava/lang/Object; @ 48 c2
Event: 15.917 Thread 0x00007f5b6c24e800 DEOPT PACKING pc=0x00007f5b5c4153bc sp=0x00007f5b4598a4e0
Event: 15.917 Thread 0x00007f5b6c24e800 DEOPT UNPACKING pc=0x00007f5b5492799f sp=0x00007f5b4598a488 mode 2
Event: 15.996 Thread 0x00007f5b6c25b800 DEOPT PACKING pc=0x00007f5b54fa1442 sp=0x00007f5b45586440
Event: 15.996 Thread 0x00007f5b6c25b800 DEOPT UNPACKING pc=0x00007f5b549277ab sp=0x00007f5b455858c8 mode 0
Event: 24.703 Thread 0x00007f5b6c259800 Uncommon trap: trap_request=0xffffffcc fr.pc=0x00007f5b5c42861c relative=0x000000000000015c
Event: 24.703 Thread 0x00007f5b6c259800 Uncommon trap: reason=intrinsic_or_type_checked_inlining action=make_not_entrant pc=0x00007f5b5c42861c method=java.util.ArrayList$SubList.toArray([Ljava/lang/Object;)[Ljava/lang/Object; @ 58 c2
Event: 24.703 Thread 0x00007f5b6c259800 DEOPT PACKING pc=0x00007f5b5c42861c sp=0x00007f5b45687620
Event: 24.703 Thread 0x00007f5b6c259800 DEOPT UNPACKING pc=0x00007f5b5492799f sp=0x00007f5b456875c0 mode 2
Event: 24.767 Thread 0x00007f5b6c259800 Uncommon trap: trap_request=0xffffffcc fr.pc=0x00007f5b5c42b060 relative=0x00000000000020a0
Event: 24.767 Thread 0x00007f5b6c259800 Uncommon trap: reason=intrinsic_or_type_checked_inlining action=make_not_entrant pc=0x00007f5b5c42b060 method=java.util.ArrayList$SubList.toArray([Ljava/lang/Object;)[Ljava/lang/Object; @ 58 c2
Event: 24.767 Thread 0x00007f5b6c259800 DEOPT PACKING pc=0x00007f5b5c42b060 sp=0x00007f5b45687770
Event: 24.767 Thread 0x00007f5b6c259800 DEOPT UNPACKING pc=0x00007f5b5492799f sp=0x00007f5b456876d8 mode 2

Classes redefined (0 events):
No events

Internal exceptions (20 events):
Event: 0.706 Thread 0x00007f5b6c016800 Exception <a 'java/lang/NoSuchMethodError'{0x00000000c625aa90}: 'java.lang.Object java.lang.invoke.Invokers$Holder.linkToTargetMethod(java.lang.Object, long, java.lang.Object)'> (0x00000000c625aa90) thrown at [./src/hotspot/share/interpreter/linkResolver.cpp, line 773]
Event: 1.061 Thread 0x00007f5b6c016800 Exception <a 'java/lang/NoSuchMethodError'{0x00000000c62f4b20}: 'java.lang.Object java.lang.invoke.DirectMethodHandle$Holder.invokeSpecial(java.lang.Object, java.lang.Object, long)'> (0x00000000c62f4b20) thrown at [./src/hotspot/share/interpreter/linkResolver.cpp, line 773]
Event: 1.192 Thread 0x00007f5b6c016800 Exception <a 'java/lang/NoSuchMethodError'{0x00000000c601aaf8}: 'java.lang.Object java.lang.invoke.DirectMethodHandle$Holder.invokeStatic(java.lang.Object, java.lang.Object, java.lang.Object, java.lang.Object, java.lang.Object, java.lang.Object, java.lang.Object, java.lang.Object, java.lang.Object, java.lang.Object, java.lang.Object, java.lang.Object, java.lang.Object, java.lang.Object, java.lang.Object)'> (0x00000000c601aaf8) thrown at [./src/hotspot/share/interpreter/linkResolver.cpp, line 773]
Event: 1.193 Thread 0x00007f5b6c016800 Exception <a 'java/lang/NoSuchMethodError'{0x00000000c60286b8}: 'java.lang.Object java.lang.invoke.DirectMethodHandle$Holder.invokeStatic(java.lang.Object, java.lang.Object, java.lang.Object, java.lang.Object, java.lang.Object, java.lang.Object, java.lang.Object, java.lang.Object, java.lang.Object, java.lang.Object, java.lang.Object, java.lang.Object, java.lang.Object, java.lang.Object, java.lang.Object, java.lang.Object)'> (0x00000000c60286b8) thrown at [./src/hotspot/share/interpreter/linkResolver.cpp, l
Event: 1.194 Thread 0x00007f5b6c016800 Exception <a 'java/lang/NoSuchMethodError'{0x00000000c6036318}: 'java.lang.Object java.lang.invoke.DirectMethodHandle$Holder.invokeSpecial(java.lang.Object, java.lang.Object, int, int, int, java.lang.Object, int)'> (0x00000000c6036318) thrown at [./src/hotspot/share/interpreter/linkResolver.cpp, line 773]
Event: 1.195 Thread 0x00007f5b6c016800 Exception <a 'java/lang/NoSuchMethodError'{0x00000000c6039400}: 'java.lang.Object java.lang.invoke.DelegatingMethodHandle$Holder.reinvoke_L(java.lang.Object, int, int, int, java.lang.Object, int)'> (0x00000000c6039400) thrown at [./src/hotspot/share/interpreter/linkResolver.cpp, line 773]
Event: 1.195 Thread 0x00007f5b6c016800 Exception <a 'java/lang/NoSuchMethodError'{0x00000000c603d250}: 'java.lang.Object java.lang.invoke.DirectMethodHandle$Holder.invokeStatic(java.lang.Object, java.lang.Object, java.lang.Object, java.lang.Object, int)'> (0x00000000c603d250) thrown at [./src/hotspot/share/interpreter/linkResolver.cpp, line 773]
Event: 1.319 Thread 0x00007f5b6c016800 Exception <a 'java/lang/NoSuchMethodError'{0x00000000c60b6fa0}: 'java.lang.Object java.lang.invoke.DirectMethodHandle$Holder.invokeStatic(java.lang.Object, java.lang.Object, java.lang.Object, java.lang.Object, java.lang.Object, java.lang.Object, java.lang.Object, java.lang.Object, java.lang.Object, java.lang.Object, java.lang.Object, java.lang.Object, java.lang.Object, int)'> (0x00000000c60b6fa0) thrown at [./src/hotspot/share/interpreter/linkResolver.cpp, line 773]
Event: 1.322 Thread 0x00007f5b6c016800 Exception <a 'java/lang/NoSuchMethodError'{0x00000000c60c3598}: 'java.lang.Object java.lang.invoke.DirectMethodHandle$Holder.invokeStatic(java.lang.Object, java.lang.Object, java.lang.Object, java.lang.Object, java.lang.Object, java.lang.Object, java.lang.Object, java.lang.Object, java.lang.Object, java.lang.Object, java.lang.Object, java.lang.Object, java.lang.Object, int, int)'> (0x00000000c60c3598) thrown at [./src/hotspot/share/interpreter/linkResolver.cpp, line 773]
Event: 1.323 Thread 0x00007f5b6c016800 Exception <a 'java/lang/NoSuchMethodError'{0x00000000c60d0120}: 'java.lang.Object java.lang.invoke.DirectMethodHandle$Holder.invokeStatic(java.lang.Object, java.lang.Object, java.lang.Object, java.lang.Object, java.lang.Object, java.lang.Object, java.lang.Object, java.lang.Object, java.lang.Object, java.lang.Object, java.lang.Object, java.lang.Object, java.lang.Object, int, int, java.lang.Object)'> (0x00000000c60d0120) thrown at [./src/hotspot/share/interpreter/linkResolver.cpp, line 773]
Event: 1.330 Thread 0x00007f5b6c016800 Exception <a 'java/lang/NoSuchMethodError'{0x00000000c60dd5b8}: 'java.lang.Object java.lang.invoke.Invokers$Holder.linkToTargetMethod(java.lang.Object, int, java.lang.Object)'> (0x00000000c60dd5b8) thrown at [./src/hotspot/share/interpreter/linkResolver.cpp, line 773]
Event: 3.735 Thread 0x00007f5b6c016800 Exception <a 'java/lang/NoSuchMethodError'{0x00000000c5fa0c10}: 'int java.lang.invoke.DirectMethodHandle$Holder.invokeSpecialIFC(java.lang.Object, java.lang.Object, int)'> (0x00000000c5fa0c10) thrown at [./src/hotspot/share/interpreter/linkResolver.cpp, line 773]
Event: 3.855 Thread 0x00007f5b6c016800 Exception <a 'java/lang/NoSuchMethodError'{0x00000000c5e72ec0}: 'void java.lang.invoke.DirectMethodHandle$Holder.invokeSpecial(java.lang.Object, java.lang.Object)'> (0x00000000c5e72ec0) thrown at [./src/hotspot/share/interpreter/linkResolver.cpp, line 773]
Event: 4.246 Thread 0x00007f5b6c016800 Exception <a 'java/lang/NoSuchMethodError'{0x00000000c5c33c40}: 'java.lang.Object java.lang.invoke.DirectMethodHandle$Holder.invokeStatic(java.lang.Object, java.lang.Object, java.lang.Object, java.lang.Object, java.lang.Object, java.lang.Object, java.lang.Object, java.lang.Object, java.lang.Object, java.lang.Object, java.lang.Object, int)'> (0x00000000c5c33c40) thrown at [./src/hotspot/share/interpreter/linkResolver.cpp, line 773]
Event: 4.247 Thread 0x00007f5b6c016800 Exception <a 'java/lang/NoSuchMethodError'{0x00000000c5c51d80}: 'java.lang.Object java.lang.invoke.DirectMethodHandle$Holder.invokeStatic(java.lang.Object, java.lang.Object, java.lang.Object, java.lang.Object, java.lang.Object, java.lang.Object, java.lang.Object, java.lang.Object, java.lang.Object, java.lang.Object, java.lang.Object, int, int)'> (0x00000000c5c51d80) thrown at [./src/hotspot/share/interpreter/linkResolver.cpp, line 773]
Event: 4.248 Thread 0x00007f5b6c016800 Exception <a 'java/lang/NoSuchMethodError'{0x00000000c5c70cf0}: 'java.lang.Object java.lang.invoke.DirectMethodHandle$Holder.invokeStatic(java.lang.Object, java.lang.Object, java.lang.Object, java.lang.Object, java.lang.Object, java.lang.Object, java.lang.Object, java.lang.Object, java.lang.Object, java.lang.Object, java.lang.Object, int, int, java.lang.Object)'> (0x00000000c5c70cf0) thrown at [./src/hotspot/share/interpreter/linkResolver.cpp, line 773]
Event: 4.362 Thread 0x00007f5b6c016800 Exception <a 'java/lang/NoSuchMethodError'{0x00000000c5c92398}: 'java.lang.Object java.lang.invoke.DirectMethodHandle$Holder.invokeStatic(java.lang.Object, java.lang.Object, java.lang.Object, java.lang.Object, java.lang.Object, java.lang.Object, java.lang.Object, java.lang.Object, java.lang.Object, java.lang.Object, java.lang.Object, int, int, java.lang.Object, java.lang.Object)'> (0x00000000c5c92398) thrown at [./src/hotspot/share/interpreter/linkResolver.cpp, line 773]
Event: 8.844 Thread 0x00007f5b6c253000 Exception <a 'java/lang/NoSuchMethodError'{0x00000000c628f988}: 'java.lang.Object java.lang.invoke.DirectMethodHandle$Holder.invokeSpecial(java.lang.Object, java.lang.Object, long, java.lang.Object)'> (0x00000000c628f988) thrown at [./src/hotspot/share/interpreter/linkResolver.cpp, line 773]
Event: 12.104 Thread 0x00007f5b6c232000 Exception <a 'java/lang/NoSuchMethodError'{0x00000000c61982f0}: 'java.lang.Object java.lang.invoke.DirectMethodHandle$Holder.invokeStatic(java.lang.Object, int, java.lang.Object)'> (0x00000000c61982f0) thrown at [./src/hotspot/share/interpreter/linkResolver.cpp, line 773]
Event: 14.997 Thread 0x00007f5b6c232000 Exception <a 'java/lang/ClassNotFoundException'{0x00000000c5f9f488}: sun/util/logging/resources/spi/loggingProvider> (0x00000000c5f9f488) thrown at [./src/hotspot/share/classfile/systemDictionary.cpp, line 231]

Events (20 events):
Event: 36.398 Executing VM operation: CGC_Operation
Event: 36.950 Executing VM operation: CGC_Operation done
Event: 37.421 Executing VM operation: RevokeBias
Event: 38.005 Executing VM operation: RevokeBias done
Event: 38.045 Executing VM operation: G1CollectForAllocation
Event: 38.601 Executing VM operation: G1CollectForAllocation done
Event: 38.861 Executing VM operation: CGC_Operation
Event: 40.093 Executing VM operation: CGC_Operation done
Event: 40.438 Executing VM operation: CGC_Operation
Event: 40.888 Executing VM operation: CGC_Operation done
Event: 40.968 Executing VM operation: G1CollectForAllocation
Event: 41.089 Executing VM operation: G1CollectForAllocation done
Event: 41.452 Executing VM operation: CGC_Operation
Event: 42.450 Executing VM operation: CGC_Operation done
Event: 42.733 Executing VM operation: CGC_Operation
Event: 42.757 Executing VM operation: CGC_Operation done
Event: 47.449 Executing VM operation: G1CollectForAllocation
Event: 47.804 Executing VM operation: G1CollectForAllocation done
Event: 54.470 Executing VM operation: G1CollectForAllocation
Event: 54.747 Executing VM operation: G1CollectForAllocation done


Dynamic libraries:
c2600000-ce000000 rw-p 00000000 00:00 0 
ce000000-100000000 ---p 00000000 00:00 0 
800000000-800002000 rwxp 00001000 08:01 1181904                          /usr/lib/jvm/java-11-openjdk-amd64/lib/server/classes.jsa
800002000-8003b9000 rw-p 00003000 08:01 1181904                          /usr/lib/jvm/java-11-openjdk-amd64/lib/server/classes.jsa
8003b9000-800a81000 r--p 003ba000 08:01 1181904                          /usr/lib/jvm/java-11-openjdk-amd64/lib/server/classes.jsa
800a81000-800a82000 rw-p 00a82000 08:01 1181904                          /usr/lib/jvm/java-11-openjdk-amd64/lib/server/classes.jsa
800a82000-80108f000 r--p 00a83000 08:01 1181904                          /usr/lib/jvm/java-11-openjdk-amd64/lib/server/classes.jsa
840000000-8400c0000 rw-p 00000000 00:00 0 
8400c0000-880000000 ---p 00000000 00:00 0 
5651e247c000-5651e247d000 r-xp 00000000 08:01 661163                     /usr/lib/jvm/java-11-openjdk-amd64/bin/java
5651e267d000-5651e267e000 r--p 00001000 08:01 661163                     /usr/lib/jvm/java-11-openjdk-amd64/bin/java
5651e267e000-5651e267f000 rw-p 00002000 08:01 661163                     /usr/lib/jvm/java-11-openjdk-amd64/bin/java
5651e2a0e000-5651e2a2f000 rw-p 00000000 00:00 0                          [heap]
7f5ad4000000-7f5ad4021000 rw-p 00000000 00:00 0 
7f5ad4021000-7f5ad8000000 ---p 00000000 00:00 0 
7f5ad8000000-7f5ad8021000 rw-p 00000000 00:00 0 
7f5ad8021000-7f5adc000000 ---p 00000000 00:00 0 
7f5adc000000-7f5adc021000 rw-p 00000000 00:00 0 
7f5adc021000-7f5ae0000000 ---p 00000000 00:00 0 
7f5ae0000000-7f5ae0021000 rw-p 00000000 00:00 0 
7f5ae0021000-7f5ae4000000 ---p 00000000 00:00 0 
7f5ae4000000-7f5ae4021000 rw-p 00000000 00:00 0 
7f5ae4021000-7f5ae8000000 ---p 00000000 00:00 0 
7f5ae8000000-7f5ae8021000 rw-p 00000000 00:00 0 
7f5ae8021000-7f5aec000000 ---p 00000000 00:00 0 
7f5aec000000-7f5aec021000 rw-p 00000000 00:00 0 
7f5aec021000-7f5af0000000 ---p 00000000 00:00 0 
7f5af0000000-7f5af0526000 rw-p 00000000 00:00 0 
7f5af0526000-7f5af4000000 ---p 00000000 00:00 0 
7f5af4000000-7f5af4021000 rw-p 00000000 00:00 0 
7f5af4021000-7f5af8000000 ---p 00000000 00:00 0 
7f5af8000000-7f5af8021000 rw-p 00000000 00:00 0 
7f5af8021000-7f5afc000000 ---p 00000000 00:00 0 
7f5afc000000-7f5afc021000 rw-p 00000000 00:00 0 
7f5afc021000-7f5b00000000 ---p 00000000 00:00 0 
7f5b00000000-7f5b00021000 rw-p 00000000 00:00 0 
7f5b00021000-7f5b04000000 ---p 00000000 00:00 0 
7f5b04000000-7f5b04021000 rw-p 00000000 00:00 0 
7f5b04021000-7f5b08000000 ---p 00000000 00:00 0 
7f5b08000000-7f5b08021000 rw-p 00000000 00:00 0 
7f5b08021000-7f5b0c000000 ---p 00000000 00:00 0 
7f5b0c000000-7f5b0c021000 rw-p 00000000 00:00 0 
7f5b0c021000-7f5b10000000 ---p 00000000 00:00 0 
7f5b10000000-7f5b100f7000 rw-p 00000000 00:00 0 
7f5b100f7000-7f5b14000000 ---p 00000000 00:00 0 
7f5b14000000-7f5b14021000 rw-p 00000000 00:00 0 
7f5b14021000-7f5b18000000 ---p 00000000 00:00 0 
7f5b18000000-7f5b18021000 rw-p 00000000 00:00 0 
7f5b18021000-7f5b1c000000 ---p 00000000 00:00 0 
7f5b1c000000-7f5b1c2bd000 rw-p 00000000 00:00 0 
7f5b1c2bd000-7f5b20000000 ---p 00000000 00:00 0 
7f5b20000000-7f5b20021000 rw-p 00000000 00:00 0 
7f5b20021000-7f5b24000000 ---p 00000000 00:00 0 
7f5b24000000-7f5b24021000 rw-p 00000000 00:00 0 
7f5b24021000-7f5b28000000 ---p 00000000 00:00 0 
7f5b28000000-7f5b2884e000 rw-p 00000000 00:00 0 
7f5b2884e000-7f5b2c000000 ---p 00000000 00:00 0 
7f5b2c000000-7f5b2c021000 rw-p 00000000 00:00 0 
7f5b2c021000-7f5b30000000 ---p 00000000 00:00 0 
7f5b30000000-7f5b30021000 rw-p 00000000 00:00 0 
7f5b30021000-7f5b34000000 ---p 00000000 00:00 0 
7f5b34000000-7f5b34021000 rw-p 00000000 00:00 0 
7f5b34021000-7f5b38000000 ---p 00000000 00:00 0 
7f5b38000000-7f5b38067000 rw-p 00000000 00:00 0 
7f5b38067000-7f5b3c000000 ---p 00000000 00:00 0 
7f5b3c000000-7f5b3c021000 rw-p 00000000 00:00 0 
7f5b3c021000-7f5b40000000 ---p 00000000 00:00 0 
7f5b40000000-7f5b40021000 rw-p 00000000 00:00 0 
7f5b40021000-7f5b44000000 ---p 00000000 00:00 0 
7f5b44c78000-7f5b44c79000 ---p 00000000 00:00 0 
7f5b44c79000-7f5b44d7a000 rw-p 00000000 00:00 0 
7f5b44d7a000-7f5b44d7b000 ---p 00000000 00:00 0 
7f5b44d7b000-7f5b44e7c000 rw-p 00000000 00:00 0 
7f5b44e7c000-7f5b44e7d000 ---p 00000000 00:00 0 
7f5b44e7d000-7f5b44f7e000 rw-p 00000000 00:00 0 
7f5b44f7e000-7f5b44f7f000 ---p 00000000 00:00 0 
7f5b44f7f000-7f5b45080000 rw-p 00000000 00:00 0 
7f5b45080000-7f5b45081000 ---p 00000000 00:00 0 
7f5b45081000-7f5b45182000 rw-p 00000000 00:00 0 
7f5b45182000-7f5b45183000 ---p 00000000 00:00 0 
7f5b45183000-7f5b45284000 rw-p 00000000 00:00 0 
7f5b45284000-7f5b45285000 ---p 00000000 00:00 0 
7f5b45285000-7f5b45386000 rw-p 00000000 00:00 0 
7f5b45386000-7f5b4538a000 ---p 00000000 00:00 0 
7f5b4538a000-7f5b45487000 rw-p 00000000 00:00 0 
7f5b45487000-7f5b4548b000 ---p 00000000 00:00 0 
7f5b4548b000-7f5b45588000 rw-p 00000000 00:00 0 
7f5b45588000-7f5b4558c000 ---p 00000000 00:00 0 
7f5b4558c000-7f5b45689000 rw-p 00000000 00:00 0 
7f5b45689000-7f5b4568d000 ---p 00000000 00:00 0 
7f5b4568d000-7f5b4578a000 rw-p 00000000 00:00 0 
7f5b4578a000-7f5b4578e000 ---p 00000000 00:00 0 
7f5b4578e000-7f5b4588b000 rw-p 00000000 00:00 0 
7f5b4588b000-7f5b4588f000 ---p 00000000 00:00 0 
7f5b4588f000-7f5b4598c000 rw-p 00000000 00:00 0 
7f5b4598c000-7f5b45990000 ---p 00000000 00:00 0 
7f5b45990000-7f5b45a8d000 rw-p 00000000 00:00 0 
7f5b45a8d000-7f5b45a91000 ---p 00000000 00:00 0 
7f5b45a91000-7f5b45b8e000 rw-p 00000000 00:00 0 
7f5b45b8e000-7f5b45b90000 r-xp 00000000 08:01 1049876                    /usr/lib/jvm/java-11-openjdk-amd64/lib/libextnet.so
7f5b45b90000-7f5b45d8f000 ---p 00002000 08:01 1049876                    /usr/lib/jvm/java-11-openjdk-amd64/lib/libextnet.so
7f5b45d8f000-7f5b45d90000 r--p 00001000 08:01 1049876                    /usr/lib/jvm/java-11-openjdk-amd64/lib/libextnet.so
7f5b45d90000-7f5b45d91000 rw-p 00002000 08:01 1049876                    /usr/lib/jvm/java-11-openjdk-amd64/lib/libextnet.so
7f5b45d91000-7f5b45d95000 ---p 00000000 00:00 0 
7f5b45d95000-7f5b45e92000 rw-p 00000000 00:00 0 
7f5b45e92000-7f5b45ea8000 r-xp 00000000 08:01 1050087                    /usr/lib/jvm/java-11-openjdk-amd64/lib/libnet.so
7f5b45ea8000-7f5b460a7000 ---p 00016000 08:01 1050087                    /usr/lib/jvm/java-11-openjdk-amd64/lib/libnet.so
7f5b460a7000-7f5b460a8000 r--p 00015000 08:01 1050087                    /usr/lib/jvm/java-11-openjdk-amd64/lib/libnet.so
7f5b460a8000-7f5b460a9000 rw-p 00016000 08:01 1050087                    /usr/lib/jvm/java-11-openjdk-amd64/lib/libnet.so
7f5b460a9000-7f5b460b9000 r-xp 00000000 08:01 1050098                    /usr/lib/jvm/java-11-openjdk-amd64/lib/libnio.so
7f5b460b9000-7f5b462b8000 ---p 00010000 08:01 1050098                    /usr/lib/jvm/java-11-openjdk-amd64/lib/libnio.so
7f5b462b8000-7f5b462b9000 r--p 0000f000 08:01 1050098                    /usr/lib/jvm/java-11-openjdk-amd64/lib/libnio.so
7f5b462b9000-7f5b462ba000 rw-p 00010000 08:01 1050098                    /usr/lib/jvm/java-11-openjdk-amd64/lib/libnio.so
7f5b462ba000-7f5b462be000 ---p 00000000 00:00 0 
7f5b462be000-7f5b463bb000 rw-p 00000000 00:00 0 
7f5b463bb000-7f5b463bc000 ---p 00000000 00:00 0 
7f5b463bc000-7f5b464bd000 rw-p 00000000 00:00 0 
7f5b464bd000-7f5b464c1000 ---p 00000000 00:00 0 
7f5b464c1000-7f5b465be000 rw-p 00000000 00:00 0 
7f5b465be000-7f5b465c2000 ---p 00000000 00:00 0 
7f5b465c2000-7f5b466bf000 rw-p 00000000 00:00 0 
7f5b466bf000-7f5b466c3000 ---p 00000000 00:00 0 
7f5b466c3000-7f5b467c0000 rw-p 00000000 00:00 0 
7f5b467c0000-7f5b467c4000 ---p 00000000 00:00 0 
7f5b467c4000-7f5b468c1000 rw-p 00000000 00:00 0 
7f5b468c1000-7f5b468c5000 ---p 00000000 00:00 0 
7f5b468c5000-7f5b469c2000 rw-p 00000000 00:00 0 
7f5b469c2000-7f5b46cf2000 r--p 00000000 08:01 2360321                    /usr/lib/locale/locale-archive
7f5b46cf2000-7f5b46cf6000 ---p 00000000 00:00 0 
7f5b46cf6000-7f5b46df3000 rw-p 00000000 00:00 0 
7f5b46df3000-7f5b46df7000 ---p 00000000 00:00 0 
7f5b46df7000-7f5b46ef4000 rw-p 00000000 00:00 0 
7f5b46ef4000-7f5b46ef5000 ---p 00000000 00:00 0 
7f5b46ef5000-7f5b474b6000 rw-p 00000000 00:00 0 
7f5b474b6000-7f5b477f6000 ---p 00000000 00:00 0 
7f5b477f6000-7f5b477f7000 ---p 00000000 00:00 0 
7f5b477f7000-7f5b478f8000 rw-p 00000000 00:00 0 
7f5b478f8000-7f5b478f9000 ---p 00000000 00:00 0 
7f5b478f9000-7f5b48000000 rw-p 00000000 00:00 0 
7f5b48000000-7f5b48021000 rw-p 00000000 00:00 0 
7f5b48021000-7f5b4c000000 ---p 00000000 00:00 0 
7f5b4c02e000-7f5b4e02e000 rw-p 00000000 00:00 0 
7f5b4e02e000-7f5b4e02f000 ---p 00000000 00:00 0 
7f5b4e02f000-7f5b4e418000 rw-p 00000000 00:00 0 
7f5b4e418000-7f5b4f098000 ---p 00000000 00:00 0 
7f5b4f098000-7f5b4f380000 rw-p 00000000 00:00 0 
7f5b4f380000-7f5b50000000 ---p 00000000 00:00 0 
7f5b50000000-7f5b50021000 rw-p 00000000 00:00 0 
7f5b50021000-7f5b54000000 ---p 00000000 00:00 0 
7f5b54037000-7f5b54038000 ---p 00000000 00:00 0 
7f5b54038000-7f5b54196000 rw-p 00000000 00:00 0 
7f5b54196000-7f5b54326000 ---p 00000000 00:00 0 
7f5b54326000-7f5b54383000 rw-p 00000000 00:00 0 
7f5b54383000-7f5b54513000 ---p 00000000 00:00 0 
7f5b54513000-7f5b54570000 rw-p 00000000 00:00 0 
7f5b54570000-7f5b54700000 ---p 00000000 00:00 0 
7f5b54700000-7f5b54902000 rw-p 00000000 00:00 0 
7f5b54902000-7f5b54b72000 rwxp 00000000 00:00 0 
7f5b54b72000-7f5b54e92000 ---p 00000000 00:00 0 
7f5b54e92000-7f5b55102000 rwxp 00000000 00:00 0 
7f5b55102000-7f5b5c3ca000 ---p 00000000 00:00 0 
7f5b5c3ca000-7f5b5c63a000 rwxp 00000000 00:00 0 
7f5b5c63a000-7f5b63902000 ---p 00000000 00:00 0 
7f5b63902000-7f5b6c000000 r--s 00000000 08:01 1050240                    /usr/lib/jvm/java-11-openjdk-amd64/lib/modules
7f5b6c000000-7f5b6c275000 rw-p 00000000 00:00 0 
7f5b6c275000-7f5b70000000 ---p 00000000 00:00 0 
7f5b7006b000-7f5b704f0000 rw-p 00000000 00:00 0 
7f5b704f0000-7f5b704f1000 ---p 00000000 00:00 0 
7f5b704f1000-7f5b705f7000 rw-p 00000000 00:00 0 
7f5b705f7000-7f5b706dd000 ---p 00000000 00:00 0 
7f5b706dd000-7f5b706e2000 rw-p 00000000 00:00 0 
7f5b706e2000-7f5b707c8000 ---p 00000000 00:00 0 
7f5b707c8000-7f5b707cf000 r-xp 00000000 08:01 1050223                    /usr/lib/jvm/java-11-openjdk-amd64/lib/libzip.so
7f5b707cf000-7f5b709ce000 ---p 00007000 08:01 1050223                    /usr/lib/jvm/java-11-openjdk-amd64/lib/libzip.so
7f5b709ce000-7f5b709cf000 r--p 00006000 08:01 1050223                    /usr/lib/jvm/java-11-openjdk-amd64/lib/libzip.so
7f5b709cf000-7f5b709d0000 rw-p 00007000 08:01 1050223                    /usr/lib/jvm/java-11-openjdk-amd64/lib/libzip.so
7f5b709d0000-7f5b709db000 r-xp 00000000 08:01 1835055                    /lib/x86_64-linux-gnu/libnss_files-2.27.so
7f5b709db000-7f5b70bda000 ---p 0000b000 08:01 1835055                    /lib/x86_64-linux-gnu/libnss_files-2.27.so
7f5b70bda000-7f5b70bdb000 r--p 0000a000 08:01 1835055                    /lib/x86_64-linux-gnu/libnss_files-2.27.so
7f5b70bdb000-7f5b70bdc000 rw-p 0000b000 08:01 1835055                    /lib/x86_64-linux-gnu/libnss_files-2.27.so
7f5b70bdc000-7f5b70be2000 rw-p 00000000 00:00 0 
7f5b70be2000-7f5b70bf9000 r-xp 00000000 08:01 1835052                    /lib/x86_64-linux-gnu/libnsl-2.27.so
7f5b70bf9000-7f5b70df8000 ---p 00017000 08:01 1835052                    /lib/x86_64-linux-gnu/libnsl-2.27.so
7f5b70df8000-7f5b70df9000 r--p 00016000 08:01 1835052                    /lib/x86_64-linux-gnu/libnsl-2.27.so
7f5b70df9000-7f5b70dfa000 rw-p 00017000 08:01 1835052                    /lib/x86_64-linux-gnu/libnsl-2.27.so
7f5b70dfa000-7f5b70dfc000 rw-p 00000000 00:00 0 
7f5b70dfc000-7f5b70e07000 r-xp 00000000 08:01 1835057                    /lib/x86_64-linux-gnu/libnss_nis-2.27.so
7f5b70e07000-7f5b71006000 ---p 0000b000 08:01 1835057                    /lib/x86_64-linux-gnu/libnss_nis-2.27.so
7f5b71006000-7f5b71007000 r--p 0000a000 08:01 1835057                    /lib/x86_64-linux-gnu/libnss_nis-2.27.so
7f5b71007000-7f5b71008000 rw-p 0000b000 08:01 1835057                    /lib/x86_64-linux-gnu/libnss_nis-2.27.so
7f5b71008000-7f5b71010000 r-xp 00000000 08:01 1835053                    /lib/x86_64-linux-gnu/libnss_compat-2.27.so
7f5b71010000-7f5b71210000 ---p 00008000 08:01 1835053                    /lib/x86_64-linux-gnu/libnss_compat-2.27.so
7f5b71210000-7f5b71211000 r--p 00008000 08:01 1835053                    /lib/x86_64-linux-gnu/libnss_compat-2.27.so
7f5b71211000-7f5b71212000 rw-p 00009000 08:01 1835053                    /lib/x86_64-linux-gnu/libnss_compat-2.27.so
7f5b71212000-7f5b71217000 r-xp 00000000 08:01 1049932                    /usr/lib/jvm/java-11-openjdk-amd64/lib/libjimage.so
7f5b71217000-7f5b71416000 ---p 00005000 08:01 1049932                    /usr/lib/jvm/java-11-openjdk-amd64/lib/libjimage.so
7f5b71416000-7f5b71417000 r--p 00004000 08:01 1049932                    /usr/lib/jvm/java-11-openjdk-amd64/lib/libjimage.so
7f5b71417000-7f5b71418000 rw-p 00005000 08:01 1049932                    /usr/lib/jvm/java-11-openjdk-amd64/lib/libjimage.so
7f5b71418000-7f5b71441000 r-xp 00000000 08:01 1049899                    /usr/lib/jvm/java-11-openjdk-amd64/lib/libjava.so
7f5b71441000-7f5b71641000 ---p 00029000 08:01 1049899                    /usr/lib/jvm/java-11-openjdk-amd64/lib/libjava.so
7f5b71641000-7f5b71642000 r--p 00029000 08:01 1049899                    /usr/lib/jvm/java-11-openjdk-amd64/lib/libjava.so
7f5b71642000-7f5b71643000 rw-p 0002a000 08:01 1049899                    /usr/lib/jvm/java-11-openjdk-amd64/lib/libjava.so
7f5b71643000-7f5b71644000 rw-p 00000000 00:00 0 
7f5b71644000-7f5b71651000 r-xp 00000000 08:01 1050221                    /usr/lib/jvm/java-11-openjdk-amd64/lib/libverify.so
7f5b71651000-7f5b71850000 ---p 0000d000 08:01 1050221                    /usr/lib/jvm/java-11-openjdk-amd64/lib/libverify.so
7f5b71850000-7f5b71852000 r--p 0000c000 08:01 1050221                    /usr/lib/jvm/java-11-openjdk-amd64/lib/libverify.so
7f5b71852000-7f5b71853000 rw-p 0000e000 08:01 1050221                    /usr/lib/jvm/java-11-openjdk-amd64/lib/libverify.so
7f5b71853000-7f5b7185a000 r-xp 00000000 08:01 1840227                    /lib/x86_64-linux-gnu/librt-2.27.so
7f5b7185a000-7f5b71a59000 ---p 00007000 08:01 1840227                    /lib/x86_64-linux-gnu/librt-2.27.so
7f5b71a59000-7f5b71a5a000 r--p 00006000 08:01 1840227                    /lib/x86_64-linux-gnu/librt-2.27.so
7f5b71a5a000-7f5b71a5b000 rw-p 00007000 08:01 1840227                    /lib/x86_64-linux-gnu/librt-2.27.so
7f5b71a5b000-7f5b71a72000 r-xp 00000000 08:01 1835013                    /lib/x86_64-linux-gnu/libgcc_s.so.1
7f5b71a72000-7f5b71c71000 ---p 00017000 08:01 1835013                    /lib/x86_64-linux-gnu/libgcc_s.so.1
7f5b71c71000-7f5b71c72000 r--p 00016000 08:01 1835013                    /lib/x86_64-linux-gnu/libgcc_s.so.1
7f5b71c72000-7f5b71c73000 rw-p 00017000 08:01 1835013                    /lib/x86_64-linux-gnu/libgcc_s.so.1
7f5b71c73000-7f5b71e10000 r-xp 00000000 08:01 1835049                    /lib/x86_64-linux-gnu/libm-2.27.so
7f5b71e10000-7f5b7200f000 ---p 0019d000 08:01 1835049                    /lib/x86_64-linux-gnu/libm-2.27.so
7f5b7200f000-7f5b72010000 r--p 0019c000 08:01 1835049                    /lib/x86_64-linux-gnu/libm-2.27.so
7f5b72010000-7f5b72011000 rw-p 0019d000 08:01 1835049                    /lib/x86_64-linux-gnu/libm-2.27.so
7f5b72011000-7f5b7218a000 r-xp 00000000 08:01 2360550                    /usr/lib/x86_64-linux-gnu/libstdc++.so.6.0.25
7f5b7218a000-7f5b7238a000 ---p 00179000 08:01 2360550                    /usr/lib/x86_64-linux-gnu/libstdc++.so.6.0.25
7f5b7238a000-7f5b72394000 r--p 00179000 08:01 2360550                    /usr/lib/x86_64-linux-gnu/libstdc++.so.6.0.25
7f5b72394000-7f5b72396000 rw-p 00183000 08:01 2360550                    /usr/lib/x86_64-linux-gnu/libstdc++.so.6.0.25
7f5b72396000-7f5b7239a000 rw-p 00000000 00:00 0 
7f5b7239a000-7f5b73478000 r-xp 00000000 08:01 1181144                    /usr/lib/jvm/java-11-openjdk-amd64/lib/server/libjvm.so
7f5b73478000-7f5b73677000 ---p 010de000 08:01 1181144                    /usr/lib/jvm/java-11-openjdk-amd64/lib/server/libjvm.so
7f5b73677000-7f5b73734000 r--p 010dd000 08:01 1181144                    /usr/lib/jvm/java-11-openjdk-amd64/lib/server/libjvm.so
7f5b73734000-7f5b7376d000 rw-p 0119a000 08:01 1181144                    /usr/lib/jvm/java-11-openjdk-amd64/lib/server/libjvm.so
7f5b7376d000-7f5b737c4000 rw-p 00000000 00:00 0 
7f5b737c4000-7f5b737de000 r-xp 00000000 08:01 1840183                    /lib/x86_64-linux-gnu/libpthread-2.27.so
7f5b737de000-7f5b739dd000 ---p 0001a000 08:01 1840183                    /lib/x86_64-linux-gnu/libpthread-2.27.so
7f5b739dd000-7f5b739de000 r--p 00019000 08:01 1840183                    /lib/x86_64-linux-gnu/libpthread-2.27.so
7f5b739de000-7f5b739df000 rw-p 0001a000 08:01 1840183                    /lib/x86_64-linux-gnu/libpthread-2.27.so
7f5b739df000-7f5b739e3000 rw-p 00000000 00:00 0 
7f5b739e3000-7f5b739e6000 r-xp 00000000 08:01 1835048                    /lib/x86_64-linux-gnu/libdl-2.27.so
7f5b739e6000-7f5b73be5000 ---p 00003000 08:01 1835048                    /lib/x86_64-linux-gnu/libdl-2.27.so
7f5b73be5000-7f5b73be6000 r--p 00002000 08:01 1835048                    /lib/x86_64-linux-gnu/libdl-2.27.so
7f5b73be6000-7f5b73be7000 rw-p 00003000 08:01 1835048                    /lib/x86_64-linux-gnu/libdl-2.27.so
7f5b73be7000-7f5b73c03000 r-xp 00000000 08:01 1840663                    /lib/x86_64-linux-gnu/libz.so.1.2.11
7f5b73c03000-7f5b73e02000 ---p 0001c000 08:01 1840663                    /lib/x86_64-linux-gnu/libz.so.1.2.11
7f5b73e02000-7f5b73e03000 r--p 0001b000 08:01 1840663                    /lib/x86_64-linux-gnu/libz.so.1.2.11
7f5b73e03000-7f5b73e04000 rw-p 0001c000 08:01 1840663                    /lib/x86_64-linux-gnu/libz.so.1.2.11
7f5b73e04000-7f5b73feb000 r-xp 00000000 08:01 1835045                    /lib/x86_64-linux-gnu/libc-2.27.so
7f5b73feb000-7f5b741eb000 ---p 001e7000 08:01 1835045                    /lib/x86_64-linux-gnu/libc-2.27.so
7f5b741eb000-7f5b741ef000 r--p 001e7000 08:01 1835045                    /lib/x86_64-linux-gnu/libc-2.27.so
7f5b741ef000-7f5b741f1000 rw-p 001eb000 08:01 1835045                    /lib/x86_64-linux-gnu/libc-2.27.so
7f5b741f1000-7f5b741f5000 rw-p 00000000 00:00 0 
7f5b741f5000-7f5b74205000 r-xp 00000000 08:01 1049770                    /usr/lib/jvm/java-11-openjdk-amd64/lib/jli/libjli.so
7f5b74205000-7f5b74404000 ---p 00010000 08:01 1049770                    /usr/lib/jvm/java-11-openjdk-amd64/lib/jli/libjli.so
7f5b74404000-7f5b74405000 r--p 0000f000 08:01 1049770                    /usr/lib/jvm/java-11-openjdk-amd64/lib/jli/libjli.so
7f5b74405000-7f5b74406000 rw-p 00010000 08:01 1049770                    /usr/lib/jvm/java-11-openjdk-amd64/lib/jli/libjli.so
7f5b74406000-7f5b7442d000 r-xp 00000000 08:01 1835021                    /lib/x86_64-linux-gnu/ld-2.27.so
7f5b7446d000-7f5b7450d000 rw-p 00000000 00:00 0 
7f5b7450d000-7f5b74514000 ---p 00000000 00:00 0 
7f5b74514000-7f5b74518000 ---p 00000000 00:00 0 
7f5b74518000-7f5b74617000 rw-p 00000000 00:00 0 
7f5b7461f000-7f5b74621000 r--s 00007000 08:01 2628883                    /usr/share/java/java-atk-wrapper.jar
7f5b74621000-7f5b74629000 rw-s 00000000 08:01 2633790                    /tmp/hsperfdata_dcl/6142
7f5b74629000-7f5b7462a000 ---p 00000000 00:00 0 
7f5b7462a000-7f5b7462b000 r--p 00000000 00:00 0 
7f5b7462b000-7f5b7462d000 rw-p 00000000 00:00 0 
7f5b7462d000-7f5b7462e000 r--p 00027000 08:01 1835021                    /lib/x86_64-linux-gnu/ld-2.27.so
7f5b7462e000-7f5b7462f000 rw-p 00028000 08:01 1835021                    /lib/x86_64-linux-gnu/ld-2.27.so
7f5b7462f000-7f5b74630000 rw-p 00000000 00:00 0 
7ffd93abb000-7ffd93adc000 rw-p 00000000 00:00 0                          [stack]
7ffd93b1a000-7ffd93b1d000 r--p 00000000 00:00 0                          [vvar]
7ffd93b1d000-7ffd93b1f000 r-xp 00000000 00:00 0                          [vdso]
ffffffffff600000-ffffffffff601000 r-xp 00000000 00:00 0                  [vsyscall]


VM Arguments:
java_command: /home/dcl/Documents/project/CS451-2020-project/template_java/bin/da_proc.jar --id 5 --hosts /tmp/tmptye2wa1_ --barrier localhost:10000 --signal localhost:11000 --output /home/dcl/Documents/project/CS451-2020-project/template_java/outputs/proc05.output /tmp/tmpp4bfbmvt
java_class_path (initial): /home/dcl/Documents/project/CS451-2020-project/template_java/bin/da_proc.jar
Launcher Type: SUN_STANDARD

[Global flags]
     intx CICompilerCount                          = 3                                         {product} {ergonomic}
     uint ConcGCThreads                            = 2                                         {product} {ergonomic}
     uint G1ConcRefinementThreads                  = 6                                         {product} {ergonomic}
   size_t G1HeapRegionSize                         = 1048576                                   {product} {ergonomic}
    uintx GCDrainStackTargetSize                   = 64                                        {product} {ergonomic}
   size_t InitialHeapSize                          = 65011712                                  {product} {ergonomic}
   size_t MarkStackSize                            = 4194304                                   {product} {ergonomic}
   size_t MaxHeapSize                              = 1033895936                                {product} {ergonomic}
   size_t MaxNewSize                               = 619708416                                 {product} {ergonomic}
   size_t MinHeapDeltaBytes                        = 1048576                                   {product} {ergonomic}
    uintx NonNMethodCodeHeapSize                   = 5830732                                {pd product} {ergonomic}
    uintx NonProfiledCodeHeapSize                  = 122913754                              {pd product} {ergonomic}
    uintx ProfiledCodeHeapSize                     = 122913754                              {pd product} {ergonomic}
    uintx ReservedCodeCacheSize                    = 251658240                              {pd product} {ergonomic}
     bool SegmentedCodeCache                       = true                                      {product} {ergonomic}
     bool UseCompressedClassPointers               = true                                 {lp64_product} {ergonomic}
     bool UseCompressedOops                        = true                                 {lp64_product} {ergonomic}
     bool UseG1GC                                  = true                                      {product} {ergonomic}

Logging:
Log output configuration:
 #0: stdout all=warning uptime,level,tags
 #1: stderr all=off uptime,level,tags

Environment Variables:
PATH=/usr/local/sbin:/usr/local/bin:/usr/sbin:/usr/bin:/sbin:/bin:/usr/games:/usr/local/games:/snap/bin
SHELL=/bin/bash
DISPLAY=:0.0
LANG=en_US.UTF-8

Signal Handlers:
SIGSEGV: [libjvm.so+0xdf9610], sa_mask[0]=11111111011111111101111111111110, sa_flags=SA_RESTART|SA_SIGINFO
SIGBUS: [libjvm.so+0xdf9610], sa_mask[0]=11111111011111111101111111111110, sa_flags=SA_RESTART|SA_SIGINFO
SIGFPE: [libjvm.so+0xdf9610], sa_mask[0]=11111111011111111101111111111110, sa_flags=SA_RESTART|SA_SIGINFO
SIGPIPE: [libjvm.so+0xbcc360], sa_mask[0]=11111111011111111101111111111110, sa_flags=SA_RESTART|SA_SIGINFO
SIGXFSZ: [libjvm.so+0xbcc360], sa_mask[0]=11111111011111111101111111111110, sa_flags=SA_RESTART|SA_SIGINFO
SIGILL: [libjvm.so+0xdf9610], sa_mask[0]=11111111011111111101111111111110, sa_flags=SA_RESTART|SA_SIGINFO
SIGUSR2: [libjvm.so+0xbcc200], sa_mask[0]=00000000000000000000000000000000, sa_flags=SA_RESTART|SA_SIGINFO
SIGHUP: [libjvm.so+0xbcc560], sa_mask[0]=11111111011111111101111111111110, sa_flags=SA_RESTART|SA_SIGINFO
SIGINT: [libjvm.so+0xbcc560], sa_mask[0]=11111111011111111101111111111110, sa_flags=SA_RESTART|SA_SIGINFO
SIGTERM: [libjvm.so+0xbcc560], sa_mask[0]=11111111011111111101111111111110, sa_flags=SA_RESTART|SA_SIGINFO
SIGQUIT: [libjvm.so+0xbcc560], sa_mask[0]=11111111011111111101111111111110, sa_flags=SA_RESTART|SA_SIGINFO


---------------  S Y S T E M  ---------------

OS:DISTRIB_ID=Ubuntu
DISTRIB_RELEASE=18.04
DISTRIB_CODENAME=bionic
DISTRIB_DESCRIPTION="Ubuntu 18.04.5 LTS"
uname:Linux 4.15.0-117-generic #118-Ubuntu SMP Fri Sep 4 20:02:41 UTC 2020 x86_64
OS uptime: 0 days 0:38 hours
libc:glibc 2.27 NPTL 2.27 
rlimit (soft/hard): STACK 8192k/infinity , CORE 0k/infinity , NPROC 15599/15599 , NOFILE 1048576/1048576 , AS infinity/infinity , CPU infinity/infinity , DATA infinity/infinity , FSIZE infinity/infinity , MEMLOCK 16384k/16384k
load average:19.10 6.28 2.91

/proc/meminfo:
MemTotal:        4038492 kB
MemFree:          663664 kB
MemAvailable:    1247776 kB
Buffers:           43964 kB
Cached:           721400 kB
SwapCached:            0 kB
Active:          2733116 kB
Inactive:         471788 kB
Active(anon):    2440272 kB
Inactive(anon):     1336 kB
Active(file):     292844 kB
Inactive(file):   470452 kB
Unevictable:           0 kB
Mlocked:               0 kB
SwapTotal:       2097148 kB
SwapFree:        2097148 kB
Dirty:               320 kB
Writeback:             0 kB
AnonPages:       2439196 kB
Mapped:           181364 kB
Shmem:              2072 kB
Slab:              76064 kB
SReclaimable:      47572 kB
SUnreclaim:        28492 kB
KernelStack:       12144 kB
PageTables:        30236 kB
NFS_Unstable:          0 kB
Bounce:                0 kB
WritebackTmp:          0 kB
CommitLimit:     4116392 kB
Committed_AS:    5431164 kB
VmallocTotal:   34359738367 kB
VmallocUsed:           0 kB
VmallocChunk:          0 kB
HardwareCorrupted:     0 kB
AnonHugePages:         0 kB
ShmemHugePages:        0 kB
ShmemPmdMapped:        0 kB
CmaTotal:              0 kB
CmaFree:               0 kB
HugePages_Total:       0
HugePages_Free:        0
HugePages_Rsvd:        0
HugePages_Surp:        0
Hugepagesize:       2048 kB
DirectMap4k:      118720 kB
DirectMap2M:     4075520 kB

/sys/kernel/mm/transparent_hugepage/enabled:
always [madvise] never

/sys/kernel/mm/transparent_hugepage/defrag (defrag/compaction efforts parameter):
always defer defer+madvise [madvise] never


/proc/sys/kernel/threads-max (system-wide limit on the number of threads):
31199


/proc/sys/vm/max_map_count (maximum number of memory map areas a process may have):
65530


/proc/sys/kernel/pid_max (system-wide limit on number of process identifiers):
32768



container (cgroup) information:
container_type: cgroupv1
cpu_cpuset_cpus: 0-5
cpu_memory_nodes: 0
active_processor_count: 6
cpu_quota: -1
cpu_period: 100000
cpu_shares: -1
memory_limit_in_bytes: -1
memory_and_swap_limit_in_bytes: -2
memory_soft_limit_in_bytes: -1
memory_usage_in_bytes: 3281956864
memory_max_usage_in_bytes: 0

KVM virtualization detected
Steal ticks since vm start: 0
Steal ticks percentage since vm start:  0.000

CPU:total 6 (initial active 6) (6 cores per cpu, 1 threads per core) family 6 model 158 stepping 10, cmov, cx8, fxsr, mmx, sse, sse2, sse3, ssse3, sse4.1, sse4.2, tsc, tscinvbit
CPU Model and flags from /proc/cpuinfo:
model name	: Intel(R) Core(TM) i7-9750H CPU @ 2.60GHz
flags		: fpu vme de pse tsc msr pae mce cx8 apic sep mtrr pge mca cmov pat pse36 clflush mmx fxsr sse sse2 ht syscall nx rdtscp lm constant_tsc rep_good nopl xtopology nonstop_tsc cpuid tsc_known_freq pni ssse3 pcid sse4_1 sse4_2 hypervisor lahf_lm invpcid_single pti fsgsbase invpcid md_clear flush_l1d arch_capabilities

Memory: 4k page, physical 4038492k(663664k free), swap 2097148k(2097148k free)

vm_info: OpenJDK 64-Bit Server VM (11.0.8+10-post-Ubuntu-0ubuntu118.04.1) for linux-amd64 JRE (11.0.8+10-post-Ubuntu-0ubuntu118.04.1), built on Jul 15 2020 20:45:24 by "unknown" with gcc 7.5.0

END.
