#
# A fatal error has been detected by the Java Runtime Environment:
#
#  SIGSEGV (0xb) at pc=0x00007fbc208fb8e1, pid=8968, tid=9070
#
# JRE version: OpenJDK Runtime Environment (11.0.8+10) (build 11.0.8+10-post-Ubuntu-0ubuntu118.04.1)
# Java VM: OpenJDK 64-Bit Server VM (11.0.8+10-post-Ubuntu-0ubuntu118.04.1, mixed mode, sharing, tiered, compressed oops, g1 gc, linux-amd64)
# Problematic frame:
# V  [libjvm.so+0xa038e1]
#
# Core dump will be written. Default location: Core dumps may be processed with "/usr/share/apport/apport %p %s %c %d %P %E" (or dumping to /home/dcl/Documents/project/CS451-2020-project/core.8968)
#
# If you would like to submit a bug report, please visit:
#   https://bugs.launchpad.net/ubuntu/+source/openjdk-lts
#

---------------  S U M M A R Y ------------

Command Line: /home/dcl/Documents/project/CS451-2020-project/template_java/bin/da_proc.jar --id 10 --hosts /tmp/tmp3muuovf9 --barrier localhost:10000 --signal localhost:11000 --output /home/dcl/Documents/project/CS451-2020-project/template_java/outputs/proc10.output /tmp/tmp178kgrjj

Host: Intel(R) Core(TM) i7-9750H CPU @ 2.60GHz, 6 cores, 3G, Ubuntu 18.04.5 LTS
Time: Thu Nov 12 19:20:24 2020 CET elapsed time: 18 seconds (0d 0h 0m 18s)

---------------  T H R E A D  ---------------

Current thread (0x00007fbc18136000):  JavaThread "C2 CompilerThread0" daemon [_thread_in_vm, id=9070, stack(0x00007fbbf8366000,0x00007fbbf8467000)]


Current CompileTask:
C2:  18953  992       4       cs451.layers.TransportLayer::receive (69 bytes)

Stack: [0x00007fbbf8366000,0x00007fbbf8467000],  sp=0x00007fbbf8463460,  free space=1013k
Native frames: (J=compiled Java code, A=aot compiled Java code, j=interpreted, Vv=VM code, C=native code)
V  [libjvm.so+0xa038e1]
V  [libjvm.so+0xa371cd]
V  [libjvm.so+0x539c54]
V  [libjvm.so+0x539dc0]
V  [libjvm.so+0x53a575]
V  [libjvm.so+0x56985a]
V  [libjvm.so+0x56f45e]
V  [libjvm.so+0x57034a]
V  [libjvm.so+0x576ecb]
V  [libjvm.so+0x578d5c]
V  [libjvm.so+0x579601]
V  [libjvm.so+0x579751]
V  [libjvm.so+0x54e242]
V  [libjvm.so+0x4513cd]
V  [libjvm.so+0x6ee399]
V  [libjvm.so+0x6eed3d]
V  [libjvm.so+0xc16933]
V  [libjvm.so+0xc062f0]
V  [libjvm.so+0xc064b3]
V  [libjvm.so+0xc09b1d]
V  [libjvm.so+0x50a178]
V  [libjvm.so+0x5f32f0]
V  [libjvm.so+0x509910]
V  [libjvm.so+0x5fd6f3]
V  [libjvm.so+0x5fee98]
V  [libjvm.so+0xd8996f]
V  [libjvm.so+0xd860bf]
V  [libjvm.so+0xbd632e]


siginfo: si_signo: 11 (SIGSEGV), si_code: 1 (SEGV_MAPERR), si_addr: 0x0000000400076f8d

Register to memory mapping:

RAX=0x00007fbbf8cacfa8 is pointing into metadata
RBX=0x00007fbc18136000 is a thread
RCX=0x00007fbc18136000 is a thread
RDX=0x00007fbc18136c58 points into unknown readable memory: 68 ea e0 c4 00 00 00 00
RSP=0x00007fbbf8463460 is pointing into the stack for thread: 0x00007fbc18136000
RBP=0x00007fbbf8463570 is pointing into the stack for thread: 0x00007fbc18136000
RSI=0x00007fbc18136000 is a thread
RDI=0x0000000400076ef5 is an unknown value
R8 =0x0000000000000001 is an unknown value
R9 =0x0 is NULL
R10=0x0000000000000001 is an unknown value
R11=0x0000000000000003 is an unknown value
R12=0x0 is NULL
R13=0x00007fbbf84635e0 is pointing into the stack for thread: 0x00007fbc18136000
R14=0x00007fbbf8463730 is pointing into the stack for thread: 0x00007fbc18136000
R15=0x00007fbc18136000 is a thread


Registers:
RAX=0x00007fbbf8cacfa8, RBX=0x00007fbc18136000, RCX=0x00007fbc18136000, RDX=0x00007fbc18136c58
RSP=0x00007fbbf8463460, RBP=0x00007fbbf8463570, RSI=0x00007fbc18136000, RDI=0x0000000400076ef5
R8 =0x0000000000000001, R9 =0x0000000000000000, R10=0x0000000000000001, R11=0x0000000000000003
R12=0x0000000000000000, R13=0x00007fbbf84635e0, R14=0x00007fbbf8463730, R15=0x00007fbc18136000
RIP=0x00007fbc208fb8e1, EFLAGS=0x0000000000010206, CSGSFS=0x002b000000000033, ERR=0x0000000000000004
  TRAPNO=0x000000000000000e

Top of Stack: (sp=0x00007fbbf8463460)
0x00007fbbf8463460:   00007fbbf8463570 00007fbc20929be4
0x00007fbbf8463470:   00007fbbf84634b0 00007fbc206016ea
0x00007fbbf8463480:   00007fbbf84634f0 00007fbc20461896
0x00007fbbf8463490:   00000008000da1b0 00007fbbf8463560 

Instructions: (pc=0x00007fbc208fb8e1)
0x00007fbc208fb7e1:   8b 87 cc 00 00 00 48 89 e5 5d c3 0f 1f 40 00 55
0x00007fbc208fb7f1:   31 c0 48 85 f6 48 89 e5 74 13 48 8d 05 1e 67 9b
0x00007fbc208fb801:   00 48 2b 30 8b 48 08 48 d3 ee 48 89 f0 89 87 cc
0x00007fbc208fb811:   00 00 00 5d c3 66 2e 0f 1f 84 00 00 00 00 00 55
0x00007fbc208fb821:   48 89 e5 41 55 41 54 53 48 8d 5d d8 41 89 f5 48
0x00007fbc208fb831:   8d 75 d0 49 89 fc 48 83 ec 18 48 89 df 48 c7 45
0x00007fbc208fb841:   d0 00 00 00 00 e8 75 5e d0 ff 49 8b 04 24 48 8b
0x00007fbc208fb851:   4d d0 44 89 ea 4c 89 e7 be 01 00 00 00 ff 90 d8
0x00007fbc208fb861:   00 00 00 48 89 df 49 89 c4 e8 d1 5f d0 ff 48 83
0x00007fbc208fb871:   c4 18 4c 89 e0 5b 41 5c 41 5d 5d c3 90 66 90 55
0x00007fbc208fb881:   48 89 e5 41 54 53 48 8d 5d e8 48 8d 75 e0 49 89
0x00007fbc208fb891:   fc 48 83 ec 10 48 c7 45 e0 00 00 00 00 48 89 df
0x00007fbc208fb8a1:   e8 1a 5e d0 ff 49 8b 04 24 48 8b 55 e0 4c 89 e7
0x00007fbc208fb8b1:   be 01 00 00 00 ff 90 e0 00 00 00 48 89 df 49 89
0x00007fbc208fb8c1:   c4 e8 79 5f d0 ff 48 83 c4 10 4c 89 e0 5b 41 5c
0x00007fbc208fb8d1:   5d c3 90 66 90 66 2e 0f 1f 84 00 00 00 00 00 55
0x00007fbc208fb8e1:   48 8b 87 98 00 00 00 48 89 e5 48 8b 78 08 48 85
0x00007fbc208fb8f1:   ff 74 07 5d ff 25 25 b0 99 00 31 c0 5d c3 90 55
0x00007fbc208fb901:   48 89 e5 41 57 41 56 41 55 41 54 53 48 89 fb 48
0x00007fbc208fb911:   83 ec 28 8b 47 08 85 c0 7e 09 f6 87 3a 01 00 00
0x00007fbc208fb921:   20 75 2c 48 8b 7b 18 4c 8d 25 2e dc 47 00 48 85
0x00007fbc208fb931:   ff 74 08 e8 87 3b 33 00 49 89 c4 48 83 c4 28 4c
0x00007fbc208fb941:   89 e0 5b 41 5c 41 5d 41 5e 41 5f 5d c3 66 90 4c
0x00007fbc208fb951:   8d 6d b0 48 8d 15 7b 1d 4d 00 48 89 f9 be 14 00
0x00007fbc208fb961:   00 00 31 c0 4c 89 ef e8 23 90 ef ff 4c 89 ea 8b
0x00007fbc208fb971:   0a 48 83 c2 04 8d 81 ff fe fe fe f7 d1 21 c8 25
0x00007fbc208fb981:   80 80 80 80 74 e9 89 c1 c1 e9 10 a9 80 80 00 00
0x00007fbc208fb991:   0f 44 c1 48 8d 4a 02 89 c6 48 0f 44 d1 40 00 c6
0x00007fbc208fb9a1:   48 8b 43 18 48 83 da 03 31 f6 4c 29 ea 44 0f b7
0x00007fbc208fb9b1:   38 4a 8d 7c 3a 01 e8 94 78 28 00 48 8b 7b 18 41
0x00007fbc208fb9c1:   0f b7 d7 49 89 c4 83 c2 01 48 89 c6 e8 0e 38 33
0x00007fbc208fb9d1:   00 4b 8d 3c 3c 4c 89 ee e8 d2 8f 86 ff e9 59 ff 


Stack slot to memory mapping:
stack at sp + 0 slots: 0x00007fbbf8463570 is pointing into the stack for thread: 0x00007fbc18136000
stack at sp + 1 slots: 0x00007fbc20929be4: <offset 0x0000000000a31be4> in /usr/lib/jvm/java-11-openjdk-amd64/lib/server/libjvm.so at 0x00007fbc1fef8000
stack at sp + 2 slots: 0x00007fbbf84634b0 is pointing into the stack for thread: 0x00007fbc18136000
stack at sp + 3 slots: 0x00007fbc206016ea: <offset 0x00000000007096ea> in /usr/lib/jvm/java-11-openjdk-amd64/lib/server/libjvm.so at 0x00007fbc1fef8000
stack at sp + 4 slots: 0x00007fbbf84634f0 is pointing into the stack for thread: 0x00007fbc18136000
stack at sp + 5 slots: 0x00007fbc20461896: <offset 0x0000000000569896> in /usr/lib/jvm/java-11-openjdk-amd64/lib/server/libjvm.so at 0x00007fbc1fef8000
stack at sp + 6 slots: {method} {0x00000008000da1b0} 'put' '(Ljava/lang/Object;Ljava/lang/Object;)Ljava/lang/Object;' in 'java/util/Map'
stack at sp + 7 slots: 0x00007fbbf8463560 is pointing into the stack for thread: 0x00007fbc18136000


---------------  P R O C E S S  ---------------

Threads class SMR info:
_java_thread_list=0x00007fbb9407a6a0, length=19, elements={
0x00007fbc18016800, 0x00007fbc1812a800, 0x00007fbc1812c800, 0x00007fbc18134000,
0x00007fbc18136000, 0x00007fbc18138000, 0x00007fbc1813a000, 0x00007fbc18175000,
0x00007fbc1817a800, 0x00007fbc18232000, 0x00007fbc18244000, 0x00007fbc1824d000,
0x00007fbc1824f800, 0x00007fbc18252000, 0x00007fbc18253000, 0x00007fbc1825a800,
0x00007fbc1825c800, 0x00007fbc1825e800, 0x00007fbc18260000
}

Java Threads: ( => current thread )
  0x00007fbc18016800 JavaThread "CUSTOM_main_sender_thread" [_thread_blocked, id=8984, stack(0x00007fbc22072000,0x00007fbc22173000)]
  0x00007fbc1812a800 JavaThread "Reference Handler" daemon [_thread_blocked, id=9060, stack(0x00007fbc00177000,0x00007fbc00278000)]
  0x00007fbc1812c800 JavaThread "Finalizer" daemon [_thread_blocked, id=9063, stack(0x00007fbc00076000,0x00007fbc00177000)]
  0x00007fbc18134000 JavaThread "Signal Dispatcher" daemon [_thread_blocked, id=9069, stack(0x00007fbbf8467000,0x00007fbbf8568000)]
=>0x00007fbc18136000 JavaThread "C2 CompilerThread0" daemon [_thread_in_vm, id=9070, stack(0x00007fbbf8366000,0x00007fbbf8467000)]
  0x00007fbc18138000 JavaThread "C1 CompilerThread0" daemon [_thread_blocked, id=9071, stack(0x00007fbbf8265000,0x00007fbbf8366000)]
  0x00007fbc1813a000 JavaThread "Sweeper thread" daemon [_thread_blocked, id=9076, stack(0x00007fbbf8164000,0x00007fbbf8265000)]
  0x00007fbc18175000 JavaThread "Service Thread" daemon [_thread_blocked, id=9088, stack(0x00007fbbf8063000,0x00007fbbf8164000)]
  0x00007fbc1817a800 JavaThread "Common-Cleaner" daemon [_thread_blocked, id=9094, stack(0x00007fbbcbdfd000,0x00007fbbcbefe000)]
  0x00007fbc18232000 JavaThread "CUSTOM_gc_process_timer" [_thread_blocked, id=9119, stack(0x00007fbbcb6d1000,0x00007fbbcb7d2000)]
  0x00007fbc18244000 JavaThread "Timer-1" [_thread_blocked, id=9122, stack(0x00007fbbcb5d0000,0x00007fbbcb6d1000)]
  0x00007fbc1824d000 JavaThread "Timer-2" [_thread_blocked, id=9123, stack(0x00007fbbcb4cf000,0x00007fbbcb5d0000)]
  0x00007fbc1824f800 JavaThread "CUSTOM_ping_sender_timer" [_thread_blocked, id=9124, stack(0x00007fbbcb3ce000,0x00007fbbcb4cf000)]
  0x00007fbc18252000 JavaThread "CUSTOM_resending_transport_0_timer" [_thread_blocked, id=9125, stack(0x00007fbbcb2cd000,0x00007fbbcb3ce000)]
  0x00007fbc18253000 JavaThread "CUSTOM__sender_thread" [_thread_blocked, id=9126, stack(0x00007fbbcb1cc000,0x00007fbbcb2cd000)]
  0x00007fbc1825a800 JavaThread "CUSTOM_udp_receiver_thread" [_thread_in_native, id=9127, stack(0x00007fbbcb0cb000,0x00007fbbcb1cc000)]
  0x00007fbc1825c800 JavaThread "CUSTOM_handler_receiver_thread" [_thread_blocked, id=9128, stack(0x00007fbbcafca000,0x00007fbbcb0cb000)]
  0x00007fbc1825e800 JavaThread "CUSTOM_handler_receiver_thread" [_thread_blocked, id=9129, stack(0x00007fbbcaec9000,0x00007fbbcafca000)]
  0x00007fbc18260000 JavaThread "CUSTOM_handler_receiver_thread" [_thread_blocked, id=9132, stack(0x00007fbbcadc8000,0x00007fbbcaec9000)]

Other Threads:
  0x00007fbc18127800 VMThread "VM Thread" [stack: 0x00007fbc0027a000,0x00007fbc0037a000] [id=9052]
  0x00007fbc18177800 WatcherThread [stack: 0x00007fbbcbf00000,0x00007fbbcc000000] [id=9091]
  0x00007fbc1802f000 GCTaskThread "GC Thread#0" [stack: 0x00007fbc1e050000,0x00007fbc1e150000] [id=9026]
  0x00007fbbe8119000 GCTaskThread "GC Thread#1" [stack: 0x00007fbbcab3c000,0x00007fbbcac3c000] [id=9194]
  0x00007fbbe811a800 GCTaskThread "GC Thread#2" [stack: 0x00007fbbcaa3a000,0x00007fbbcab3a000] [id=9202]
  0x00007fbbe811c000 GCTaskThread "GC Thread#3" [stack: 0x00007fbbca938000,0x00007fbbcaa38000] [id=9203]
  0x00007fbbe811d800 GCTaskThread "GC Thread#4" [stack: 0x00007fbbca836000,0x00007fbbca936000] [id=9211]
  0x00007fbbe811f000 GCTaskThread "GC Thread#5" [stack: 0x00007fbbca734000,0x00007fbbca834000] [id=9212]
  0x00007fbc1804a800 ConcurrentGCThread "G1 Main Marker" [stack: 0x00007fbc1c419000,0x00007fbc1c519000] [id=9027]
  0x00007fbc1804c800 ConcurrentGCThread "G1 Conc#0" [stack: 0x00007fbc1c317000,0x00007fbc1c417000] [id=9032]
  0x00007fbbf4001000 ConcurrentGCThread "G1 Conc#1" [stack: 0x00007fbbca632000,0x00007fbbca732000] [id=9219]
  0x00007fbc18098000 ConcurrentGCThread "G1 Refine#0" [stack: 0x00007fbc004ff000,0x00007fbc005ff000] [id=9042]
  0x00007fbc1809a000 ConcurrentGCThread "G1 Young RemSet Sampling" [stack: 0x00007fbc003fd000,0x00007fbc004fd000] [id=9046]

Threads with active compile tasks:
C2 CompilerThread0  18956  992       4       cs451.layers.TransportLayer::receive (69 bytes)

VM state:not at safepoint (normal execution)

VM Mutex/Monitor currently owned by a thread: None

Heap address: 0x00000000c2600000, size: 986 MB, Compressed Oops mode: 32-bit
Narrow klass base: 0x0000000800000000, Narrow klass shift: 3
Compressed class space size: 1073741824 Address: 0x0000000840000000

Heap:
 garbage-first heap   total 109568K, used 104261K [0x00000000c2600000, 0x0000000100000000)
  region size 1024K, 2 young (2048K), 1 survivors (1024K)
 Metaspace       used 2867K, capacity 5542K, committed 5632K, reserved 1056768K
  class space    used 349K, capacity 711K, committed 768K, reserved 1048576K
Heap Regions: E=young(eden), S=young(survivor), O=old, HS=humongous(starts), HC=humongous(continues), CS=collection set, F=free, A=archive, TAMS=top-at-mark-start (previous, next)
|   0|0x00000000c2600000, 0x00000000c2700000, 0x00000000c2700000|100%|HS|  |TAMS 0x00000000c2700000, 0x00000000c2600000| Complete 
|   1|0x00000000c2700000, 0x00000000c2800000, 0x00000000c2800000|100%|HC|  |TAMS 0x00000000c2800000, 0x00000000c2700000| Complete 
|   2|0x00000000c2800000, 0x00000000c2900000, 0x00000000c2900000|100%|HC|  |TAMS 0x00000000c2900000, 0x00000000c2800000| Complete 
|   3|0x00000000c2900000, 0x00000000c2a00000, 0x00000000c2a00000|100%|HC|  |TAMS 0x00000000c2a00000, 0x00000000c2900000| Complete 
|   4|0x00000000c2a00000, 0x00000000c2b00000, 0x00000000c2b00000|100%|HC|  |TAMS 0x00000000c2b00000, 0x00000000c2a00000| Complete 
|   5|0x00000000c2b00000, 0x00000000c2c00000, 0x00000000c2c00000|100%|HC|  |TAMS 0x00000000c2c00000, 0x00000000c2b00000| Complete 
|   6|0x00000000c2c00000, 0x00000000c2d00000, 0x00000000c2d00000|100%|HC|  |TAMS 0x00000000c2d00000, 0x00000000c2c00000| Complete 
|   7|0x00000000c2d00000, 0x00000000c2e00000, 0x00000000c2e00000|100%|HC|  |TAMS 0x00000000c2e00000, 0x00000000c2d00000| Complete 
|   8|0x00000000c2e00000, 0x00000000c2f00000, 0x00000000c2f00000|100%|HS|  |TAMS 0x00000000c2f00000, 0x00000000c2e00000| Complete 
|   9|0x00000000c2f00000, 0x00000000c3000000, 0x00000000c3000000|100%|HC|  |TAMS 0x00000000c3000000, 0x00000000c2f00000| Complete 
|  10|0x00000000c3000000, 0x00000000c3100000, 0x00000000c3100000|100%|HC|  |TAMS 0x00000000c3100000, 0x00000000c3000000| Complete 
|  11|0x00000000c3100000, 0x00000000c3200000, 0x00000000c3200000|100%|HC|  |TAMS 0x00000000c3200000, 0x00000000c3100000| Complete 
|  12|0x00000000c3200000, 0x00000000c3300000, 0x00000000c3300000|100%|HC|  |TAMS 0x00000000c3300000, 0x00000000c3200000| Complete 
|  13|0x00000000c3300000, 0x00000000c3400000, 0x00000000c3400000|100%|HC|  |TAMS 0x00000000c3400000, 0x00000000c3300000| Complete 
|  14|0x00000000c3400000, 0x00000000c3500000, 0x00000000c3500000|100%|HC|  |TAMS 0x00000000c3500000, 0x00000000c3400000| Complete 
|  15|0x00000000c3500000, 0x00000000c3600000, 0x00000000c3600000|100%|HC|  |TAMS 0x00000000c3600000, 0x00000000c3500000| Complete 
|  16|0x00000000c3600000, 0x00000000c3700000, 0x00000000c3700000|100%|HC|  |TAMS 0x00000000c3700000, 0x00000000c3600000| Complete 
|  17|0x00000000c3700000, 0x00000000c3800000, 0x00000000c3800000|100%|HS|  |TAMS 0x00000000c3800000, 0x00000000c3700000| Complete 
|  18|0x00000000c3800000, 0x00000000c3900000, 0x00000000c3900000|100%|HC|  |TAMS 0x00000000c3900000, 0x00000000c3800000| Complete 
|  19|0x00000000c3900000, 0x00000000c3a00000, 0x00000000c3a00000|100%|HC|  |TAMS 0x00000000c3a00000, 0x00000000c3900000| Complete 
|  20|0x00000000c3a00000, 0x00000000c3b00000, 0x00000000c3b00000|100%|HC|  |TAMS 0x00000000c3b00000, 0x00000000c3a00000| Complete 
|  21|0x00000000c3b00000, 0x00000000c3c00000, 0x00000000c3c00000|100%|HC|  |TAMS 0x00000000c3c00000, 0x00000000c3b00000| Complete 
|  22|0x00000000c3c00000, 0x00000000c3d00000, 0x00000000c3d00000|100%|HC|  |TAMS 0x00000000c3d00000, 0x00000000c3c00000| Complete 
|  23|0x00000000c3d00000, 0x00000000c3e00000, 0x00000000c3e00000|100%|HC|  |TAMS 0x00000000c3e00000, 0x00000000c3d00000| Complete 
|  24|0x00000000c3e00000, 0x00000000c3f00000, 0x00000000c3f00000|100%|HC|  |TAMS 0x00000000c3f00000, 0x00000000c3e00000| Complete 
|  25|0x00000000c3f00000, 0x00000000c4000000, 0x00000000c4000000|100%|HC|  |TAMS 0x00000000c4000000, 0x00000000c3f00000| Complete 
|  26|0x00000000c4000000, 0x00000000c4100000, 0x00000000c4100000|100%|HS|  |TAMS 0x00000000c4100000, 0x00000000c4000000| Complete 
|  27|0x00000000c4100000, 0x00000000c4200000, 0x00000000c4200000|100%|HC|  |TAMS 0x00000000c4200000, 0x00000000c4100000| Complete 
|  28|0x00000000c4200000, 0x00000000c4300000, 0x00000000c4300000|100%|HC|  |TAMS 0x00000000c4300000, 0x00000000c4200000| Complete 
|  29|0x00000000c4300000, 0x00000000c4400000, 0x00000000c4400000|100%|HC|  |TAMS 0x00000000c4400000, 0x00000000c4300000| Complete 
|  30|0x00000000c4400000, 0x00000000c4500000, 0x00000000c4500000|100%|HC|  |TAMS 0x00000000c4500000, 0x00000000c4400000| Complete 
|  31|0x00000000c4500000, 0x00000000c4600000, 0x00000000c4600000|100%|HC|  |TAMS 0x00000000c4600000, 0x00000000c4500000| Complete 
|  32|0x00000000c4600000, 0x00000000c4700000, 0x00000000c4700000|100%|HC|  |TAMS 0x00000000c4700000, 0x00000000c4600000| Complete 
|  33|0x00000000c4700000, 0x00000000c4800000, 0x00000000c4800000|100%|HC|  |TAMS 0x00000000c4800000, 0x00000000c4700000| Complete 
|  34|0x00000000c4800000, 0x00000000c4900000, 0x00000000c4900000|100%|HC|  |TAMS 0x00000000c4900000, 0x00000000c4800000| Complete 
|  35|0x00000000c4900000, 0x00000000c4a00000, 0x00000000c4a00000|100%|HS|  |TAMS 0x00000000c4a00000, 0x00000000c4900000| Complete 
|  36|0x00000000c4a00000, 0x00000000c4b00000, 0x00000000c4b00000|100%|HC|  |TAMS 0x00000000c4b00000, 0x00000000c4a00000| Complete 
|  37|0x00000000c4b00000, 0x00000000c4c00000, 0x00000000c4c00000|100%|HC|  |TAMS 0x00000000c4c00000, 0x00000000c4b00000| Complete 
|  38|0x00000000c4c00000, 0x00000000c4d00000, 0x00000000c4d00000|100%|HC|  |TAMS 0x00000000c4d00000, 0x00000000c4c00000| Complete 
|  39|0x00000000c4d00000, 0x00000000c4e00000, 0x00000000c4e00000|100%|HC|  |TAMS 0x00000000c4e00000, 0x00000000c4d00000| Complete 
|  40|0x00000000c4e00000, 0x00000000c4f00000, 0x00000000c4f00000|100%| O|  |TAMS 0x00000000c4f00000, 0x00000000c4e00000| Untracked 
|  41|0x00000000c4f00000, 0x00000000c5000000, 0x00000000c5000000|100%| O|  |TAMS 0x00000000c5000000, 0x00000000c4f00000| Untracked 
|  42|0x00000000c5000000, 0x00000000c5100000, 0x00000000c5100000|100%|HS|  |TAMS 0x00000000c5100000, 0x00000000c5000000| Complete 
|  43|0x00000000c5100000, 0x00000000c5200000, 0x00000000c5200000|100%|HC|  |TAMS 0x00000000c5200000, 0x00000000c5100000| Complete 
|  44|0x00000000c5200000, 0x00000000c5300000, 0x00000000c5300000|100%|HC|  |TAMS 0x00000000c5300000, 0x00000000c5200000| Complete 
|  45|0x00000000c5300000, 0x00000000c5400000, 0x00000000c5400000|100%|HC|  |TAMS 0x00000000c5400000, 0x00000000c5300000| Complete 
|  46|0x00000000c5400000, 0x00000000c5500000, 0x00000000c5500000|100%|HC|  |TAMS 0x00000000c5500000, 0x00000000c5400000| Complete 
|  47|0x00000000c5500000, 0x00000000c5500000, 0x00000000c5600000|  0%| F|  |TAMS 0x00000000c5500000, 0x00000000c5500000| Untracked 
|  48|0x00000000c5600000, 0x00000000c5600000, 0x00000000c5700000|  0%| F|  |TAMS 0x00000000c5600000, 0x00000000c5600000| Untracked 
|  49|0x00000000c5700000, 0x00000000c5788200, 0x00000000c5800000| 53%| O|  |TAMS 0x00000000c5788200, 0x00000000c5700000| Untracked 
|  50|0x00000000c5800000, 0x00000000c5800000, 0x00000000c5900000|  0%| F|  |TAMS 0x00000000c5800000, 0x00000000c5800000| Untracked 
|  51|0x00000000c5900000, 0x00000000c59495c0, 0x00000000c5a00000| 28%| S|CS|TAMS 0x00000000c5900000, 0x00000000c5900000| Complete 
|  52|0x00000000c5a00000, 0x00000000c5a83118, 0x00000000c5b00000| 51%| E|  |TAMS 0x00000000c5a00000, 0x00000000c5a00000| Complete 
|  53|0x00000000c5b00000, 0x00000000c5c00000, 0x00000000c5c00000|100%|HS|  |TAMS 0x00000000c5c00000, 0x00000000c5b00000| Complete 
|  54|0x00000000c5c00000, 0x00000000c5d00000, 0x00000000c5d00000|100%|HC|  |TAMS 0x00000000c5d00000, 0x00000000c5c00000| Complete 
|  55|0x00000000c5d00000, 0x00000000c5e00000, 0x00000000c5e00000|100%|HC|  |TAMS 0x00000000c5e00000, 0x00000000c5d00000| Complete 
|  56|0x00000000c5e00000, 0x00000000c5f00000, 0x00000000c5f00000|100%|HC|  |TAMS 0x00000000c5f00000, 0x00000000c5e00000| Complete 
|  57|0x00000000c5f00000, 0x00000000c6000000, 0x00000000c6000000|100%|HC|  |TAMS 0x00000000c6000000, 0x00000000c5f00000| Complete 
|  58|0x00000000c6000000, 0x00000000c6100000, 0x00000000c6100000|100%|HC|  |TAMS 0x00000000c6100000, 0x00000000c6000000| Complete 
|  59|0x00000000c6100000, 0x00000000c6200000, 0x00000000c6200000|100%|HC|  |TAMS 0x00000000c6200000, 0x00000000c6100000| Complete 
|  60|0x00000000c6200000, 0x00000000c6300000, 0x00000000c6300000|100%|HC|  |TAMS 0x00000000c6300000, 0x00000000c6200000| Complete 
|  61|0x00000000c6300000, 0x00000000c6400000, 0x00000000c6400000|100%|HC|  |TAMS 0x00000000c6400000, 0x00000000c6300000| Complete 
|  62|0x00000000c6400000, 0x00000000c6500000, 0x00000000c6500000|100%|HS|  |TAMS 0x00000000c6500000, 0x00000000c6400000| Complete 
|  63|0x00000000c6500000, 0x00000000c6600000, 0x00000000c6600000|100%|HC|  |TAMS 0x00000000c6600000, 0x00000000c6500000| Complete 
|  64|0x00000000c6600000, 0x00000000c6700000, 0x00000000c6700000|100%|HC|  |TAMS 0x00000000c6700000, 0x00000000c6600000| Complete 
|  65|0x00000000c6700000, 0x00000000c6800000, 0x00000000c6800000|100%|HC|  |TAMS 0x00000000c6800000, 0x00000000c6700000| Complete 
|  66|0x00000000c6800000, 0x00000000c6900000, 0x00000000c6900000|100%|HC|  |TAMS 0x00000000c6900000, 0x00000000c6800000| Complete 
|  67|0x00000000c6900000, 0x00000000c6a00000, 0x00000000c6a00000|100%|HS|  |TAMS 0x00000000c6a00000, 0x00000000c6900000| Complete 
|  68|0x00000000c6a00000, 0x00000000c6b00000, 0x00000000c6b00000|100%|HC|  |TAMS 0x00000000c6b00000, 0x00000000c6a00000| Complete 
|  69|0x00000000c6b00000, 0x00000000c6c00000, 0x00000000c6c00000|100%|HC|  |TAMS 0x00000000c6c00000, 0x00000000c6b00000| Complete 
|  70|0x00000000c6c00000, 0x00000000c6d00000, 0x00000000c6d00000|100%|HC|  |TAMS 0x00000000c6d00000, 0x00000000c6c00000| Complete 
|  71|0x00000000c6d00000, 0x00000000c6e00000, 0x00000000c6e00000|100%|HC|  |TAMS 0x00000000c6e00000, 0x00000000c6d00000| Complete 
|  72|0x00000000c6e00000, 0x00000000c6f00000, 0x00000000c6f00000|100%|HS|  |TAMS 0x00000000c6f00000, 0x00000000c6e00000| Complete 
|  73|0x00000000c6f00000, 0x00000000c7000000, 0x00000000c7000000|100%|HC|  |TAMS 0x00000000c7000000, 0x00000000c6f00000| Complete 
|  74|0x00000000c7000000, 0x00000000c7100000, 0x00000000c7100000|100%|HC|  |TAMS 0x00000000c7100000, 0x00000000c7000000| Complete 
|  75|0x00000000c7100000, 0x00000000c7200000, 0x00000000c7200000|100%|HC|  |TAMS 0x00000000c7200000, 0x00000000c7100000| Complete 
|  76|0x00000000c7200000, 0x00000000c7300000, 0x00000000c7300000|100%|HC|  |TAMS 0x00000000c7300000, 0x00000000c7200000| Complete 
|  77|0x00000000c7300000, 0x00000000c7400000, 0x00000000c7400000|100%|HS|  |TAMS 0x00000000c7400000, 0x00000000c7300000| Complete 
|  78|0x00000000c7400000, 0x00000000c7500000, 0x00000000c7500000|100%|HC|  |TAMS 0x00000000c7500000, 0x00000000c7400000| Complete 
|  79|0x00000000c7500000, 0x00000000c7600000, 0x00000000c7600000|100%|HC|  |TAMS 0x00000000c7600000, 0x00000000c7500000| Complete 
|  80|0x00000000c7600000, 0x00000000c7700000, 0x00000000c7700000|100%|HC|  |TAMS 0x00000000c7700000, 0x00000000c7600000| Complete 
|  81|0x00000000c7700000, 0x00000000c7800000, 0x00000000c7800000|100%|HC|  |TAMS 0x00000000c7800000, 0x00000000c7700000| Complete 
|  82|0x00000000c7800000, 0x00000000c7900000, 0x00000000c7900000|100%|HS|  |TAMS 0x00000000c7900000, 0x00000000c7800000| Complete 
|  83|0x00000000c7900000, 0x00000000c7a00000, 0x00000000c7a00000|100%|HC|  |TAMS 0x00000000c7a00000, 0x00000000c7900000| Complete 
|  84|0x00000000c7a00000, 0x00000000c7b00000, 0x00000000c7b00000|100%|HC|  |TAMS 0x00000000c7b00000, 0x00000000c7a00000| Complete 
|  85|0x00000000c7b00000, 0x00000000c7c00000, 0x00000000c7c00000|100%|HC|  |TAMS 0x00000000c7c00000, 0x00000000c7b00000| Complete 
|  86|0x00000000c7c00000, 0x00000000c7d00000, 0x00000000c7d00000|100%|HC|  |TAMS 0x00000000c7d00000, 0x00000000c7c00000| Complete 
|  87|0x00000000c7d00000, 0x00000000c7e00000, 0x00000000c7e00000|100%|HS|  |TAMS 0x00000000c7e00000, 0x00000000c7d00000| Complete 
|  88|0x00000000c7e00000, 0x00000000c7f00000, 0x00000000c7f00000|100%|HC|  |TAMS 0x00000000c7f00000, 0x00000000c7e00000| Complete 
|  89|0x00000000c7f00000, 0x00000000c8000000, 0x00000000c8000000|100%|HC|  |TAMS 0x00000000c8000000, 0x00000000c7f00000| Complete 
|  90|0x00000000c8000000, 0x00000000c8100000, 0x00000000c8100000|100%|HC|  |TAMS 0x00000000c8100000, 0x00000000c8000000| Complete 
|  91|0x00000000c8100000, 0x00000000c8200000, 0x00000000c8200000|100%|HC|  |TAMS 0x00000000c8200000, 0x00000000c8100000| Complete 
|  92|0x00000000c8200000, 0x00000000c8300000, 0x00000000c8300000|100%|HS|  |TAMS 0x00000000c8300000, 0x00000000c8200000| Complete 
|  93|0x00000000c8300000, 0x00000000c8400000, 0x00000000c8400000|100%|HC|  |TAMS 0x00000000c8400000, 0x00000000c8300000| Complete 
|  94|0x00000000c8400000, 0x00000000c8500000, 0x00000000c8500000|100%|HC|  |TAMS 0x00000000c8500000, 0x00000000c8400000| Complete 
|  95|0x00000000c8500000, 0x00000000c8600000, 0x00000000c8600000|100%|HC|  |TAMS 0x00000000c8600000, 0x00000000c8500000| Complete 
|  96|0x00000000c8600000, 0x00000000c8700000, 0x00000000c8700000|100%|HC|  |TAMS 0x00000000c8700000, 0x00000000c8600000| Complete 
|  97|0x00000000c8700000, 0x00000000c8800000, 0x00000000c8800000|100%|HS|  |TAMS 0x00000000c8800000, 0x00000000c8700000| Complete 
|  98|0x00000000c8800000, 0x00000000c8900000, 0x00000000c8900000|100%|HC|  |TAMS 0x00000000c8900000, 0x00000000c8800000| Complete 
|  99|0x00000000c8900000, 0x00000000c8a00000, 0x00000000c8a00000|100%|HC|  |TAMS 0x00000000c8a00000, 0x00000000c8900000| Complete 
| 100|0x00000000c8a00000, 0x00000000c8b00000, 0x00000000c8b00000|100%|HC|  |TAMS 0x00000000c8b00000, 0x00000000c8a00000| Complete 
| 101|0x00000000c8b00000, 0x00000000c8c00000, 0x00000000c8c00000|100%|HC|  |TAMS 0x00000000c8c00000, 0x00000000c8b00000| Complete 
| 102|0x00000000c8c00000, 0x00000000c8d00000, 0x00000000c8d00000|100%|HS|  |TAMS 0x00000000c8c00000, 0x00000000c8c00000| Complete 
| 103|0x00000000c8d00000, 0x00000000c8e00000, 0x00000000c8e00000|100%|HC|  |TAMS 0x00000000c8d00000, 0x00000000c8d00000| Complete 
| 104|0x00000000c8e00000, 0x00000000c8f00000, 0x00000000c8f00000|100%|HC|  |TAMS 0x00000000c8e00000, 0x00000000c8e00000| Complete 
| 105|0x00000000c8f00000, 0x00000000c9000000, 0x00000000c9000000|100%|HC|  |TAMS 0x00000000c8f00000, 0x00000000c8f00000| Complete 
| 106|0x00000000c9000000, 0x00000000c9100000, 0x00000000c9100000|100%|HC|  |TAMS 0x00000000c9000000, 0x00000000c9000000| Complete 

Card table byte_map: [0x00007fbc1d66e000,0x00007fbc1d85b000] _byte_map_base: 0x00007fbc1d05b000

Marking Bits (Prev, Next): (CMBitMap*) 0x00007fbc18045ad8, (CMBitMap*) 0x00007fbc18045b10
 Prev Bits: [0x00007fbc1c519000, 0x00007fbc1d481000)
 Next Bits: [0x00007fbbfb098000, 0x00007fbbfc000000)

Polling page: 0x00007fbc22187000

Metaspace:

Usage:
  Non-class:      4.72 MB capacity,     2.46 MB ( 52%) used,     2.23 MB ( 47%) free+waste,    32.69 KB ( <1%) overhead. 
      Class:    711.00 KB capacity,   349.17 KB ( 49%) used,   343.58 KB ( 48%) free+waste,    18.25 KB (  3%) overhead. 
       Both:      5.41 MB capacity,     2.80 MB ( 52%) used,     2.56 MB ( 47%) free+waste,    50.94 KB ( <1%) overhead. 

Virtual space:
  Non-class space:        8.00 MB reserved,       4.75 MB ( 59%) committed 
      Class space:        1.00 GB reserved,     768.00 KB ( <1%) committed 
             Both:        1.01 GB reserved,       5.50 MB ( <1%) committed 

Chunk freelists:
   Non-Class:  0 bytes
       Class:  0 bytes
        Both:  0 bytes

MaxMetaspaceSize: unlimited
CompressedClassSpaceSize: 1.00 GB

CodeHeap 'non-profiled nmethods': size=120032Kb used=471Kb max_used=471Kb free=119560Kb
 bounds [0x00007fbc083ca000, 0x00007fbc0863a000, 0x00007fbc0f902000]
CodeHeap 'profiled nmethods': size=120032Kb used=1652Kb max_used=1652Kb free=118379Kb
 bounds [0x00007fbc00e92000, 0x00007fbc01102000, 0x00007fbc083ca000]
CodeHeap 'non-nmethods': size=5696Kb used=1099Kb max_used=1126Kb free=4596Kb
 bounds [0x00007fbc00902000, 0x00007fbc00b72000, 0x00007fbc00e92000]
 total_blobs=1423 nmethods=986 adapters=351
 compilation: enabled
              stopped_count=0, restarted_count=0
 full_count=0

Compilation events (20 events):
Event: 16.343 Thread 0x00007fbc18136000 nmethod 982 0x00007fbc0843b910 code [0x00007fbc0843bac0, 0x00007fbc0843be98]
Event: 16.565 Thread 0x00007fbc18136000  983       4       java.util.concurrent.locks.AbstractQueuedSynchronizer$ConditionObject::signal (33 bytes)
Event: 16.633 Thread 0x00007fbc18136000 nmethod 983 0x00007fbc0843c090 code [0x00007fbc0843c240, 0x00007fbc0843c838]
Event: 16.960 Thread 0x00007fbc18136000  984       4       cs451.utils.Packet::equals (63 bytes)
Event: 16.965 Thread 0x00007fbc18136000 nmethod 984 0x00007fbc0843ca10 code [0x00007fbc0843cbc0, 0x00007fbc0843ce58]
Event: 18.121 Thread 0x00007fbc18136000  985       4       java.net.Inet4Address::getHostAddress (8 bytes)
Event: 18.165 Thread 0x00007fbc18136000 nmethod 985 0x00007fbc0843d010 code [0x00007fbc0843d1c0, 0x00007fbc0843d698]
Event: 18.165 Thread 0x00007fbc18136000  986       4       java.net.Inet4Address::getAddress (59 bytes)
Event: 18.166 Thread 0x00007fbc18136000 nmethod 986 0x00007fbc0843d810 code [0x00007fbc0843d9a0, 0x00007fbc0843dad8]
Event: 18.436 Thread 0x00007fbc18136000  987       4       java.lang.Integer::valueOf (32 bytes)
Event: 18.437 Thread 0x00007fbc18136000 nmethod 987 0x00007fbc0843dc10 code [0x00007fbc0843dda0, 0x00007fbc0843de78]
Event: 18.474 Thread 0x00007fbc18136000  988   !   4       java.util.Collections$SynchronizedMap::containsKey (25 bytes)
Event: 18.526 Thread 0x00007fbc18136000 nmethod 988 0x00007fbc0843df10 code [0x00007fbc0843e0e0, 0x00007fbc0843e708]
Event: 18.666 Thread 0x00007fbc18136000  989  s!   4       java.net.DatagramSocket::receive (355 bytes)
Event: 18.673 Thread 0x00007fbc18136000 nmethod 989 0x00007fbc0843eb10 code [0x00007fbc0843ece0, 0x00007fbc0843f648]
Event: 18.673 Thread 0x00007fbc18136000  990  s    4       java.net.AbstractPlainDatagramSocketImpl::receive (6 bytes)
Event: 18.675 Thread 0x00007fbc18136000 nmethod 990 0x00007fbc0843f990 code [0x00007fbc0843fb40, 0x00007fbc0843fe48]
Event: 18.738 Thread 0x00007fbc18138000  991       3       java.lang.Thread::checkAccess (14 bytes)
Event: 18.738 Thread 0x00007fbc18138000 nmethod 991 0x00007fbc0102ec10 code [0x00007fbc0102ede0, 0x00007fbc0102f060]
Event: 18.947 Thread 0x00007fbc18136000  992       4       cs451.layers.TransportLayer::receive (69 bytes)

GC Heap History (16 events):
Event: 3.982 GC heap before
{Heap before GC invocations=0 (full 0):
 garbage-first heap   total 63488K, used 35840K [0x00000000c2600000, 0x0000000100000000)
  region size 1024K, 10 young (10240K), 0 survivors (0K)
 Metaspace       used 2398K, capacity 5322K, committed 5632K, reserved 1056768K
  class space    used 302K, capacity 665K, committed 768K, reserved 1048576K
}
Event: 4.077 GC heap after
{Heap after GC invocations=1 (full 0):
 garbage-first heap   total 63488K, used 28206K [0x00000000c2600000, 0x0000000100000000)
  region size 1024K, 2 young (2048K), 2 survivors (2048K)
 Metaspace       used 2398K, capacity 5322K, committed 5632K, reserved 1056768K
  class space    used 302K, capacity 665K, committed 768K, reserved 1048576K
}
Event: 11.029 GC heap before
{Heap before GC invocations=2 (full 0):
 garbage-first heap   total 63488K, used 50734K [0x00000000c2600000, 0x0000000100000000)
  region size 1024K, 11 young (11264K), 2 survivors (2048K)
 Metaspace       used 2826K, capacity 5502K, committed 5632K, reserved 1056768K
  class space    used 342K, capacity 699K, committed 768K, reserved 1048576K
}
Event: 11.080 GC heap after
{Heap after GC invocations=3 (full 0):
 garbage-first heap   total 63488K, used 43622K [0x00000000c2600000, 0x0000000100000000)
  region size 1024K, 2 young (2048K), 2 survivors (2048K)
 Metaspace       used 2826K, capacity 5502K, committed 5632K, reserved 1056768K
  class space    used 342K, capacity 699K, committed 768K, reserved 1048576K
}
Event: 11.761 GC heap before
{Heap before GC invocations=4 (full 0):
 garbage-first heap   total 63488K, used 58982K [0x00000000c2600000, 0x0000000100000000)
  region size 1024K, 4 young (4096K), 2 survivors (2048K)
 Metaspace       used 2828K, capacity 5502K, committed 5632K, reserved 1056768K
  class space    used 342K, capacity 699K, committed 768K, reserved 1048576K
}
Event: 11.779 GC heap after
{Heap after GC invocations=5 (full 0):
 garbage-first heap   total 63488K, used 57974K [0x00000000c2600000, 0x0000000100000000)
  region size 1024K, 2 young (2048K), 2 survivors (2048K)
 Metaspace       used 2828K, capacity 5502K, committed 5632K, reserved 1056768K
  class space    used 342K, capacity 699K, committed 768K, reserved 1048576K
}
Event: 12.364 GC heap before
{Heap before GC invocations=6 (full 0):
 garbage-first heap   total 68608K, used 63094K [0x00000000c2600000, 0x0000000100000000)
  region size 1024K, 3 young (3072K), 2 survivors (2048K)
 Metaspace       used 2817K, capacity 5484K, committed 5632K, reserved 1056768K
  class space    used 339K, capacity 692K, committed 768K, reserved 1048576K
}
Event: 12.389 GC heap after
{Heap after GC invocations=7 (full 0):
 garbage-first heap   total 68608K, used 63184K [0x00000000c2600000, 0x0000000100000000)
  region size 1024K, 1 young (1024K), 1 survivors (1024K)
 Metaspace       used 2817K, capacity 5484K, committed 5632K, reserved 1056768K
  class space    used 339K, capacity 692K, committed 768K, reserved 1048576K
}
Event: 13.379 GC heap before
{Heap before GC invocations=8 (full 0):
 garbage-first heap   total 73728K, used 68304K [0x00000000c2600000, 0x0000000100000000)
  region size 1024K, 2 young (2048K), 1 survivors (1024K)
 Metaspace       used 2817K, capacity 5484K, committed 5632K, reserved 1056768K
  class space    used 339K, capacity 692K, committed 768K, reserved 1048576K
}
Event: 13.388 GC heap after
{Heap after GC invocations=9 (full 0):
 garbage-first heap   total 73728K, used 68219K [0x00000000c2600000, 0x0000000100000000)
  region size 1024K, 1 young (1024K), 1 survivors (1024K)
 Metaspace       used 2817K, capacity 5484K, committed 5632K, reserved 1056768K
  class space    used 339K, capacity 692K, committed 768K, reserved 1048576K
}
Event: 14.680 GC heap before
{Heap before GC invocations=10 (full 0):
 garbage-first heap   total 83968K, used 79483K [0x00000000c2600000, 0x0000000100000000)
  region size 1024K, 3 young (3072K), 1 survivors (1024K)
 Metaspace       used 2865K, capacity 5542K, committed 5632K, reserved 1056768K
  class space    used 349K, capacity 711K, committed 768K, reserved 1048576K
}
Event: 14.759 GC heap after
{Heap after GC invocations=11 (full 0):
 garbage-first heap   total 83968K, used 78536K [0x00000000c2600000, 0x0000000100000000)
  region size 1024K, 1 young (1024K), 1 survivors (1024K)
 Metaspace       used 2865K, capacity 5542K, committed 5632K, reserved 1056768K
  class space    used 349K, capacity 711K, committed 768K, reserved 1048576K
}
Event: 17.211 GC heap before
{Heap before GC invocations=12 (full 0):
 garbage-first heap   total 99328K, used 95944K [0x00000000c2600000, 0x0000000100000000)
  region size 1024K, 4 young (4096K), 1 survivors (1024K)
 Metaspace       used 2867K, capacity 5542K, committed 5632K, reserved 1056768K
  class space    used 349K, capacity 711K, committed 768K, reserved 1048576K
}
Event: 17.215 GC heap after
{Heap after GC invocations=13 (full 0):
 garbage-first heap   total 99328K, used 93976K [0x00000000c2600000, 0x0000000100000000)
  region size 1024K, 1 young (1024K), 1 survivors (1024K)
 Metaspace       used 2867K, capacity 5542K, committed 5632K, reserved 1056768K
  class space    used 349K, capacity 711K, committed 768K, reserved 1048576K
}
Event: 18.268 GC heap before
{Heap before GC invocations=14 (full 0):
 garbage-first heap   total 104448K, used 99096K [0x00000000c2600000, 0x0000000100000000)
  region size 1024K, 2 young (2048K), 1 survivors (1024K)
 Metaspace       used 2867K, capacity 5542K, committed 5632K, reserved 1056768K
  class space    used 349K, capacity 711K, committed 768K, reserved 1048576K
}
Event: 18.357 GC heap after
{Heap after GC invocations=15 (full 0):
 garbage-first heap   total 104448K, used 99141K [0x00000000c2600000, 0x0000000100000000)
  region size 1024K, 1 young (1024K), 1 survivors (1024K)
 Metaspace       used 2867K, capacity 5542K, committed 5632K, reserved 1056768K
  class space    used 349K, capacity 711K, committed 768K, reserved 1048576K
}

Deoptimization events (20 events):
Event: 7.185 Thread 0x00007fbc18252000 DEOPT PACKING pc=0x00007fbc08417dbc sp=0x00007fbbcb3cc620
Event: 7.185 Thread 0x00007fbc18252000 DEOPT UNPACKING pc=0x00007fbc0092799f sp=0x00007fbbcb3cc5c8 mode 2
Event: 7.185 Thread 0x00007fbc18252000 Uncommon trap: trap_request=0xffffffde fr.pc=0x00007fbc08417dbc relative=0x000000000000011c
Event: 7.185 Thread 0x00007fbc18252000 Uncommon trap: reason=class_check action=maybe_recompile pc=0x00007fbc08417dbc method=jdk.internal.misc.Unsafe.allocateUninitializedArray(Ljava/lang/Class;I)Ljava/lang/Object; @ 48 c2
Event: 7.185 Thread 0x00007fbc18252000 DEOPT PACKING pc=0x00007fbc08417dbc sp=0x00007fbbcb3cc620
Event: 7.185 Thread 0x00007fbc18252000 DEOPT UNPACKING pc=0x00007fbc0092799f sp=0x00007fbbcb3cc5c8 mode 2
Event: 7.185 Thread 0x00007fbc18252000 Uncommon trap: trap_request=0xffffffde fr.pc=0x00007fbc08417dbc relative=0x000000000000011c
Event: 7.185 Thread 0x00007fbc18252000 Uncommon trap: reason=class_check action=maybe_recompile pc=0x00007fbc08417dbc method=jdk.internal.misc.Unsafe.allocateUninitializedArray(Ljava/lang/Class;I)Ljava/lang/Object; @ 48 c2
Event: 7.185 Thread 0x00007fbc18252000 DEOPT PACKING pc=0x00007fbc08417dbc sp=0x00007fbbcb3cc620
Event: 7.185 Thread 0x00007fbc18252000 DEOPT UNPACKING pc=0x00007fbc0092799f sp=0x00007fbbcb3cc5c8 mode 2
Event: 7.809 Thread 0x00007fbc1825a800 DEOPT PACKING pc=0x00007fbc00fc2b6d sp=0x00007fbbcb1ca690
Event: 7.809 Thread 0x00007fbc1825a800 DEOPT UNPACKING pc=0x00007fbc009277ab sp=0x00007fbbcb1c9b10 mode 0
Event: 9.474 Thread 0x00007fbc18232000 Uncommon trap: trap_request=0xffffffcc fr.pc=0x00007fbc08419d5c relative=0x000000000000019c
Event: 9.474 Thread 0x00007fbc18232000 Uncommon trap: reason=intrinsic_or_type_checked_inlining action=make_not_entrant pc=0x00007fbc08419d5c method=java.util.Arrays.copyOf([Ljava/lang/Object;ILjava/lang/Class;)[Ljava/lang/Object; @ 35 c2
Event: 9.474 Thread 0x00007fbc18232000 DEOPT PACKING pc=0x00007fbc08419d5c sp=0x00007fbbcb7d0460
Event: 9.474 Thread 0x00007fbc18232000 DEOPT UNPACKING pc=0x00007fbc0092799f sp=0x00007fbbcb7d0408 mode 2
Event: 12.905 Thread 0x00007fbc1825a800 Uncommon trap: trap_request=0xffffffcc fr.pc=0x00007fbc0842c5e0 relative=0x0000000000002020
Event: 12.905 Thread 0x00007fbc1825a800 Uncommon trap: reason=intrinsic_or_type_checked_inlining action=make_not_entrant pc=0x00007fbc0842c5e0 method=java.util.ArrayList$SubList.toArray([Ljava/lang/Object;)[Ljava/lang/Object; @ 58 c2
Event: 12.905 Thread 0x00007fbc1825a800 DEOPT PACKING pc=0x00007fbc0842c5e0 sp=0x00007fbbcb1ca770
Event: 12.905 Thread 0x00007fbc1825a800 DEOPT UNPACKING pc=0x00007fbc0092799f sp=0x00007fbbcb1ca6d8 mode 2

Classes redefined (0 events):
No events

Internal exceptions (20 events):
Event: 1.076 Thread 0x00007fbc18016800 Exception <a 'java/lang/NoSuchMethodError'{0x00000000c62f4ac8}: 'java.lang.Object java.lang.invoke.DirectMethodHandle$Holder.invokeSpecial(java.lang.Object, java.lang.Object, long)'> (0x00000000c62f4ac8) thrown at [./src/hotspot/share/interpreter/linkResolver.cpp, line 773]
Event: 1.256 Thread 0x00007fbc18016800 Exception <a 'java/lang/NoSuchMethodError'{0x00000000c601aa60}: 'java.lang.Object java.lang.invoke.DirectMethodHandle$Holder.invokeStatic(java.lang.Object, java.lang.Object, java.lang.Object, java.lang.Object, java.lang.Object, java.lang.Object, java.lang.Object, java.lang.Object, java.lang.Object, java.lang.Object, java.lang.Object, java.lang.Object, java.lang.Object, java.lang.Object, java.lang.Object)'> (0x00000000c601aa60) thrown at [./src/hotspot/share/interpreter/linkResolver.cpp, line 773]
Event: 1.259 Thread 0x00007fbc18016800 Exception <a 'java/lang/NoSuchMethodError'{0x00000000c6028620}: 'java.lang.Object java.lang.invoke.DirectMethodHandle$Holder.invokeStatic(java.lang.Object, java.lang.Object, java.lang.Object, java.lang.Object, java.lang.Object, java.lang.Object, java.lang.Object, java.lang.Object, java.lang.Object, java.lang.Object, java.lang.Object, java.lang.Object, java.lang.Object, java.lang.Object, java.lang.Object, java.lang.Object)'> (0x00000000c6028620) thrown at [./src/hotspot/share/interpreter/linkResolver.cpp, l
Event: 1.260 Thread 0x00007fbc18016800 Exception <a 'java/lang/NoSuchMethodError'{0x00000000c6036280}: 'java.lang.Object java.lang.invoke.DirectMethodHandle$Holder.invokeSpecial(java.lang.Object, java.lang.Object, int, int, int, java.lang.Object, int)'> (0x00000000c6036280) thrown at [./src/hotspot/share/interpreter/linkResolver.cpp, line 773]
Event: 1.265 Thread 0x00007fbc18016800 Exception <a 'java/lang/NoSuchMethodError'{0x00000000c6039368}: 'java.lang.Object java.lang.invoke.DelegatingMethodHandle$Holder.reinvoke_L(java.lang.Object, int, int, int, java.lang.Object, int)'> (0x00000000c6039368) thrown at [./src/hotspot/share/interpreter/linkResolver.cpp, line 773]
Event: 1.270 Thread 0x00007fbc18016800 Exception <a 'java/lang/NoSuchMethodError'{0x00000000c603d1b8}: 'java.lang.Object java.lang.invoke.DirectMethodHandle$Holder.invokeStatic(java.lang.Object, java.lang.Object, java.lang.Object, java.lang.Object, int)'> (0x00000000c603d1b8) thrown at [./src/hotspot/share/interpreter/linkResolver.cpp, line 773]
Event: 1.281 Thread 0x00007fbc18016800 Exception <a 'java/lang/NoSuchMethodError'{0x00000000c5f27bb0}: 'java.lang.Object java.lang.invoke.DirectMethodHandle$Holder.invokeStatic(java.lang.Object, java.lang.Object, java.lang.Object, java.lang.Object, java.lang.Object, java.lang.Object, java.lang.Object, java.lang.Object, java.lang.Object, java.lang.Object, java.lang.Object, java.lang.Object, java.lang.Object, int)'> (0x00000000c5f27bb0) thrown at [./src/hotspot/share/interpreter/linkResolver.cpp, line 773]
Event: 1.281 Thread 0x00007fbc18016800 Exception <a 'java/lang/NoSuchMethodError'{0x00000000c5f341a8}: 'java.lang.Object java.lang.invoke.DirectMethodHandle$Holder.invokeStatic(java.lang.Object, java.lang.Object, java.lang.Object, java.lang.Object, java.lang.Object, java.lang.Object, java.lang.Object, java.lang.Object, java.lang.Object, java.lang.Object, java.lang.Object, java.lang.Object, java.lang.Object, int, int)'> (0x00000000c5f341a8) thrown at [./src/hotspot/share/interpreter/linkResolver.cpp, line 773]
Event: 1.282 Thread 0x00007fbc18016800 Exception <a 'java/lang/NoSuchMethodError'{0x00000000c5f40d30}: 'java.lang.Object java.lang.invoke.DirectMethodHandle$Holder.invokeStatic(java.lang.Object, java.lang.Object, java.lang.Object, java.lang.Object, java.lang.Object, java.lang.Object, java.lang.Object, java.lang.Object, java.lang.Object, java.lang.Object, java.lang.Object, java.lang.Object, java.lang.Object, int, int, java.lang.Object)'> (0x00000000c5f40d30) thrown at [./src/hotspot/share/interpreter/linkResolver.cpp, line 773]
Event: 1.283 Thread 0x00007fbc18016800 Exception <a 'java/lang/NoSuchMethodError'{0x00000000c5f4e1c8}: 'java.lang.Object java.lang.invoke.Invokers$Holder.linkToTargetMethod(java.lang.Object, int, java.lang.Object)'> (0x00000000c5f4e1c8) thrown at [./src/hotspot/share/interpreter/linkResolver.cpp, line 773]
Event: 3.329 Thread 0x00007fbc18016800 Exception <a 'java/lang/NoSuchMethodError'{0x00000000c5e124f0}: 'int java.lang.invoke.DirectMethodHandle$Holder.invokeSpecialIFC(java.lang.Object, java.lang.Object, int)'> (0x00000000c5e124f0) thrown at [./src/hotspot/share/interpreter/linkResolver.cpp, line 773]
Event: 3.366 Thread 0x00007fbc18016800 Exception <a 'java/lang/NoSuchMethodError'{0x00000000c5e998c0}: 'void java.lang.invoke.DirectMethodHandle$Holder.invokeSpecial(java.lang.Object, java.lang.Object)'> (0x00000000c5e998c0) thrown at [./src/hotspot/share/interpreter/linkResolver.cpp, line 773]
Event: 3.693 Thread 0x00007fbc18016800 Exception <a 'java/lang/NoSuchMethodError'{0x00000000c5be8d20}: 'java.lang.Object java.lang.invoke.DirectMethodHandle$Holder.invokeStatic(java.lang.Object, java.lang.Object, java.lang.Object, java.lang.Object, java.lang.Object, java.lang.Object, java.lang.Object, java.lang.Object, java.lang.Object, java.lang.Object, java.lang.Object, int)'> (0x00000000c5be8d20) thrown at [./src/hotspot/share/interpreter/linkResolver.cpp, line 773]
Event: 3.693 Thread 0x00007fbc1824f800 Exception <a 'java/lang/NoSuchMethodError'{0x00000000c5b83cc0}: 'java.lang.Object java.lang.invoke.DirectMethodHandle$Holder.invokeSpecial(java.lang.Object, java.lang.Object, long, java.lang.Object)'> (0x00000000c5b83cc0) thrown at [./src/hotspot/share/interpreter/linkResolver.cpp, line 773]
Event: 3.698 Thread 0x00007fbc18016800 Exception <a 'java/lang/NoSuchMethodError'{0x00000000c5a07ca8}: 'java.lang.Object java.lang.invoke.DirectMethodHandle$Holder.invokeStatic(java.lang.Object, java.lang.Object, java.lang.Object, java.lang.Object, java.lang.Object, java.lang.Object, java.lang.Object, java.lang.Object, java.lang.Object, java.lang.Object, java.lang.Object, int, int)'> (0x00000000c5a07ca8) thrown at [./src/hotspot/share/interpreter/linkResolver.cpp, line 773]
Event: 3.699 Thread 0x00007fbc18253000 Exception <a 'java/lang/NoSuchMethodError'{0x00000000c5b16f48}: 'java.lang.Object java.lang.invoke.Invokers$Holder.linkToTargetMethod(long, java.lang.Object, java.lang.Object)'> (0x00000000c5b16f48) thrown at [./src/hotspot/share/interpreter/linkResolver.cpp, line 773]
Event: 3.755 Thread 0x00007fbc18016800 Exception <a 'java/lang/NoSuchMethodError'{0x00000000c5a29b48}: 'java.lang.Object java.lang.invoke.DirectMethodHandle$Holder.invokeStatic(java.lang.Object, java.lang.Object, java.lang.Object, java.lang.Object, java.lang.Object, java.lang.Object, java.lang.Object, java.lang.Object, java.lang.Object, java.lang.Object, java.lang.Object, int, int, java.lang.Object)'> (0x00000000c5a29b48) thrown at [./src/hotspot/share/interpreter/linkResolver.cpp, line 773]
Event: 3.808 Thread 0x00007fbc18016800 Exception <a 'java/lang/NoSuchMethodError'{0x00000000c5a4a000}: 'java.lang.Object java.lang.invoke.DirectMethodHandle$Holder.invokeStatic(java.lang.Object, java.lang.Object, java.lang.Object, java.lang.Object, java.lang.Object, java.lang.Object, java.lang.Object, java.lang.Object, java.lang.Object, java.lang.Object, java.lang.Object, int, int, java.lang.Object, java.lang.Object)'> (0x00000000c5a4a000) thrown at [./src/hotspot/share/interpreter/linkResolver.cpp, line 773]
Event: 6.021 Thread 0x00007fbc18232000 Exception <a 'java/lang/NoSuchMethodError'{0x00000000c60479a0}: 'java.lang.Object java.lang.invoke.DirectMethodHandle$Holder.invokeStatic(java.lang.Object, int, java.lang.Object)'> (0x00000000c60479a0) thrown at [./src/hotspot/share/interpreter/linkResolver.cpp, line 773]
Event: 6.242 Thread 0x00007fbc18232000 Exception <a 'java/lang/ClassNotFoundException'{0x00000000c5f49e18}: sun/util/logging/resources/spi/loggingProvider> (0x00000000c5f49e18) thrown at [./src/hotspot/share/classfile/systemDictionary.cpp, line 231]

Events (20 events):
Event: 13.894 Executing VM operation: CGC_Operation
Event: 13.896 Executing VM operation: CGC_Operation done
Event: 14.680 Executing VM operation: G1CollectForAllocation
Event: 14.759 Executing VM operation: G1CollectForAllocation done
Event: 15.065 Executing VM operation: CGC_Operation
Event: 15.387 Executing VM operation: CGC_Operation done
Event: 15.581 Executing VM operation: CGC_Operation
Event: 15.588 Executing VM operation: CGC_Operation done
Event: 17.210 Executing VM operation: G1CollectForAllocation
Event: 17.217 Executing VM operation: G1CollectForAllocation done
Event: 17.248 Executing VM operation: CGC_Operation
Event: 17.307 Executing VM operation: CGC_Operation done
Event: 17.340 Executing VM operation: CGC_Operation
Event: 17.370 Executing VM operation: CGC_Operation done
Event: 18.268 Executing VM operation: G1CollectForAllocation
Event: 18.399 Executing VM operation: G1CollectForAllocation done
Event: 18.512 Executing VM operation: CGC_Operation
Event: 18.525 Executing VM operation: CGC_Operation done
Event: 18.676 Executing VM operation: CGC_Operation
Event: 18.689 Executing VM operation: CGC_Operation done


Dynamic libraries:
c2600000-c9100000 rw-p 00000000 00:00 0 
c9100000-100000000 ---p 00000000 00:00 0 
800000000-800002000 rwxp 00001000 08:01 1181904                          /usr/lib/jvm/java-11-openjdk-amd64/lib/server/classes.jsa
800002000-8003b9000 rw-p 00003000 08:01 1181904                          /usr/lib/jvm/java-11-openjdk-amd64/lib/server/classes.jsa
8003b9000-800a81000 r--p 003ba000 08:01 1181904                          /usr/lib/jvm/java-11-openjdk-amd64/lib/server/classes.jsa
800a81000-800a82000 rw-p 00a82000 08:01 1181904                          /usr/lib/jvm/java-11-openjdk-amd64/lib/server/classes.jsa
800a82000-80108f000 r--p 00a83000 08:01 1181904                          /usr/lib/jvm/java-11-openjdk-amd64/lib/server/classes.jsa
840000000-8400c0000 rw-p 00000000 00:00 0 
8400c0000-880000000 ---p 00000000 00:00 0 
5609be288000-5609be289000 r-xp 00000000 08:01 661163                     /usr/lib/jvm/java-11-openjdk-amd64/bin/java
5609be489000-5609be48a000 r--p 00001000 08:01 661163                     /usr/lib/jvm/java-11-openjdk-amd64/bin/java
5609be48a000-5609be48b000 rw-p 00002000 08:01 661163                     /usr/lib/jvm/java-11-openjdk-amd64/bin/java
5609c03f0000-5609c0411000 rw-p 00000000 00:00 0                          [heap]
7fbb78000000-7fbb78021000 rw-p 00000000 00:00 0 
7fbb78021000-7fbb7c000000 ---p 00000000 00:00 0 
7fbb7c000000-7fbb7c021000 rw-p 00000000 00:00 0 
7fbb7c021000-7fbb80000000 ---p 00000000 00:00 0 
7fbb80000000-7fbb80021000 rw-p 00000000 00:00 0 
7fbb80021000-7fbb84000000 ---p 00000000 00:00 0 
7fbb84000000-7fbb84021000 rw-p 00000000 00:00 0 
7fbb84021000-7fbb88000000 ---p 00000000 00:00 0 
7fbb88000000-7fbb88021000 rw-p 00000000 00:00 0 
7fbb88021000-7fbb8c000000 ---p 00000000 00:00 0 
7fbb8c000000-7fbb8c021000 rw-p 00000000 00:00 0 
7fbb8c021000-7fbb90000000 ---p 00000000 00:00 0 
7fbb90000000-7fbb90021000 rw-p 00000000 00:00 0 
7fbb90021000-7fbb94000000 ---p 00000000 00:00 0 
7fbb94000000-7fbb9412a000 rw-p 00000000 00:00 0 
7fbb9412a000-7fbb98000000 ---p 00000000 00:00 0 
7fbb98000000-7fbb98021000 rw-p 00000000 00:00 0 
7fbb98021000-7fbb9c000000 ---p 00000000 00:00 0 
7fbb9c000000-7fbb9c021000 rw-p 00000000 00:00 0 
7fbb9c021000-7fbba0000000 ---p 00000000 00:00 0 
7fbba0000000-7fbba0021000 rw-p 00000000 00:00 0 
7fbba0021000-7fbba4000000 ---p 00000000 00:00 0 
7fbba4000000-7fbba4021000 rw-p 00000000 00:00 0 
7fbba4021000-7fbba8000000 ---p 00000000 00:00 0 
7fbba8000000-7fbba8021000 rw-p 00000000 00:00 0 
7fbba8021000-7fbbac000000 ---p 00000000 00:00 0 
7fbbac000000-7fbbac021000 rw-p 00000000 00:00 0 
7fbbac021000-7fbbb0000000 ---p 00000000 00:00 0 
7fbbb0000000-7fbbb0021000 rw-p 00000000 00:00 0 
7fbbb0021000-7fbbb4000000 ---p 00000000 00:00 0 
7fbbb4000000-7fbbb4021000 rw-p 00000000 00:00 0 
7fbbb4021000-7fbbb8000000 ---p 00000000 00:00 0 
7fbbb8000000-7fbbb8021000 rw-p 00000000 00:00 0 
7fbbb8021000-7fbbbc000000 ---p 00000000 00:00 0 
7fbbbc000000-7fbbbc021000 rw-p 00000000 00:00 0 
7fbbbc021000-7fbbc0000000 ---p 00000000 00:00 0 
7fbbc0000000-7fbbc0021000 rw-p 00000000 00:00 0 
7fbbc0021000-7fbbc4000000 ---p 00000000 00:00 0 
7fbbc4000000-7fbbc4021000 rw-p 00000000 00:00 0 
7fbbc4021000-7fbbc8000000 ---p 00000000 00:00 0 
7fbbca630000-7fbbca631000 ---p 00000000 00:00 0 
7fbbca631000-7fbbca732000 rw-p 00000000 00:00 0 
7fbbca732000-7fbbca733000 ---p 00000000 00:00 0 
7fbbca733000-7fbbca834000 rw-p 00000000 00:00 0 
7fbbca834000-7fbbca835000 ---p 00000000 00:00 0 
7fbbca835000-7fbbca936000 rw-p 00000000 00:00 0 
7fbbca936000-7fbbca937000 ---p 00000000 00:00 0 
7fbbca937000-7fbbcaa38000 rw-p 00000000 00:00 0 
7fbbcaa38000-7fbbcaa39000 ---p 00000000 00:00 0 
7fbbcaa39000-7fbbcab3a000 rw-p 00000000 00:00 0 
7fbbcab3a000-7fbbcab3b000 ---p 00000000 00:00 0 
7fbbcab3b000-7fbbcac3c000 rw-p 00000000 00:00 0 
7fbbcac3c000-7fbbcac40000 ---p 00000000 00:00 0 
7fbbcac40000-7fbbcad3d000 rw-p 00000000 00:00 0 
7fbbcadc8000-7fbbcadcc000 ---p 00000000 00:00 0 
7fbbcadcc000-7fbbcaec9000 rw-p 00000000 00:00 0 
7fbbcaec9000-7fbbcaecd000 ---p 00000000 00:00 0 
7fbbcaecd000-7fbbcafca000 rw-p 00000000 00:00 0 
7fbbcafca000-7fbbcafce000 ---p 00000000 00:00 0 
7fbbcafce000-7fbbcb0cb000 rw-p 00000000 00:00 0 
7fbbcb0cb000-7fbbcb0cf000 ---p 00000000 00:00 0 
7fbbcb0cf000-7fbbcb1cc000 rw-p 00000000 00:00 0 
7fbbcb1cc000-7fbbcb1d0000 ---p 00000000 00:00 0 
7fbbcb1d0000-7fbbcb2cd000 rw-p 00000000 00:00 0 
7fbbcb2cd000-7fbbcb2d1000 ---p 00000000 00:00 0 
7fbbcb2d1000-7fbbcb3ce000 rw-p 00000000 00:00 0 
7fbbcb3ce000-7fbbcb3d2000 ---p 00000000 00:00 0 
7fbbcb3d2000-7fbbcb4cf000 rw-p 00000000 00:00 0 
7fbbcb4cf000-7fbbcb4d3000 ---p 00000000 00:00 0 
7fbbcb4d3000-7fbbcb5d0000 rw-p 00000000 00:00 0 
7fbbcb5d0000-7fbbcb5d4000 ---p 00000000 00:00 0 
7fbbcb5d4000-7fbbcb6d1000 rw-p 00000000 00:00 0 
7fbbcb6d1000-7fbbcb6d5000 ---p 00000000 00:00 0 
7fbbcb6d5000-7fbbcb7d2000 rw-p 00000000 00:00 0 
7fbbcb7d2000-7fbbcb7d4000 r-xp 00000000 08:01 1049876                    /usr/lib/jvm/java-11-openjdk-amd64/lib/libextnet.so
7fbbcb7d4000-7fbbcb9d3000 ---p 00002000 08:01 1049876                    /usr/lib/jvm/java-11-openjdk-amd64/lib/libextnet.so
7fbbcb9d3000-7fbbcb9d4000 r--p 00001000 08:01 1049876                    /usr/lib/jvm/java-11-openjdk-amd64/lib/libextnet.so
7fbbcb9d4000-7fbbcb9d5000 rw-p 00002000 08:01 1049876                    /usr/lib/jvm/java-11-openjdk-amd64/lib/libextnet.so
7fbbcb9d5000-7fbbcb9eb000 r-xp 00000000 08:01 1050087                    /usr/lib/jvm/java-11-openjdk-amd64/lib/libnet.so
7fbbcb9eb000-7fbbcbbea000 ---p 00016000 08:01 1050087                    /usr/lib/jvm/java-11-openjdk-amd64/lib/libnet.so
7fbbcbbea000-7fbbcbbeb000 r--p 00015000 08:01 1050087                    /usr/lib/jvm/java-11-openjdk-amd64/lib/libnet.so
7fbbcbbeb000-7fbbcbbec000 rw-p 00016000 08:01 1050087                    /usr/lib/jvm/java-11-openjdk-amd64/lib/libnet.so
7fbbcbbec000-7fbbcbbfc000 r-xp 00000000 08:01 1050098                    /usr/lib/jvm/java-11-openjdk-amd64/lib/libnio.so
7fbbcbbfc000-7fbbcbdfb000 ---p 00010000 08:01 1050098                    /usr/lib/jvm/java-11-openjdk-amd64/lib/libnio.so
7fbbcbdfb000-7fbbcbdfc000 r--p 0000f000 08:01 1050098                    /usr/lib/jvm/java-11-openjdk-amd64/lib/libnio.so
7fbbcbdfc000-7fbbcbdfd000 rw-p 00010000 08:01 1050098                    /usr/lib/jvm/java-11-openjdk-amd64/lib/libnio.so
7fbbcbdfd000-7fbbcbe01000 ---p 00000000 00:00 0 
7fbbcbe01000-7fbbcbefe000 rw-p 00000000 00:00 0 
7fbbcbefe000-7fbbcbeff000 ---p 00000000 00:00 0 
7fbbcbeff000-7fbbcc000000 rw-p 00000000 00:00 0 
7fbbcc000000-7fbbcc364000 rw-p 00000000 00:00 0 
7fbbcc364000-7fbbd0000000 ---p 00000000 00:00 0 
7fbbd0000000-7fbbd0021000 rw-p 00000000 00:00 0 
7fbbd0021000-7fbbd4000000 ---p 00000000 00:00 0 
7fbbd4000000-7fbbd4021000 rw-p 00000000 00:00 0 
7fbbd4021000-7fbbd8000000 ---p 00000000 00:00 0 
7fbbd8000000-7fbbd88ad000 rw-p 00000000 00:00 0 
7fbbd88ad000-7fbbdc000000 ---p 00000000 00:00 0 
7fbbdc000000-7fbbdc021000 rw-p 00000000 00:00 0 
7fbbdc021000-7fbbe0000000 ---p 00000000 00:00 0 
7fbbe0000000-7fbbe0021000 rw-p 00000000 00:00 0 
7fbbe0021000-7fbbe4000000 ---p 00000000 00:00 0 
7fbbe4000000-7fbbe4021000 rw-p 00000000 00:00 0 
7fbbe4021000-7fbbe8000000 ---p 00000000 00:00 0 
7fbbe8000000-7fbbe8123000 rw-p 00000000 00:00 0 
7fbbe8123000-7fbbec000000 ---p 00000000 00:00 0 
7fbbec000000-7fbbec021000 rw-p 00000000 00:00 0 
7fbbec021000-7fbbf0000000 ---p 00000000 00:00 0 
7fbbf0000000-7fbbf0021000 rw-p 00000000 00:00 0 
7fbbf0021000-7fbbf4000000 ---p 00000000 00:00 0 
7fbbf4000000-7fbbf4021000 rw-p 00000000 00:00 0 
7fbbf4021000-7fbbf8000000 ---p 00000000 00:00 0 
7fbbf8063000-7fbbf8067000 ---p 00000000 00:00 0 
7fbbf8067000-7fbbf8164000 rw-p 00000000 00:00 0 
7fbbf8164000-7fbbf8168000 ---p 00000000 00:00 0 
7fbbf8168000-7fbbf8265000 rw-p 00000000 00:00 0 
7fbbf8265000-7fbbf8269000 ---p 00000000 00:00 0 
7fbbf8269000-7fbbf8366000 rw-p 00000000 00:00 0 
7fbbf8366000-7fbbf836a000 ---p 00000000 00:00 0 
7fbbf836a000-7fbbf8467000 rw-p 00000000 00:00 0 
7fbbf8467000-7fbbf846b000 ---p 00000000 00:00 0 
7fbbf846b000-7fbbf8568000 rw-p 00000000 00:00 0 
7fbbf8568000-7fbbf8898000 r--p 00000000 08:01 2360321                    /usr/lib/locale/locale-archive
7fbbf8898000-7fbbf8d58000 rw-p 00000000 00:00 0 
7fbbf8d58000-7fbbf9098000 ---p 00000000 00:00 0 
7fbbf9098000-7fbbfb244000 rw-p 00000000 00:00 0 
7fbbfb244000-7fbbfc000000 ---p 00000000 00:00 0 
7fbbfc000000-7fbbfc021000 rw-p 00000000 00:00 0 
7fbbfc021000-7fbc00000000 ---p 00000000 00:00 0 
7fbc00076000-7fbc0007a000 ---p 00000000 00:00 0 
7fbc0007a000-7fbc00177000 rw-p 00000000 00:00 0 
7fbc00177000-7fbc0017b000 ---p 00000000 00:00 0 
7fbc0017b000-7fbc00278000 rw-p 00000000 00:00 0 
7fbc00278000-7fbc00279000 ---p 00000000 00:00 0 
7fbc00279000-7fbc003fb000 rw-p 00000000 00:00 0 
7fbc003fb000-7fbc003fc000 ---p 00000000 00:00 0 
7fbc003fc000-7fbc004fd000 rw-p 00000000 00:00 0 
7fbc004fd000-7fbc004fe000 ---p 00000000 00:00 0 
7fbc004fe000-7fbc00902000 rw-p 00000000 00:00 0 
7fbc00902000-7fbc00b72000 rwxp 00000000 00:00 0 
7fbc00b72000-7fbc00e92000 ---p 00000000 00:00 0 
7fbc00e92000-7fbc01102000 rwxp 00000000 00:00 0 
7fbc01102000-7fbc083ca000 ---p 00000000 00:00 0 
7fbc083ca000-7fbc0863a000 rwxp 00000000 00:00 0 
7fbc0863a000-7fbc0f902000 ---p 00000000 00:00 0 
7fbc0f902000-7fbc18000000 r--s 00000000 08:01 1050240                    /usr/lib/jvm/java-11-openjdk-amd64/lib/modules
7fbc18000000-7fbc18287000 rw-p 00000000 00:00 0 
7fbc18287000-7fbc1c000000 ---p 00000000 00:00 0 
7fbc1c012000-7fbc1c315000 rw-p 00000000 00:00 0 
7fbc1c315000-7fbc1c316000 ---p 00000000 00:00 0 
7fbc1c316000-7fbc1c417000 rw-p 00000000 00:00 0 
7fbc1c417000-7fbc1c418000 ---p 00000000 00:00 0 
7fbc1c418000-7fbc1c6c5000 rw-p 00000000 00:00 0 
7fbc1c6c5000-7fbc1d481000 ---p 00000000 00:00 0 
7fbc1d481000-7fbc1d4b7000 rw-p 00000000 00:00 0 
7fbc1d4b7000-7fbc1d66e000 ---p 00000000 00:00 0 
7fbc1d66e000-7fbc1d6a4000 rw-p 00000000 00:00 0 
7fbc1d6a4000-7fbc1d85b000 ---p 00000000 00:00 0 
7fbc1d85b000-7fbc1d891000 rw-p 00000000 00:00 0 
7fbc1d891000-7fbc1da48000 ---p 00000000 00:00 0 
7fbc1da48000-7fbc1e04e000 rw-p 00000000 00:00 0 
7fbc1e04e000-7fbc1e04f000 ---p 00000000 00:00 0 
7fbc1e04f000-7fbc1e155000 rw-p 00000000 00:00 0 
7fbc1e155000-7fbc1e23b000 ---p 00000000 00:00 0 
7fbc1e23b000-7fbc1e240000 rw-p 00000000 00:00 0 
7fbc1e240000-7fbc1e326000 ---p 00000000 00:00 0 
7fbc1e326000-7fbc1e32d000 r-xp 00000000 08:01 1050223                    /usr/lib/jvm/java-11-openjdk-amd64/lib/libzip.so
7fbc1e32d000-7fbc1e52c000 ---p 00007000 08:01 1050223                    /usr/lib/jvm/java-11-openjdk-amd64/lib/libzip.so
7fbc1e52c000-7fbc1e52d000 r--p 00006000 08:01 1050223                    /usr/lib/jvm/java-11-openjdk-amd64/lib/libzip.so
7fbc1e52d000-7fbc1e52e000 rw-p 00007000 08:01 1050223                    /usr/lib/jvm/java-11-openjdk-amd64/lib/libzip.so
7fbc1e52e000-7fbc1e539000 r-xp 00000000 08:01 1835055                    /lib/x86_64-linux-gnu/libnss_files-2.27.so
7fbc1e539000-7fbc1e738000 ---p 0000b000 08:01 1835055                    /lib/x86_64-linux-gnu/libnss_files-2.27.so
7fbc1e738000-7fbc1e739000 r--p 0000a000 08:01 1835055                    /lib/x86_64-linux-gnu/libnss_files-2.27.so
7fbc1e739000-7fbc1e73a000 rw-p 0000b000 08:01 1835055                    /lib/x86_64-linux-gnu/libnss_files-2.27.so
7fbc1e73a000-7fbc1e740000 rw-p 00000000 00:00 0 
7fbc1e740000-7fbc1e757000 r-xp 00000000 08:01 1835052                    /lib/x86_64-linux-gnu/libnsl-2.27.so
7fbc1e757000-7fbc1e956000 ---p 00017000 08:01 1835052                    /lib/x86_64-linux-gnu/libnsl-2.27.so
7fbc1e956000-7fbc1e957000 r--p 00016000 08:01 1835052                    /lib/x86_64-linux-gnu/libnsl-2.27.so
7fbc1e957000-7fbc1e958000 rw-p 00017000 08:01 1835052                    /lib/x86_64-linux-gnu/libnsl-2.27.so
7fbc1e958000-7fbc1e95a000 rw-p 00000000 00:00 0 
7fbc1e95a000-7fbc1e965000 r-xp 00000000 08:01 1835057                    /lib/x86_64-linux-gnu/libnss_nis-2.27.so
7fbc1e965000-7fbc1eb64000 ---p 0000b000 08:01 1835057                    /lib/x86_64-linux-gnu/libnss_nis-2.27.so
7fbc1eb64000-7fbc1eb65000 r--p 0000a000 08:01 1835057                    /lib/x86_64-linux-gnu/libnss_nis-2.27.so
7fbc1eb65000-7fbc1eb66000 rw-p 0000b000 08:01 1835057                    /lib/x86_64-linux-gnu/libnss_nis-2.27.so
7fbc1eb66000-7fbc1eb6e000 r-xp 00000000 08:01 1835053                    /lib/x86_64-linux-gnu/libnss_compat-2.27.so
7fbc1eb6e000-7fbc1ed6e000 ---p 00008000 08:01 1835053                    /lib/x86_64-linux-gnu/libnss_compat-2.27.so
7fbc1ed6e000-7fbc1ed6f000 r--p 00008000 08:01 1835053                    /lib/x86_64-linux-gnu/libnss_compat-2.27.so
7fbc1ed6f000-7fbc1ed70000 rw-p 00009000 08:01 1835053                    /lib/x86_64-linux-gnu/libnss_compat-2.27.so
7fbc1ed70000-7fbc1ed75000 r-xp 00000000 08:01 1049932                    /usr/lib/jvm/java-11-openjdk-amd64/lib/libjimage.so
7fbc1ed75000-7fbc1ef74000 ---p 00005000 08:01 1049932                    /usr/lib/jvm/java-11-openjdk-amd64/lib/libjimage.so
7fbc1ef74000-7fbc1ef75000 r--p 00004000 08:01 1049932                    /usr/lib/jvm/java-11-openjdk-amd64/lib/libjimage.so
7fbc1ef75000-7fbc1ef76000 rw-p 00005000 08:01 1049932                    /usr/lib/jvm/java-11-openjdk-amd64/lib/libjimage.so
7fbc1ef76000-7fbc1ef9f000 r-xp 00000000 08:01 1049899                    /usr/lib/jvm/java-11-openjdk-amd64/lib/libjava.so
7fbc1ef9f000-7fbc1f19f000 ---p 00029000 08:01 1049899                    /usr/lib/jvm/java-11-openjdk-amd64/lib/libjava.so
7fbc1f19f000-7fbc1f1a0000 r--p 00029000 08:01 1049899                    /usr/lib/jvm/java-11-openjdk-amd64/lib/libjava.so
7fbc1f1a0000-7fbc1f1a1000 rw-p 0002a000 08:01 1049899                    /usr/lib/jvm/java-11-openjdk-amd64/lib/libjava.so
7fbc1f1a1000-7fbc1f1a2000 rw-p 00000000 00:00 0 
7fbc1f1a2000-7fbc1f1af000 r-xp 00000000 08:01 1050221                    /usr/lib/jvm/java-11-openjdk-amd64/lib/libverify.so
7fbc1f1af000-7fbc1f3ae000 ---p 0000d000 08:01 1050221                    /usr/lib/jvm/java-11-openjdk-amd64/lib/libverify.so
7fbc1f3ae000-7fbc1f3b0000 r--p 0000c000 08:01 1050221                    /usr/lib/jvm/java-11-openjdk-amd64/lib/libverify.so
7fbc1f3b0000-7fbc1f3b1000 rw-p 0000e000 08:01 1050221                    /usr/lib/jvm/java-11-openjdk-amd64/lib/libverify.so
7fbc1f3b1000-7fbc1f3b8000 r-xp 00000000 08:01 1840227                    /lib/x86_64-linux-gnu/librt-2.27.so
7fbc1f3b8000-7fbc1f5b7000 ---p 00007000 08:01 1840227                    /lib/x86_64-linux-gnu/librt-2.27.so
7fbc1f5b7000-7fbc1f5b8000 r--p 00006000 08:01 1840227                    /lib/x86_64-linux-gnu/librt-2.27.so
7fbc1f5b8000-7fbc1f5b9000 rw-p 00007000 08:01 1840227                    /lib/x86_64-linux-gnu/librt-2.27.so
7fbc1f5b9000-7fbc1f5d0000 r-xp 00000000 08:01 1835013                    /lib/x86_64-linux-gnu/libgcc_s.so.1
7fbc1f5d0000-7fbc1f7cf000 ---p 00017000 08:01 1835013                    /lib/x86_64-linux-gnu/libgcc_s.so.1
7fbc1f7cf000-7fbc1f7d0000 r--p 00016000 08:01 1835013                    /lib/x86_64-linux-gnu/libgcc_s.so.1
7fbc1f7d0000-7fbc1f7d1000 rw-p 00017000 08:01 1835013                    /lib/x86_64-linux-gnu/libgcc_s.so.1
7fbc1f7d1000-7fbc1f96e000 r-xp 00000000 08:01 1835049                    /lib/x86_64-linux-gnu/libm-2.27.so
7fbc1f96e000-7fbc1fb6d000 ---p 0019d000 08:01 1835049                    /lib/x86_64-linux-gnu/libm-2.27.so
7fbc1fb6d000-7fbc1fb6e000 r--p 0019c000 08:01 1835049                    /lib/x86_64-linux-gnu/libm-2.27.so
7fbc1fb6e000-7fbc1fb6f000 rw-p 0019d000 08:01 1835049                    /lib/x86_64-linux-gnu/libm-2.27.so
7fbc1fb6f000-7fbc1fce8000 r-xp 00000000 08:01 2360550                    /usr/lib/x86_64-linux-gnu/libstdc++.so.6.0.25
7fbc1fce8000-7fbc1fee8000 ---p 00179000 08:01 2360550                    /usr/lib/x86_64-linux-gnu/libstdc++.so.6.0.25
7fbc1fee8000-7fbc1fef2000 r--p 00179000 08:01 2360550                    /usr/lib/x86_64-linux-gnu/libstdc++.so.6.0.25
7fbc1fef2000-7fbc1fef4000 rw-p 00183000 08:01 2360550                    /usr/lib/x86_64-linux-gnu/libstdc++.so.6.0.25
7fbc1fef4000-7fbc1fef8000 rw-p 00000000 00:00 0 
7fbc1fef8000-7fbc20fd6000 r-xp 00000000 08:01 1181144                    /usr/lib/jvm/java-11-openjdk-amd64/lib/server/libjvm.so
7fbc20fd6000-7fbc211d5000 ---p 010de000 08:01 1181144                    /usr/lib/jvm/java-11-openjdk-amd64/lib/server/libjvm.so
7fbc211d5000-7fbc21292000 r--p 010dd000 08:01 1181144                    /usr/lib/jvm/java-11-openjdk-amd64/lib/server/libjvm.so
7fbc21292000-7fbc212cb000 rw-p 0119a000 08:01 1181144                    /usr/lib/jvm/java-11-openjdk-amd64/lib/server/libjvm.so
7fbc212cb000-7fbc21322000 rw-p 00000000 00:00 0 
7fbc21322000-7fbc2133c000 r-xp 00000000 08:01 1840183                    /lib/x86_64-linux-gnu/libpthread-2.27.so
7fbc2133c000-7fbc2153b000 ---p 0001a000 08:01 1840183                    /lib/x86_64-linux-gnu/libpthread-2.27.so
7fbc2153b000-7fbc2153c000 r--p 00019000 08:01 1840183                    /lib/x86_64-linux-gnu/libpthread-2.27.so
7fbc2153c000-7fbc2153d000 rw-p 0001a000 08:01 1840183                    /lib/x86_64-linux-gnu/libpthread-2.27.so
7fbc2153d000-7fbc21541000 rw-p 00000000 00:00 0 
7fbc21541000-7fbc21544000 r-xp 00000000 08:01 1835048                    /lib/x86_64-linux-gnu/libdl-2.27.so
7fbc21544000-7fbc21743000 ---p 00003000 08:01 1835048                    /lib/x86_64-linux-gnu/libdl-2.27.so
7fbc21743000-7fbc21744000 r--p 00002000 08:01 1835048                    /lib/x86_64-linux-gnu/libdl-2.27.so
7fbc21744000-7fbc21745000 rw-p 00003000 08:01 1835048                    /lib/x86_64-linux-gnu/libdl-2.27.so
7fbc21745000-7fbc21761000 r-xp 00000000 08:01 1840663                    /lib/x86_64-linux-gnu/libz.so.1.2.11
7fbc21761000-7fbc21960000 ---p 0001c000 08:01 1840663                    /lib/x86_64-linux-gnu/libz.so.1.2.11
7fbc21960000-7fbc21961000 r--p 0001b000 08:01 1840663                    /lib/x86_64-linux-gnu/libz.so.1.2.11
7fbc21961000-7fbc21962000 rw-p 0001c000 08:01 1840663                    /lib/x86_64-linux-gnu/libz.so.1.2.11
7fbc21962000-7fbc21b49000 r-xp 00000000 08:01 1835045                    /lib/x86_64-linux-gnu/libc-2.27.so
7fbc21b49000-7fbc21d49000 ---p 001e7000 08:01 1835045                    /lib/x86_64-linux-gnu/libc-2.27.so
7fbc21d49000-7fbc21d4d000 r--p 001e7000 08:01 1835045                    /lib/x86_64-linux-gnu/libc-2.27.so
7fbc21d4d000-7fbc21d4f000 rw-p 001eb000 08:01 1835045                    /lib/x86_64-linux-gnu/libc-2.27.so
7fbc21d4f000-7fbc21d53000 rw-p 00000000 00:00 0 
7fbc21d53000-7fbc21d63000 r-xp 00000000 08:01 1049770                    /usr/lib/jvm/java-11-openjdk-amd64/lib/jli/libjli.so
7fbc21d63000-7fbc21f62000 ---p 00010000 08:01 1049770                    /usr/lib/jvm/java-11-openjdk-amd64/lib/jli/libjli.so
7fbc21f62000-7fbc21f63000 r--p 0000f000 08:01 1049770                    /usr/lib/jvm/java-11-openjdk-amd64/lib/jli/libjli.so
7fbc21f63000-7fbc21f64000 rw-p 00010000 08:01 1049770                    /usr/lib/jvm/java-11-openjdk-amd64/lib/jli/libjli.so
7fbc21f64000-7fbc21f8b000 r-xp 00000000 08:01 1835021                    /lib/x86_64-linux-gnu/ld-2.27.so
7fbc21fcb000-7fbc2206b000 rw-p 00000000 00:00 0 
7fbc2206b000-7fbc22072000 ---p 00000000 00:00 0 
7fbc22072000-7fbc22076000 ---p 00000000 00:00 0 
7fbc22076000-7fbc22175000 rw-p 00000000 00:00 0 
7fbc2217d000-7fbc2217f000 r--s 00007000 08:01 2628883                    /usr/share/java/java-atk-wrapper.jar
7fbc2217f000-7fbc22187000 rw-s 00000000 08:01 2633796                    /tmp/hsperfdata_dcl/8968
7fbc22187000-7fbc22188000 ---p 00000000 00:00 0 
7fbc22188000-7fbc22189000 r--p 00000000 00:00 0 
7fbc22189000-7fbc2218b000 rw-p 00000000 00:00 0 
7fbc2218b000-7fbc2218c000 r--p 00027000 08:01 1835021                    /lib/x86_64-linux-gnu/ld-2.27.so
7fbc2218c000-7fbc2218d000 rw-p 00028000 08:01 1835021                    /lib/x86_64-linux-gnu/ld-2.27.so
7fbc2218d000-7fbc2218e000 rw-p 00000000 00:00 0 
7ffca90ff000-7ffca9120000 rw-p 00000000 00:00 0                          [stack]
7ffca912d000-7ffca9130000 r--p 00000000 00:00 0                          [vvar]
7ffca9130000-7ffca9132000 r-xp 00000000 00:00 0                          [vdso]
ffffffffff600000-ffffffffff601000 r-xp 00000000 00:00 0                  [vsyscall]


VM Arguments:
java_command: /home/dcl/Documents/project/CS451-2020-project/template_java/bin/da_proc.jar --id 10 --hosts /tmp/tmp3muuovf9 --barrier localhost:10000 --signal localhost:11000 --output /home/dcl/Documents/project/CS451-2020-project/template_java/outputs/proc10.output /tmp/tmp178kgrjj
java_class_path (initial): /home/dcl/Documents/project/CS451-2020-project/template_java/bin/da_proc.jar
Launcher Type: SUN_STANDARD

[Global flags]
     intx CICompilerCount                          = 3                                         {product} {ergonomic}
     uint ConcGCThreads                            = 2                                         {product} {ergonomic}
     uint G1ConcRefinementThreads                  = 6                                         {product} {ergonomic}
   size_t G1HeapRegionSize                         = 1048576                                   {product} {ergonomic}
    uintx GCDrainStackTargetSize                   = 64                                        {product} {ergonomic}
   size_t InitialHeapSize                          = 65011712                                  {product} {ergonomic}
   size_t MarkStackSize                            = 4194304                                   {product} {ergonomic}
   size_t MaxHeapSize                              = 1033895936                                {product} {ergonomic}
   size_t MaxNewSize                               = 619708416                                 {product} {ergonomic}
   size_t MinHeapDeltaBytes                        = 1048576                                   {product} {ergonomic}
    uintx NonNMethodCodeHeapSize                   = 5830732                                {pd product} {ergonomic}
    uintx NonProfiledCodeHeapSize                  = 122913754                              {pd product} {ergonomic}
    uintx ProfiledCodeHeapSize                     = 122913754                              {pd product} {ergonomic}
    uintx ReservedCodeCacheSize                    = 251658240                              {pd product} {ergonomic}
     bool SegmentedCodeCache                       = true                                      {product} {ergonomic}
     bool UseCompressedClassPointers               = true                                 {lp64_product} {ergonomic}
     bool UseCompressedOops                        = true                                 {lp64_product} {ergonomic}
     bool UseG1GC                                  = true                                      {product} {ergonomic}

Logging:
Log output configuration:
 #0: stdout all=warning uptime,level,tags
 #1: stderr all=off uptime,level,tags

Environment Variables:
PATH=/usr/local/sbin:/usr/local/bin:/usr/sbin:/usr/bin:/sbin:/bin:/usr/games:/usr/local/games:/snap/bin
SHELL=/bin/bash
DISPLAY=:0.0
LANG=en_US.UTF-8

Signal Handlers:
SIGSEGV: [libjvm.so+0xdf9610], sa_mask[0]=11111111011111111101111111111110, sa_flags=SA_RESTART|SA_SIGINFO
SIGBUS: [libjvm.so+0xdf9610], sa_mask[0]=11111111011111111101111111111110, sa_flags=SA_RESTART|SA_SIGINFO
SIGFPE: [libjvm.so+0xdf9610], sa_mask[0]=11111111011111111101111111111110, sa_flags=SA_RESTART|SA_SIGINFO
SIGPIPE: [libjvm.so+0xbcc360], sa_mask[0]=11111111011111111101111111111110, sa_flags=SA_RESTART|SA_SIGINFO
SIGXFSZ: [libjvm.so+0xbcc360], sa_mask[0]=11111111011111111101111111111110, sa_flags=SA_RESTART|SA_SIGINFO
SIGILL: [libjvm.so+0xdf9610], sa_mask[0]=11111111011111111101111111111110, sa_flags=SA_RESTART|SA_SIGINFO
SIGUSR2: [libjvm.so+0xbcc200], sa_mask[0]=00000000000000000000000000000000, sa_flags=SA_RESTART|SA_SIGINFO
SIGHUP: [libjvm.so+0xbcc560], sa_mask[0]=11111111011111111101111111111110, sa_flags=SA_RESTART|SA_SIGINFO
SIGINT: [libjvm.so+0xbcc560], sa_mask[0]=11111111011111111101111111111110, sa_flags=SA_RESTART|SA_SIGINFO
SIGTERM: [libjvm.so+0xbcc560], sa_mask[0]=11111111011111111101111111111110, sa_flags=SA_RESTART|SA_SIGINFO
SIGQUIT: [libjvm.so+0xbcc560], sa_mask[0]=11111111011111111101111111111110, sa_flags=SA_RESTART|SA_SIGINFO


---------------  S Y S T E M  ---------------

OS:DISTRIB_ID=Ubuntu
DISTRIB_RELEASE=18.04
DISTRIB_CODENAME=bionic
DISTRIB_DESCRIPTION="Ubuntu 18.04.5 LTS"
uname:Linux 4.15.0-117-generic #118-Ubuntu SMP Fri Sep 4 20:02:41 UTC 2020 x86_64
OS uptime: 0 days 0:50 hours
libc:glibc 2.27 NPTL 2.27 
rlimit (soft/hard): STACK 8192k/infinity , CORE 0k/infinity , NPROC 15599/15599 , NOFILE 1048576/1048576 , AS infinity/infinity , CPU infinity/infinity , DATA infinity/infinity , FSIZE infinity/infinity , MEMLOCK 16384k/16384k
load average:8.35 5.25 4.70

/proc/meminfo:
MemTotal:        4038492 kB
MemFree:          701936 kB
MemAvailable:    1287968 kB
Buffers:           44920 kB
Cached:           722304 kB
SwapCached:            0 kB
Active:          2696196 kB
Inactive:         470652 kB
Active(anon):    2400356 kB
Inactive(anon):     1344 kB
Active(file):     295840 kB
Inactive(file):   469308 kB
Unevictable:           0 kB
Mlocked:               0 kB
SwapTotal:       2097148 kB
SwapFree:        2097148 kB
Dirty:               244 kB
Writeback:             0 kB
AnonPages:       2399820 kB
Mapped:           181652 kB
Shmem:              2080 kB
Slab:              75984 kB
SReclaimable:      47708 kB
SUnreclaim:        28276 kB
KernelStack:       12432 kB
PageTables:        30212 kB
NFS_Unstable:          0 kB
Bounce:                0 kB
WritebackTmp:          0 kB
CommitLimit:     4116392 kB
Committed_AS:    5051376 kB
VmallocTotal:   34359738367 kB
VmallocUsed:           0 kB
VmallocChunk:          0 kB
HardwareCorrupted:     0 kB
AnonHugePages:         0 kB
ShmemHugePages:        0 kB
ShmemPmdMapped:        0 kB
CmaTotal:              0 kB
CmaFree:               0 kB
HugePages_Total:       0
HugePages_Free:        0
HugePages_Rsvd:        0
HugePages_Surp:        0
Hugepagesize:       2048 kB
DirectMap4k:      118720 kB
DirectMap2M:     4075520 kB

/sys/kernel/mm/transparent_hugepage/enabled:
always [madvise] never

/sys/kernel/mm/transparent_hugepage/defrag (defrag/compaction efforts parameter):
always defer defer+madvise [madvise] never


/proc/sys/kernel/threads-max (system-wide limit on the number of threads):
31199


/proc/sys/vm/max_map_count (maximum number of memory map areas a process may have):
65530


/proc/sys/kernel/pid_max (system-wide limit on number of process identifiers):
32768



container (cgroup) information:
container_type: cgroupv1
cpu_cpuset_cpus: 0-5
cpu_memory_nodes: 0
active_processor_count: 6
cpu_quota: -1
cpu_period: 100000
cpu_shares: -1
memory_limit_in_bytes: -1
memory_and_swap_limit_in_bytes: -2
memory_soft_limit_in_bytes: -1
memory_usage_in_bytes: 3243085824
memory_max_usage_in_bytes: 0

KVM virtualization detected
Steal ticks since vm start: 0
Steal ticks percentage since vm start:  0.000

CPU:total 6 (initial active 6) (6 cores per cpu, 1 threads per core) family 6 model 158 stepping 10, cmov, cx8, fxsr, mmx, sse, sse2, sse3, ssse3, sse4.1, sse4.2, tsc, tscinvbit
CPU Model and flags from /proc/cpuinfo:
model name	: Intel(R) Core(TM) i7-9750H CPU @ 2.60GHz
flags		: fpu vme de pse tsc msr pae mce cx8 apic sep mtrr pge mca cmov pat pse36 clflush mmx fxsr sse sse2 ht syscall nx rdtscp lm constant_tsc rep_good nopl xtopology nonstop_tsc cpuid tsc_known_freq pni ssse3 pcid sse4_1 sse4_2 hypervisor lahf_lm invpcid_single pti fsgsbase invpcid md_clear flush_l1d arch_capabilities

Memory: 4k page, physical 4038492k(701936k free), swap 2097148k(2097148k free)

vm_info: OpenJDK 64-Bit Server VM (11.0.8+10-post-Ubuntu-0ubuntu118.04.1) for linux-amd64 JRE (11.0.8+10-post-Ubuntu-0ubuntu118.04.1), built on Jul 15 2020 20:45:24 by "unknown" with gcc 7.5.0

END.
